{"session":"c3161d51fa43","build":"183.6156.11","bucket":"-1","time":1562191758715,"group":{"id":"system.os.name","version":"9"},"event":{"data":{"created":1562191758716},"id":"Windows"}}
{"session":"c3161d51fa43","build":"183.6156.11","bucket":"-1","time":1562191758716,"group":{"id":"system.os.version","version":"9"},"event":{"data":{"created":1562191758773},"id":"10.0"}}
{"session":"c3161d51fa43","build":"183.6156.11","bucket":"-1","time":1562191758716,"group":{"id":"system.jvm.vendor","version":"9"},"event":{"data":{"created":1562191758785},"id":"JetBrains_s.r.o"}}
{"session":"c3161d51fa43","build":"183.6156.11","bucket":"-1","time":1562191758716,"group":{"id":"system.jvm.version","version":"9"},"event":{"data":{"created":1562191758787},"id":"1.8"}}
{"session":"c3161d51fa43","build":"183.6156.11","bucket":"-1","time":1562191758824,"group":{"id":"settings","version":"9"},"event":{"data":{"created":1562191758824,"name":"activeMruEditorOnClose","value":false},"id":"UISettings"}}
{"session":"c3161d51fa43","build":"183.6156.11","bucket":"-1","time":1562191758824,"group":{"id":"settings","version":"9"},"event":{"data":{"created":1562191758825,"name":"activeRightEditorOnClose","value":false},"id":"UISettings"}}
{"session":"c3161d51fa43","build":"183.6156.11","bucket":"-1","time":1562191758824,"group":{"id":"settings","version":"9"},"event":{"data":{"created":1562191758826,"name":"allowMergeButtons","value":true},"id":"UISettings"}}
{"session":"c3161d51fa43","build":"183.6156.11","bucket":"-1","time":1562191758824,"group":{"id":"settings","version":"9"},"event":{"data":{"created":1562191758826,"name":"alwaysShowWindowsButton","value":false},"id":"UISettings"}}
{"session":"c3161d51fa43","build":"183.6156.11","bucket":"-1","time":1562191758824,"group":{"id":"settings","version":"9"},"event":{"data":{"created":1562191758827,"name":"animateWindows","value":true},"id":"UISettings"}}
{"session":"c3161d51fa43","build":"183.6156.11","bucket":"-1","time":1562191758824,"group":{"id":"settings","version":"9"},"event":{"data":{"created":1562191758827,"name":"closeNonModifiedFilesFirst","value":false},"id":"UISettings"}}
{"session":"c3161d51fa43","build":"183.6156.11","bucket":"-1","time":1562191758824,"group":{"id":"settings","version":"9"},"event":{"data":{"created":1562191758827,"name":"closeTabButtonOnTheRight","value":true},"id":"UISettings"}}
{"session":"c3161d51fa43","build":"183.6156.11","bucket":"-1","time":1562191758824,"group":{"id":"settings","version":"9"},"event":{"data":{"created":1562191758828,"name":"cycleScrolling","value":true},"id":"UISettings"}}
{"session":"c3161d51fa43","build":"183.6156.11","bucket":"-1","time":1562191758824,"group":{"id":"settings","version":"9"},"event":{"data":{"created":1562191758828,"name":"defaultAutoScrollToSource","value":false},"id":"UISettings"}}
{"session":"c3161d51fa43","build":"183.6156.11","bucket":"-1","time":1562191758824,"group":{"id":"settings","version":"9"},"event":{"data":{"created":1562191758829,"name":"disableMnemonics","value":false},"id":"UISettings"}}
{"session":"c3161d51fa43","build":"183.6156.11","bucket":"-1","time":1562191758825,"group":{"id":"settings","version":"9"},"event":{"data":{"created":1562191758829,"name":"disableMnemonicsInControls","value":false},"id":"UISettings"}}
{"session":"c3161d51fa43","build":"183.6156.11","bucket":"-1","time":1562191758825,"group":{"id":"settings","version":"9"},"event":{"data":{"created":1562191758829,"name":"dndWithPressedAltOnly","value":false},"id":"UISettings"}}
{"session":"c3161d51fa43","build":"183.6156.11","bucket":"-1","time":1562191758825,"group":{"id":"settings","version":"9"},"event":{"data":{"created":1562191758830,"name":"enableAlphaMode","value":false},"id":"UISettings"}}
{"session":"c3161d51fa43","build":"183.6156.11","bucket":"-1","time":1562191758825,"group":{"id":"settings","version":"9"},"event":{"data":{"created":1562191758830,"name":"hideKnownExtensionInTabs","value":false},"id":"UISettings"}}
{"session":"c3161d51fa43","build":"183.6156.11","bucket":"-1","time":1562191758825,"group":{"id":"settings","version":"9"},"event":{"data":{"created":1562191758830,"name":"hideNavigationOnFocusLoss","value":true},"id":"UISettings"}}
{"session":"c3161d51fa43","build":"183.6156.11","bucket":"-1","time":1562191758825,"group":{"id":"settings","version":"9"},"event":{"data":{"created":1562191758831,"name":"hideTabsIfNeed","value":true},"id":"UISettings"}}
{"session":"c3161d51fa43","build":"183.6156.11","bucket":"-1","time":1562191758825,"group":{"id":"settings","version":"9"},"event":{"data":{"created":1562191758831,"name":"hideToolStripes","value":false},"id":"UISettings"}}
{"session":"c3161d51fa43","build":"183.6156.11","bucket":"-1","time":1562191758825,"group":{"id":"settings","version":"9"},"event":{"data":{"created":1562191758832,"name":"leftHorizontalSplit","value":false},"id":"UISettings"}}
{"session":"c3161d51fa43","build":"183.6156.11","bucket":"-1","time":1562191758825,"group":{"id":"settings","version":"9"},"event":{"data":{"created":1562191758832,"name":"markModifiedTabsWithAsterisk","value":false},"id":"UISettings"}}
{"session":"c3161d51fa43","build":"183.6156.11","bucket":"-1","time":1562191758825,"group":{"id":"settings","version":"9"},"event":{"data":{"created":1562191758833,"name":"mergeEqualStackTraces","value":true},"id":"UISettings"}}
{"session":"c3161d51fa43","build":"183.6156.11","bucket":"-1","time":1562191758825,"group":{"id":"settings","version":"9"},"event":{"data":{"created":1562191758833,"name":"moveMouseOnDefaultButton","value":false},"id":"UISettings"}}
{"session":"c3161d51fa43","build":"183.6156.11","bucket":"-1","time":1562191758825,"group":{"id":"settings","version":"9"},"event":{"data":{"created":1562191758834,"name":"navigateToPreview","value":false},"id":"UISettings"}}
{"session":"c3161d51fa43","build":"183.6156.11","bucket":"-1","time":1562191758825,"group":{"id":"settings","version":"9"},"event":{"data":{"created":1562191758834,"name":"overrideConsoleCycleBufferSize","value":false},"id":"UISettings"}}
{"session":"c3161d51fa43","build":"183.6156.11","bucket":"-1","time":1562191758825,"group":{"id":"settings","version":"9"},"event":{"data":{"default":false,"created":1562191758835,"name":"overrideLafFonts","value":true},"id":"UISettings"}}
{"session":"c3161d51fa43","build":"183.6156.11","bucket":"-1","time":1562191758825,"group":{"id":"settings","version":"9"},"event":{"data":{"created":1562191758836,"name":"pinFindInPath","value":false},"id":"UISettings"}}
{"session":"c3161d51fa43","build":"183.6156.11","bucket":"-1","time":1562191758825,"group":{"id":"settings","version":"9"},"event":{"data":{"created":1562191758836,"name":"presentationMode","value":false},"id":"UISettings"}}
{"session":"c3161d51fa43","build":"183.6156.11","bucket":"-1","time":1562191758825,"group":{"id":"settings","version":"9"},"event":{"data":{"created":1562191758837,"name":"reuseNotModifiedTabs","value":false},"id":"UISettings"}}
{"session":"c3161d51fa43","build":"183.6156.11","bucket":"-1","time":1562191758825,"group":{"id":"settings","version":"9"},"event":{"data":{"created":1562191758837,"name":"rightHorizontalSplit","value":false},"id":"UISettings"}}
{"session":"c3161d51fa43","build":"183.6156.11","bucket":"-1","time":1562191758825,"group":{"id":"settings","version":"9"},"event":{"data":{"created":1562191758838,"name":"scrollTabLayoutInEditor","value":true},"id":"UISettings"}}
{"session":"c3161d51fa43","build":"183.6156.11","bucket":"-1","time":1562191758825,"group":{"id":"settings","version":"9"},"event":{"data":{"created":1562191758838,"name":"showCloseButton","value":true},"id":"UISettings"}}
{"session":"c3161d51fa43","build":"183.6156.11","bucket":"-1","time":1562191758825,"group":{"id":"settings","version":"9"},"event":{"data":{"created":1562191758838,"name":"showDirectoryForNonUniqueFilenames","value":true},"id":"UISettings"}}
{"session":"c3161d51fa43","build":"183.6156.11","bucket":"-1","time":1562191758825,"group":{"id":"settings","version":"9"},"event":{"data":{"created":1562191758839,"name":"showEditorToolTip","value":true},"id":"UISettings"}}
{"session":"c3161d51fa43","build":"183.6156.11","bucket":"-1","time":1562191758825,"group":{"id":"settings","version":"9"},"event":{"data":{"created":1562191758839,"name":"showIconInQuickNavigation","value":true},"id":"UISettings"}}
{"session":"c3161d51fa43","build":"183.6156.11","bucket":"-1","time":1562191758825,"group":{"id":"settings","version":"9"},"event":{"data":{"created":1562191758839,"name":"showIconsInMenus","value":true},"id":"UISettings"}}
{"session":"c3161d51fa43","build":"183.6156.11","bucket":"-1","time":1562191758825,"group":{"id":"settings","version":"9"},"event":{"data":{"default":false,"created":1562191758840,"name":"showMainToolbar","value":true},"id":"UISettings"}}
{"session":"c3161d51fa43","build":"183.6156.11","bucket":"-1","time":1562191758825,"group":{"id":"settings","version":"9"},"event":{"data":{"created":1562191758840,"name":"showMemoryIndicator","value":false},"id":"UISettings"}}
{"session":"c3161d51fa43","build":"183.6156.11","bucket":"-1","time":1562191758825,"group":{"id":"settings","version":"9"},"event":{"data":{"created":1562191758841,"name":"showNavigationBar","value":true},"id":"UISettings"}}
{"session":"c3161d51fa43","build":"183.6156.11","bucket":"-1","time":1562191758825,"group":{"id":"settings","version":"9"},"event":{"data":{"created":1562191758841,"name":"showStatusBar","value":true},"id":"UISettings"}}
{"session":"c3161d51fa43","build":"183.6156.11","bucket":"-1","time":1562191758825,"group":{"id":"settings","version":"9"},"event":{"data":{"created":1562191758841,"name":"showTabsTooltips","value":true},"id":"UISettings"}}
{"session":"c3161d51fa43","build":"183.6156.11","bucket":"-1","time":1562191758825,"group":{"id":"settings","version":"9"},"event":{"data":{"created":1562191758842,"name":"showToolWindowsNumbers","value":true},"id":"UISettings"}}
{"session":"c3161d51fa43","build":"183.6156.11","bucket":"-1","time":1562191758825,"group":{"id":"settings","version":"9"},"event":{"data":{"created":1562191758842,"name":"smoothScrolling","value":false},"id":"UISettings"}}
{"session":"c3161d51fa43","build":"183.6156.11","bucket":"-1","time":1562191758825,"group":{"id":"settings","version":"9"},"event":{"data":{"created":1562191758842,"name":"sortBookmarks","value":false},"id":"UISettings"}}
{"session":"c3161d51fa43","build":"183.6156.11","bucket":"-1","time":1562191758825,"group":{"id":"settings","version":"9"},"event":{"data":{"default":false,"created":1562191758843,"name":"sortLookupElementsLexicographically","value":true},"id":"UISettings"}}
{"session":"c3161d51fa43","build":"183.6156.11","bucket":"-1","time":1562191758825,"group":{"id":"settings","version":"9"},"event":{"data":{"created":1562191758843,"name":"useSmallLabelsOnTabs","value":false},"id":"UISettings"}}
{"session":"c3161d51fa43","build":"183.6156.11","bucket":"-1","time":1562191758825,"group":{"id":"settings","version":"9"},"event":{"data":{"created":1562191758843,"name":"wideScreenSupport","value":false},"id":"UISettings"}}
{"session":"c3161d51fa43","build":"183.6156.11","bucket":"-1","time":1562191762672,"group":{"id":"settings","version":"9"},"event":{"data":{"created":1562191762672,"name":"autoSaveIfInactive","value":false},"id":"GeneralSettings"}}
{"session":"c3161d51fa43","build":"183.6156.11","bucket":"-1","time":1562191762672,"group":{"id":"settings","version":"9"},"event":{"data":{"created":1562191762673,"name":"confirmExit","value":true},"id":"GeneralSettings"}}
{"session":"c3161d51fa43","build":"183.6156.11","bucket":"-1","time":1562191762672,"group":{"id":"settings","version":"9"},"event":{"data":{"created":1562191762674,"name":"reopenLastProject","value":true},"id":"GeneralSettings"}}
{"session":"c3161d51fa43","build":"183.6156.11","bucket":"-1","time":1562191762672,"group":{"id":"settings","version":"9"},"event":{"data":{"created":1562191762674,"name":"saveOnFrameDeactivation","value":true},"id":"GeneralSettings"}}
{"session":"c3161d51fa43","build":"183.6156.11","bucket":"-1","time":1562191762672,"group":{"id":"settings","version":"9"},"event":{"data":{"created":1562191762674,"name":"searchInBackground","value":false},"id":"GeneralSettings"}}
{"session":"c3161d51fa43","build":"183.6156.11","bucket":"-1","time":1562191762673,"group":{"id":"settings","version":"9"},"event":{"data":{"default":false,"created":1562191762675,"name":"showTipsOnStartup","value":false},"id":"GeneralSettings"}}
{"session":"c3161d51fa43","build":"183.6156.11","bucket":"-1","time":1562191762673,"group":{"id":"settings","version":"9"},"event":{"data":{"created":1562191762675,"name":"showWelcomeScreen","value":true},"id":"GeneralSettings"}}
{"session":"c3161d51fa43","build":"183.6156.11","bucket":"-1","time":1562191762673,"group":{"id":"settings","version":"9"},"event":{"data":{"created":1562191762675,"name":"supportScreenReaders","value":false},"id":"GeneralSettings"}}
{"session":"c3161d51fa43","build":"183.6156.11","bucket":"-1","time":1562191762673,"group":{"id":"settings","version":"9"},"event":{"data":{"created":1562191762676,"name":"syncOnFrameActivation","value":true},"id":"GeneralSettings"}}
{"session":"c3161d51fa43","build":"183.6156.11","bucket":"-1","time":1562191762673,"group":{"id":"settings","version":"9"},"event":{"data":{"created":1562191762676,"name":"useDefaultBrowser","value":true},"id":"GeneralSettings"}}
{"session":"c3161d51fa43","build":"183.6156.11","bucket":"-1","time":1562191762673,"group":{"id":"settings","version":"9"},"event":{"data":{"created":1562191762677,"name":"useSafeWrite","value":true},"id":"GeneralSettings"}}
{"session":"c3161d51fa43","build":"183.6156.11","bucket":"-1","time":1562191793550,"group":{"id":"ui.dialogs","version":"9"},"event":{"count":1,"data":{"created":1562191793551,"type":"show"},"id":"com.intellij.openapi.progress.util.ProgressDialog$MyDialogWrapper"}}
{"session":"c3161d51fa43","build":"183.6156.11","bucket":"-1","time":1562191794523,"group":{"id":"statistics.lifecycle.app","version":"9"},"event":{"count":1,"data":{"created":1562191794523,"data_2":"30+","data_1":"timeSecondsGrouped"},"id":"ide.freeze"}}
{"session":"c3161d51fa43","build":"183.6156.11","bucket":"-1","time":1562191794610,"group":{"id":"lifecycle","version":"9"},"event":{"count":1,"data":{"durationSeconds":32,"created":1562191794610},"id":"ide.freeze"}}
{"session":"c3161d51fa43","build":"183.6156.11","bucket":"-1","time":1562191814536,"group":{"id":"ui.dialogs","version":"9"},"event":{"count":1,"data":{"code":1,"created":1562191814537,"type":"close"},"id":"com.intellij.openapi.progress.util.ProgressDialog$MyDialogWrapper"}}
{"session":"c3161d51fa43","build":"183.6156.11","bucket":"-1","time":1562191814877,"group":{"id":"statistics.lifecycle.project","version":"9"},"event":{"count":1,"data":{"created":1562191814877,"project":"1248437051"},"id":"project.opened"}}
{"session":"c3161d51fa43","build":"183.6156.11","bucket":"-1","time":1562191814877,"group":{"id":"lifecycle","version":"9"},"event":{"count":1,"data":{"created":1562191814878},"id":"project.opened"}}
{"session":"c3161d51fa43","build":"183.6156.11","bucket":"-1","time":1562191826686,"group":{"id":"statistics.lifecycle.app","version":"9"},"event":{"count":1,"data":{"created":1562191826686,"data_2":"10+","data_1":"timeSecondsGrouped"},"id":"ide.freeze"}}
{"session":"c3161d51fa43","build":"183.6156.11","bucket":"-1","time":1562191826686,"group":{"id":"lifecycle","version":"9"},"event":{"count":1,"data":{"durationSeconds":13,"created":1562191826686},"id":"ide.freeze"}}
{"session":"c3161d51fa43","build":"183.6156.11","bucket":"-1","time":1562191826885,"group":{"id":"ui.dialogs","version":"9"},"event":{"count":1,"data":{"created":1562191826885,"type":"show"},"id":"com.intellij.openapi.progress.util.ProgressDialog$MyDialogWrapper"}}
{"session":"c3161d51fa43","build":"183.6156.11","bucket":"-1","time":1562191841016,"group":{"id":"toolwindow.v2","version":"9"},"event":{"count":1,"data":{"created":1562191841016,"data_1":"Windows"},"id":"Project_by_Activation"}}
{"session":"c3161d51fa43","build":"183.6156.11","bucket":"-1","time":1562191843067,"group":{"id":"statistics.lifecycle.app","version":"9"},"event":{"count":1,"data":{"created":1562191843067},"id":"ide.start"}}
{"session":"c3161d51fa43","build":"183.6156.11","bucket":"-1","time":1562191843068,"group":{"id":"lifecycle","version":"9"},"event":{"count":1,"data":{"created":1562191843068},"id":"app.started"}}
{"session":"c3161d51fa43","build":"183.6156.11","bucket":"-1","time":1562191846373,"group":{"id":"ui.dialogs","version":"9"},"event":{"count":1,"data":{"code":1,"created":1562191846373,"type":"close"},"id":"com.intellij.openapi.progress.util.ProgressDialog$MyDialogWrapper"}}
{"session":"c3161d51fa43","build":"183.6156.11","bucket":"-1","time":1562191846804,"group":{"id":"statistics.lifecycle.project","version":"9"},"event":{"count":1,"data":{"created":1562191846804,"project":"1248437051"},"id":"project.open.time.54"}}
{"session":"c3161d51fa43","build":"183.6156.11","bucket":"-1","time":1562191846804,"group":{"id":"lifecycle","version":"9"},"event":{"count":1,"data":{"created":1562191846804,"time.ms":54652},"id":"project.opening.finished"}}
{"session":"c3161d51fa43","build":"183.6156.11","bucket":"-1","time":1562191897552,"group":{"id":"actions.v2","version":"9"},"event":{"count":1,"data":{"context_menu":false,"created":1562191897552,"data_1":"Windows","input_event":"Ctrl+Shift+R"},"id":"GotoFile"}}
{"session":"c3161d51fa43","build":"183.6156.11","bucket":"-1","time":1562191897652,"group":{"id":"statistics.searchEverywhere","version":"9"},"event":{"count":1,"data":{"created":1562191897653,"project":"1248437051","data_1":"FileSearchEverywhereContributor"},"id":"dialogOpen"}}
{"session":"c3161d51fa43","build":"183.6156.11","bucket":"-1","time":1562191902363,"group":{"id":"statistics.searchEverywhere","version":"9"},"event":{"count":1,"data":{"created":1562191902363,"project":"1248437051","data_2":"mouseClick","data_1":"ClassSearchEverywhereContributor"},"id":"tabSwitched"}}
{"session":"c3161d51fa43","build":"183.6156.11","bucket":"-1","time":1562191903517,"group":{"id":"statistics.searchEverywhere","version":"9"},"event":{"count":1,"data":{"created":1562191903517,"project":"1248437051","data_2":"mouseClick","data_1":"SearchEverywhereContributor.All"},"id":"tabSwitched"}}
{"session":"c3161d51fa43","build":"183.6156.11","bucket":"-1","time":1562191913275,"group":{"id":"actions.v2","version":"9"},"event":{"count":1,"data":{"context_menu":false,"created":1562191913275,"data_1":"Windows","input_event":"Home"},"id":"EditorLineStart"}}
{"session":"c3161d51fa43","build":"183.6156.11","bucket":"-1","time":1562191915849,"group":{"id":"actions.v2","version":"9"},"event":{"count":1,"data":{"context_menu":false,"created":1562191915850,"data_1":"Windows","input_event":"Backspace"},"id":"EditorBackSpace"}}
{"session":"c3161d51fa43","build":"183.6156.11","bucket":"-1","time":1562191920455,"group":{"id":"actions.v2","version":"9"},"event":{"count":1,"data":{"context_menu":false,"created":1562191920455,"data_1":"Windows","input_event":"Shift+End"},"id":"EditorLineEndWithSelection"}}
{"session":"c3161d51fa43","build":"183.6156.11","bucket":"-1","time":1562191920829,"group":{"id":"actions.v2","version":"9"},"event":{"count":1,"data":{"context_menu":false,"created":1562191920830,"data_1":"Windows","input_event":"Backspace"},"id":"EditorBackSpace"}}
{"session":"c3161d51fa43","build":"183.6156.11","bucket":"-1","time":1562191932653,"group":{"id":"statistics.searchEverywhere","version":"9"},"event":{"count":1,"data":{"created":1562191932653,"project":"1248437051","data_1":"ClassSearchEverywhereContributor"},"id":"contributorItemChosen"}}
