{"session":"a3c964761fd5","build":"183.6156.11","bucket":"-1","time":1555210050670,"group":{"id":"system.os.name","version":"9"},"event":{"data":{"created":1555210050670},"id":"Windows"}}
{"session":"a3c964761fd5","build":"183.6156.11","bucket":"-1","time":1555210050670,"group":{"id":"system.os.version","version":"9"},"event":{"data":{"created":1555210050681},"id":"10.0"}}
{"session":"a3c964761fd5","build":"183.6156.11","bucket":"-1","time":1555210050670,"group":{"id":"system.jvm.vendor","version":"9"},"event":{"data":{"created":1555210050692},"id":"JetBrains_s.r.o"}}
{"session":"a3c964761fd5","build":"183.6156.11","bucket":"-1","time":1555210050670,"group":{"id":"system.jvm.version","version":"9"},"event":{"data":{"created":1555210050693},"id":"1.8"}}
{"session":"a3c964761fd5","build":"183.6156.11","bucket":"-1","time":1555210050676,"group":{"id":"settings","version":"9"},"event":{"data":{"created":1555210050693,"name":"activeMruEditorOnClose","value":false},"id":"UISettings"}}
{"session":"a3c964761fd5","build":"183.6156.11","bucket":"-1","time":1555210050676,"group":{"id":"settings","version":"9"},"event":{"data":{"created":1555210050694,"name":"activeRightEditorOnClose","value":false},"id":"UISettings"}}
{"session":"a3c964761fd5","build":"183.6156.11","bucket":"-1","time":1555210050676,"group":{"id":"settings","version":"9"},"event":{"data":{"created":1555210050694,"name":"allowMergeButtons","value":true},"id":"UISettings"}}
{"session":"a3c964761fd5","build":"183.6156.11","bucket":"-1","time":1555210050676,"group":{"id":"settings","version":"9"},"event":{"data":{"created":1555210050695,"name":"alwaysShowWindowsButton","value":false},"id":"UISettings"}}
{"session":"a3c964761fd5","build":"183.6156.11","bucket":"-1","time":1555210050676,"group":{"id":"settings","version":"9"},"event":{"data":{"created":1555210050695,"name":"animateWindows","value":true},"id":"UISettings"}}
{"session":"a3c964761fd5","build":"183.6156.11","bucket":"-1","time":1555210050676,"group":{"id":"settings","version":"9"},"event":{"data":{"created":1555210050696,"name":"closeNonModifiedFilesFirst","value":false},"id":"UISettings"}}
{"session":"a3c964761fd5","build":"183.6156.11","bucket":"-1","time":1555210050676,"group":{"id":"settings","version":"9"},"event":{"data":{"created":1555210050696,"name":"closeTabButtonOnTheRight","value":true},"id":"UISettings"}}
{"session":"a3c964761fd5","build":"183.6156.11","bucket":"-1","time":1555210050676,"group":{"id":"settings","version":"9"},"event":{"data":{"created":1555210050697,"name":"cycleScrolling","value":true},"id":"UISettings"}}
{"session":"a3c964761fd5","build":"183.6156.11","bucket":"-1","time":1555210050676,"group":{"id":"settings","version":"9"},"event":{"data":{"created":1555210050697,"name":"defaultAutoScrollToSource","value":false},"id":"UISettings"}}
{"session":"a3c964761fd5","build":"183.6156.11","bucket":"-1","time":1555210050676,"group":{"id":"settings","version":"9"},"event":{"data":{"created":1555210050698,"name":"disableMnemonics","value":false},"id":"UISettings"}}
{"session":"a3c964761fd5","build":"183.6156.11","bucket":"-1","time":1555210050676,"group":{"id":"settings","version":"9"},"event":{"data":{"created":1555210050698,"name":"disableMnemonicsInControls","value":false},"id":"UISettings"}}
{"session":"a3c964761fd5","build":"183.6156.11","bucket":"-1","time":1555210050676,"group":{"id":"settings","version":"9"},"event":{"data":{"created":1555210050699,"name":"dndWithPressedAltOnly","value":false},"id":"UISettings"}}
{"session":"a3c964761fd5","build":"183.6156.11","bucket":"-1","time":1555210050676,"group":{"id":"settings","version":"9"},"event":{"data":{"created":1555210050699,"name":"enableAlphaMode","value":false},"id":"UISettings"}}
{"session":"a3c964761fd5","build":"183.6156.11","bucket":"-1","time":1555210050676,"group":{"id":"settings","version":"9"},"event":{"data":{"created":1555210050700,"name":"hideKnownExtensionInTabs","value":false},"id":"UISettings"}}
{"session":"a3c964761fd5","build":"183.6156.11","bucket":"-1","time":1555210050676,"group":{"id":"settings","version":"9"},"event":{"data":{"created":1555210050700,"name":"hideNavigationOnFocusLoss","value":true},"id":"UISettings"}}
{"session":"a3c964761fd5","build":"183.6156.11","bucket":"-1","time":1555210050676,"group":{"id":"settings","version":"9"},"event":{"data":{"created":1555210050701,"name":"hideTabsIfNeed","value":true},"id":"UISettings"}}
{"session":"a3c964761fd5","build":"183.6156.11","bucket":"-1","time":1555210050676,"group":{"id":"settings","version":"9"},"event":{"data":{"created":1555210050702,"name":"hideToolStripes","value":false},"id":"UISettings"}}
{"session":"a3c964761fd5","build":"183.6156.11","bucket":"-1","time":1555210050676,"group":{"id":"settings","version":"9"},"event":{"data":{"created":1555210050703,"name":"leftHorizontalSplit","value":false},"id":"UISettings"}}
{"session":"a3c964761fd5","build":"183.6156.11","bucket":"-1","time":1555210050676,"group":{"id":"settings","version":"9"},"event":{"data":{"created":1555210050703,"name":"markModifiedTabsWithAsterisk","value":false},"id":"UISettings"}}
{"session":"a3c964761fd5","build":"183.6156.11","bucket":"-1","time":1555210050676,"group":{"id":"settings","version":"9"},"event":{"data":{"created":1555210050704,"name":"mergeEqualStackTraces","value":true},"id":"UISettings"}}
{"session":"a3c964761fd5","build":"183.6156.11","bucket":"-1","time":1555210050676,"group":{"id":"settings","version":"9"},"event":{"data":{"created":1555210050704,"name":"moveMouseOnDefaultButton","value":false},"id":"UISettings"}}
{"session":"a3c964761fd5","build":"183.6156.11","bucket":"-1","time":1555210050676,"group":{"id":"settings","version":"9"},"event":{"data":{"created":1555210050705,"name":"navigateToPreview","value":false},"id":"UISettings"}}
{"session":"a3c964761fd5","build":"183.6156.11","bucket":"-1","time":1555210050676,"group":{"id":"settings","version":"9"},"event":{"data":{"created":1555210050705,"name":"overrideConsoleCycleBufferSize","value":false},"id":"UISettings"}}
{"session":"a3c964761fd5","build":"183.6156.11","bucket":"-1","time":1555210050676,"group":{"id":"settings","version":"9"},"event":{"data":{"created":1555210050706,"name":"overrideLafFonts","value":false},"id":"UISettings"}}
{"session":"a3c964761fd5","build":"183.6156.11","bucket":"-1","time":1555210050676,"group":{"id":"settings","version":"9"},"event":{"data":{"created":1555210050706,"name":"pinFindInPath","value":false},"id":"UISettings"}}
{"session":"a3c964761fd5","build":"183.6156.11","bucket":"-1","time":1555210050676,"group":{"id":"settings","version":"9"},"event":{"data":{"created":1555210050707,"name":"presentationMode","value":false},"id":"UISettings"}}
{"session":"a3c964761fd5","build":"183.6156.11","bucket":"-1","time":1555210050676,"group":{"id":"settings","version":"9"},"event":{"data":{"created":1555210050707,"name":"reuseNotModifiedTabs","value":false},"id":"UISettings"}}
{"session":"a3c964761fd5","build":"183.6156.11","bucket":"-1","time":1555210050676,"group":{"id":"settings","version":"9"},"event":{"data":{"created":1555210050707,"name":"rightHorizontalSplit","value":false},"id":"UISettings"}}
{"session":"a3c964761fd5","build":"183.6156.11","bucket":"-1","time":1555210050676,"group":{"id":"settings","version":"9"},"event":{"data":{"created":1555210050708,"name":"scrollTabLayoutInEditor","value":true},"id":"UISettings"}}
{"session":"a3c964761fd5","build":"183.6156.11","bucket":"-1","time":1555210050676,"group":{"id":"settings","version":"9"},"event":{"data":{"created":1555210050708,"name":"showCloseButton","value":true},"id":"UISettings"}}
{"session":"a3c964761fd5","build":"183.6156.11","bucket":"-1","time":1555210050676,"group":{"id":"settings","version":"9"},"event":{"data":{"created":1555210050709,"name":"showDirectoryForNonUniqueFilenames","value":true},"id":"UISettings"}}
{"session":"a3c964761fd5","build":"183.6156.11","bucket":"-1","time":1555210050676,"group":{"id":"settings","version":"9"},"event":{"data":{"created":1555210050709,"name":"showEditorToolTip","value":true},"id":"UISettings"}}
{"session":"a3c964761fd5","build":"183.6156.11","bucket":"-1","time":1555210050676,"group":{"id":"settings","version":"9"},"event":{"data":{"created":1555210050710,"name":"showIconInQuickNavigation","value":true},"id":"UISettings"}}
{"session":"a3c964761fd5","build":"183.6156.11","bucket":"-1","time":1555210050676,"group":{"id":"settings","version":"9"},"event":{"data":{"created":1555210050710,"name":"showIconsInMenus","value":true},"id":"UISettings"}}
{"session":"a3c964761fd5","build":"183.6156.11","bucket":"-1","time":1555210050676,"group":{"id":"settings","version":"9"},"event":{"data":{"created":1555210050711,"name":"showMainToolbar","value":false},"id":"UISettings"}}
{"session":"a3c964761fd5","build":"183.6156.11","bucket":"-1","time":1555210050676,"group":{"id":"settings","version":"9"},"event":{"data":{"created":1555210050711,"name":"showMemoryIndicator","value":false},"id":"UISettings"}}
{"session":"a3c964761fd5","build":"183.6156.11","bucket":"-1","time":1555210050676,"group":{"id":"settings","version":"9"},"event":{"data":{"created":1555210050712,"name":"showNavigationBar","value":true},"id":"UISettings"}}
{"session":"a3c964761fd5","build":"183.6156.11","bucket":"-1","time":1555210050676,"group":{"id":"settings","version":"9"},"event":{"data":{"created":1555210050712,"name":"showStatusBar","value":true},"id":"UISettings"}}
{"session":"a3c964761fd5","build":"183.6156.11","bucket":"-1","time":1555210050676,"group":{"id":"settings","version":"9"},"event":{"data":{"created":1555210050713,"name":"showTabsTooltips","value":true},"id":"UISettings"}}
{"session":"a3c964761fd5","build":"183.6156.11","bucket":"-1","time":1555210050676,"group":{"id":"settings","version":"9"},"event":{"data":{"created":1555210050713,"name":"showToolWindowsNumbers","value":true},"id":"UISettings"}}
{"session":"a3c964761fd5","build":"183.6156.11","bucket":"-1","time":1555210050676,"group":{"id":"settings","version":"9"},"event":{"data":{"created":1555210050713,"name":"smoothScrolling","value":false},"id":"UISettings"}}
{"session":"a3c964761fd5","build":"183.6156.11","bucket":"-1","time":1555210050676,"group":{"id":"settings","version":"9"},"event":{"data":{"created":1555210050714,"name":"sortBookmarks","value":false},"id":"UISettings"}}
{"session":"a3c964761fd5","build":"183.6156.11","bucket":"-1","time":1555210050676,"group":{"id":"settings","version":"9"},"event":{"data":{"created":1555210050714,"name":"sortLookupElementsLexicographically","value":false},"id":"UISettings"}}
{"session":"a3c964761fd5","build":"183.6156.11","bucket":"-1","time":1555210050676,"group":{"id":"settings","version":"9"},"event":{"data":{"created":1555210050714,"name":"useSmallLabelsOnTabs","value":false},"id":"UISettings"}}
{"session":"a3c964761fd5","build":"183.6156.11","bucket":"-1","time":1555210050676,"group":{"id":"settings","version":"9"},"event":{"data":{"created":1555210050715,"name":"wideScreenSupport","value":false},"id":"UISettings"}}
{"session":"a3c964761fd5","build":"183.6156.11","bucket":"-1","time":1555210051848,"group":{"id":"settings","version":"9"},"event":{"data":{"created":1555210051848,"name":"autoSaveIfInactive","value":false},"id":"GeneralSettings"}}
{"session":"a3c964761fd5","build":"183.6156.11","bucket":"-1","time":1555210051848,"group":{"id":"settings","version":"9"},"event":{"data":{"created":1555210051849,"name":"confirmExit","value":true},"id":"GeneralSettings"}}
{"session":"a3c964761fd5","build":"183.6156.11","bucket":"-1","time":1555210051848,"group":{"id":"settings","version":"9"},"event":{"data":{"created":1555210051850,"name":"reopenLastProject","value":true},"id":"GeneralSettings"}}
{"session":"a3c964761fd5","build":"183.6156.11","bucket":"-1","time":1555210051848,"group":{"id":"settings","version":"9"},"event":{"data":{"created":1555210051851,"name":"saveOnFrameDeactivation","value":true},"id":"GeneralSettings"}}
{"session":"a3c964761fd5","build":"183.6156.11","bucket":"-1","time":1555210051848,"group":{"id":"settings","version":"9"},"event":{"data":{"created":1555210051851,"name":"searchInBackground","value":false},"id":"GeneralSettings"}}
{"session":"a3c964761fd5","build":"183.6156.11","bucket":"-1","time":1555210051848,"group":{"id":"settings","version":"9"},"event":{"data":{"created":1555210051852,"name":"showTipsOnStartup","value":true},"id":"GeneralSettings"}}
{"session":"a3c964761fd5","build":"183.6156.11","bucket":"-1","time":1555210051848,"group":{"id":"settings","version":"9"},"event":{"data":{"created":1555210051854,"name":"showWelcomeScreen","value":true},"id":"GeneralSettings"}}
{"session":"a3c964761fd5","build":"183.6156.11","bucket":"-1","time":1555210051848,"group":{"id":"settings","version":"9"},"event":{"data":{"created":1555210051856,"name":"supportScreenReaders","value":false},"id":"GeneralSettings"}}
{"session":"a3c964761fd5","build":"183.6156.11","bucket":"-1","time":1555210051848,"group":{"id":"settings","version":"9"},"event":{"data":{"created":1555210051856,"name":"syncOnFrameActivation","value":true},"id":"GeneralSettings"}}
{"session":"a3c964761fd5","build":"183.6156.11","bucket":"-1","time":1555210051848,"group":{"id":"settings","version":"9"},"event":{"data":{"created":1555210051856,"name":"useDefaultBrowser","value":true},"id":"GeneralSettings"}}
{"session":"a3c964761fd5","build":"183.6156.11","bucket":"-1","time":1555210051848,"group":{"id":"settings","version":"9"},"event":{"data":{"created":1555210051857,"name":"useSafeWrite","value":true},"id":"GeneralSettings"}}
{"session":"a3c964761fd5","build":"183.6156.11","bucket":"-1","time":1555210058832,"group":{"id":"statistics.lifecycle.app","version":"9"},"event":{"count":1,"data":{"created":1555210058832},"id":"ide.start"}}
{"session":"a3c964761fd5","build":"183.6156.11","bucket":"-1","time":1555210058834,"group":{"id":"lifecycle","version":"9"},"event":{"count":1,"data":{"created":1555210058834},"id":"app.started"}}
{"session":"a3c964761fd5","build":"183.6156.11","bucket":"-1","time":1555210059797,"group":{"id":"statistics.lifecycle.app","version":"9"},"event":{"count":1,"data":{"created":1555210059797,"data_2":"8","data_1":"timeSecondsGrouped"},"id":"ide.freeze"}}
{"session":"a3c964761fd5","build":"183.6156.11","bucket":"-1","time":1555210059798,"group":{"id":"lifecycle","version":"9"},"event":{"count":1,"data":{"durationSeconds":8,"created":1555210059798},"id":"ide.freeze"}}
{"session":"a3c964761fd5","build":"183.6156.11","bucket":"-1","time":1555210059990,"group":{"id":"ui.dialogs","version":"9"},"event":{"count":1,"data":{"created":1555210059990,"type":"show"},"id":"com.intellij.util.net.ssl.CertificateWarningDialog"}}
{"session":"a3c964761fd5","build":"183.6156.11","bucket":"-1","time":1555210064355,"group":{"id":"ui.dialogs","version":"9"},"event":{"count":1,"data":{"code":0,"created":1555210064356,"type":"close"},"id":"com.intellij.util.net.ssl.CertificateWarningDialog"}}
{"session":"a3c964761fd5","build":"183.6156.11","bucket":"-1","time":1555210068375,"group":{"id":"actions.v2","version":"9"},"event":{"count":1,"data":{"context_menu":false,"created":1555210068375,"data_1":"Windows"},"id":"WelcomeScreen.OpenProject"}}
{"session":"a3c964761fd5","build":"183.6156.11","bucket":"-1","time":1555210068954,"group":{"id":"ui.dialogs","version":"9"},"event":{"count":1,"data":{"created":1555210068955,"type":"show"},"id":"com.intellij.openapi.fileChooser.ex.FileChooserDialogImpl"}}
{"session":"a3c964761fd5","build":"183.6156.11","bucket":"-1","time":1555210093232,"group":{"id":"ui.dialogs","version":"9"},"event":{"count":1,"data":{"code":0,"created":1555210093232,"type":"close"},"id":"com.intellij.openapi.fileChooser.ex.FileChooserDialogImpl"}}
{"session":"a3c964761fd5","build":"183.6156.11","bucket":"-1","time":1555210093947,"group":{"id":"ui.dialogs","version":"9"},"event":{"count":1,"data":{"created":1555210093947,"type":"show"},"id":"com.intellij.openapi.progress.util.ProgressDialog$MyDialogWrapper"}}
{"session":"a3c964761fd5","build":"183.6156.11","bucket":"-1","time":1555210101329,"group":{"id":"statistics.lifecycle.project","version":"9"},"event":{"count":1,"data":{"created":1555210101329,"project":"-1793532514"},"id":"project.opened"}}
{"session":"a3c964761fd5","build":"183.6156.11","bucket":"-1","time":1555210101329,"group":{"id":"lifecycle","version":"9"},"event":{"count":1,"data":{"created":1555210101329},"id":"project.opened"}}
{"session":"a3c964761fd5","build":"183.6156.11","bucket":"-1","time":1555210113122,"group":{"id":"statistics.ui.tips","version":"9"},"event":{"count":1,"data":{"created":1555210113122},"id":"shown.automatically"}}
{"session":"a3c964761fd5","build":"183.6156.11","bucket":"-1","time":1555210113161,"group":{"id":"ui.dialogs","version":"9"},"event":{"count":1,"data":{"created":1555210113161,"type":"show"},"id":"com.intellij.ide.util.TipDialog"}}
{"session":"a3c964761fd5","build":"183.6156.11","bucket":"-1","time":1555210113388,"group":{"id":"ui.dialogs","version":"9"},"event":{"count":1,"data":{"code":1,"created":1555210113388,"type":"close"},"id":"com.intellij.openapi.progress.util.ProgressDialog$MyDialogWrapper"}}
{"session":"a3c964761fd5","build":"183.6156.11","bucket":"-1","time":1555210115492,"group":{"id":"statistics.lifecycle.project","version":"9"},"event":{"count":1,"data":{"created":1555210115492,"project":"-1793532514"},"id":"project.open.time.21"}}
{"session":"a3c964761fd5","build":"183.6156.11","bucket":"-1","time":1555210115493,"group":{"id":"lifecycle","version":"9"},"event":{"count":1,"data":{"created":1555210115493,"time.ms":21929},"id":"project.opening.finished"}}
{"session":"a3c964761fd5","build":"183.6156.11","bucket":"-1","time":1555210305369,"group":{"id":"statistics.ui.tips","version":"9"},"event":{"count":1,"data":{"created":1555210305369},"id":"next.tip"}}
{"session":"a3c964761fd5","build":"183.6156.11","bucket":"-1","time":1555210307159,"group":{"id":"ui.dialogs","version":"9"},"event":{"count":1,"data":{"code":1,"created":1555210307159,"type":"close"},"id":"com.intellij.ide.util.TipDialog"}}
{"session":"a3c964761fd5","build":"183.6156.11","bucket":"-1","time":1555210642871,"group":{"id":"statistics.actions.main.menu.v2","version":"9"},"event":{"count":1,"data":{"created":1555210642871,"data_1":"Windows"},"id":"File_->_Export_Settings..."}}
{"session":"a3c964761fd5","build":"183.6156.11","bucket":"-1","time":1555210642927,"group":{"id":"actions.v2","version":"9"},"event":{"count":1,"data":{"context_menu":true,"created":1555210642927,"place":"MainMenu","data_1":"Windows"},"id":"ExportSettings"}}
{"session":"a3c964761fd5","build":"183.6156.11","bucket":"-1","time":1555210656544,"group":{"id":"ui.dialogs","version":"9"},"event":{"count":1,"data":{"created":1555210656544,"type":"show"},"id":"com.intellij.configurationStore.ChooseComponentsToExportDialog"}}
{"session":"a3c964761fd5","build":"183.6156.11","bucket":"-1","time":1555210656850,"group":{"id":"statistics.lifecycle.app","version":"9"},"event":{"count":1,"data":{"created":1555210656850,"data_2":"10+","data_1":"timeSecondsGrouped"},"id":"ide.freeze"}}
{"session":"a3c964761fd5","build":"183.6156.11","bucket":"-1","time":1555210656850,"group":{"id":"lifecycle","version":"9"},"event":{"count":1,"data":{"durationSeconds":14,"created":1555210656850},"id":"ide.freeze"}}
{"session":"a3c964761fd5","build":"183.6156.11","bucket":"-1","time":1555210664190,"group":{"id":"ui.dialogs","version":"9"},"event":{"count":1,"data":{"code":1,"created":1555210664190,"type":"close"},"id":"com.intellij.configurationStore.ChooseComponentsToExportDialog"}}
{"session":"a3c964761fd5","build":"183.6156.11","bucket":"-1","time":1555210668793,"group":{"id":"statistics.actions.main.menu.v2","version":"9"},"event":{"count":1,"data":{"created":1555210668793,"data_1":"Windows"},"id":"File_->_Import_Settings..."}}
{"session":"a3c964761fd5","build":"183.6156.11","bucket":"-1","time":1555210668799,"group":{"id":"actions.v2","version":"9"},"event":{"count":1,"data":{"context_menu":true,"created":1555210668799,"place":"MainMenu","data_1":"Windows"},"id":"ImportSettings"}}
{"session":"a3c964761fd5","build":"183.6156.11","bucket":"-1","time":1555210668844,"group":{"id":"ui.dialogs","version":"9"},"event":{"count":1,"data":{"created":1555210668845,"type":"show"},"id":"com.intellij.openapi.fileChooser.ex.FileChooserDialogImpl"}}
{"session":"a3c964761fd5","build":"183.6156.11","bucket":"-1","time":1555210673943,"group":{"id":"ui.dialogs","version":"9"},"event":{"count":1,"data":{"code":0,"created":1555210673943,"type":"close"},"id":"com.intellij.openapi.fileChooser.ex.FileChooserDialogImpl"}}
{"session":"a3c964761fd5","build":"183.6156.11","bucket":"-1","time":1555210674044,"group":{"id":"ui.dialogs","version":"9"},"event":{"count":1,"data":{"created":1555210674044,"type":"show"},"id":"com.intellij.openapi.ui.messages.MessageDialog"}}
{"session":"a3c964761fd5","build":"183.6156.11","bucket":"-1","time":1555210679791,"group":{"id":"statistics.actions.main.menu.v2","version":"9"},"event":{"count":1,"data":{"created":1555210679791,"data_1":"Windows"},"id":"File_->_Import_Settings..."}}
{"session":"a3c964761fd5","build":"183.6156.11","bucket":"-1","time":1555210679795,"group":{"id":"actions.v2","version":"9"},"event":{"count":1,"data":{"context_menu":true,"created":1555210679795,"place":"MainMenu","data_1":"Windows"},"id":"ImportSettings"}}
{"session":"a3c964761fd5","build":"183.6156.11","bucket":"-1","time":1555210679803,"group":{"id":"ui.dialogs","version":"9"},"event":{"count":1,"data":{"created":1555210679803,"type":"show"},"id":"com.intellij.openapi.fileChooser.ex.FileChooserDialogImpl"}}
{"session":"a3c964761fd5","build":"183.6156.11","bucket":"-1","time":1555210683799,"group":{"id":"ui.dialogs","version":"9"},"event":{"count":1,"data":{"code":0,"created":1555210683799,"type":"close"},"id":"com.intellij.openapi.fileChooser.ex.FileChooserDialogImpl"}}
{"session":"a3c964761fd5","build":"183.6156.11","bucket":"-1","time":1555210684082,"group":{"id":"ui.dialogs","version":"9"},"event":{"count":1,"data":{"created":1555210684082,"type":"show"},"id":"com.intellij.configurationStore.ChooseComponentsToExportDialog"}}
{"session":"a3c964761fd5","build":"183.6156.11","bucket":"-1","time":1555210685375,"group":{"id":"ui.dialogs","version":"9"},"event":{"count":1,"data":{"code":0,"created":1555210685375,"type":"close"},"id":"com.intellij.configurationStore.ChooseComponentsToExportDialog"}}
{"session":"a3c964761fd5","build":"183.6156.11","bucket":"-1","time":1555210685589,"group":{"id":"ui.dialogs","version":"9"},"event":{"count":2,"data":{"last":1555210686838,"created":1555210685590,"type":"show"},"id":"com.intellij.openapi.ui.messages.MessageDialog"}}
{"session":"a3c964761fd5","build":"183.6156.11","bucket":"-1","time":1555210688577,"group":{"id":"statistics.lifecycle.app","version":"9"},"event":{"count":1,"data":{"created":1555210688577},"id":"ide.close"}}
{"session":"a3c964761fd5","build":"183.6156.11","bucket":"-1","time":1555210688577,"group":{"id":"statistics.lifecycle.app","version":"9"},"event":{"count":1,"data":{"created":1555210688578},"id":"ide.close.restart"}}
{"session":"a3c964761fd5","build":"183.6156.11","bucket":"-1","time":1555210688578,"group":{"id":"lifecycle","version":"9"},"event":{"count":1,"data":{"restart":true,"created":1555210688578},"id":"app.closed"}}
{"session":"a3c964761fd5","build":"183.6156.11","bucket":"-1","time":1555210688629,"group":{"id":"statistics.lifecycle.project","version":"9"},"event":{"count":1,"data":{"created":1555210688629,"project":"-1793532514"},"id":"project.closed"}}
{"session":"a3c964761fd5","build":"183.6156.11","bucket":"-1","time":1555210690014,"group":{"id":"lifecycle","version":"9"},"event":{"count":1,"data":{"created":1555210690014},"id":"project.closed"}}
