{"session":"36ddd28040b0","build":"183.6156.11","bucket":"-1","time":1555217841238,"group":{"id":"system.os.name","version":"9"},"event":{"data":{"created":1555217841239},"id":"Windows"}}
{"session":"36ddd28040b0","build":"183.6156.11","bucket":"-1","time":1555217841238,"group":{"id":"system.os.version","version":"9"},"event":{"data":{"created":1555217841333},"id":"10.0"}}
{"session":"36ddd28040b0","build":"183.6156.11","bucket":"-1","time":1555217841239,"group":{"id":"system.jvm.vendor","version":"9"},"event":{"data":{"created":1555217841388},"id":"JetBrains_s.r.o"}}
{"session":"36ddd28040b0","build":"183.6156.11","bucket":"-1","time":1555217841239,"group":{"id":"system.jvm.version","version":"9"},"event":{"data":{"created":1555217841390},"id":"1.8"}}
{"session":"36ddd28040b0","build":"183.6156.11","bucket":"-1","time":1555217841380,"group":{"id":"settings","version":"9"},"event":{"data":{"created":1555217841390,"name":"activeMruEditorOnClose","value":false},"id":"UISettings"}}
{"session":"36ddd28040b0","build":"183.6156.11","bucket":"-1","time":1555217841380,"group":{"id":"settings","version":"9"},"event":{"data":{"created":1555217841391,"name":"activeRightEditorOnClose","value":false},"id":"UISettings"}}
{"session":"36ddd28040b0","build":"183.6156.11","bucket":"-1","time":1555217841380,"group":{"id":"settings","version":"9"},"event":{"data":{"created":1555217841392,"name":"allowMergeButtons","value":true},"id":"UISettings"}}
{"session":"36ddd28040b0","build":"183.6156.11","bucket":"-1","time":1555217841381,"group":{"id":"settings","version":"9"},"event":{"data":{"created":1555217841393,"name":"alwaysShowWindowsButton","value":false},"id":"UISettings"}}
{"session":"36ddd28040b0","build":"183.6156.11","bucket":"-1","time":1555217841381,"group":{"id":"settings","version":"9"},"event":{"data":{"created":1555217841393,"name":"animateWindows","value":true},"id":"UISettings"}}
{"session":"36ddd28040b0","build":"183.6156.11","bucket":"-1","time":1555217841381,"group":{"id":"settings","version":"9"},"event":{"data":{"created":1555217841394,"name":"closeNonModifiedFilesFirst","value":false},"id":"UISettings"}}
{"session":"36ddd28040b0","build":"183.6156.11","bucket":"-1","time":1555217841381,"group":{"id":"settings","version":"9"},"event":{"data":{"created":1555217841394,"name":"closeTabButtonOnTheRight","value":true},"id":"UISettings"}}
{"session":"36ddd28040b0","build":"183.6156.11","bucket":"-1","time":1555217841381,"group":{"id":"settings","version":"9"},"event":{"data":{"created":1555217841395,"name":"cycleScrolling","value":true},"id":"UISettings"}}
{"session":"36ddd28040b0","build":"183.6156.11","bucket":"-1","time":1555217841381,"group":{"id":"settings","version":"9"},"event":{"data":{"created":1555217841396,"name":"defaultAutoScrollToSource","value":false},"id":"UISettings"}}
{"session":"36ddd28040b0","build":"183.6156.11","bucket":"-1","time":1555217841381,"group":{"id":"settings","version":"9"},"event":{"data":{"created":1555217841397,"name":"disableMnemonics","value":false},"id":"UISettings"}}
{"session":"36ddd28040b0","build":"183.6156.11","bucket":"-1","time":1555217841381,"group":{"id":"settings","version":"9"},"event":{"data":{"created":1555217841397,"name":"disableMnemonicsInControls","value":false},"id":"UISettings"}}
{"session":"36ddd28040b0","build":"183.6156.11","bucket":"-1","time":1555217841381,"group":{"id":"settings","version":"9"},"event":{"data":{"created":1555217841398,"name":"dndWithPressedAltOnly","value":false},"id":"UISettings"}}
{"session":"36ddd28040b0","build":"183.6156.11","bucket":"-1","time":1555217841381,"group":{"id":"settings","version":"9"},"event":{"data":{"created":1555217841398,"name":"enableAlphaMode","value":false},"id":"UISettings"}}
{"session":"36ddd28040b0","build":"183.6156.11","bucket":"-1","time":1555217841381,"group":{"id":"settings","version":"9"},"event":{"data":{"created":1555217841399,"name":"hideKnownExtensionInTabs","value":false},"id":"UISettings"}}
{"session":"36ddd28040b0","build":"183.6156.11","bucket":"-1","time":1555217841381,"group":{"id":"settings","version":"9"},"event":{"data":{"created":1555217841399,"name":"hideNavigationOnFocusLoss","value":true},"id":"UISettings"}}
{"session":"36ddd28040b0","build":"183.6156.11","bucket":"-1","time":1555217841381,"group":{"id":"settings","version":"9"},"event":{"data":{"created":1555217841400,"name":"hideTabsIfNeed","value":true},"id":"UISettings"}}
{"session":"36ddd28040b0","build":"183.6156.11","bucket":"-1","time":1555217841381,"group":{"id":"settings","version":"9"},"event":{"data":{"created":1555217841401,"name":"hideToolStripes","value":false},"id":"UISettings"}}
{"session":"36ddd28040b0","build":"183.6156.11","bucket":"-1","time":1555217841381,"group":{"id":"settings","version":"9"},"event":{"data":{"created":1555217841401,"name":"leftHorizontalSplit","value":false},"id":"UISettings"}}
{"session":"36ddd28040b0","build":"183.6156.11","bucket":"-1","time":1555217841381,"group":{"id":"settings","version":"9"},"event":{"data":{"created":1555217841401,"name":"markModifiedTabsWithAsterisk","value":false},"id":"UISettings"}}
{"session":"36ddd28040b0","build":"183.6156.11","bucket":"-1","time":1555217841381,"group":{"id":"settings","version":"9"},"event":{"data":{"created":1555217841402,"name":"mergeEqualStackTraces","value":true},"id":"UISettings"}}
{"session":"36ddd28040b0","build":"183.6156.11","bucket":"-1","time":1555217841381,"group":{"id":"settings","version":"9"},"event":{"data":{"created":1555217841402,"name":"moveMouseOnDefaultButton","value":false},"id":"UISettings"}}
{"session":"36ddd28040b0","build":"183.6156.11","bucket":"-1","time":1555217841381,"group":{"id":"settings","version":"9"},"event":{"data":{"created":1555217841403,"name":"navigateToPreview","value":false},"id":"UISettings"}}
{"session":"36ddd28040b0","build":"183.6156.11","bucket":"-1","time":1555217841381,"group":{"id":"settings","version":"9"},"event":{"data":{"created":1555217841403,"name":"overrideConsoleCycleBufferSize","value":false},"id":"UISettings"}}
{"session":"36ddd28040b0","build":"183.6156.11","bucket":"-1","time":1555217841381,"group":{"id":"settings","version":"9"},"event":{"data":{"default":false,"created":1555217841404,"name":"overrideLafFonts","value":true},"id":"UISettings"}}
{"session":"36ddd28040b0","build":"183.6156.11","bucket":"-1","time":1555217841381,"group":{"id":"settings","version":"9"},"event":{"data":{"created":1555217841404,"name":"pinFindInPath","value":false},"id":"UISettings"}}
{"session":"36ddd28040b0","build":"183.6156.11","bucket":"-1","time":1555217841381,"group":{"id":"settings","version":"9"},"event":{"data":{"created":1555217841405,"name":"presentationMode","value":false},"id":"UISettings"}}
{"session":"36ddd28040b0","build":"183.6156.11","bucket":"-1","time":1555217841381,"group":{"id":"settings","version":"9"},"event":{"data":{"created":1555217841405,"name":"reuseNotModifiedTabs","value":false},"id":"UISettings"}}
{"session":"36ddd28040b0","build":"183.6156.11","bucket":"-1","time":1555217841381,"group":{"id":"settings","version":"9"},"event":{"data":{"created":1555217841405,"name":"rightHorizontalSplit","value":false},"id":"UISettings"}}
{"session":"36ddd28040b0","build":"183.6156.11","bucket":"-1","time":1555217841381,"group":{"id":"settings","version":"9"},"event":{"data":{"created":1555217841406,"name":"scrollTabLayoutInEditor","value":true},"id":"UISettings"}}
{"session":"36ddd28040b0","build":"183.6156.11","bucket":"-1","time":1555217841381,"group":{"id":"settings","version":"9"},"event":{"data":{"created":1555217841406,"name":"showCloseButton","value":true},"id":"UISettings"}}
{"session":"36ddd28040b0","build":"183.6156.11","bucket":"-1","time":1555217841381,"group":{"id":"settings","version":"9"},"event":{"data":{"created":1555217841406,"name":"showDirectoryForNonUniqueFilenames","value":true},"id":"UISettings"}}
{"session":"36ddd28040b0","build":"183.6156.11","bucket":"-1","time":1555217841381,"group":{"id":"settings","version":"9"},"event":{"data":{"created":1555217841407,"name":"showEditorToolTip","value":true},"id":"UISettings"}}
{"session":"36ddd28040b0","build":"183.6156.11","bucket":"-1","time":1555217841381,"group":{"id":"settings","version":"9"},"event":{"data":{"created":1555217841407,"name":"showIconInQuickNavigation","value":true},"id":"UISettings"}}
{"session":"36ddd28040b0","build":"183.6156.11","bucket":"-1","time":1555217841381,"group":{"id":"settings","version":"9"},"event":{"data":{"created":1555217841407,"name":"showIconsInMenus","value":true},"id":"UISettings"}}
{"session":"36ddd28040b0","build":"183.6156.11","bucket":"-1","time":1555217841381,"group":{"id":"settings","version":"9"},"event":{"data":{"default":false,"created":1555217841408,"name":"showMainToolbar","value":true},"id":"UISettings"}}
{"session":"36ddd28040b0","build":"183.6156.11","bucket":"-1","time":1555217841381,"group":{"id":"settings","version":"9"},"event":{"data":{"created":1555217841408,"name":"showMemoryIndicator","value":false},"id":"UISettings"}}
{"session":"36ddd28040b0","build":"183.6156.11","bucket":"-1","time":1555217841381,"group":{"id":"settings","version":"9"},"event":{"data":{"created":1555217841409,"name":"showNavigationBar","value":true},"id":"UISettings"}}
{"session":"36ddd28040b0","build":"183.6156.11","bucket":"-1","time":1555217841381,"group":{"id":"settings","version":"9"},"event":{"data":{"created":1555217841409,"name":"showStatusBar","value":true},"id":"UISettings"}}
{"session":"36ddd28040b0","build":"183.6156.11","bucket":"-1","time":1555217841381,"group":{"id":"settings","version":"9"},"event":{"data":{"created":1555217841409,"name":"showTabsTooltips","value":true},"id":"UISettings"}}
{"session":"36ddd28040b0","build":"183.6156.11","bucket":"-1","time":1555217841381,"group":{"id":"settings","version":"9"},"event":{"data":{"created":1555217841410,"name":"showToolWindowsNumbers","value":true},"id":"UISettings"}}
{"session":"36ddd28040b0","build":"183.6156.11","bucket":"-1","time":1555217841381,"group":{"id":"settings","version":"9"},"event":{"data":{"created":1555217841410,"name":"smoothScrolling","value":false},"id":"UISettings"}}
{"session":"36ddd28040b0","build":"183.6156.11","bucket":"-1","time":1555217841381,"group":{"id":"settings","version":"9"},"event":{"data":{"created":1555217841410,"name":"sortBookmarks","value":false},"id":"UISettings"}}
{"session":"36ddd28040b0","build":"183.6156.11","bucket":"-1","time":1555217841381,"group":{"id":"settings","version":"9"},"event":{"data":{"default":false,"created":1555217841410,"name":"sortLookupElementsLexicographically","value":true},"id":"UISettings"}}
{"session":"36ddd28040b0","build":"183.6156.11","bucket":"-1","time":1555217841381,"group":{"id":"settings","version":"9"},"event":{"data":{"created":1555217841411,"name":"useSmallLabelsOnTabs","value":false},"id":"UISettings"}}
{"session":"36ddd28040b0","build":"183.6156.11","bucket":"-1","time":1555217841381,"group":{"id":"settings","version":"9"},"event":{"data":{"created":1555217841411,"name":"wideScreenSupport","value":false},"id":"UISettings"}}
{"session":"36ddd28040b0","build":"183.6156.11","bucket":"-1","time":1555217845696,"group":{"id":"settings","version":"9"},"event":{"data":{"created":1555217845696,"name":"autoSaveIfInactive","value":false},"id":"GeneralSettings"}}
{"session":"36ddd28040b0","build":"183.6156.11","bucket":"-1","time":1555217845696,"group":{"id":"settings","version":"9"},"event":{"data":{"created":1555217845697,"name":"confirmExit","value":true},"id":"GeneralSettings"}}
{"session":"36ddd28040b0","build":"183.6156.11","bucket":"-1","time":1555217845696,"group":{"id":"settings","version":"9"},"event":{"data":{"created":1555217845697,"name":"reopenLastProject","value":true},"id":"GeneralSettings"}}
{"session":"36ddd28040b0","build":"183.6156.11","bucket":"-1","time":1555217845696,"group":{"id":"settings","version":"9"},"event":{"data":{"created":1555217845697,"name":"saveOnFrameDeactivation","value":true},"id":"GeneralSettings"}}
{"session":"36ddd28040b0","build":"183.6156.11","bucket":"-1","time":1555217845696,"group":{"id":"settings","version":"9"},"event":{"data":{"created":1555217845697,"name":"searchInBackground","value":false},"id":"GeneralSettings"}}
{"session":"36ddd28040b0","build":"183.6156.11","bucket":"-1","time":1555217845696,"group":{"id":"settings","version":"9"},"event":{"data":{"default":false,"created":1555217845697,"name":"showTipsOnStartup","value":false},"id":"GeneralSettings"}}
{"session":"36ddd28040b0","build":"183.6156.11","bucket":"-1","time":1555217845696,"group":{"id":"settings","version":"9"},"event":{"data":{"created":1555217845698,"name":"showWelcomeScreen","value":true},"id":"GeneralSettings"}}
{"session":"36ddd28040b0","build":"183.6156.11","bucket":"-1","time":1555217845696,"group":{"id":"settings","version":"9"},"event":{"data":{"created":1555217845698,"name":"supportScreenReaders","value":false},"id":"GeneralSettings"}}
{"session":"36ddd28040b0","build":"183.6156.11","bucket":"-1","time":1555217845696,"group":{"id":"settings","version":"9"},"event":{"data":{"created":1555217845698,"name":"syncOnFrameActivation","value":true},"id":"GeneralSettings"}}
{"session":"36ddd28040b0","build":"183.6156.11","bucket":"-1","time":1555217845696,"group":{"id":"settings","version":"9"},"event":{"data":{"created":1555217845698,"name":"useDefaultBrowser","value":true},"id":"GeneralSettings"}}
{"session":"36ddd28040b0","build":"183.6156.11","bucket":"-1","time":1555217845696,"group":{"id":"settings","version":"9"},"event":{"data":{"created":1555217845698,"name":"useSafeWrite","value":true},"id":"GeneralSettings"}}
{"session":"36ddd28040b0","build":"183.6156.11","bucket":"-1","time":1555217869638,"group":{"id":"ui.dialogs","version":"9"},"event":{"count":1,"data":{"created":1555217869639,"type":"show"},"id":"com.intellij.openapi.progress.util.ProgressDialog$MyDialogWrapper"}}
{"session":"36ddd28040b0","build":"183.6156.11","bucket":"-1","time":1555217870638,"group":{"id":"statistics.lifecycle.app","version":"9"},"event":{"count":1,"data":{"created":1555217870638,"data_2":"20+","data_1":"timeSecondsGrouped"},"id":"ide.freeze"}}
{"session":"36ddd28040b0","build":"183.6156.11","bucket":"-1","time":1555217870720,"group":{"id":"lifecycle","version":"9"},"event":{"count":1,"data":{"durationSeconds":25,"created":1555217870720},"id":"ide.freeze"}}
{"session":"36ddd28040b0","build":"183.6156.11","bucket":"-1","time":1555217891305,"group":{"id":"ui.dialogs","version":"9"},"event":{"count":1,"data":{"code":1,"created":1555217891305,"type":"close"},"id":"com.intellij.openapi.progress.util.ProgressDialog$MyDialogWrapper"}}
{"session":"36ddd28040b0","build":"183.6156.11","bucket":"-1","time":1555217891645,"group":{"id":"statistics.lifecycle.project","version":"9"},"event":{"count":1,"data":{"created":1555217891645,"project":"-1793532514"},"id":"project.opened"}}
{"session":"36ddd28040b0","build":"183.6156.11","bucket":"-1","time":1555217891645,"group":{"id":"lifecycle","version":"9"},"event":{"count":1,"data":{"created":1555217891646},"id":"project.opened"}}
{"session":"36ddd28040b0","build":"183.6156.11","bucket":"-1","time":1555217898974,"group":{"id":"ui.dialogs","version":"9"},"event":{"count":1,"data":{"created":1555217898974,"type":"show"},"id":"com.intellij.openapi.progress.util.ProgressDialog$MyDialogWrapper"}}
{"session":"36ddd28040b0","build":"183.6156.11","bucket":"-1","time":1555217899759,"group":{"id":"statistics.lifecycle.app","version":"9"},"event":{"count":1,"data":{"created":1555217899759,"data_2":"9","data_1":"timeSecondsGrouped"},"id":"ide.freeze"}}
{"session":"36ddd28040b0","build":"183.6156.11","bucket":"-1","time":1555217899759,"group":{"id":"lifecycle","version":"9"},"event":{"count":1,"data":{"durationSeconds":9,"created":1555217899759},"id":"ide.freeze"}}
{"session":"36ddd28040b0","build":"183.6156.11","bucket":"-1","time":1555217910824,"group":{"id":"statistics.lifecycle.app","version":"9"},"event":{"count":1,"data":{"created":1555217910825},"id":"ide.start"}}
{"session":"36ddd28040b0","build":"183.6156.11","bucket":"-1","time":1555217910825,"group":{"id":"lifecycle","version":"9"},"event":{"count":1,"data":{"created":1555217910825},"id":"app.started"}}
{"session":"36ddd28040b0","build":"183.6156.11","bucket":"-1","time":1555217913439,"group":{"id":"ui.dialogs","version":"9"},"event":{"count":1,"data":{"code":1,"created":1555217913440,"type":"close"},"id":"com.intellij.openapi.progress.util.ProgressDialog$MyDialogWrapper"}}
{"session":"36ddd28040b0","build":"183.6156.11","bucket":"-1","time":1555217913824,"group":{"id":"statistics.lifecycle.project","version":"9"},"event":{"count":1,"data":{"created":1555217913824,"project":"-1793532514"},"id":"project.open.time.45"}}
{"session":"36ddd28040b0","build":"183.6156.11","bucket":"-1","time":1555217913824,"group":{"id":"lifecycle","version":"9"},"event":{"count":1,"data":{"created":1555217913824,"time.ms":45661},"id":"project.opening.finished"}}
{"session":"36ddd28040b0","build":"183.6156.11","bucket":"-1","time":1555218259149,"group":{"id":"statistics.actions.main.menu.v2","version":"9"},"event":{"count":1,"data":{"created":1555218259149,"data_1":"Windows"},"id":"File_->_Settings..."}}
{"session":"36ddd28040b0","build":"183.6156.11","bucket":"-1","time":1555218259163,"group":{"id":"actions.v2","version":"9"},"event":{"count":1,"data":{"context_menu":true,"created":1555218259163,"place":"MainMenu","data_1":"Windows"},"id":"ShowSettings"}}
{"session":"36ddd28040b0","build":"183.6156.11","bucket":"-1","time":1555218262536,"group":{"id":"ui.dialogs","version":"9"},"event":{"count":1,"data":{"created":1555218262536,"type":"show"},"id":"com.intellij.openapi.options.newEditor.SettingsDialog"}}
{"session":"36ddd28040b0","build":"183.6156.11","bucket":"-1","time":1555218268007,"group":{"id":"actions.v2","version":"9"},"event":{"count":1,"data":{"context_menu":false,"created":1555218268007,"data_1":"Windows","input_event":"Ctrl+V"},"id":"EditorPaste"}}
{"session":"36ddd28040b0","build":"183.6156.11","bucket":"-1","time":1555218702219,"group":{"id":"ui.dialogs","version":"9"},"event":{"count":1,"data":{"created":1555218702219,"type":"show"},"id":"com.intellij.openapi.ui.messages.MessageDialog"}}
{"session":"36ddd28040b0","build":"183.6156.11","bucket":"-1","time":1555218704315,"group":{"id":"ui.dialogs","version":"9"},"event":{"count":1,"data":{"code":0,"created":1555218704315,"type":"close"},"id":"com.intellij.openapi.options.newEditor.SettingsDialog"}}
{"session":"36ddd28040b0","build":"183.6156.11","bucket":"-1","time":1555218704380,"group":{"id":"statistics.lifecycle.app","version":"9"},"event":{"count":1,"data":{"created":1555218704380},"id":"ide.close"}}
{"session":"36ddd28040b0","build":"183.6156.11","bucket":"-1","time":1555218704380,"group":{"id":"statistics.lifecycle.app","version":"9"},"event":{"count":1,"data":{"created":1555218704380},"id":"ide.close.restart"}}
{"session":"36ddd28040b0","build":"183.6156.11","bucket":"-1","time":1555218704380,"group":{"id":"lifecycle","version":"9"},"event":{"count":1,"data":{"restart":true,"created":1555218704380},"id":"app.closed"}}
{"session":"36ddd28040b0","build":"183.6156.11","bucket":"-1","time":1555218704564,"group":{"id":"statistics.lifecycle.project","version":"9"},"event":{"count":1,"data":{"created":1555218704564,"project":"-1793532514"},"id":"project.closed"}}
{"session":"36ddd28040b0","build":"183.6156.11","bucket":"-1","time":1555218704662,"group":{"id":"lifecycle","version":"9"},"event":{"count":1,"data":{"created":1555218704662},"id":"project.closed"}}
