{"session":"5246edb9ba83","build":"183.6156.11","bucket":"-1","time":1555219262919,"group":{"id":"system.os.name","version":"9"},"event":{"data":{"created":1555219262920},"id":"Windows"}}
{"session":"5246edb9ba83","build":"183.6156.11","bucket":"-1","time":1555219262919,"group":{"id":"system.os.version","version":"9"},"event":{"data":{"created":1555219262930},"id":"10.0"}}
{"session":"5246edb9ba83","build":"183.6156.11","bucket":"-1","time":1555219262919,"group":{"id":"system.jvm.vendor","version":"9"},"event":{"data":{"created":1555219262939},"id":"JetBrains_s.r.o"}}
{"session":"5246edb9ba83","build":"183.6156.11","bucket":"-1","time":1555219262919,"group":{"id":"system.jvm.version","version":"9"},"event":{"data":{"created":1555219262941},"id":"1.8"}}
{"session":"5246edb9ba83","build":"183.6156.11","bucket":"-1","time":1555219262943,"group":{"id":"settings","version":"9"},"event":{"data":{"created":1555219262943,"name":"activeMruEditorOnClose","value":false},"id":"UISettings"}}
{"session":"5246edb9ba83","build":"183.6156.11","bucket":"-1","time":1555219262943,"group":{"id":"settings","version":"9"},"event":{"data":{"created":1555219262944,"name":"activeRightEditorOnClose","value":false},"id":"UISettings"}}
{"session":"5246edb9ba83","build":"183.6156.11","bucket":"-1","time":1555219262943,"group":{"id":"settings","version":"9"},"event":{"data":{"created":1555219262945,"name":"allowMergeButtons","value":true},"id":"UISettings"}}
{"session":"5246edb9ba83","build":"183.6156.11","bucket":"-1","time":1555219262943,"group":{"id":"settings","version":"9"},"event":{"data":{"created":1555219262945,"name":"alwaysShowWindowsButton","value":false},"id":"UISettings"}}
{"session":"5246edb9ba83","build":"183.6156.11","bucket":"-1","time":1555219262943,"group":{"id":"settings","version":"9"},"event":{"data":{"created":1555219262946,"name":"animateWindows","value":true},"id":"UISettings"}}
{"session":"5246edb9ba83","build":"183.6156.11","bucket":"-1","time":1555219262943,"group":{"id":"settings","version":"9"},"event":{"data":{"created":1555219262946,"name":"closeNonModifiedFilesFirst","value":false},"id":"UISettings"}}
{"session":"5246edb9ba83","build":"183.6156.11","bucket":"-1","time":1555219262943,"group":{"id":"settings","version":"9"},"event":{"data":{"created":1555219262947,"name":"closeTabButtonOnTheRight","value":true},"id":"UISettings"}}
{"session":"5246edb9ba83","build":"183.6156.11","bucket":"-1","time":1555219262943,"group":{"id":"settings","version":"9"},"event":{"data":{"created":1555219262947,"name":"cycleScrolling","value":true},"id":"UISettings"}}
{"session":"5246edb9ba83","build":"183.6156.11","bucket":"-1","time":1555219262943,"group":{"id":"settings","version":"9"},"event":{"data":{"created":1555219262948,"name":"defaultAutoScrollToSource","value":false},"id":"UISettings"}}
{"session":"5246edb9ba83","build":"183.6156.11","bucket":"-1","time":1555219262943,"group":{"id":"settings","version":"9"},"event":{"data":{"created":1555219262948,"name":"disableMnemonics","value":false},"id":"UISettings"}}
{"session":"5246edb9ba83","build":"183.6156.11","bucket":"-1","time":1555219262943,"group":{"id":"settings","version":"9"},"event":{"data":{"created":1555219262949,"name":"disableMnemonicsInControls","value":false},"id":"UISettings"}}
{"session":"5246edb9ba83","build":"183.6156.11","bucket":"-1","time":1555219262943,"group":{"id":"settings","version":"9"},"event":{"data":{"created":1555219262949,"name":"dndWithPressedAltOnly","value":false},"id":"UISettings"}}
{"session":"5246edb9ba83","build":"183.6156.11","bucket":"-1","time":1555219262943,"group":{"id":"settings","version":"9"},"event":{"data":{"created":1555219262950,"name":"enableAlphaMode","value":false},"id":"UISettings"}}
{"session":"5246edb9ba83","build":"183.6156.11","bucket":"-1","time":1555219262943,"group":{"id":"settings","version":"9"},"event":{"data":{"created":1555219262951,"name":"hideKnownExtensionInTabs","value":false},"id":"UISettings"}}
{"session":"5246edb9ba83","build":"183.6156.11","bucket":"-1","time":1555219262943,"group":{"id":"settings","version":"9"},"event":{"data":{"created":1555219262951,"name":"hideNavigationOnFocusLoss","value":true},"id":"UISettings"}}
{"session":"5246edb9ba83","build":"183.6156.11","bucket":"-1","time":1555219262943,"group":{"id":"settings","version":"9"},"event":{"data":{"created":1555219262952,"name":"hideTabsIfNeed","value":true},"id":"UISettings"}}
{"session":"5246edb9ba83","build":"183.6156.11","bucket":"-1","time":1555219262943,"group":{"id":"settings","version":"9"},"event":{"data":{"created":1555219262953,"name":"hideToolStripes","value":false},"id":"UISettings"}}
{"session":"5246edb9ba83","build":"183.6156.11","bucket":"-1","time":1555219262943,"group":{"id":"settings","version":"9"},"event":{"data":{"created":1555219262953,"name":"leftHorizontalSplit","value":false},"id":"UISettings"}}
{"session":"5246edb9ba83","build":"183.6156.11","bucket":"-1","time":1555219262943,"group":{"id":"settings","version":"9"},"event":{"data":{"created":1555219262954,"name":"markModifiedTabsWithAsterisk","value":false},"id":"UISettings"}}
{"session":"5246edb9ba83","build":"183.6156.11","bucket":"-1","time":1555219262943,"group":{"id":"settings","version":"9"},"event":{"data":{"created":1555219262955,"name":"mergeEqualStackTraces","value":true},"id":"UISettings"}}
{"session":"5246edb9ba83","build":"183.6156.11","bucket":"-1","time":1555219262943,"group":{"id":"settings","version":"9"},"event":{"data":{"created":1555219262955,"name":"moveMouseOnDefaultButton","value":false},"id":"UISettings"}}
{"session":"5246edb9ba83","build":"183.6156.11","bucket":"-1","time":1555219262943,"group":{"id":"settings","version":"9"},"event":{"data":{"created":1555219262956,"name":"navigateToPreview","value":false},"id":"UISettings"}}
{"session":"5246edb9ba83","build":"183.6156.11","bucket":"-1","time":1555219262943,"group":{"id":"settings","version":"9"},"event":{"data":{"created":1555219262956,"name":"overrideConsoleCycleBufferSize","value":false},"id":"UISettings"}}
{"session":"5246edb9ba83","build":"183.6156.11","bucket":"-1","time":1555219262943,"group":{"id":"settings","version":"9"},"event":{"data":{"default":false,"created":1555219262957,"name":"overrideLafFonts","value":true},"id":"UISettings"}}
{"session":"5246edb9ba83","build":"183.6156.11","bucket":"-1","time":1555219262943,"group":{"id":"settings","version":"9"},"event":{"data":{"created":1555219262957,"name":"pinFindInPath","value":false},"id":"UISettings"}}
{"session":"5246edb9ba83","build":"183.6156.11","bucket":"-1","time":1555219262943,"group":{"id":"settings","version":"9"},"event":{"data":{"created":1555219262958,"name":"presentationMode","value":false},"id":"UISettings"}}
{"session":"5246edb9ba83","build":"183.6156.11","bucket":"-1","time":1555219262943,"group":{"id":"settings","version":"9"},"event":{"data":{"created":1555219262958,"name":"reuseNotModifiedTabs","value":false},"id":"UISettings"}}
{"session":"5246edb9ba83","build":"183.6156.11","bucket":"-1","time":1555219262943,"group":{"id":"settings","version":"9"},"event":{"data":{"created":1555219262959,"name":"rightHorizontalSplit","value":false},"id":"UISettings"}}
{"session":"5246edb9ba83","build":"183.6156.11","bucket":"-1","time":1555219262943,"group":{"id":"settings","version":"9"},"event":{"data":{"created":1555219262959,"name":"scrollTabLayoutInEditor","value":true},"id":"UISettings"}}
{"session":"5246edb9ba83","build":"183.6156.11","bucket":"-1","time":1555219262943,"group":{"id":"settings","version":"9"},"event":{"data":{"created":1555219262960,"name":"showCloseButton","value":true},"id":"UISettings"}}
{"session":"5246edb9ba83","build":"183.6156.11","bucket":"-1","time":1555219262943,"group":{"id":"settings","version":"9"},"event":{"data":{"created":1555219262960,"name":"showDirectoryForNonUniqueFilenames","value":true},"id":"UISettings"}}
{"session":"5246edb9ba83","build":"183.6156.11","bucket":"-1","time":1555219262943,"group":{"id":"settings","version":"9"},"event":{"data":{"created":1555219262961,"name":"showEditorToolTip","value":true},"id":"UISettings"}}
{"session":"5246edb9ba83","build":"183.6156.11","bucket":"-1","time":1555219262943,"group":{"id":"settings","version":"9"},"event":{"data":{"created":1555219262962,"name":"showIconInQuickNavigation","value":true},"id":"UISettings"}}
{"session":"5246edb9ba83","build":"183.6156.11","bucket":"-1","time":1555219262943,"group":{"id":"settings","version":"9"},"event":{"data":{"created":1555219262962,"name":"showIconsInMenus","value":true},"id":"UISettings"}}
{"session":"5246edb9ba83","build":"183.6156.11","bucket":"-1","time":1555219262943,"group":{"id":"settings","version":"9"},"event":{"data":{"default":false,"created":1555219262963,"name":"showMainToolbar","value":true},"id":"UISettings"}}
{"session":"5246edb9ba83","build":"183.6156.11","bucket":"-1","time":1555219262943,"group":{"id":"settings","version":"9"},"event":{"data":{"created":1555219262963,"name":"showMemoryIndicator","value":false},"id":"UISettings"}}
{"session":"5246edb9ba83","build":"183.6156.11","bucket":"-1","time":1555219262943,"group":{"id":"settings","version":"9"},"event":{"data":{"created":1555219262963,"name":"showNavigationBar","value":true},"id":"UISettings"}}
{"session":"5246edb9ba83","build":"183.6156.11","bucket":"-1","time":1555219262943,"group":{"id":"settings","version":"9"},"event":{"data":{"created":1555219262964,"name":"showStatusBar","value":true},"id":"UISettings"}}
{"session":"5246edb9ba83","build":"183.6156.11","bucket":"-1","time":1555219262943,"group":{"id":"settings","version":"9"},"event":{"data":{"created":1555219262964,"name":"showTabsTooltips","value":true},"id":"UISettings"}}
{"session":"5246edb9ba83","build":"183.6156.11","bucket":"-1","time":1555219262943,"group":{"id":"settings","version":"9"},"event":{"data":{"created":1555219262965,"name":"showToolWindowsNumbers","value":true},"id":"UISettings"}}
{"session":"5246edb9ba83","build":"183.6156.11","bucket":"-1","time":1555219262943,"group":{"id":"settings","version":"9"},"event":{"data":{"created":1555219262965,"name":"smoothScrolling","value":false},"id":"UISettings"}}
{"session":"5246edb9ba83","build":"183.6156.11","bucket":"-1","time":1555219262943,"group":{"id":"settings","version":"9"},"event":{"data":{"created":1555219262965,"name":"sortBookmarks","value":false},"id":"UISettings"}}
{"session":"5246edb9ba83","build":"183.6156.11","bucket":"-1","time":1555219262943,"group":{"id":"settings","version":"9"},"event":{"data":{"default":false,"created":1555219262965,"name":"sortLookupElementsLexicographically","value":true},"id":"UISettings"}}
{"session":"5246edb9ba83","build":"183.6156.11","bucket":"-1","time":1555219262943,"group":{"id":"settings","version":"9"},"event":{"data":{"created":1555219262965,"name":"useSmallLabelsOnTabs","value":false},"id":"UISettings"}}
{"session":"5246edb9ba83","build":"183.6156.11","bucket":"-1","time":1555219262943,"group":{"id":"settings","version":"9"},"event":{"data":{"created":1555219262966,"name":"wideScreenSupport","value":false},"id":"UISettings"}}
{"session":"5246edb9ba83","build":"183.6156.11","bucket":"-1","time":1555219263764,"group":{"id":"settings","version":"9"},"event":{"data":{"created":1555219263765,"name":"autoSaveIfInactive","value":false},"id":"GeneralSettings"}}
{"session":"5246edb9ba83","build":"183.6156.11","bucket":"-1","time":1555219263765,"group":{"id":"settings","version":"9"},"event":{"data":{"created":1555219263765,"name":"confirmExit","value":true},"id":"GeneralSettings"}}
{"session":"5246edb9ba83","build":"183.6156.11","bucket":"-1","time":1555219263765,"group":{"id":"settings","version":"9"},"event":{"data":{"created":1555219263766,"name":"reopenLastProject","value":true},"id":"GeneralSettings"}}
{"session":"5246edb9ba83","build":"183.6156.11","bucket":"-1","time":1555219263765,"group":{"id":"settings","version":"9"},"event":{"data":{"created":1555219263766,"name":"saveOnFrameDeactivation","value":true},"id":"GeneralSettings"}}
{"session":"5246edb9ba83","build":"183.6156.11","bucket":"-1","time":1555219263765,"group":{"id":"settings","version":"9"},"event":{"data":{"created":1555219263767,"name":"searchInBackground","value":false},"id":"GeneralSettings"}}
{"session":"5246edb9ba83","build":"183.6156.11","bucket":"-1","time":1555219263765,"group":{"id":"settings","version":"9"},"event":{"data":{"default":false,"created":1555219263767,"name":"showTipsOnStartup","value":false},"id":"GeneralSettings"}}
{"session":"5246edb9ba83","build":"183.6156.11","bucket":"-1","time":1555219263765,"group":{"id":"settings","version":"9"},"event":{"data":{"created":1555219263767,"name":"showWelcomeScreen","value":true},"id":"GeneralSettings"}}
{"session":"5246edb9ba83","build":"183.6156.11","bucket":"-1","time":1555219263765,"group":{"id":"settings","version":"9"},"event":{"data":{"created":1555219263768,"name":"supportScreenReaders","value":false},"id":"GeneralSettings"}}
{"session":"5246edb9ba83","build":"183.6156.11","bucket":"-1","time":1555219263765,"group":{"id":"settings","version":"9"},"event":{"data":{"created":1555219263768,"name":"syncOnFrameActivation","value":true},"id":"GeneralSettings"}}
{"session":"5246edb9ba83","build":"183.6156.11","bucket":"-1","time":1555219263765,"group":{"id":"settings","version":"9"},"event":{"data":{"created":1555219263768,"name":"useDefaultBrowser","value":true},"id":"GeneralSettings"}}
{"session":"5246edb9ba83","build":"183.6156.11","bucket":"-1","time":1555219263765,"group":{"id":"settings","version":"9"},"event":{"data":{"created":1555219263768,"name":"useSafeWrite","value":true},"id":"GeneralSettings"}}
{"session":"5246edb9ba83","build":"183.6156.11","bucket":"-1","time":1555219267578,"group":{"id":"ui.dialogs","version":"9"},"event":{"count":1,"data":{"created":1555219267578,"type":"show"},"id":"com.intellij.openapi.progress.util.ProgressDialog$MyDialogWrapper"}}
{"session":"5246edb9ba83","build":"183.6156.11","bucket":"-1","time":1555219270094,"group":{"id":"ui.dialogs","version":"9"},"event":{"count":1,"data":{"code":1,"created":1555219270094,"type":"close"},"id":"com.intellij.openapi.progress.util.ProgressDialog$MyDialogWrapper"}}
{"session":"5246edb9ba83","build":"183.6156.11","bucket":"-1","time":1555219270161,"group":{"id":"statistics.lifecycle.project","version":"9"},"event":{"count":1,"data":{"created":1555219270161,"project":"-1793532514"},"id":"project.opened"}}
{"session":"5246edb9ba83","build":"183.6156.11","bucket":"-1","time":1555219270164,"group":{"id":"lifecycle","version":"9"},"event":{"count":1,"data":{"created":1555219270164},"id":"project.opened"}}
{"session":"5246edb9ba83","build":"183.6156.11","bucket":"-1","time":1555219272144,"group":{"id":"ui.dialogs","version":"9"},"event":{"count":1,"data":{"created":1555219272144,"type":"show"},"id":"com.intellij.openapi.progress.util.ProgressDialog$MyDialogWrapper"}}
{"session":"5246edb9ba83","build":"183.6156.11","bucket":"-1","time":1555219277067,"group":{"id":"statistics.lifecycle.app","version":"9"},"event":{"count":1,"data":{"created":1555219277067},"id":"ide.start"}}
{"session":"5246edb9ba83","build":"183.6156.11","bucket":"-1","time":1555219277067,"group":{"id":"lifecycle","version":"9"},"event":{"count":1,"data":{"created":1555219277067},"id":"app.started"}}
{"session":"5246edb9ba83","build":"183.6156.11","bucket":"-1","time":1555219277972,"group":{"id":"ui.dialogs","version":"9"},"event":{"count":1,"data":{"code":1,"created":1555219277978,"type":"close"},"id":"com.intellij.openapi.progress.util.ProgressDialog$MyDialogWrapper"}}
{"session":"5246edb9ba83","build":"183.6156.11","bucket":"-1","time":1555219278645,"group":{"id":"statistics.lifecycle.project","version":"9"},"event":{"count":1,"data":{"created":1555219278645,"project":"-1793532514"},"id":"project.open.time.11"}}
{"session":"5246edb9ba83","build":"183.6156.11","bucket":"-1","time":1555219278645,"group":{"id":"lifecycle","version":"9"},"event":{"count":1,"data":{"created":1555219278645,"time.ms":11574},"id":"project.opening.finished"}}
{"session":"5246edb9ba83","build":"183.6156.11","bucket":"-1","time":1555219326886,"group":{"id":"toolwindow.v2","version":"9"},"event":{"count":1,"data":{"created":1555219326887,"data_1":"Windows"},"id":"Project_by_Activation"}}
{"session":"5246edb9ba83","build":"183.6156.11","bucket":"-1","time":1555219369744,"group":{"id":"statistics.actions.main.menu.v2","version":"9"},"event":{"count":1,"data":{"created":1555219369744,"data_1":"Windows"},"id":"VCS_->_Checkout_from_Version_Control_->_generated.on.runtime"}}
{"session":"5246edb9ba83","build":"183.6156.11","bucket":"-1","time":1555219369761,"group":{"id":"actions.v2","version":"9"},"event":{"count":1,"data":{"context_menu":true,"created":1555219369761,"place":"MainMenu","data_1":"Windows"},"id":"Vcs.Checkout.Git"}}
{"session":"5246edb9ba83","build":"183.6156.11","bucket":"-1","time":1555219370017,"group":{"id":"ui.dialogs","version":"9"},"event":{"count":1,"data":{"created":1555219370017,"type":"show"},"id":"git4idea.checkout.GitCloneDialog"}}
{"session":"5246edb9ba83","build":"183.6156.11","bucket":"-1","time":1555219371864,"group":{"id":"actions.v2","version":"9"},"event":{"count":1,"data":{"context_menu":false,"created":1555219371864,"data_1":"Windows","input_event":"Ctrl+V"},"id":"EditorPaste"}}
{"session":"5246edb9ba83","build":"183.6156.11","bucket":"-1","time":1555219382438,"group":{"id":"ui.dialogs","version":"9"},"event":{"count":1,"data":{"created":1555219382438,"type":"show"},"id":"org.jetbrains.plugins.github.authentication.ui.GithubLoginDialog"}}
{"session":"5246edb9ba83","build":"183.6156.11","bucket":"-1","time":1555219387194,"group":{"id":"actions.v2","version":"9"},"event":{"count":2,"data":{"context_menu":false,"last":1555219387410,"created":1555219387194,"data_1":"Windows","input_event":"Backspace"},"id":"EditorBackSpace"}}
{"session":"5246edb9ba83","build":"183.6156.11","bucket":"-1","time":1555219407858,"group":{"id":"ui.dialogs","version":"9"},"event":{"count":1,"data":{"code":0,"created":1555219407858,"type":"close"},"id":"git4idea.checkout.GitCloneDialog"}}
{"session":"5246edb9ba83","build":"183.6156.11","bucket":"-1","time":1555219709262,"group":{"id":"ui.dialogs","version":"9"},"event":{"count":1,"data":{"created":1555219709262,"type":"show"},"id":"com.intellij.openapi.ui.messages.MessageDialog"}}
{"session":"5246edb9ba83","build":"183.6156.11","bucket":"-1","time":1555219719837,"group":{"id":"ui.dialogs","version":"9"},"event":{"count":1,"data":{"created":1555219719837,"type":"show"},"id":"com.intellij.openapi.progress.util.ProgressDialog$MyDialogWrapper"}}
{"session":"5246edb9ba83","build":"183.6156.11","bucket":"-1","time":1555219723801,"group":{"id":"ui.dialogs","version":"9"},"event":{"count":1,"data":{"created":1555219723801,"type":"show"},"id":"com.intellij.openapi.ui.messages.MessageDialog"}}
{"session":"5246edb9ba83","build":"183.6156.11","bucket":"-1","time":1555219723824,"group":{"id":"ui.dialogs","version":"9"},"event":{"count":1,"data":{"code":1,"created":1555219723824,"type":"close"},"id":"com.intellij.openapi.progress.util.ProgressDialog$MyDialogWrapper"}}
{"session":"5246edb9ba83","build":"183.6156.11","bucket":"-1","time":1555219726480,"group":{"id":"statistics.lifecycle.project","version":"9"},"event":{"count":1,"data":{"created":1555219726480,"project":"-1793532514"},"id":"project.closed"}}
{"session":"5246edb9ba83","build":"183.6156.11","bucket":"-1","time":1555219726907,"group":{"id":"lifecycle","version":"9"},"event":{"count":1,"data":{"created":1555219726907},"id":"project.closed"}}
{"session":"5246edb9ba83","build":"183.6156.11","bucket":"-1","time":1555219727061,"group":{"id":"statistics.lifecycle.project","version":"9"},"event":{"count":1,"data":{"created":1555219727061,"project":"1248437051"},"id":"project.opened"}}
{"session":"5246edb9ba83","build":"183.6156.11","bucket":"-1","time":1555219727061,"group":{"id":"lifecycle","version":"9"},"event":{"count":1,"data":{"created":1555219727061},"id":"project.opened"}}
{"session":"5246edb9ba83","build":"183.6156.11","bucket":"-1","time":1555219727477,"group":{"id":"statistics.lifecycle.project","version":"9"},"event":{"count":1,"data":{"created":1555219727477,"project":"1248437051"},"id":"project.open.time.6"}}
{"session":"5246edb9ba83","build":"183.6156.11","bucket":"-1","time":1555219727477,"group":{"id":"lifecycle","version":"9"},"event":{"count":1,"data":{"created":1555219727477,"time.ms":6641},"id":"project.opening.finished"}}
{"session":"5246edb9ba83","build":"183.6156.11","bucket":"-1","time":1555219741273,"group":{"id":"toolwindow.v2","version":"9"},"event":{"count":1,"data":{"created":1555219741273,"data_1":"Windows"},"id":"Project_by_Activation"}}
{"session":"5246edb9ba83","build":"183.6156.11","bucket":"-1","time":1555219744761,"group":{"id":"toolwindow.v2","version":"9"},"event":{"count":1,"data":{"created":1555219744761,"data_1":"Windows"},"id":"unknown_by_Activation"}}
{"session":"5246edb9ba83","build":"183.6156.11","bucket":"-1","time":1555219808627,"group":{"id":"toolwindow.v2","version":"9"},"event":{"count":1,"data":{"created":1555219808628,"data_1":"Windows"},"id":"Project_by_Activation"}}
{"session":"5246edb9ba83","build":"183.6156.11","bucket":"-1","time":1555219820045,"group":{"id":"ui.dialogs","version":"9"},"event":{"count":1,"data":{"created":1555219820045,"type":"show"},"id":"com.intellij.refactoring.move.moveFilesOrDirectories.MoveFilesOrDirectoriesUtil$1"}}
{"session":"5246edb9ba83","build":"183.6156.11","bucket":"-1","time":1555219821817,"group":{"id":"ui.dialogs","version":"9"},"event":{"count":1,"data":{"code":1,"created":1555219821817,"type":"close"},"id":"com.intellij.refactoring.move.moveFilesOrDirectories.MoveFilesOrDirectoriesUtil$1"}}
{"session":"5246edb9ba83","build":"183.6156.11","bucket":"-1","time":1555219838814,"group":{"id":"toolwindow.v2","version":"9"},"event":{"count":1,"data":{"created":1555219838814,"data_1":"Windows"},"id":"unknown_by_Activation"}}
{"session":"5246edb9ba83","build":"183.6156.11","bucket":"-1","time":1555219847341,"group":{"id":"statistics.ui.toolbar.clicks","version":"9"},"event":{"count":1,"data":{"created":1555219847341,"data_1":"Windows"},"id":"com.intellij.openapi.wm.impl.ToolWindowHeader$HideAction@ToolwindowTitle"}}
{"session":"5246edb9ba83","build":"183.6156.11","bucket":"-1","time":1555219849941,"group":{"id":"toolwindow.v2","version":"9"},"event":{"count":1,"data":{"created":1555219849941,"data_1":"Windows"},"id":"Project_by_Activation"}}
{"session":"5246edb9ba83","build":"183.6156.11","bucket":"-1","time":1555219850938,"group":{"id":"statistics.file.types.open","version":"9"},"event":{"count":1,"data":{"created":1555219850938,"project":"1248437051"},"id":"JAVA"}}
{"session":"5246edb9ba83","build":"183.6156.11","bucket":"-1","time":1555219853906,"group":{"id":"toolwindow.v2","version":"9"},"event":{"count":1,"data":{"created":1555219853906,"data_1":"Windows"},"id":"unknown_by_Activation"}}
{"session":"5246edb9ba83","build":"183.6156.11","bucket":"-1","time":1555219857338,"group":{"id":"actions.v2","version":"9"},"event":{"count":1,"data":{"context_menu":false,"created":1555219857338,"data_1":"Windows"},"id":"third.party.plugin.action"}}
{"session":"5246edb9ba83","build":"183.6156.11","bucket":"-1","time":1555219857468,"group":{"id":"statistics.ui.toolbar.clicks","version":"9"},"event":{"count":1,"data":{"created":1555219857468,"data_1":"Windows"},"id":"LISTED"}}
{"session":"5246edb9ba83","build":"183.6156.11","bucket":"-1","time":1555219858250,"group":{"id":"actions.v2","version":"9"},"event":{"count":1,"data":{"context_menu":false,"created":1555219858250,"data_1":"Windows"},"id":"third.party.plugin.action"}}
{"session":"5246edb9ba83","build":"183.6156.11","bucket":"-1","time":1555219858251,"group":{"id":"statistics.ui.toolbar.clicks","version":"9"},"event":{"count":1,"data":{"created":1555219858251,"data_1":"Windows"},"id":"LISTED"}}
{"session":"5246edb9ba83","build":"183.6156.11","bucket":"-1","time":1555219858835,"group":{"id":"actions.v2","version":"9"},"event":{"count":1,"data":{"context_menu":false,"created":1555219858835,"data_1":"Windows"},"id":"third.party.plugin.action"}}
{"session":"5246edb9ba83","build":"183.6156.11","bucket":"-1","time":1555219859003,"group":{"id":"statistics.ui.toolbar.clicks","version":"9"},"event":{"count":1,"data":{"created":1555219859003,"data_1":"Windows"},"id":"LISTED"}}
{"session":"5246edb9ba83","build":"183.6156.11","bucket":"-1","time":1555219865091,"group":{"id":"statistics.lifecycle.app","version":"9"},"event":{"count":1,"data":{"created":1555219865091,"data_2":"mappingFailed:false","data_1":"OOM:false","data_3":"pluginId:com.zhaow.restful.toolkit"},"id":"ide.error"}}
{"session":"5246edb9ba83","build":"183.6156.11","bucket":"-1","time":1555219866624,"group":{"id":"statistics.ui.toolbar.clicks","version":"9"},"event":{"count":1,"data":{"created":1555219866624,"data_1":"Windows"},"id":"Show_Options@ToolWindowHeader"}}
{"session":"5246edb9ba83","build":"183.6156.11","bucket":"-1","time":1555219866698,"group":{"id":"statistics.ui.toolbar.clicks","version":"9"},"event":{"count":1,"data":{"created":1555219866698,"data_1":"Windows"},"id":"com.intellij.openapi.wm.impl.ToolWindowHeader$ShowOptionsAction@ToolwindowTitle"}}
{"session":"5246edb9ba83","build":"183.6156.11","bucket":"-1","time":1555219869313,"group":{"id":"ui.dialogs","version":"9"},"event":{"count":1,"data":{"created":1555219869313,"type":"show"},"id":"com.intellij.diagnostic.IdeMessagePanel$3"}}
{"session":"5246edb9ba83","build":"183.6156.11","bucket":"-1","time":1555219873057,"group":{"id":"ui.dialogs","version":"9"},"event":{"count":1,"data":{"code":1,"created":1555219873058,"type":"close"},"id":"com.intellij.diagnostic.IdeMessagePanel$3"}}
{"session":"5246edb9ba83","build":"183.6156.11","bucket":"-1","time":1555219908823,"group":{"id":"toolwindow.v2","version":"9"},"event":{"count":1,"data":{"created":1555219908823,"data_1":"Windows"},"id":"Project_by_Activation"}}
{"session":"5246edb9ba83","build":"183.6156.11","bucket":"-1","time":1555219917186,"group":{"id":"statistics.actions.main.menu.v2","version":"9"},"event":{"count":1,"data":{"created":1555219917186,"data_1":"Windows"},"id":"File_->_Close_Project"}}
{"session":"5246edb9ba83","build":"183.6156.11","bucket":"-1","time":1555219917190,"group":{"id":"actions.v2","version":"9"},"event":{"count":1,"data":{"context_menu":true,"created":1555219917190,"place":"MainMenu","data_1":"Windows"},"id":"CloseProject"}}
{"session":"5246edb9ba83","build":"183.6156.11","bucket":"-1","time":1555219917191,"group":{"id":"statistics.lifecycle.project","version":"9"},"event":{"count":1,"data":{"created":1555219917191,"project":"1248437051"},"id":"project.closed"}}
{"session":"5246edb9ba83","build":"183.6156.11","bucket":"-1","time":1555219920117,"group":{"id":"lifecycle","version":"9"},"event":{"count":1,"data":{"created":1555219920117},"id":"project.closed"}}
{"session":"5246edb9ba83","build":"183.6156.11","bucket":"-1","time":1555219922177,"group":{"id":"statistics.lifecycle.project","version":"9"},"event":{"count":1,"data":{"created":1555219922177,"project":"1248437051"},"id":"project.opened"}}
{"session":"5246edb9ba83","build":"183.6156.11","bucket":"-1","time":1555219922177,"group":{"id":"lifecycle","version":"9"},"event":{"count":1,"data":{"created":1555219922177},"id":"project.opened"}}
{"session":"5246edb9ba83","build":"183.6156.11","bucket":"-1","time":1555219922528,"group":{"id":"ui.dialogs","version":"9"},"event":{"count":1,"data":{"created":1555219922528,"type":"show"},"id":"com.intellij.openapi.progress.util.ProgressDialog$MyDialogWrapper"}}
{"session":"5246edb9ba83","build":"183.6156.11","bucket":"-1","time":1555219922670,"group":{"id":"toolwindow.v2","version":"9"},"event":{"count":1,"data":{"created":1555219922670,"data_1":"Windows"},"id":"Project_by_Activation"}}
{"session":"5246edb9ba83","build":"183.6156.11","bucket":"-1","time":1555219922751,"group":{"id":"ui.dialogs","version":"9"},"event":{"count":1,"data":{"code":1,"created":1555219922751,"type":"close"},"id":"com.intellij.openapi.progress.util.ProgressDialog$MyDialogWrapper"}}
{"session":"5246edb9ba83","build":"183.6156.11","bucket":"-1","time":1555219922972,"group":{"id":"statistics.lifecycle.project","version":"9"},"event":{"count":1,"data":{"created":1555219922972,"project":"1248437051"},"id":"project.open.time.0"}}
{"session":"5246edb9ba83","build":"183.6156.11","bucket":"-1","time":1555219922972,"group":{"id":"lifecycle","version":"9"},"event":{"count":1,"data":{"created":1555219922972,"time.ms":956},"id":"project.opening.finished"}}
{"session":"5246edb9ba83","build":"183.6156.11","bucket":"-1","time":1555219926587,"group":{"id":"statistics.actions.main.menu.v2","version":"9"},"event":{"count":1,"data":{"created":1555219926587,"data_1":"Windows"},"id":"File_->_Settings..."}}
{"session":"5246edb9ba83","build":"183.6156.11","bucket":"-1","time":1555219926591,"group":{"id":"actions.v2","version":"9"},"event":{"count":1,"data":{"context_menu":true,"created":1555219926591,"place":"MainMenu","data_1":"Windows"},"id":"ShowSettings"}}
{"session":"5246edb9ba83","build":"183.6156.11","bucket":"-1","time":1555219927974,"group":{"id":"ui.dialogs","version":"9"},"event":{"count":1,"data":{"created":1555219927974,"type":"show"},"id":"com.intellij.openapi.options.newEditor.SettingsDialog"}}
{"session":"5246edb9ba83","build":"183.6156.11","bucket":"-1","time":1555219938410,"group":{"id":"actions.v2","version":"9"},"event":{"count":15,"data":{"context_menu":false,"last":1555219949332,"created":1555219938410,"data_1":"Windows","input_event":"Backspace"},"id":"EditorBackSpace"}}
{"session":"5246edb9ba83","build":"183.6156.11","bucket":"-1","time":1555220224991,"group":{"id":"ui.dialogs","version":"9"},"event":{"count":1,"data":{"code":0,"created":1555220224991,"type":"close"},"id":"com.intellij.openapi.options.newEditor.SettingsDialog"}}
{"session":"5246edb9ba83","build":"183.6156.11","bucket":"-1","time":1555220237825,"group":{"id":"actions.v2","version":"9"},"event":{"count":1,"data":{"context_menu":false,"created":1555220237825,"data_1":"Windows"},"id":"ShowProjectStructureSettings"}}
{"session":"5246edb9ba83","build":"183.6156.11","bucket":"-1","time":1555220239106,"group":{"id":"ui.dialogs","version":"9"},"event":{"count":1,"data":{"created":1555220239106,"type":"show"},"id":"com.intellij.ide.actions.ShowStructureSettingsAction$1"}}
{"session":"5246edb9ba83","build":"183.6156.11","bucket":"-1","time":1555220248145,"group":{"id":"ui.dialogs","version":"9"},"event":{"count":1,"data":{"code":1,"created":1555220248145,"type":"close"},"id":"com.intellij.ide.actions.ShowStructureSettingsAction$1"}}
{"session":"5246edb9ba83","build":"183.6156.11","bucket":"-1","time":1555220248200,"group":{"id":"statistics.ui.toolbar.clicks","version":"9"},"event":{"count":1,"data":{"created":1555220248200,"data_1":"Windows"},"id":"ShowProjectStructureSettings@MainToolbar"}}
{"session":"5246edb9ba83","build":"183.6156.11","bucket":"-1","time":1555220250584,"group":{"id":"statistics.file.types.open","version":"9"},"event":{"count":1,"data":{"created":1555220250584,"project":"1248437051"},"id":"XML"}}
{"session":"5246edb9ba83","build":"183.6156.11","bucket":"-1","time":1555220256577,"group":{"id":"statistics.actions.main.menu.v2","version":"9"},"event":{"count":1,"data":{"created":1555220256577,"data_1":"Windows"},"id":"File_->_Settings..."}}
{"session":"5246edb9ba83","build":"183.6156.11","bucket":"-1","time":1555220256582,"group":{"id":"actions.v2","version":"9"},"event":{"count":1,"data":{"context_menu":true,"created":1555220256582,"place":"MainMenu","data_1":"Windows"},"id":"ShowSettings"}}
{"session":"5246edb9ba83","build":"183.6156.11","bucket":"-1","time":1555220256825,"group":{"id":"ui.dialogs","version":"9"},"event":{"count":1,"data":{"created":1555220256825,"type":"show"},"id":"com.intellij.openapi.options.newEditor.SettingsDialog"}}
{"session":"5246edb9ba83","build":"183.6156.11","bucket":"-1","time":1555220278732,"group":{"id":"ui.dialogs","version":"9"},"event":{"count":1,"data":{"code":0,"created":1555220278733,"type":"close"},"id":"com.intellij.openapi.options.newEditor.SettingsDialog"}}
{"session":"5246edb9ba83","build":"183.6156.11","bucket":"-1","time":1555220303353,"group":{"id":"statistics.actions.main.menu.v2","version":"9"},"event":{"count":1,"data":{"created":1555220303353,"data_1":"Windows"},"id":"File_->_Settings..."}}
{"session":"5246edb9ba83","build":"183.6156.11","bucket":"-1","time":1555220303356,"group":{"id":"actions.v2","version":"9"},"event":{"count":1,"data":{"context_menu":true,"created":1555220303356,"place":"MainMenu","data_1":"Windows"},"id":"ShowSettings"}}
{"session":"5246edb9ba83","build":"183.6156.11","bucket":"-1","time":1555220303537,"group":{"id":"ui.dialogs","version":"9"},"event":{"count":1,"data":{"created":1555220303538,"type":"show"},"id":"com.intellij.openapi.options.newEditor.SettingsDialog"}}
{"session":"5246edb9ba83","build":"183.6156.11","bucket":"-1","time":1555220313755,"group":{"id":"ui.dialogs","version":"9"},"event":{"count":1,"data":{"code":0,"created":1555220313755,"type":"close"},"id":"com.intellij.openapi.options.newEditor.SettingsDialog"}}
{"session":"5246edb9ba83","build":"183.6156.11","bucket":"-1","time":1555220333194,"group":{"id":"actions.v2","version":"9"},"event":{"count":1,"data":{"context_menu":false,"created":1555220333194,"data_1":"Windows","input_event":"Ctrl+C"},"id":"EditorCopy"}}
{"session":"5246edb9ba83","build":"183.6156.11","bucket":"-1","time":1555220362450,"group":{"id":"actions.v2","version":"9"},"event":{"count":1,"data":{"context_menu":false,"created":1555220362450,"data_1":"Windows"},"id":"ShowProjectStructureSettings"}}
{"session":"5246edb9ba83","build":"183.6156.11","bucket":"-1","time":1555220362585,"group":{"id":"ui.dialogs","version":"9"},"event":{"count":1,"data":{"created":1555220362585,"type":"show"},"id":"com.intellij.ide.actions.ShowStructureSettingsAction$1"}}
{"session":"5246edb9ba83","build":"183.6156.11","bucket":"-1","time":1555220371977,"group":{"id":"ui.dialogs","version":"9"},"event":{"count":1,"data":{"code":0,"created":1555220371977,"type":"close"},"id":"com.intellij.ide.actions.ShowStructureSettingsAction$1"}}
{"session":"5246edb9ba83","build":"183.6156.11","bucket":"-1","time":1555220372207,"group":{"id":"statistics.ui.toolbar.clicks","version":"9"},"event":{"count":1,"data":{"created":1555220372207,"data_1":"Windows"},"id":"ShowProjectStructureSettings@MainToolbar"}}
{"session":"5246edb9ba83","build":"183.6156.11","bucket":"-1","time":1555220379641,"group":{"id":"statistics.file.types.open","version":"9"},"event":{"count":1,"data":{"created":1555220379641,"project":"1248437051"},"id":"Properties"}}
{"session":"5246edb9ba83","build":"183.6156.11","bucket":"-1","time":1555220383271,"group":{"id":"statistics.file.types.edit","version":"9"},"event":{"count":1,"data":{"created":1555220383271,"project":"1248437051"},"id":"Properties"}}
{"session":"5246edb9ba83","build":"183.6156.11","bucket":"-1","time":1555220387251,"group":{"id":"statistics.file.types.open","version":"9"},"event":{"count":1,"data":{"created":1555220387251,"project":"1248437051"},"id":"SQL"}}
{"session":"5246edb9ba83","build":"183.6156.11","bucket":"-1","time":1555220391905,"group":{"id":"actions.v2","version":"9"},"event":{"count":1,"data":{"context_menu":false,"created":1555220391905,"data_1":"Windows","input_event":"Ctrl+C"},"id":"EditorCopy"}}
{"session":"5246edb9ba83","build":"183.6156.11","bucket":"-1","time":1555220432991,"group":{"id":"actions.v2","version":"9"},"event":{"count":1,"data":{"context_menu":false,"created":1555220432991,"data_1":"Windows"},"id":"editRunConfigurations"}}
{"session":"5246edb9ba83","build":"183.6156.11","bucket":"-1","time":1555220433123,"group":{"id":"ui.dialogs","version":"9"},"event":{"count":1,"data":{"created":1555220433123,"type":"show"},"id":"com.intellij.execution.impl.EditConfigurationsDialog"}}
{"session":"5246edb9ba83","build":"183.6156.11","bucket":"-1","time":1555220437077,"group":{"id":"statistics.ui.toolbar.clicks","version":"9"},"event":{"count":1,"data":{"created":1555220437077,"data_1":"Windows"},"id":"com.intellij.ui.CommonActionsPanel$MyActionButton@ToolbarDecorator"}}
{"session":"5246edb9ba83","build":"183.6156.11","bucket":"-1","time":1555220454571,"group":{"id":"statistics.ui.toolbar.clicks","version":"9"},"event":{"count":1,"data":{"created":1555220454571,"data_1":"Windows"},"id":"com.intellij.ui.CommonActionsPanel$MyActionButton@ToolbarDecorator"}}
{"session":"5246edb9ba83","build":"183.6156.11","bucket":"-1","time":1555220455369,"group":{"id":"ui.dialogs","version":"9"},"event":{"count":1,"data":{"created":1555220455369,"type":"show"},"id":"com.intellij.packaging.impl.ui.ChooseArtifactsDialog"}}
{"session":"5246edb9ba83","build":"183.6156.11","bucket":"-1","time":1555220456699,"group":{"id":"ui.dialogs","version":"9"},"event":{"count":1,"data":{"code":0,"created":1555220456699,"type":"close"},"id":"com.intellij.packaging.impl.ui.ChooseArtifactsDialog"}}
{"session":"5246edb9ba83","build":"183.6156.11","bucket":"-1","time":1555220460396,"group":{"id":"actions.v2","version":"9"},"event":{"count":2,"data":{"context_menu":false,"last":1555220460585,"created":1555220460396,"data_1":"Windows","input_event":"Backspace"},"id":"EditorBackSpace"}}
{"session":"5246edb9ba83","build":"183.6156.11","bucket":"-1","time":1555220473030,"group":{"id":"actions.v2","version":"9"},"event":{"count":1,"data":{"context_menu":false,"created":1555220473030,"data_1":"Windows","input_event":"Backspace"},"id":"EditorBackSpace"}}
{"session":"5246edb9ba83","build":"183.6156.11","bucket":"-1","time":1555220481313,"group":{"id":"ui.dialogs","version":"9"},"event":{"count":1,"data":{"code":0,"created":1555220481313,"type":"close"},"id":"com.intellij.execution.impl.EditConfigurationsDialog"}}
{"session":"5246edb9ba83","build":"183.6156.11","bucket":"-1","time":1555220486028,"group":{"id":"actions.v2","version":"9"},"event":{"count":1,"data":{"context_menu":false,"created":1555220486028,"data_1":"Windows"},"id":"JRebel_Debug"}}
{"session":"5246edb9ba83","build":"183.6156.11","bucket":"-1","time":1555220486200,"group":{"id":"statistics.ui.toolbar.clicks","version":"9"},"event":{"count":1,"data":{"created":1555220486200,"data_1":"Windows"},"id":"JRebel_Debug@MainToolbar"}}
{"session":"5246edb9ba83","build":"183.6156.11","bucket":"-1","time":1555220486335,"group":{"id":"statistics.run.configuration.start","version":"9"},"event":{"count":1,"data":{"created":1555220486335,"project":"1248437051","data_1":"JRebel_Debug"},"id":"#com.intellij.j2ee.web.tomcat.TomcatRunConfigurationFactory.Local"}}
{"session":"5246edb9ba83","build":"183.6156.11","bucket":"-1","time":1555220501958,"group":{"id":"toolwindow.v2","version":"9"},"event":{"count":1,"data":{"created":1555220501958,"data_1":"Windows"},"id":"Debug_by_Activation"}}
{"session":"5246edb9ba83","build":"183.6156.11","bucket":"-1","time":1555220513246,"group":{"id":"statistics.ui.toolbar.clicks","version":"9"},"event":{"count":1,"data":{"created":1555220513246,"data_1":"Windows"},"id":"RunConfiguration@MainToolbar"}}
{"session":"5246edb9ba83","build":"183.6156.11","bucket":"-1","time":1555220513935,"group":{"id":"actions.v2","version":"9"},"event":{"count":1,"data":{"context_menu":false,"created":1555220513935,"data_1":"Windows"},"id":"editRunConfigurations"}}
{"session":"5246edb9ba83","build":"183.6156.11","bucket":"-1","time":1555220513942,"group":{"id":"ui.dialogs","version":"9"},"event":{"count":1,"data":{"created":1555220513942,"type":"show"},"id":"com.intellij.execution.impl.EditConfigurationsDialog"}}
{"session":"5246edb9ba83","build":"183.6156.11","bucket":"-1","time":1555220517221,"group":{"id":"actions.v2","version":"9"},"event":{"count":1,"data":{"context_menu":false,"created":1555220517221,"data_1":"Windows","input_event":"Backspace"},"id":"EditorBackSpace"}}
{"session":"5246edb9ba83","build":"183.6156.11","bucket":"-1","time":1555220520858,"group":{"id":"ui.dialogs","version":"9"},"event":{"count":1,"data":{"code":0,"created":1555220520858,"type":"close"},"id":"com.intellij.execution.impl.EditConfigurationsDialog"}}
{"session":"5246edb9ba83","build":"183.6156.11","bucket":"-1","time":1555220523107,"group":{"id":"actions.v2","version":"9"},"event":{"count":1,"data":{"context_menu":false,"created":1555220523107,"data_1":"Windows"},"id":"JRebel_Debug"}}
{"session":"5246edb9ba83","build":"183.6156.11","bucket":"-1","time":1555220523110,"group":{"id":"statistics.ui.toolbar.clicks","version":"9"},"event":{"count":1,"data":{"created":1555220523110,"data_1":"Windows"},"id":"JRebel_Debug@MainToolbar"}}
{"session":"5246edb9ba83","build":"183.6156.11","bucket":"-1","time":1555220523163,"group":{"id":"statistics.run.configuration.start","version":"9"},"event":{"count":1,"data":{"created":1555220523163,"project":"1248437051","data_1":"JRebel_Debug"},"id":"#com.intellij.j2ee.web.tomcat.TomcatRunConfigurationFactory.Local"}}
{"session":"5246edb9ba83","build":"183.6156.11","bucket":"-1","time":1555220531530,"group":{"id":"toolwindow.v2","version":"9"},"event":{"count":1,"data":{"created":1555220531530,"data_1":"Windows"},"id":"unknown_by_Activation"}}
{"session":"5246edb9ba83","build":"183.6156.11","bucket":"-1","time":1555220533801,"group":{"id":"toolwindow.v2","version":"9"},"event":{"count":1,"data":{"created":1555220533801,"data_1":"Windows"},"id":"Event_Log_by_Activation"}}
{"session":"5246edb9ba83","build":"183.6156.11","bucket":"-1","time":1555220542130,"group":{"id":"actions.v2","version":"9"},"event":{"count":1,"data":{"context_menu":false,"created":1555220542130,"data_1":"Windows"},"id":"Debug"}}
{"session":"5246edb9ba83","build":"183.6156.11","bucket":"-1","time":1555220542133,"group":{"id":"statistics.ui.toolbar.clicks","version":"9"},"event":{"count":1,"data":{"created":1555220542133,"data_1":"Windows"},"id":"Debug@MainToolbar"}}
{"session":"5246edb9ba83","build":"183.6156.11","bucket":"-1","time":1555220542186,"group":{"id":"statistics.run.configuration.start","version":"9"},"event":{"count":1,"data":{"created":1555220542186,"project":"1248437051","data_1":"Debug"},"id":"#com.intellij.j2ee.web.tomcat.TomcatRunConfigurationFactory.Local"}}
{"session":"5246edb9ba83","build":"183.6156.11","bucket":"-1","time":1555220548756,"group":{"id":"toolwindow.v2","version":"9"},"event":{"count":1,"data":{"created":1555220548756,"data_1":"Windows"},"id":"Debug_by_Activation"}}
{"session":"5246edb9ba83","build":"183.6156.11","bucket":"-1","time":1555220600978,"group":{"id":"statistics.ui.toolbar.clicks","version":"9"},"event":{"count":1,"data":{"created":1555220600978,"data_1":"Windows"},"id":"com.intellij.openapi.wm.impl.ToolWindowHeader$HideAction@ToolwindowTitle"}}
{"session":"5246edb9ba83","build":"183.6156.11","bucket":"-1","time":1555220612683,"group":{"id":"toolwindow.v2","version":"9"},"event":{"count":1,"data":{"created":1555220612683,"data_1":"Windows"},"id":"unknown_by_Activation"}}
{"session":"5246edb9ba83","build":"183.6156.11","bucket":"-1","time":1555220629002,"group":{"id":"actions.v2","version":"9"},"event":{"count":1,"data":{"context_menu":false,"created":1555220629002,"data_1":"Windows","input_event":"Ctrl+C"},"id":"EditorCopy"}}
{"session":"5246edb9ba83","build":"183.6156.11","bucket":"-1","time":1555220644134,"group":{"id":"toolwindow.v2","version":"9"},"event":{"count":1,"data":{"created":1555220644134,"data_1":"Windows"},"id":"Debug_by_Activation"}}
{"session":"5246edb9ba83","build":"183.6156.11","bucket":"-1","time":1555220645457,"group":{"id":"actions.v2","version":"9"},"event":{"count":1,"data":{"context_menu":false,"created":1555220645457,"data_1":"Windows"},"id":"Stop"}}
{"session":"5246edb9ba83","build":"183.6156.11","bucket":"-1","time":1555220645458,"group":{"id":"statistics.ui.toolbar.clicks","version":"9"},"event":{"count":1,"data":{"created":1555220645458,"data_1":"Windows"},"id":"Stop@DebuggerToolbar"}}
{"session":"5246edb9ba83","build":"183.6156.11","bucket":"-1","time":1555220648186,"group":{"id":"toolwindow.v2","version":"9"},"event":{"count":1,"data":{"created":1555220648186,"data_1":"Windows"},"id":"unknown_by_Activation"}}
{"session":"5246edb9ba83","build":"183.6156.11","bucket":"-1","time":1555220652576,"group":{"id":"statistics.ui.toolbar.clicks","version":"9"},"event":{"count":1,"data":{"created":1555220652576,"data_1":"Windows"},"id":"com.intellij.openapi.wm.impl.ToolWindowHeader$HideAction@ToolwindowTitle"}}
{"session":"5246edb9ba83","build":"183.6156.11","bucket":"-1","time":1555220653468,"group":{"id":"toolwindow.v2","version":"9"},"event":{"count":1,"data":{"created":1555220653468,"data_1":"Windows"},"id":"Debug_by_Activation"}}
{"session":"5246edb9ba83","build":"183.6156.11","bucket":"-1","time":1555220654470,"group":{"id":"actions.v2","version":"9"},"event":{"count":1,"data":{"context_menu":true,"created":1555220654470,"place":"EditorPopup","data_1":"Windows"},"id":"ConsoleView.ClearAll"}}
{"session":"5246edb9ba83","build":"183.6156.11","bucket":"-1","time":1555220655538,"group":{"id":"actions.v2","version":"9"},"event":{"count":1,"data":{"context_menu":false,"created":1555220655538,"data_1":"Windows"},"id":"JRebel_Debug"}}
{"session":"5246edb9ba83","build":"183.6156.11","bucket":"-1","time":1555220655566,"group":{"id":"statistics.ui.toolbar.clicks","version":"9"},"event":{"count":1,"data":{"created":1555220655566,"data_1":"Windows"},"id":"JRebel_Debug@MainToolbar"}}
{"session":"5246edb9ba83","build":"183.6156.11","bucket":"-1","time":1555220655620,"group":{"id":"statistics.run.configuration.start","version":"9"},"event":{"count":1,"data":{"created":1555220655620,"project":"1248437051","data_1":"JRebel_Debug"},"id":"#com.intellij.j2ee.web.tomcat.TomcatRunConfigurationFactory.Local"}}
{"session":"5246edb9ba83","build":"183.6156.11","bucket":"-1","time":1555220658982,"group":{"id":"toolwindow.v2","version":"9"},"event":{"count":1,"data":{"created":1555220658982,"data_1":"Windows"},"id":"Debug_by_Activation"}}
{"session":"5246edb9ba83","build":"183.6156.11","bucket":"-1","time":1555220738057,"group":{"id":"statistics.ui.toolbar.clicks","version":"9"},"event":{"count":1,"data":{"created":1555220738057,"data_1":"Windows"},"id":"com.intellij.openapi.wm.impl.ToolWindowHeader$HideAction@ToolwindowTitle"}}
{"session":"5246edb9ba83","build":"183.6156.11","bucket":"-1","time":1555220742546,"group":{"id":"actions.v2","version":"9"},"event":{"count":1,"data":{"context_menu":false,"created":1555220742546,"data_1":"Windows"},"id":"Stop"}}
{"session":"5246edb9ba83","build":"183.6156.11","bucket":"-1","time":1555220742546,"group":{"id":"statistics.ui.toolbar.clicks","version":"9"},"event":{"count":1,"data":{"created":1555220742546,"data_1":"Windows"},"id":"Stop@MainToolbar"}}
{"session":"5246edb9ba83","build":"183.6156.11","bucket":"-1","time":1555220747066,"group":{"id":"statistics.actions.main.menu.v2","version":"9"},"event":{"count":1,"data":{"created":1555220747066,"data_1":"Windows"},"id":"File_->_Settings..."}}
{"session":"5246edb9ba83","build":"183.6156.11","bucket":"-1","time":1555220747069,"group":{"id":"actions.v2","version":"9"},"event":{"count":1,"data":{"context_menu":true,"created":1555220747069,"place":"MainMenu","data_1":"Windows"},"id":"ShowSettings"}}
{"session":"5246edb9ba83","build":"183.6156.11","bucket":"-1","time":1555220747279,"group":{"id":"ui.dialogs","version":"9"},"event":{"count":1,"data":{"created":1555220747279,"type":"show"},"id":"com.intellij.openapi.options.newEditor.SettingsDialog"}}
{"session":"5246edb9ba83","build":"183.6156.11","bucket":"-1","time":1555220939858,"group":{"id":"ui.dialogs","version":"9"},"event":{"count":1,"data":{"code":1,"created":1555220939858,"type":"close"},"id":"com.intellij.openapi.options.newEditor.SettingsDialog"}}
{"session":"5246edb9ba83","build":"183.6156.11","bucket":"-1","time":1555220986882,"group":{"id":"actions.v2","version":"9"},"event":{"count":1,"data":{"context_menu":false,"created":1555220986882,"data_1":"Windows"},"id":"Rerun"}}
{"session":"5246edb9ba83","build":"183.6156.11","bucket":"-1","time":1555220986976,"group":{"id":"statistics.ui.toolbar.clicks","version":"9"},"event":{"count":1,"data":{"created":1555220986976,"data_1":"Windows"},"id":"Rerun@DebuggerToolbar"}}
{"session":"5246edb9ba83","build":"183.6156.11","bucket":"-1","time":1555220987032,"group":{"id":"statistics.run.configuration.start","version":"9"},"event":{"count":1,"data":{"created":1555220987032,"project":"1248437051","data_1":"JRebel_Debug"},"id":"#com.intellij.j2ee.web.tomcat.TomcatRunConfigurationFactory.Local"}}
{"session":"5246edb9ba83","build":"183.6156.11","bucket":"-1","time":1555220993430,"group":{"id":"toolwindow.v2","version":"9"},"event":{"count":1,"data":{"created":1555220993430,"data_1":"Windows"},"id":"Debug_by_Activation"}}
{"session":"5246edb9ba83","build":"183.6156.11","bucket":"-1","time":1555221020357,"group":{"id":"toolwindow.v2","version":"9"},"event":{"count":1,"data":{"created":1555221020357,"data_1":"Windows"},"id":"Project_by_Activation"}}
{"session":"5246edb9ba83","build":"183.6156.11","bucket":"-1","time":1555221025771,"group":{"id":"toolwindow.v2","version":"9"},"event":{"count":1,"data":{"created":1555221025771,"data_1":"Windows"},"id":"unknown_by_Activation"}}
{"session":"5246edb9ba83","build":"183.6156.11","bucket":"-1","time":1555221039266,"group":{"id":"actions.v2","version":"9"},"event":{"count":1,"data":{"context_menu":false,"created":1555221039266,"data_1":"Windows"},"id":"Stop"}}
{"session":"5246edb9ba83","build":"183.6156.11","bucket":"-1","time":1555221039267,"group":{"id":"statistics.ui.toolbar.clicks","version":"9"},"event":{"count":1,"data":{"created":1555221039267,"data_1":"Windows"},"id":"Stop@MainToolbar"}}
{"session":"5246edb9ba83","build":"183.6156.11","bucket":"-1","time":1555221042841,"group":{"id":"statistics.ui.toolbar.clicks","version":"9"},"event":{"count":1,"data":{"created":1555221042841,"data_1":"Windows"},"id":"RunConfiguration@MainToolbar"}}
{"session":"5246edb9ba83","build":"183.6156.11","bucket":"-1","time":1555221043350,"group":{"id":"actions.v2","version":"9"},"event":{"count":1,"data":{"context_menu":false,"created":1555221043350,"data_1":"Windows"},"id":"editRunConfigurations"}}
{"session":"5246edb9ba83","build":"183.6156.11","bucket":"-1","time":1555221043357,"group":{"id":"ui.dialogs","version":"9"},"event":{"count":1,"data":{"created":1555221043357,"type":"show"},"id":"com.intellij.execution.impl.EditConfigurationsDialog"}}
{"session":"5246edb9ba83","build":"183.6156.11","bucket":"-1","time":1555221057474,"group":{"id":"actions.v2","version":"9"},"event":{"count":1,"data":{"context_menu":false,"created":1555221057474,"data_1":"Windows","input_event":"Ctrl+V"},"id":"EditorPaste"}}
{"session":"5246edb9ba83","build":"183.6156.11","bucket":"-1","time":1555221060258,"group":{"id":"ui.dialogs","version":"9"},"event":{"count":1,"data":{"code":0,"created":1555221060258,"type":"close"},"id":"com.intellij.execution.impl.EditConfigurationsDialog"}}
{"session":"5246edb9ba83","build":"183.6156.11","bucket":"-1","time":1555221063528,"group":{"id":"actions.v2","version":"9"},"event":{"count":1,"data":{"context_menu":false,"created":1555221063528,"data_1":"Windows","input_event":"Backspace"},"id":"EditorBackSpace"}}
{"session":"5246edb9ba83","build":"183.6156.11","bucket":"-1","time":1555221066326,"group":{"id":"actions.v2","version":"9"},"event":{"count":1,"data":{"context_menu":false,"created":1555221066326,"data_1":"Windows"},"id":"JRebel_Debug"}}
{"session":"5246edb9ba83","build":"183.6156.11","bucket":"-1","time":1555221066329,"group":{"id":"statistics.ui.toolbar.clicks","version":"9"},"event":{"count":1,"data":{"created":1555221066329,"data_1":"Windows"},"id":"JRebel_Debug@MainToolbar"}}
{"session":"5246edb9ba83","build":"183.6156.11","bucket":"-1","time":1555221066385,"group":{"id":"statistics.run.configuration.start","version":"9"},"event":{"count":1,"data":{"created":1555221066385,"project":"1248437051","data_1":"JRebel_Debug"},"id":"#com.intellij.j2ee.web.tomcat.TomcatRunConfigurationFactory.Local"}}
{"session":"5246edb9ba83","build":"183.6156.11","bucket":"-1","time":1555221069821,"group":{"id":"toolwindow.v2","version":"9"},"event":{"count":1,"data":{"created":1555221069821,"data_1":"Windows"},"id":"Debug_by_Activation"}}
{"session":"5246edb9ba83","build":"183.6156.11","bucket":"-1","time":1555221069877,"group":{"id":"toolwindow.v2","version":"9"},"event":{"count":1,"data":{"created":1555221069877,"data_1":"Windows"},"id":"unknown_by_Activation"}}
{"session":"5246edb9ba83","build":"183.6156.11","bucket":"-1","time":1555221381423,"group":{"id":"statistics.ui.toolbar.clicks","version":"9"},"event":{"count":1,"data":{"created":1555221381423,"data_1":"Windows"},"id":"RunConfiguration@MainToolbar"}}
{"session":"5246edb9ba83","build":"183.6156.11","bucket":"-1","time":1555221384049,"group":{"id":"statistics.actions.main.menu.v2","version":"9"},"event":{"count":1,"data":{"created":1555221384049,"data_1":"Windows"},"id":"File_->_Settings..."}}
{"session":"5246edb9ba83","build":"183.6156.11","bucket":"-1","time":1555221384053,"group":{"id":"actions.v2","version":"9"},"event":{"count":1,"data":{"context_menu":true,"created":1555221384053,"place":"MainMenu","data_1":"Windows"},"id":"ShowSettings"}}
{"session":"5246edb9ba83","build":"183.6156.11","bucket":"-1","time":1555221384205,"group":{"id":"ui.dialogs","version":"9"},"event":{"count":1,"data":{"created":1555221384205,"type":"show"},"id":"com.intellij.openapi.options.newEditor.SettingsDialog"}}
{"session":"5246edb9ba83","build":"183.6156.11","bucket":"-1","time":1555221391865,"group":{"id":"actions.v2","version":"9"},"event":{"count":2,"data":{"context_menu":false,"last":1555221392264,"created":1555221391865,"data_1":"Windows","input_event":"Backspace"},"id":"EditorBackSpace"}}
{"session":"5246edb9ba83","build":"183.6156.11","bucket":"-1","time":1555221438731,"group":{"id":"ui.dialogs","version":"9"},"event":{"count":1,"data":{"code":0,"created":1555221438731,"type":"close"},"id":"com.intellij.openapi.options.newEditor.SettingsDialog"}}
{"session":"5246edb9ba83","build":"183.6156.11","bucket":"-1","time":1555221441266,"group":{"id":"actions.v2","version":"9"},"event":{"count":1,"data":{"context_menu":false,"created":1555221441266,"data_1":"Windows"},"id":"Stop"}}
{"session":"5246edb9ba83","build":"183.6156.11","bucket":"-1","time":1555221441266,"group":{"id":"statistics.ui.toolbar.clicks","version":"9"},"event":{"count":1,"data":{"created":1555221441266,"data_1":"Windows"},"id":"Stop@MainToolbar"}}
{"session":"5246edb9ba83","build":"183.6156.11","bucket":"-1","time":1555221465069,"group":{"id":"toolwindow.v2","version":"9"},"event":{"count":1,"data":{"created":1555221465069,"data_1":"Windows"},"id":"Debug_by_Activation"}}
{"session":"5246edb9ba83","build":"183.6156.11","bucket":"-1","time":1555221466055,"group":{"id":"actions.v2","version":"9"},"event":{"count":1,"data":{"context_menu":true,"created":1555221466055,"place":"EditorPopup","data_1":"Windows"},"id":"ConsoleView.ClearAll"}}
{"session":"5246edb9ba83","build":"183.6156.11","bucket":"-1","time":1555221466906,"group":{"id":"actions.v2","version":"9"},"event":{"count":1,"data":{"context_menu":false,"created":1555221466906,"data_1":"Windows"},"id":"JRebel_Debug"}}
{"session":"5246edb9ba83","build":"183.6156.11","bucket":"-1","time":1555221466924,"group":{"id":"statistics.ui.toolbar.clicks","version":"9"},"event":{"count":1,"data":{"created":1555221466924,"data_1":"Windows"},"id":"JRebel_Debug@MainToolbar"}}
{"session":"5246edb9ba83","build":"183.6156.11","bucket":"-1","time":1555221466983,"group":{"id":"statistics.run.configuration.start","version":"9"},"event":{"count":1,"data":{"created":1555221466983,"project":"1248437051","data_1":"JRebel_Debug"},"id":"#com.intellij.j2ee.web.tomcat.TomcatRunConfigurationFactory.Local"}}
{"session":"5246edb9ba83","build":"183.6156.11","bucket":"-1","time":1555221470360,"group":{"id":"toolwindow.v2","version":"9"},"event":{"count":1,"data":{"created":1555221470360,"data_1":"Windows"},"id":"Debug_by_Activation"}}
{"session":"5246edb9ba83","build":"183.6156.11","bucket":"-1","time":1555221483218,"group":{"id":"actions.v2","version":"9"},"event":{"count":1,"data":{"context_menu":false,"created":1555221483218,"data_1":"Windows"},"id":"Stop"}}
{"session":"5246edb9ba83","build":"183.6156.11","bucket":"-1","time":1555221483219,"group":{"id":"statistics.ui.toolbar.clicks","version":"9"},"event":{"count":1,"data":{"created":1555221483219,"data_1":"Windows"},"id":"Stop@MainToolbar"}}
{"session":"5246edb9ba83","build":"183.6156.11","bucket":"-1","time":1555221490771,"group":{"id":"statistics.actions.main.menu.v2","version":"9"},"event":{"count":1,"data":{"created":1555221490771,"data_1":"Windows"},"id":"File_->_Invalidate_Caches_/_Restart..."}}
{"session":"5246edb9ba83","build":"183.6156.11","bucket":"-1","time":1555221490775,"group":{"id":"actions.v2","version":"9"},"event":{"count":1,"data":{"context_menu":true,"created":1555221490775,"place":"MainMenu","data_1":"Windows"},"id":"InvalidateCaches"}}
{"session":"5246edb9ba83","build":"183.6156.11","bucket":"-1","time":1555221490780,"group":{"id":"ui.dialogs","version":"9"},"event":{"count":1,"data":{"created":1555221490780,"type":"show"},"id":"com.intellij.openapi.ui.messages.MessageDialog"}}
{"session":"5246edb9ba83","build":"183.6156.11","bucket":"-1","time":1555221492057,"group":{"id":"statistics.lifecycle.app","version":"9"},"event":{"count":1,"data":{"created":1555221492057},"id":"ide.close"}}
{"session":"5246edb9ba83","build":"183.6156.11","bucket":"-1","time":1555221492058,"group":{"id":"statistics.lifecycle.app","version":"9"},"event":{"count":1,"data":{"created":1555221492058},"id":"ide.close.restart"}}
{"session":"5246edb9ba83","build":"183.6156.11","bucket":"-1","time":1555221492058,"group":{"id":"lifecycle","version":"9"},"event":{"count":1,"data":{"restart":true,"created":1555221492058},"id":"app.closed"}}
{"session":"5246edb9ba83","build":"183.6156.11","bucket":"-1","time":1555221492121,"group":{"id":"statistics.lifecycle.project","version":"9"},"event":{"count":1,"data":{"created":1555221492121,"project":"1248437051"},"id":"project.closed"}}
{"session":"5246edb9ba83","build":"183.6156.11","bucket":"-1","time":1555221492733,"group":{"id":"lifecycle","version":"9"},"event":{"count":1,"data":{"created":1555221492733},"id":"project.closed"}}
