{"session":"8ddb4d0fe7ab","build":"183.6156.11","bucket":"-1","time":1562626028766,"group":{"id":"system.os.name","version":"9"},"event":{"data":{"created":1562626028767},"id":"Windows"}}
{"session":"8ddb4d0fe7ab","build":"183.6156.11","bucket":"-1","time":1562626028766,"group":{"id":"system.os.version","version":"9"},"event":{"data":{"created":1562626028834},"id":"10.0"}}
{"session":"8ddb4d0fe7ab","build":"183.6156.11","bucket":"-1","time":1562626028766,"group":{"id":"system.jvm.vendor","version":"9"},"event":{"data":{"created":1562626028847},"id":"JetBrains_s.r.o"}}
{"session":"8ddb4d0fe7ab","build":"183.6156.11","bucket":"-1","time":1562626028766,"group":{"id":"system.jvm.version","version":"9"},"event":{"data":{"created":1562626028850},"id":"1.8"}}
{"session":"8ddb4d0fe7ab","build":"183.6156.11","bucket":"-1","time":1562626028886,"group":{"id":"settings","version":"9"},"event":{"data":{"created":1562626028886,"name":"activeMruEditorOnClose","value":false},"id":"UISettings"}}
{"session":"8ddb4d0fe7ab","build":"183.6156.11","bucket":"-1","time":1562626028886,"group":{"id":"settings","version":"9"},"event":{"data":{"created":1562626028887,"name":"activeRightEditorOnClose","value":false},"id":"UISettings"}}
{"session":"8ddb4d0fe7ab","build":"183.6156.11","bucket":"-1","time":1562626028886,"group":{"id":"settings","version":"9"},"event":{"data":{"created":1562626028888,"name":"allowMergeButtons","value":true},"id":"UISettings"}}
{"session":"8ddb4d0fe7ab","build":"183.6156.11","bucket":"-1","time":1562626028886,"group":{"id":"settings","version":"9"},"event":{"data":{"created":1562626028888,"name":"alwaysShowWindowsButton","value":false},"id":"UISettings"}}
{"session":"8ddb4d0fe7ab","build":"183.6156.11","bucket":"-1","time":1562626028886,"group":{"id":"settings","version":"9"},"event":{"data":{"created":1562626028888,"name":"animateWindows","value":true},"id":"UISettings"}}
{"session":"8ddb4d0fe7ab","build":"183.6156.11","bucket":"-1","time":1562626028886,"group":{"id":"settings","version":"9"},"event":{"data":{"created":1562626028889,"name":"closeNonModifiedFilesFirst","value":false},"id":"UISettings"}}
{"session":"8ddb4d0fe7ab","build":"183.6156.11","bucket":"-1","time":1562626028886,"group":{"id":"settings","version":"9"},"event":{"data":{"created":1562626028889,"name":"closeTabButtonOnTheRight","value":true},"id":"UISettings"}}
{"session":"8ddb4d0fe7ab","build":"183.6156.11","bucket":"-1","time":1562626028886,"group":{"id":"settings","version":"9"},"event":{"data":{"created":1562626028890,"name":"cycleScrolling","value":true},"id":"UISettings"}}
{"session":"8ddb4d0fe7ab","build":"183.6156.11","bucket":"-1","time":1562626028886,"group":{"id":"settings","version":"9"},"event":{"data":{"created":1562626028890,"name":"defaultAutoScrollToSource","value":false},"id":"UISettings"}}
{"session":"8ddb4d0fe7ab","build":"183.6156.11","bucket":"-1","time":1562626028886,"group":{"id":"settings","version":"9"},"event":{"data":{"created":1562626028891,"name":"disableMnemonics","value":false},"id":"UISettings"}}
{"session":"8ddb4d0fe7ab","build":"183.6156.11","bucket":"-1","time":1562626028886,"group":{"id":"settings","version":"9"},"event":{"data":{"created":1562626028891,"name":"disableMnemonicsInControls","value":false},"id":"UISettings"}}
{"session":"8ddb4d0fe7ab","build":"183.6156.11","bucket":"-1","time":1562626028886,"group":{"id":"settings","version":"9"},"event":{"data":{"created":1562626028891,"name":"dndWithPressedAltOnly","value":false},"id":"UISettings"}}
{"session":"8ddb4d0fe7ab","build":"183.6156.11","bucket":"-1","time":1562626028886,"group":{"id":"settings","version":"9"},"event":{"data":{"created":1562626028891,"name":"enableAlphaMode","value":false},"id":"UISettings"}}
{"session":"8ddb4d0fe7ab","build":"183.6156.11","bucket":"-1","time":1562626028886,"group":{"id":"settings","version":"9"},"event":{"data":{"created":1562626028892,"name":"hideKnownExtensionInTabs","value":false},"id":"UISettings"}}
{"session":"8ddb4d0fe7ab","build":"183.6156.11","bucket":"-1","time":1562626028886,"group":{"id":"settings","version":"9"},"event":{"data":{"created":1562626028892,"name":"hideNavigationOnFocusLoss","value":true},"id":"UISettings"}}
{"session":"8ddb4d0fe7ab","build":"183.6156.11","bucket":"-1","time":1562626028886,"group":{"id":"settings","version":"9"},"event":{"data":{"created":1562626028893,"name":"hideTabsIfNeed","value":true},"id":"UISettings"}}
{"session":"8ddb4d0fe7ab","build":"183.6156.11","bucket":"-1","time":1562626028886,"group":{"id":"settings","version":"9"},"event":{"data":{"created":1562626028893,"name":"hideToolStripes","value":false},"id":"UISettings"}}
{"session":"8ddb4d0fe7ab","build":"183.6156.11","bucket":"-1","time":1562626028886,"group":{"id":"settings","version":"9"},"event":{"data":{"created":1562626028893,"name":"leftHorizontalSplit","value":false},"id":"UISettings"}}
{"session":"8ddb4d0fe7ab","build":"183.6156.11","bucket":"-1","time":1562626028886,"group":{"id":"settings","version":"9"},"event":{"data":{"created":1562626028893,"name":"markModifiedTabsWithAsterisk","value":false},"id":"UISettings"}}
{"session":"8ddb4d0fe7ab","build":"183.6156.11","bucket":"-1","time":1562626028886,"group":{"id":"settings","version":"9"},"event":{"data":{"created":1562626028894,"name":"mergeEqualStackTraces","value":true},"id":"UISettings"}}
{"session":"8ddb4d0fe7ab","build":"183.6156.11","bucket":"-1","time":1562626028886,"group":{"id":"settings","version":"9"},"event":{"data":{"created":1562626028894,"name":"moveMouseOnDefaultButton","value":false},"id":"UISettings"}}
{"session":"8ddb4d0fe7ab","build":"183.6156.11","bucket":"-1","time":1562626028886,"group":{"id":"settings","version":"9"},"event":{"data":{"created":1562626028894,"name":"navigateToPreview","value":false},"id":"UISettings"}}
{"session":"8ddb4d0fe7ab","build":"183.6156.11","bucket":"-1","time":1562626028886,"group":{"id":"settings","version":"9"},"event":{"data":{"created":1562626028894,"name":"overrideConsoleCycleBufferSize","value":false},"id":"UISettings"}}
{"session":"8ddb4d0fe7ab","build":"183.6156.11","bucket":"-1","time":1562626028886,"group":{"id":"settings","version":"9"},"event":{"data":{"default":false,"created":1562626028895,"name":"overrideLafFonts","value":true},"id":"UISettings"}}
{"session":"8ddb4d0fe7ab","build":"183.6156.11","bucket":"-1","time":1562626028886,"group":{"id":"settings","version":"9"},"event":{"data":{"created":1562626028895,"name":"pinFindInPath","value":false},"id":"UISettings"}}
{"session":"8ddb4d0fe7ab","build":"183.6156.11","bucket":"-1","time":1562626028886,"group":{"id":"settings","version":"9"},"event":{"data":{"created":1562626028895,"name":"presentationMode","value":false},"id":"UISettings"}}
{"session":"8ddb4d0fe7ab","build":"183.6156.11","bucket":"-1","time":1562626028886,"group":{"id":"settings","version":"9"},"event":{"data":{"created":1562626028896,"name":"reuseNotModifiedTabs","value":false},"id":"UISettings"}}
{"session":"8ddb4d0fe7ab","build":"183.6156.11","bucket":"-1","time":1562626028886,"group":{"id":"settings","version":"9"},"event":{"data":{"created":1562626028896,"name":"rightHorizontalSplit","value":false},"id":"UISettings"}}
{"session":"8ddb4d0fe7ab","build":"183.6156.11","bucket":"-1","time":1562626028886,"group":{"id":"settings","version":"9"},"event":{"data":{"created":1562626028897,"name":"scrollTabLayoutInEditor","value":true},"id":"UISettings"}}
{"session":"8ddb4d0fe7ab","build":"183.6156.11","bucket":"-1","time":1562626028886,"group":{"id":"settings","version":"9"},"event":{"data":{"created":1562626028897,"name":"showCloseButton","value":true},"id":"UISettings"}}
{"session":"8ddb4d0fe7ab","build":"183.6156.11","bucket":"-1","time":1562626028886,"group":{"id":"settings","version":"9"},"event":{"data":{"created":1562626028897,"name":"showDirectoryForNonUniqueFilenames","value":true},"id":"UISettings"}}
{"session":"8ddb4d0fe7ab","build":"183.6156.11","bucket":"-1","time":1562626028886,"group":{"id":"settings","version":"9"},"event":{"data":{"created":1562626028897,"name":"showEditorToolTip","value":true},"id":"UISettings"}}
{"session":"8ddb4d0fe7ab","build":"183.6156.11","bucket":"-1","time":1562626028886,"group":{"id":"settings","version":"9"},"event":{"data":{"created":1562626028898,"name":"showIconInQuickNavigation","value":true},"id":"UISettings"}}
{"session":"8ddb4d0fe7ab","build":"183.6156.11","bucket":"-1","time":1562626028886,"group":{"id":"settings","version":"9"},"event":{"data":{"created":1562626028898,"name":"showIconsInMenus","value":true},"id":"UISettings"}}
{"session":"8ddb4d0fe7ab","build":"183.6156.11","bucket":"-1","time":1562626028886,"group":{"id":"settings","version":"9"},"event":{"data":{"default":false,"created":1562626028898,"name":"showMainToolbar","value":true},"id":"UISettings"}}
{"session":"8ddb4d0fe7ab","build":"183.6156.11","bucket":"-1","time":1562626028886,"group":{"id":"settings","version":"9"},"event":{"data":{"created":1562626028899,"name":"showMemoryIndicator","value":false},"id":"UISettings"}}
{"session":"8ddb4d0fe7ab","build":"183.6156.11","bucket":"-1","time":1562626028886,"group":{"id":"settings","version":"9"},"event":{"data":{"created":1562626028899,"name":"showNavigationBar","value":true},"id":"UISettings"}}
{"session":"8ddb4d0fe7ab","build":"183.6156.11","bucket":"-1","time":1562626028886,"group":{"id":"settings","version":"9"},"event":{"data":{"created":1562626028899,"name":"showStatusBar","value":true},"id":"UISettings"}}
{"session":"8ddb4d0fe7ab","build":"183.6156.11","bucket":"-1","time":1562626028886,"group":{"id":"settings","version":"9"},"event":{"data":{"created":1562626028899,"name":"showTabsTooltips","value":true},"id":"UISettings"}}
{"session":"8ddb4d0fe7ab","build":"183.6156.11","bucket":"-1","time":1562626028886,"group":{"id":"settings","version":"9"},"event":{"data":{"created":1562626028899,"name":"showToolWindowsNumbers","value":true},"id":"UISettings"}}
{"session":"8ddb4d0fe7ab","build":"183.6156.11","bucket":"-1","time":1562626028886,"group":{"id":"settings","version":"9"},"event":{"data":{"created":1562626028900,"name":"smoothScrolling","value":false},"id":"UISettings"}}
{"session":"8ddb4d0fe7ab","build":"183.6156.11","bucket":"-1","time":1562626028886,"group":{"id":"settings","version":"9"},"event":{"data":{"created":1562626028900,"name":"sortBookmarks","value":false},"id":"UISettings"}}
{"session":"8ddb4d0fe7ab","build":"183.6156.11","bucket":"-1","time":1562626028886,"group":{"id":"settings","version":"9"},"event":{"data":{"default":false,"created":1562626028900,"name":"sortLookupElementsLexicographically","value":true},"id":"UISettings"}}
{"session":"8ddb4d0fe7ab","build":"183.6156.11","bucket":"-1","time":1562626028886,"group":{"id":"settings","version":"9"},"event":{"data":{"created":1562626028900,"name":"useSmallLabelsOnTabs","value":false},"id":"UISettings"}}
{"session":"8ddb4d0fe7ab","build":"183.6156.11","bucket":"-1","time":1562626028886,"group":{"id":"settings","version":"9"},"event":{"data":{"created":1562626028900,"name":"wideScreenSupport","value":false},"id":"UISettings"}}
{"session":"8ddb4d0fe7ab","build":"183.6156.11","bucket":"-1","time":1562626032812,"group":{"id":"settings","version":"9"},"event":{"data":{"created":1562626032812,"name":"autoSaveIfInactive","value":false},"id":"GeneralSettings"}}
{"session":"8ddb4d0fe7ab","build":"183.6156.11","bucket":"-1","time":1562626032812,"group":{"id":"settings","version":"9"},"event":{"data":{"created":1562626032813,"name":"confirmExit","value":true},"id":"GeneralSettings"}}
{"session":"8ddb4d0fe7ab","build":"183.6156.11","bucket":"-1","time":1562626032812,"group":{"id":"settings","version":"9"},"event":{"data":{"created":1562626032813,"name":"reopenLastProject","value":true},"id":"GeneralSettings"}}
{"session":"8ddb4d0fe7ab","build":"183.6156.11","bucket":"-1","time":1562626032812,"group":{"id":"settings","version":"9"},"event":{"data":{"created":1562626032814,"name":"saveOnFrameDeactivation","value":true},"id":"GeneralSettings"}}
{"session":"8ddb4d0fe7ab","build":"183.6156.11","bucket":"-1","time":1562626032812,"group":{"id":"settings","version":"9"},"event":{"data":{"created":1562626032814,"name":"searchInBackground","value":false},"id":"GeneralSettings"}}
{"session":"8ddb4d0fe7ab","build":"183.6156.11","bucket":"-1","time":1562626032812,"group":{"id":"settings","version":"9"},"event":{"data":{"default":false,"created":1562626032814,"name":"showTipsOnStartup","value":false},"id":"GeneralSettings"}}
{"session":"8ddb4d0fe7ab","build":"183.6156.11","bucket":"-1","time":1562626032812,"group":{"id":"settings","version":"9"},"event":{"data":{"created":1562626032815,"name":"showWelcomeScreen","value":true},"id":"GeneralSettings"}}
{"session":"8ddb4d0fe7ab","build":"183.6156.11","bucket":"-1","time":1562626032812,"group":{"id":"settings","version":"9"},"event":{"data":{"created":1562626032815,"name":"supportScreenReaders","value":false},"id":"GeneralSettings"}}
{"session":"8ddb4d0fe7ab","build":"183.6156.11","bucket":"-1","time":1562626032812,"group":{"id":"settings","version":"9"},"event":{"data":{"created":1562626032815,"name":"syncOnFrameActivation","value":true},"id":"GeneralSettings"}}
{"session":"8ddb4d0fe7ab","build":"183.6156.11","bucket":"-1","time":1562626032812,"group":{"id":"settings","version":"9"},"event":{"data":{"created":1562626032816,"name":"useDefaultBrowser","value":true},"id":"GeneralSettings"}}
{"session":"8ddb4d0fe7ab","build":"183.6156.11","bucket":"-1","time":1562626032812,"group":{"id":"settings","version":"9"},"event":{"data":{"created":1562626032816,"name":"useSafeWrite","value":true},"id":"GeneralSettings"}}
{"session":"8ddb4d0fe7ab","build":"183.6156.11","bucket":"-1","time":1562626061707,"group":{"id":"ui.dialogs","version":"9"},"event":{"count":1,"data":{"created":1562626061707,"type":"show"},"id":"com.intellij.openapi.progress.util.ProgressDialog$MyDialogWrapper"}}
{"session":"8ddb4d0fe7ab","build":"183.6156.11","bucket":"-1","time":1562626062227,"group":{"id":"statistics.lifecycle.app","version":"9"},"event":{"count":1,"data":{"created":1562626062227,"data_2":"20+","data_1":"timeSecondsGrouped"},"id":"ide.freeze"}}
{"session":"8ddb4d0fe7ab","build":"183.6156.11","bucket":"-1","time":1562626062282,"group":{"id":"lifecycle","version":"9"},"event":{"count":1,"data":{"durationSeconds":29,"created":1562626062282},"id":"ide.freeze"}}
{"session":"8ddb4d0fe7ab","build":"183.6156.11","bucket":"-1","time":1562626084027,"group":{"id":"ui.dialogs","version":"9"},"event":{"count":1,"data":{"code":1,"created":1562626084027,"type":"close"},"id":"com.intellij.openapi.progress.util.ProgressDialog$MyDialogWrapper"}}
{"session":"8ddb4d0fe7ab","build":"183.6156.11","bucket":"-1","time":1562626084262,"group":{"id":"statistics.lifecycle.project","version":"9"},"event":{"count":1,"data":{"created":1562626084262,"project":"-1793532514"},"id":"project.opened"}}
{"session":"8ddb4d0fe7ab","build":"183.6156.11","bucket":"-1","time":1562626084262,"group":{"id":"lifecycle","version":"9"},"event":{"count":1,"data":{"created":1562626084263},"id":"project.opened"}}
{"session":"8ddb4d0fe7ab","build":"183.6156.11","bucket":"-1","time":1562626092083,"group":{"id":"ui.dialogs","version":"9"},"event":{"count":1,"data":{"created":1562626092083,"type":"show"},"id":"com.intellij.openapi.progress.util.ProgressDialog$MyDialogWrapper"}}
{"session":"8ddb4d0fe7ab","build":"183.6156.11","bucket":"-1","time":1562626092362,"group":{"id":"statistics.lifecycle.app","version":"9"},"event":{"count":1,"data":{"created":1562626092363,"data_2":"9","data_1":"timeSecondsGrouped"},"id":"ide.freeze"}}
{"session":"8ddb4d0fe7ab","build":"183.6156.11","bucket":"-1","time":1562626092363,"group":{"id":"lifecycle","version":"9"},"event":{"count":1,"data":{"durationSeconds":9,"created":1562626092363},"id":"ide.freeze"}}
{"session":"8ddb4d0fe7ab","build":"183.6156.11","bucket":"-1","time":1562626106691,"group":{"id":"statistics.lifecycle.app","version":"9"},"event":{"count":1,"data":{"created":1562626106691},"id":"ide.start"}}
{"session":"8ddb4d0fe7ab","build":"183.6156.11","bucket":"-1","time":1562626106691,"group":{"id":"lifecycle","version":"9"},"event":{"count":1,"data":{"created":1562626106691},"id":"app.started"}}
{"session":"8ddb4d0fe7ab","build":"183.6156.11","bucket":"-1","time":1562626109681,"group":{"id":"ui.dialogs","version":"9"},"event":{"count":1,"data":{"code":1,"created":1562626109681,"type":"close"},"id":"com.intellij.openapi.progress.util.ProgressDialog$MyDialogWrapper"}}
{"session":"8ddb4d0fe7ab","build":"183.6156.11","bucket":"-1","time":1562626109944,"group":{"id":"statistics.lifecycle.project","version":"9"},"event":{"count":1,"data":{"created":1562626109944,"project":"-1793532514"},"id":"project.open.time.50"}}
