{"session":"840f310660b1","build":"183.6156.11","bucket":"-1","time":1564010079711,"group":{"id":"system.os.name","version":"9"},"event":{"data":{"created":1564010079711},"id":"Windows"}}
{"session":"840f310660b1","build":"183.6156.11","bucket":"-1","time":1564010079711,"group":{"id":"system.os.version","version":"9"},"event":{"data":{"created":1564010079789},"id":"10.0"}}
{"session":"840f310660b1","build":"183.6156.11","bucket":"-1","time":1564010079711,"group":{"id":"system.jvm.vendor","version":"9"},"event":{"data":{"created":1564010079820},"id":"JetBrains_s.r.o"}}
{"session":"840f310660b1","build":"183.6156.11","bucket":"-1","time":1564010079711,"group":{"id":"system.jvm.version","version":"9"},"event":{"data":{"created":1564010079820},"id":"1.8"}}
{"session":"840f310660b1","build":"183.6156.11","bucket":"-1","time":1564010079836,"group":{"id":"settings","version":"9"},"event":{"data":{"created":1564010079836,"name":"activeMruEditorOnClose","value":false},"id":"UISettings"}}
{"session":"840f310660b1","build":"183.6156.11","bucket":"-1","time":1564010079836,"group":{"id":"settings","version":"9"},"event":{"data":{"created":1564010079836,"name":"activeRightEditorOnClose","value":false},"id":"UISettings"}}
{"session":"840f310660b1","build":"183.6156.11","bucket":"-1","time":1564010079836,"group":{"id":"settings","version":"9"},"event":{"data":{"created":1564010079836,"name":"allowMergeButtons","value":true},"id":"UISettings"}}
{"session":"840f310660b1","build":"183.6156.11","bucket":"-1","time":1564010079836,"group":{"id":"settings","version":"9"},"event":{"data":{"created":1564010079836,"name":"alwaysShowWindowsButton","value":false},"id":"UISettings"}}
{"session":"840f310660b1","build":"183.6156.11","bucket":"-1","time":1564010079836,"group":{"id":"settings","version":"9"},"event":{"data":{"created":1564010079836,"name":"animateWindows","value":true},"id":"UISettings"}}
{"session":"840f310660b1","build":"183.6156.11","bucket":"-1","time":1564010079836,"group":{"id":"settings","version":"9"},"event":{"data":{"created":1564010079836,"name":"closeNonModifiedFilesFirst","value":false},"id":"UISettings"}}
{"session":"840f310660b1","build":"183.6156.11","bucket":"-1","time":1564010079836,"group":{"id":"settings","version":"9"},"event":{"data":{"created":1564010079836,"name":"closeTabButtonOnTheRight","value":true},"id":"UISettings"}}
{"session":"840f310660b1","build":"183.6156.11","bucket":"-1","time":1564010079836,"group":{"id":"settings","version":"9"},"event":{"data":{"created":1564010079836,"name":"cycleScrolling","value":true},"id":"UISettings"}}
{"session":"840f310660b1","build":"183.6156.11","bucket":"-1","time":1564010079836,"group":{"id":"settings","version":"9"},"event":{"data":{"created":1564010079836,"name":"defaultAutoScrollToSource","value":false},"id":"UISettings"}}
{"session":"840f310660b1","build":"183.6156.11","bucket":"-1","time":1564010079836,"group":{"id":"settings","version":"9"},"event":{"data":{"created":1564010079836,"name":"disableMnemonics","value":false},"id":"UISettings"}}
{"session":"840f310660b1","build":"183.6156.11","bucket":"-1","time":1564010079836,"group":{"id":"settings","version":"9"},"event":{"data":{"created":1564010079836,"name":"disableMnemonicsInControls","value":false},"id":"UISettings"}}
{"session":"840f310660b1","build":"183.6156.11","bucket":"-1","time":1564010079836,"group":{"id":"settings","version":"9"},"event":{"data":{"created":1564010079836,"name":"dndWithPressedAltOnly","value":false},"id":"UISettings"}}
{"session":"840f310660b1","build":"183.6156.11","bucket":"-1","time":1564010079836,"group":{"id":"settings","version":"9"},"event":{"data":{"created":1564010079836,"name":"enableAlphaMode","value":false},"id":"UISettings"}}
{"session":"840f310660b1","build":"183.6156.11","bucket":"-1","time":1564010079836,"group":{"id":"settings","version":"9"},"event":{"data":{"created":1564010079836,"name":"hideKnownExtensionInTabs","value":false},"id":"UISettings"}}
{"session":"840f310660b1","build":"183.6156.11","bucket":"-1","time":1564010079836,"group":{"id":"settings","version":"9"},"event":{"data":{"created":1564010079851,"name":"hideNavigationOnFocusLoss","value":true},"id":"UISettings"}}
{"session":"840f310660b1","build":"183.6156.11","bucket":"-1","time":1564010079836,"group":{"id":"settings","version":"9"},"event":{"data":{"created":1564010079851,"name":"hideTabsIfNeed","value":true},"id":"UISettings"}}
{"session":"840f310660b1","build":"183.6156.11","bucket":"-1","time":1564010079836,"group":{"id":"settings","version":"9"},"event":{"data":{"created":1564010079851,"name":"hideToolStripes","value":false},"id":"UISettings"}}
{"session":"840f310660b1","build":"183.6156.11","bucket":"-1","time":1564010079836,"group":{"id":"settings","version":"9"},"event":{"data":{"created":1564010079851,"name":"leftHorizontalSplit","value":false},"id":"UISettings"}}
{"session":"840f310660b1","build":"183.6156.11","bucket":"-1","time":1564010079836,"group":{"id":"settings","version":"9"},"event":{"data":{"created":1564010079851,"name":"markModifiedTabsWithAsterisk","value":false},"id":"UISettings"}}
{"session":"840f310660b1","build":"183.6156.11","bucket":"-1","time":1564010079836,"group":{"id":"settings","version":"9"},"event":{"data":{"created":1564010079851,"name":"mergeEqualStackTraces","value":true},"id":"UISettings"}}
{"session":"840f310660b1","build":"183.6156.11","bucket":"-1","time":1564010079836,"group":{"id":"settings","version":"9"},"event":{"data":{"created":1564010079851,"name":"moveMouseOnDefaultButton","value":false},"id":"UISettings"}}
{"session":"840f310660b1","build":"183.6156.11","bucket":"-1","time":1564010079836,"group":{"id":"settings","version":"9"},"event":{"data":{"created":1564010079851,"name":"navigateToPreview","value":false},"id":"UISettings"}}
{"session":"840f310660b1","build":"183.6156.11","bucket":"-1","time":1564010079836,"group":{"id":"settings","version":"9"},"event":{"data":{"created":1564010079851,"name":"overrideConsoleCycleBufferSize","value":false},"id":"UISettings"}}
{"session":"840f310660b1","build":"183.6156.11","bucket":"-1","time":1564010079836,"group":{"id":"settings","version":"9"},"event":{"data":{"default":false,"created":1564010079851,"name":"overrideLafFonts","value":true},"id":"UISettings"}}
{"session":"840f310660b1","build":"183.6156.11","bucket":"-1","time":1564010079836,"group":{"id":"settings","version":"9"},"event":{"data":{"created":1564010079851,"name":"pinFindInPath","value":false},"id":"UISettings"}}
{"session":"840f310660b1","build":"183.6156.11","bucket":"-1","time":1564010079836,"group":{"id":"settings","version":"9"},"event":{"data":{"created":1564010079851,"name":"presentationMode","value":false},"id":"UISettings"}}
{"session":"840f310660b1","build":"183.6156.11","bucket":"-1","time":1564010079836,"group":{"id":"settings","version":"9"},"event":{"data":{"created":1564010079851,"name":"reuseNotModifiedTabs","value":false},"id":"UISettings"}}
{"session":"840f310660b1","build":"183.6156.11","bucket":"-1","time":1564010079836,"group":{"id":"settings","version":"9"},"event":{"data":{"created":1564010079851,"name":"rightHorizontalSplit","value":false},"id":"UISettings"}}
{"session":"840f310660b1","build":"183.6156.11","bucket":"-1","time":1564010079836,"group":{"id":"settings","version":"9"},"event":{"data":{"created":1564010079851,"name":"scrollTabLayoutInEditor","value":true},"id":"UISettings"}}
{"session":"840f310660b1","build":"183.6156.11","bucket":"-1","time":1564010079836,"group":{"id":"settings","version":"9"},"event":{"data":{"created":1564010079851,"name":"showCloseButton","value":true},"id":"UISettings"}}
{"session":"840f310660b1","build":"183.6156.11","bucket":"-1","time":1564010079836,"group":{"id":"settings","version":"9"},"event":{"data":{"created":1564010079851,"name":"showDirectoryForNonUniqueFilenames","value":true},"id":"UISettings"}}
{"session":"840f310660b1","build":"183.6156.11","bucket":"-1","time":1564010079836,"group":{"id":"settings","version":"9"},"event":{"data":{"created":1564010079851,"name":"showEditorToolTip","value":true},"id":"UISettings"}}
{"session":"840f310660b1","build":"183.6156.11","bucket":"-1","time":1564010079836,"group":{"id":"settings","version":"9"},"event":{"data":{"created":1564010079851,"name":"showIconInQuickNavigation","value":true},"id":"UISettings"}}
{"session":"840f310660b1","build":"183.6156.11","bucket":"-1","time":1564010079836,"group":{"id":"settings","version":"9"},"event":{"data":{"created":1564010079851,"name":"showIconsInMenus","value":true},"id":"UISettings"}}
{"session":"840f310660b1","build":"183.6156.11","bucket":"-1","time":1564010079836,"group":{"id":"settings","version":"9"},"event":{"data":{"default":false,"created":1564010079851,"name":"showMainToolbar","value":true},"id":"UISettings"}}
{"session":"840f310660b1","build":"183.6156.11","bucket":"-1","time":1564010079836,"group":{"id":"settings","version":"9"},"event":{"data":{"created":1564010079851,"name":"showMemoryIndicator","value":false},"id":"UISettings"}}
{"session":"840f310660b1","build":"183.6156.11","bucket":"-1","time":1564010079836,"group":{"id":"settings","version":"9"},"event":{"data":{"created":1564010079851,"name":"showNavigationBar","value":true},"id":"UISettings"}}
{"session":"840f310660b1","build":"183.6156.11","bucket":"-1","time":1564010079836,"group":{"id":"settings","version":"9"},"event":{"data":{"created":1564010079851,"name":"showStatusBar","value":true},"id":"UISettings"}}
{"session":"840f310660b1","build":"183.6156.11","bucket":"-1","time":1564010079836,"group":{"id":"settings","version":"9"},"event":{"data":{"created":1564010079851,"name":"showTabsTooltips","value":true},"id":"UISettings"}}
{"session":"840f310660b1","build":"183.6156.11","bucket":"-1","time":1564010079836,"group":{"id":"settings","version":"9"},"event":{"data":{"created":1564010079851,"name":"showToolWindowsNumbers","value":true},"id":"UISettings"}}
{"session":"840f310660b1","build":"183.6156.11","bucket":"-1","time":1564010079836,"group":{"id":"settings","version":"9"},"event":{"data":{"created":1564010079851,"name":"smoothScrolling","value":false},"id":"UISettings"}}
{"session":"840f310660b1","build":"183.6156.11","bucket":"-1","time":1564010079836,"group":{"id":"settings","version":"9"},"event":{"data":{"created":1564010079851,"name":"sortBookmarks","value":false},"id":"UISettings"}}
{"session":"840f310660b1","build":"183.6156.11","bucket":"-1","time":1564010079836,"group":{"id":"settings","version":"9"},"event":{"data":{"default":false,"created":1564010079851,"name":"sortLookupElementsLexicographically","value":true},"id":"UISettings"}}
{"session":"840f310660b1","build":"183.6156.11","bucket":"-1","time":1564010079836,"group":{"id":"settings","version":"9"},"event":{"data":{"created":1564010079851,"name":"useSmallLabelsOnTabs","value":false},"id":"UISettings"}}
{"session":"840f310660b1","build":"183.6156.11","bucket":"-1","time":1564010079836,"group":{"id":"settings","version":"9"},"event":{"data":{"created":1564010079851,"name":"wideScreenSupport","value":false},"id":"UISettings"}}
{"session":"840f310660b1","build":"183.6156.11","bucket":"-1","time":1564010083926,"group":{"id":"settings","version":"9"},"event":{"data":{"created":1564010083926,"name":"autoSaveIfInactive","value":false},"id":"GeneralSettings"}}
{"session":"840f310660b1","build":"183.6156.11","bucket":"-1","time":1564010083926,"group":{"id":"settings","version":"9"},"event":{"data":{"created":1564010083926,"name":"confirmExit","value":true},"id":"GeneralSettings"}}
{"session":"840f310660b1","build":"183.6156.11","bucket":"-1","time":1564010083926,"group":{"id":"settings","version":"9"},"event":{"data":{"created":1564010083926,"name":"reopenLastProject","value":true},"id":"GeneralSettings"}}
{"session":"840f310660b1","build":"183.6156.11","bucket":"-1","time":1564010083926,"group":{"id":"settings","version":"9"},"event":{"data":{"created":1564010083926,"name":"saveOnFrameDeactivation","value":true},"id":"GeneralSettings"}}
{"session":"840f310660b1","build":"183.6156.11","bucket":"-1","time":1564010083926,"group":{"id":"settings","version":"9"},"event":{"data":{"created":1564010083926,"name":"searchInBackground","value":false},"id":"GeneralSettings"}}
{"session":"840f310660b1","build":"183.6156.11","bucket":"-1","time":1564010083926,"group":{"id":"settings","version":"9"},"event":{"data":{"default":false,"created":1564010083926,"name":"showTipsOnStartup","value":false},"id":"GeneralSettings"}}
{"session":"840f310660b1","build":"183.6156.11","bucket":"-1","time":1564010083926,"group":{"id":"settings","version":"9"},"event":{"data":{"created":1564010083926,"name":"showWelcomeScreen","value":true},"id":"GeneralSettings"}}
{"session":"840f310660b1","build":"183.6156.11","bucket":"-1","time":1564010083926,"group":{"id":"settings","version":"9"},"event":{"data":{"created":1564010083926,"name":"supportScreenReaders","value":false},"id":"GeneralSettings"}}
{"session":"840f310660b1","build":"183.6156.11","bucket":"-1","time":1564010083926,"group":{"id":"settings","version":"9"},"event":{"data":{"created":1564010083926,"name":"syncOnFrameActivation","value":true},"id":"GeneralSettings"}}
{"session":"840f310660b1","build":"183.6156.11","bucket":"-1","time":1564010083926,"group":{"id":"settings","version":"9"},"event":{"data":{"created":1564010083926,"name":"useDefaultBrowser","value":true},"id":"GeneralSettings"}}
{"session":"840f310660b1","build":"183.6156.11","bucket":"-1","time":1564010083926,"group":{"id":"settings","version":"9"},"event":{"data":{"created":1564010083926,"name":"useSafeWrite","value":true},"id":"GeneralSettings"}}
{"session":"840f310660b1","build":"183.6156.11","bucket":"-1","time":1564010111837,"group":{"id":"ui.dialogs","version":"9"},"event":{"count":1,"data":{"created":1564010111837,"type":"show"},"id":"com.intellij.openapi.progress.util.ProgressDialog$MyDialogWrapper"}}
{"session":"840f310660b1","build":"183.6156.11","bucket":"-1","time":1564010112960,"group":{"id":"statistics.lifecycle.app","version":"9"},"event":{"count":1,"data":{"created":1564010112960,"data_2":"20+","data_1":"timeSecondsGrouped"},"id":"ide.freeze"}}
{"session":"840f310660b1","build":"183.6156.11","bucket":"-1","time":1564010112992,"group":{"id":"lifecycle","version":"9"},"event":{"count":1,"data":{"durationSeconds":29,"created":1564010112992},"id":"ide.freeze"}}
{"session":"840f310660b1","build":"183.6156.11","bucket":"-1","time":1564010134263,"group":{"id":"ui.dialogs","version":"9"},"event":{"count":1,"data":{"code":1,"created":1564010134263,"type":"close"},"id":"com.intellij.openapi.progress.util.ProgressDialog$MyDialogWrapper"}}
{"session":"840f310660b1","build":"183.6156.11","bucket":"-1","time":1564010134497,"group":{"id":"statistics.lifecycle.project","version":"9"},"event":{"count":1,"data":{"created":1564010134497,"project":"-1793532514"},"id":"project.opened"}}
{"session":"840f310660b1","build":"183.6156.11","bucket":"-1","time":1564010134497,"group":{"id":"lifecycle","version":"9"},"event":{"count":1,"data":{"created":1564010134497},"id":"project.opened"}}
{"session":"840f310660b1","build":"183.6156.11","bucket":"-1","time":1564010144322,"group":{"id":"ui.dialogs","version":"9"},"event":{"count":1,"data":{"created":1564010144322,"type":"show"},"id":"com.intellij.openapi.progress.util.ProgressDialog$MyDialogWrapper"}}
{"session":"840f310660b1","build":"183.6156.11","bucket":"-1","time":1564010144400,"group":{"id":"statistics.lifecycle.app","version":"9"},"event":{"count":1,"data":{"created":1564010144400,"data_2":"10","data_1":"timeSecondsGrouped"},"id":"ide.freeze"}}
{"session":"840f310660b1","build":"183.6156.11","bucket":"-1","time":1564010144400,"group":{"id":"lifecycle","version":"9"},"event":{"count":1,"data":{"durationSeconds":10,"created":1564010144400},"id":"ide.freeze"}}
{"session":"840f310660b1","build":"183.6156.11","bucket":"-1","time":1564010155848,"group":{"id":"toolwindow.v2","version":"9"},"event":{"count":1,"data":{"created":1564010155848,"data_1":"Windows"},"id":"Project_by_Activation"}}
{"session":"840f310660b1","build":"183.6156.11","bucket":"-1","time":1564010158048,"group":{"id":"statistics.lifecycle.app","version":"9"},"event":{"count":1,"data":{"created":1564010158048},"id":"ide.start"}}
{"session":"840f310660b1","build":"183.6156.11","bucket":"-1","time":1564010158048,"group":{"id":"lifecycle","version":"9"},"event":{"count":1,"data":{"created":1564010158048},"id":"app.started"}}
{"session":"840f310660b1","build":"183.6156.11","bucket":"-1","time":1564010159845,"group":{"id":"ui.dialogs","version":"9"},"event":{"count":1,"data":{"code":1,"created":1564010159845,"type":"close"},"id":"com.intellij.openapi.progress.util.ProgressDialog$MyDialogWrapper"}}
{"session":"840f310660b1","build":"183.6156.11","bucket":"-1","time":1564010160376,"group":{"id":"statistics.lifecycle.project","version":"9"},"event":{"count":1,"data":{"created":1564010160376,"project":"-1793532514"},"id":"project.open.time.49"}}
{"session":"840f310660b1","build":"183.6156.11","bucket":"-1","time":1564010160376,"group":{"id":"lifecycle","version":"9"},"event":{"count":1,"data":{"created":1564010160376,"time.ms":49790},"id":"project.opening.finished"}}
{"session":"840f310660b1","build":"183.6156.11","bucket":"-1","time":1564010198107,"group":{"id":"statistics.actions.main.menu.v2","version":"9"},"event":{"count":1,"data":{"created":1564010198107,"data_1":"Windows"},"id":"File_->_Export_Settings..."}}
{"session":"840f310660b1","build":"183.6156.11","bucket":"-1","time":1564010198122,"group":{"id":"actions.v2","version":"9"},"event":{"count":1,"data":{"context_menu":true,"created":1564010198122,"place":"MainMenu","data_1":"Windows"},"id":"ExportSettings"}}
{"session":"840f310660b1","build":"183.6156.11","bucket":"-1","time":1564010200700,"group":{"id":"ui.dialogs","version":"9"},"event":{"count":1,"data":{"created":1564010200700,"type":"show"},"id":"com.intellij.configurationStore.ChooseComponentsToExportDialog"}}
{"session":"840f310660b1","build":"183.6156.11","bucket":"-1","time":1564010204920,"group":{"id":"ui.dialogs","version":"9"},"event":{"count":1,"data":{"code":0,"created":1564010204920,"type":"close"},"id":"com.intellij.configurationStore.ChooseComponentsToExportDialog"}}
{"session":"840f310660b1","build":"183.6156.11","bucket":"-1","time":1564010205123,"group":{"id":"ui.dialogs","version":"9"},"event":{"count":2,"data":{"last":1564010207795,"created":1564010205123,"type":"show"},"id":"com.intellij.openapi.ui.messages.MessageDialog"}}
{"session":"840f310660b1","build":"183.6156.11","bucket":"-1","time":1564010214625,"group":{"id":"statistics.actions.main.menu.v2","version":"9"},"event":{"count":1,"data":{"created":1564010214625,"data_1":"Windows"},"id":"File_->_Export_Settings..."}}
{"session":"840f310660b1","build":"183.6156.11","bucket":"-1","time":1564010214625,"group":{"id":"actions.v2","version":"9"},"event":{"count":1,"data":{"context_menu":true,"created":1564010214625,"place":"MainMenu","data_1":"Windows"},"id":"ExportSettings"}}
{"session":"840f310660b1","build":"183.6156.11","bucket":"-1","time":1564010214718,"group":{"id":"ui.dialogs","version":"9"},"event":{"count":1,"data":{"created":1564010214718,"type":"show"},"id":"com.intellij.configurationStore.ChooseComponentsToExportDialog"}}
{"session":"840f310660b1","build":"183.6156.11","bucket":"-1","time":1564010218406,"group":{"id":"actions.v2","version":"9"},"event":{"count":1,"data":{"context_menu":false,"created":1564010218406,"data_1":"Windows","input_event":"Ctrl+C"},"id":"EditorCopy"}}
