{"session":"5d4881d95a94","build":"183.6156.11","bucket":"-1","time":1560523182349,"group":{"id":"system.os.name","version":"9"},"event":{"data":{"created":1560523182364},"id":"Windows"}}
{"session":"5d4881d95a94","build":"183.6156.11","bucket":"-1","time":1560523182363,"group":{"id":"system.os.version","version":"9"},"event":{"data":{"created":1560523182402},"id":"10.0"}}
{"session":"5d4881d95a94","build":"183.6156.11","bucket":"-1","time":1560523182364,"group":{"id":"system.jvm.vendor","version":"9"},"event":{"data":{"created":1560523182425},"id":"JetBrains_s.r.o"}}
{"session":"5d4881d95a94","build":"183.6156.11","bucket":"-1","time":1560523182364,"group":{"id":"system.jvm.version","version":"9"},"event":{"data":{"created":1560523182428},"id":"1.8"}}
{"session":"5d4881d95a94","build":"183.6156.11","bucket":"-1","time":1560523182466,"group":{"id":"settings","version":"9"},"event":{"data":{"created":1560523182466,"name":"activeMruEditorOnClose","value":false},"id":"UISettings"}}
{"session":"5d4881d95a94","build":"183.6156.11","bucket":"-1","time":1560523182466,"group":{"id":"settings","version":"9"},"event":{"data":{"created":1560523182467,"name":"activeRightEditorOnClose","value":false},"id":"UISettings"}}
{"session":"5d4881d95a94","build":"183.6156.11","bucket":"-1","time":1560523182466,"group":{"id":"settings","version":"9"},"event":{"data":{"created":1560523182468,"name":"allowMergeButtons","value":true},"id":"UISettings"}}
{"session":"5d4881d95a94","build":"183.6156.11","bucket":"-1","time":1560523182466,"group":{"id":"settings","version":"9"},"event":{"data":{"created":1560523182469,"name":"alwaysShowWindowsButton","value":false},"id":"UISettings"}}
{"session":"5d4881d95a94","build":"183.6156.11","bucket":"-1","time":1560523182466,"group":{"id":"settings","version":"9"},"event":{"data":{"created":1560523182470,"name":"animateWindows","value":true},"id":"UISettings"}}
{"session":"5d4881d95a94","build":"183.6156.11","bucket":"-1","time":1560523182466,"group":{"id":"settings","version":"9"},"event":{"data":{"created":1560523182470,"name":"closeNonModifiedFilesFirst","value":false},"id":"UISettings"}}
{"session":"5d4881d95a94","build":"183.6156.11","bucket":"-1","time":1560523182466,"group":{"id":"settings","version":"9"},"event":{"data":{"created":1560523182471,"name":"closeTabButtonOnTheRight","value":true},"id":"UISettings"}}
{"session":"5d4881d95a94","build":"183.6156.11","bucket":"-1","time":1560523182466,"group":{"id":"settings","version":"9"},"event":{"data":{"created":1560523182472,"name":"cycleScrolling","value":true},"id":"UISettings"}}
{"session":"5d4881d95a94","build":"183.6156.11","bucket":"-1","time":1560523182466,"group":{"id":"settings","version":"9"},"event":{"data":{"created":1560523182473,"name":"defaultAutoScrollToSource","value":false},"id":"UISettings"}}
{"session":"5d4881d95a94","build":"183.6156.11","bucket":"-1","time":1560523182466,"group":{"id":"settings","version":"9"},"event":{"data":{"created":1560523182473,"name":"disableMnemonics","value":false},"id":"UISettings"}}
{"session":"5d4881d95a94","build":"183.6156.11","bucket":"-1","time":1560523182466,"group":{"id":"settings","version":"9"},"event":{"data":{"created":1560523182474,"name":"disableMnemonicsInControls","value":false},"id":"UISettings"}}
{"session":"5d4881d95a94","build":"183.6156.11","bucket":"-1","time":1560523182466,"group":{"id":"settings","version":"9"},"event":{"data":{"created":1560523182474,"name":"dndWithPressedAltOnly","value":false},"id":"UISettings"}}
{"session":"5d4881d95a94","build":"183.6156.11","bucket":"-1","time":1560523182466,"group":{"id":"settings","version":"9"},"event":{"data":{"created":1560523182475,"name":"enableAlphaMode","value":false},"id":"UISettings"}}
{"session":"5d4881d95a94","build":"183.6156.11","bucket":"-1","time":1560523182466,"group":{"id":"settings","version":"9"},"event":{"data":{"created":1560523182476,"name":"hideKnownExtensionInTabs","value":false},"id":"UISettings"}}
{"session":"5d4881d95a94","build":"183.6156.11","bucket":"-1","time":1560523182466,"group":{"id":"settings","version":"9"},"event":{"data":{"created":1560523182477,"name":"hideNavigationOnFocusLoss","value":true},"id":"UISettings"}}
{"session":"5d4881d95a94","build":"183.6156.11","bucket":"-1","time":1560523182466,"group":{"id":"settings","version":"9"},"event":{"data":{"created":1560523182478,"name":"hideTabsIfNeed","value":true},"id":"UISettings"}}
{"session":"5d4881d95a94","build":"183.6156.11","bucket":"-1","time":1560523182466,"group":{"id":"settings","version":"9"},"event":{"data":{"created":1560523182479,"name":"hideToolStripes","value":false},"id":"UISettings"}}
{"session":"5d4881d95a94","build":"183.6156.11","bucket":"-1","time":1560523182466,"group":{"id":"settings","version":"9"},"event":{"data":{"created":1560523182479,"name":"leftHorizontalSplit","value":false},"id":"UISettings"}}
{"session":"5d4881d95a94","build":"183.6156.11","bucket":"-1","time":1560523182466,"group":{"id":"settings","version":"9"},"event":{"data":{"created":1560523182480,"name":"markModifiedTabsWithAsterisk","value":false},"id":"UISettings"}}
{"session":"5d4881d95a94","build":"183.6156.11","bucket":"-1","time":1560523182466,"group":{"id":"settings","version":"9"},"event":{"data":{"created":1560523182482,"name":"mergeEqualStackTraces","value":true},"id":"UISettings"}}
{"session":"5d4881d95a94","build":"183.6156.11","bucket":"-1","time":1560523182466,"group":{"id":"settings","version":"9"},"event":{"data":{"created":1560523182483,"name":"moveMouseOnDefaultButton","value":false},"id":"UISettings"}}
{"session":"5d4881d95a94","build":"183.6156.11","bucket":"-1","time":1560523182466,"group":{"id":"settings","version":"9"},"event":{"data":{"created":1560523182483,"name":"navigateToPreview","value":false},"id":"UISettings"}}
{"session":"5d4881d95a94","build":"183.6156.11","bucket":"-1","time":1560523182466,"group":{"id":"settings","version":"9"},"event":{"data":{"created":1560523182484,"name":"overrideConsoleCycleBufferSize","value":false},"id":"UISettings"}}
{"session":"5d4881d95a94","build":"183.6156.11","bucket":"-1","time":1560523182466,"group":{"id":"settings","version":"9"},"event":{"data":{"default":false,"created":1560523182484,"name":"overrideLafFonts","value":true},"id":"UISettings"}}
{"session":"5d4881d95a94","build":"183.6156.11","bucket":"-1","time":1560523182466,"group":{"id":"settings","version":"9"},"event":{"data":{"created":1560523182485,"name":"pinFindInPath","value":false},"id":"UISettings"}}
{"session":"5d4881d95a94","build":"183.6156.11","bucket":"-1","time":1560523182466,"group":{"id":"settings","version":"9"},"event":{"data":{"created":1560523182485,"name":"presentationMode","value":false},"id":"UISettings"}}
{"session":"5d4881d95a94","build":"183.6156.11","bucket":"-1","time":1560523182466,"group":{"id":"settings","version":"9"},"event":{"data":{"created":1560523182486,"name":"reuseNotModifiedTabs","value":false},"id":"UISettings"}}
{"session":"5d4881d95a94","build":"183.6156.11","bucket":"-1","time":1560523182466,"group":{"id":"settings","version":"9"},"event":{"data":{"created":1560523182486,"name":"rightHorizontalSplit","value":false},"id":"UISettings"}}
{"session":"5d4881d95a94","build":"183.6156.11","bucket":"-1","time":1560523182466,"group":{"id":"settings","version":"9"},"event":{"data":{"created":1560523182487,"name":"scrollTabLayoutInEditor","value":true},"id":"UISettings"}}
{"session":"5d4881d95a94","build":"183.6156.11","bucket":"-1","time":1560523182466,"group":{"id":"settings","version":"9"},"event":{"data":{"created":1560523182487,"name":"showCloseButton","value":true},"id":"UISettings"}}
{"session":"5d4881d95a94","build":"183.6156.11","bucket":"-1","time":1560523182466,"group":{"id":"settings","version":"9"},"event":{"data":{"created":1560523182487,"name":"showDirectoryForNonUniqueFilenames","value":true},"id":"UISettings"}}
{"session":"5d4881d95a94","build":"183.6156.11","bucket":"-1","time":1560523182466,"group":{"id":"settings","version":"9"},"event":{"data":{"created":1560523182488,"name":"showEditorToolTip","value":true},"id":"UISettings"}}
{"session":"5d4881d95a94","build":"183.6156.11","bucket":"-1","time":1560523182466,"group":{"id":"settings","version":"9"},"event":{"data":{"created":1560523182488,"name":"showIconInQuickNavigation","value":true},"id":"UISettings"}}
{"session":"5d4881d95a94","build":"183.6156.11","bucket":"-1","time":1560523182466,"group":{"id":"settings","version":"9"},"event":{"data":{"created":1560523182488,"name":"showIconsInMenus","value":true},"id":"UISettings"}}
{"session":"5d4881d95a94","build":"183.6156.11","bucket":"-1","time":1560523182467,"group":{"id":"settings","version":"9"},"event":{"data":{"default":false,"created":1560523182489,"name":"showMainToolbar","value":true},"id":"UISettings"}}
{"session":"5d4881d95a94","build":"183.6156.11","bucket":"-1","time":1560523182467,"group":{"id":"settings","version":"9"},"event":{"data":{"created":1560523182489,"name":"showMemoryIndicator","value":false},"id":"UISettings"}}
{"session":"5d4881d95a94","build":"183.6156.11","bucket":"-1","time":1560523182467,"group":{"id":"settings","version":"9"},"event":{"data":{"created":1560523182490,"name":"showNavigationBar","value":true},"id":"UISettings"}}
{"session":"5d4881d95a94","build":"183.6156.11","bucket":"-1","time":1560523182467,"group":{"id":"settings","version":"9"},"event":{"data":{"created":1560523182490,"name":"showStatusBar","value":true},"id":"UISettings"}}
{"session":"5d4881d95a94","build":"183.6156.11","bucket":"-1","time":1560523182467,"group":{"id":"settings","version":"9"},"event":{"data":{"created":1560523182490,"name":"showTabsTooltips","value":true},"id":"UISettings"}}
{"session":"5d4881d95a94","build":"183.6156.11","bucket":"-1","time":1560523182467,"group":{"id":"settings","version":"9"},"event":{"data":{"created":1560523182491,"name":"showToolWindowsNumbers","value":true},"id":"UISettings"}}
{"session":"5d4881d95a94","build":"183.6156.11","bucket":"-1","time":1560523182467,"group":{"id":"settings","version":"9"},"event":{"data":{"created":1560523182491,"name":"smoothScrolling","value":false},"id":"UISettings"}}
{"session":"5d4881d95a94","build":"183.6156.11","bucket":"-1","time":1560523182467,"group":{"id":"settings","version":"9"},"event":{"data":{"created":1560523182491,"name":"sortBookmarks","value":false},"id":"UISettings"}}
{"session":"5d4881d95a94","build":"183.6156.11","bucket":"-1","time":1560523182467,"group":{"id":"settings","version":"9"},"event":{"data":{"default":false,"created":1560523182492,"name":"sortLookupElementsLexicographically","value":true},"id":"UISettings"}}
{"session":"5d4881d95a94","build":"183.6156.11","bucket":"-1","time":1560523182467,"group":{"id":"settings","version":"9"},"event":{"data":{"created":1560523182492,"name":"useSmallLabelsOnTabs","value":false},"id":"UISettings"}}
{"session":"5d4881d95a94","build":"183.6156.11","bucket":"-1","time":1560523182467,"group":{"id":"settings","version":"9"},"event":{"data":{"created":1560523182492,"name":"wideScreenSupport","value":false},"id":"UISettings"}}
{"session":"5d4881d95a94","build":"183.6156.11","bucket":"-1","time":1560523186382,"group":{"id":"settings","version":"9"},"event":{"data":{"created":1560523186383,"name":"autoSaveIfInactive","value":false},"id":"GeneralSettings"}}
{"session":"5d4881d95a94","build":"183.6156.11","bucket":"-1","time":1560523186382,"group":{"id":"settings","version":"9"},"event":{"data":{"created":1560523186383,"name":"confirmExit","value":true},"id":"GeneralSettings"}}
{"session":"5d4881d95a94","build":"183.6156.11","bucket":"-1","time":1560523186382,"group":{"id":"settings","version":"9"},"event":{"data":{"created":1560523186383,"name":"reopenLastProject","value":true},"id":"GeneralSettings"}}
{"session":"5d4881d95a94","build":"183.6156.11","bucket":"-1","time":1560523186383,"group":{"id":"settings","version":"9"},"event":{"data":{"created":1560523186384,"name":"saveOnFrameDeactivation","value":true},"id":"GeneralSettings"}}
{"session":"5d4881d95a94","build":"183.6156.11","bucket":"-1","time":1560523186383,"group":{"id":"settings","version":"9"},"event":{"data":{"created":1560523186384,"name":"searchInBackground","value":false},"id":"GeneralSettings"}}
{"session":"5d4881d95a94","build":"183.6156.11","bucket":"-1","time":1560523186383,"group":{"id":"settings","version":"9"},"event":{"data":{"default":false,"created":1560523186384,"name":"showTipsOnStartup","value":false},"id":"GeneralSettings"}}
{"session":"5d4881d95a94","build":"183.6156.11","bucket":"-1","time":1560523186383,"group":{"id":"settings","version":"9"},"event":{"data":{"created":1560523186384,"name":"showWelcomeScreen","value":true},"id":"GeneralSettings"}}
{"session":"5d4881d95a94","build":"183.6156.11","bucket":"-1","time":1560523186383,"group":{"id":"settings","version":"9"},"event":{"data":{"created":1560523186384,"name":"supportScreenReaders","value":false},"id":"GeneralSettings"}}
{"session":"5d4881d95a94","build":"183.6156.11","bucket":"-1","time":1560523186383,"group":{"id":"settings","version":"9"},"event":{"data":{"created":1560523186385,"name":"syncOnFrameActivation","value":true},"id":"GeneralSettings"}}
{"session":"5d4881d95a94","build":"183.6156.11","bucket":"-1","time":1560523186383,"group":{"id":"settings","version":"9"},"event":{"data":{"created":1560523186385,"name":"useDefaultBrowser","value":true},"id":"GeneralSettings"}}
{"session":"5d4881d95a94","build":"183.6156.11","bucket":"-1","time":1560523186383,"group":{"id":"settings","version":"9"},"event":{"data":{"created":1560523186385,"name":"useSafeWrite","value":true},"id":"GeneralSettings"}}
{"session":"5d4881d95a94","build":"183.6156.11","bucket":"-1","time":1560523215219,"group":{"id":"ui.dialogs","version":"9"},"event":{"count":1,"data":{"created":1560523215219,"type":"show"},"id":"com.intellij.openapi.progress.util.ProgressDialog$MyDialogWrapper"}}
{"session":"5d4881d95a94","build":"183.6156.11","bucket":"-1","time":1560523216202,"group":{"id":"statistics.lifecycle.app","version":"9"},"event":{"count":1,"data":{"created":1560523216202,"data_2":"30+","data_1":"timeSecondsGrouped"},"id":"ide.freeze"}}
{"session":"5d4881d95a94","build":"183.6156.11","bucket":"-1","time":1560523216280,"group":{"id":"lifecycle","version":"9"},"event":{"count":1,"data":{"durationSeconds":30,"created":1560523216280},"id":"ide.freeze"}}
{"session":"5d4881d95a94","build":"183.6156.11","bucket":"-1","time":1560523240027,"group":{"id":"ui.dialogs","version":"9"},"event":{"count":1,"data":{"code":1,"created":1560523240027,"type":"close"},"id":"com.intellij.openapi.progress.util.ProgressDialog$MyDialogWrapper"}}
{"session":"5d4881d95a94","build":"183.6156.11","bucket":"-1","time":1560523240449,"group":{"id":"statistics.lifecycle.project","version":"9"},"event":{"count":1,"data":{"created":1560523240449,"project":"1248437051"},"id":"project.opened"}}
{"session":"5d4881d95a94","build":"183.6156.11","bucket":"-1","time":1560523240449,"group":{"id":"lifecycle","version":"9"},"event":{"count":1,"data":{"created":1560523240449},"id":"project.opened"}}
{"session":"5d4881d95a94","build":"183.6156.11","bucket":"-1","time":1560523252370,"group":{"id":"statistics.lifecycle.app","version":"9"},"event":{"count":1,"data":{"created":1560523252370,"data_2":"10+","data_1":"timeSecondsGrouped"},"id":"ide.freeze"}}
{"session":"5d4881d95a94","build":"183.6156.11","bucket":"-1","time":1560523252370,"group":{"id":"lifecycle","version":"9"},"event":{"count":1,"data":{"durationSeconds":13,"created":1560523252370},"id":"ide.freeze"}}
{"session":"5d4881d95a94","build":"183.6156.11","bucket":"-1","time":1560523253324,"group":{"id":"ui.dialogs","version":"9"},"event":{"count":1,"data":{"created":1560523253324,"type":"show"},"id":"com.intellij.openapi.progress.util.ProgressDialog$MyDialogWrapper"}}
{"session":"5d4881d95a94","build":"183.6156.11","bucket":"-1","time":1560523265901,"group":{"id":"toolwindow.v2","version":"9"},"event":{"count":1,"data":{"created":1560523265901,"data_1":"Windows"},"id":"Project_by_Activation"}}
{"session":"5d4881d95a94","build":"183.6156.11","bucket":"-1","time":1560523268716,"group":{"id":"statistics.lifecycle.app","version":"9"},"event":{"count":1,"data":{"created":1560523268716},"id":"ide.start"}}
{"session":"5d4881d95a94","build":"183.6156.11","bucket":"-1","time":1560523268716,"group":{"id":"lifecycle","version":"9"},"event":{"count":1,"data":{"created":1560523268716},"id":"app.started"}}
{"session":"5d4881d95a94","build":"183.6156.11","bucket":"-1","time":1560523272064,"group":{"id":"ui.dialogs","version":"9"},"event":{"count":1,"data":{"code":1,"created":1560523272064,"type":"close"},"id":"com.intellij.openapi.progress.util.ProgressDialog$MyDialogWrapper"}}
{"session":"5d4881d95a94","build":"183.6156.11","bucket":"-1","time":1560523272414,"group":{"id":"statistics.lifecycle.project","version":"9"},"event":{"count":1,"data":{"created":1560523272414,"project":"1248437051"},"id":"project.open.time.58"}}
{"session":"5d4881d95a94","build":"183.6156.11","bucket":"-1","time":1560523272414,"group":{"id":"lifecycle","version":"9"},"event":{"count":1,"data":{"created":1560523272414,"time.ms":58609},"id":"project.opening.finished"}}
{"session":"5d4881d95a94","build":"183.6156.11","bucket":"-1","time":1560523290443,"group":{"id":"statistics.lifecycle.app","version":"9"},"event":{"count":1,"data":{"created":1560523290443,"data_2":"8","data_1":"timeSecondsGrouped"},"id":"ide.freeze"}}
{"session":"5d4881d95a94","build":"183.6156.11","bucket":"-1","time":1560523290443,"group":{"id":"lifecycle","version":"9"},"event":{"count":1,"data":{"durationSeconds":8,"created":1560523290443},"id":"ide.freeze"}}
{"session":"5d4881d95a94","build":"183.6156.11","bucket":"-1","time":1560523306477,"group":{"id":"statistics.lifecycle.app","version":"9"},"event":{"count":1,"data":{"created":1560523306477,"data_2":"8","data_1":"timeSecondsGrouped"},"id":"ide.freeze"}}
{"session":"5d4881d95a94","build":"183.6156.11","bucket":"-1","time":1560523306477,"group":{"id":"lifecycle","version":"9"},"event":{"count":1,"data":{"durationSeconds":8,"created":1560523306478},"id":"ide.freeze"}}
{"session":"5d4881d95a94","build":"183.6156.11","bucket":"-1","time":1560523343954,"group":{"id":"actions.v2","version":"9"},"event":{"count":1,"data":{"context_menu":false,"created":1560523343954,"data_1":"Windows","input_event":"Ctrl+Shift+R"},"id":"GotoFile"}}
{"session":"5d4881d95a94","build":"183.6156.11","bucket":"-1","time":1560523344065,"group":{"id":"statistics.searchEverywhere","version":"9"},"event":{"count":1,"data":{"created":1560523344065,"project":"1248437051","data_1":"FileSearchEverywhereContributor"},"id":"dialogOpen"}}
{"session":"5d4881d95a94","build":"183.6156.11","bucket":"-1","time":1560523355015,"group":{"id":"ui.dialogs","version":"9"},"event":{"count":1,"data":{"created":1560523355015,"type":"show"},"id":"com.intellij.ui.components.LegalNoticeDialog"}}
{"session":"5d4881d95a94","build":"183.6156.11","bucket":"-1","time":1560523362380,"group":{"id":"ui.dialogs","version":"9"},"event":{"count":1,"data":{"code":0,"created":1560523362380,"type":"close"},"id":"com.intellij.ui.components.LegalNoticeDialog"}}
{"session":"5d4881d95a94","build":"183.6156.11","bucket":"-1","time":1560523362531,"group":{"id":"statistics.file.types.open","version":"9"},"event":{"count":1,"data":{"created":1560523362531,"project":"1248437051"},"id":"CLASS"}}
{"session":"5d4881d95a94","build":"183.6156.11","bucket":"-1","time":1560523457122,"group":{"id":"actions.v2","version":"9"},"event":{"count":1,"data":{"context_menu":false,"created":1560523457122,"data_1":"Windows","input_event":"Ctrl+T"},"id":"GotoImplementation"}}
{"session":"5d4881d95a94","build":"183.6156.11","bucket":"-1","time":1560523457132,"group":{"id":"statistics.productivity","version":"9"},"event":{"count":1,"data":{"created":1560523457132},"id":"navigation.goto.implementation"}}
{"session":"5d4881d95a94","build":"183.6156.11","bucket":"-1","time":1560523470578,"group":{"id":"statistics.file.types.open","version":"9"},"event":{"count":1,"data":{"created":1560523470578,"project":"1248437051"},"id":"CLASS"}}
{"session":"5d4881d95a94","build":"183.6156.11","bucket":"-1","time":1560523511197,"group":{"id":"actions.v2","version":"9"},"event":{"count":1,"data":{"context_menu":false,"created":1560523511198,"data_1":"Windows"},"id":"GotoDeclaration"}}
{"session":"5d4881d95a94","build":"183.6156.11","bucket":"-1","time":1560523511205,"group":{"id":"statistics.productivity","version":"9"},"event":{"count":1,"data":{"created":1560523511205},"id":"navigation.goto.declaration"}}
