{"session":"9b54b7f2d8a2","build":"183.6156.11","bucket":"-1","time":1555221592859,"group":{"id":"system.os.name","version":"9"},"event":{"data":{"created":1555221592861},"id":"Windows"}}
{"session":"9b54b7f2d8a2","build":"183.6156.11","bucket":"-1","time":1555221592860,"group":{"id":"system.os.version","version":"9"},"event":{"data":{"created":1555221592899},"id":"10.0"}}
{"session":"9b54b7f2d8a2","build":"183.6156.11","bucket":"-1","time":1555221592860,"group":{"id":"system.jvm.vendor","version":"9"},"event":{"data":{"created":1555221592910},"id":"JetBrains_s.r.o"}}
{"session":"9b54b7f2d8a2","build":"183.6156.11","bucket":"-1","time":1555221592861,"group":{"id":"system.jvm.version","version":"9"},"event":{"data":{"created":1555221592911},"id":"1.8"}}
{"session":"9b54b7f2d8a2","build":"183.6156.11","bucket":"-1","time":1555221592951,"group":{"id":"settings","version":"9"},"event":{"data":{"created":1555221592951,"name":"activeMruEditorOnClose","value":false},"id":"UISettings"}}
{"session":"9b54b7f2d8a2","build":"183.6156.11","bucket":"-1","time":1555221592951,"group":{"id":"settings","version":"9"},"event":{"data":{"created":1555221592952,"name":"activeRightEditorOnClose","value":false},"id":"UISettings"}}
{"session":"9b54b7f2d8a2","build":"183.6156.11","bucket":"-1","time":1555221592951,"group":{"id":"settings","version":"9"},"event":{"data":{"created":1555221592953,"name":"allowMergeButtons","value":true},"id":"UISettings"}}
{"session":"9b54b7f2d8a2","build":"183.6156.11","bucket":"-1","time":1555221592951,"group":{"id":"settings","version":"9"},"event":{"data":{"created":1555221592953,"name":"alwaysShowWindowsButton","value":false},"id":"UISettings"}}
{"session":"9b54b7f2d8a2","build":"183.6156.11","bucket":"-1","time":1555221592951,"group":{"id":"settings","version":"9"},"event":{"data":{"created":1555221592953,"name":"animateWindows","value":true},"id":"UISettings"}}
{"session":"9b54b7f2d8a2","build":"183.6156.11","bucket":"-1","time":1555221592951,"group":{"id":"settings","version":"9"},"event":{"data":{"created":1555221592954,"name":"closeNonModifiedFilesFirst","value":false},"id":"UISettings"}}
{"session":"9b54b7f2d8a2","build":"183.6156.11","bucket":"-1","time":1555221592951,"group":{"id":"settings","version":"9"},"event":{"data":{"created":1555221592954,"name":"closeTabButtonOnTheRight","value":true},"id":"UISettings"}}
{"session":"9b54b7f2d8a2","build":"183.6156.11","bucket":"-1","time":1555221592951,"group":{"id":"settings","version":"9"},"event":{"data":{"created":1555221592955,"name":"cycleScrolling","value":true},"id":"UISettings"}}
{"session":"9b54b7f2d8a2","build":"183.6156.11","bucket":"-1","time":1555221592951,"group":{"id":"settings","version":"9"},"event":{"data":{"created":1555221592955,"name":"defaultAutoScrollToSource","value":false},"id":"UISettings"}}
{"session":"9b54b7f2d8a2","build":"183.6156.11","bucket":"-1","time":1555221592951,"group":{"id":"settings","version":"9"},"event":{"data":{"created":1555221592955,"name":"disableMnemonics","value":false},"id":"UISettings"}}
{"session":"9b54b7f2d8a2","build":"183.6156.11","bucket":"-1","time":1555221592951,"group":{"id":"settings","version":"9"},"event":{"data":{"created":1555221592956,"name":"disableMnemonicsInControls","value":false},"id":"UISettings"}}
{"session":"9b54b7f2d8a2","build":"183.6156.11","bucket":"-1","time":1555221592951,"group":{"id":"settings","version":"9"},"event":{"data":{"created":1555221592956,"name":"dndWithPressedAltOnly","value":false},"id":"UISettings"}}
{"session":"9b54b7f2d8a2","build":"183.6156.11","bucket":"-1","time":1555221592951,"group":{"id":"settings","version":"9"},"event":{"data":{"created":1555221592957,"name":"enableAlphaMode","value":false},"id":"UISettings"}}
{"session":"9b54b7f2d8a2","build":"183.6156.11","bucket":"-1","time":1555221592951,"group":{"id":"settings","version":"9"},"event":{"data":{"created":1555221592957,"name":"hideKnownExtensionInTabs","value":false},"id":"UISettings"}}
{"session":"9b54b7f2d8a2","build":"183.6156.11","bucket":"-1","time":1555221592951,"group":{"id":"settings","version":"9"},"event":{"data":{"created":1555221592958,"name":"hideNavigationOnFocusLoss","value":true},"id":"UISettings"}}
{"session":"9b54b7f2d8a2","build":"183.6156.11","bucket":"-1","time":1555221592951,"group":{"id":"settings","version":"9"},"event":{"data":{"created":1555221592958,"name":"hideTabsIfNeed","value":true},"id":"UISettings"}}
{"session":"9b54b7f2d8a2","build":"183.6156.11","bucket":"-1","time":1555221592951,"group":{"id":"settings","version":"9"},"event":{"data":{"created":1555221592959,"name":"hideToolStripes","value":false},"id":"UISettings"}}
{"session":"9b54b7f2d8a2","build":"183.6156.11","bucket":"-1","time":1555221592951,"group":{"id":"settings","version":"9"},"event":{"data":{"created":1555221592959,"name":"leftHorizontalSplit","value":false},"id":"UISettings"}}
{"session":"9b54b7f2d8a2","build":"183.6156.11","bucket":"-1","time":1555221592951,"group":{"id":"settings","version":"9"},"event":{"data":{"created":1555221592959,"name":"markModifiedTabsWithAsterisk","value":false},"id":"UISettings"}}
{"session":"9b54b7f2d8a2","build":"183.6156.11","bucket":"-1","time":1555221592951,"group":{"id":"settings","version":"9"},"event":{"data":{"created":1555221592960,"name":"mergeEqualStackTraces","value":true},"id":"UISettings"}}
{"session":"9b54b7f2d8a2","build":"183.6156.11","bucket":"-1","time":1555221592951,"group":{"id":"settings","version":"9"},"event":{"data":{"created":1555221592960,"name":"moveMouseOnDefaultButton","value":false},"id":"UISettings"}}
{"session":"9b54b7f2d8a2","build":"183.6156.11","bucket":"-1","time":1555221592951,"group":{"id":"settings","version":"9"},"event":{"data":{"created":1555221592960,"name":"navigateToPreview","value":false},"id":"UISettings"}}
{"session":"9b54b7f2d8a2","build":"183.6156.11","bucket":"-1","time":1555221592951,"group":{"id":"settings","version":"9"},"event":{"data":{"created":1555221592961,"name":"overrideConsoleCycleBufferSize","value":false},"id":"UISettings"}}
{"session":"9b54b7f2d8a2","build":"183.6156.11","bucket":"-1","time":1555221592951,"group":{"id":"settings","version":"9"},"event":{"data":{"default":false,"created":1555221592961,"name":"overrideLafFonts","value":true},"id":"UISettings"}}
{"session":"9b54b7f2d8a2","build":"183.6156.11","bucket":"-1","time":1555221592951,"group":{"id":"settings","version":"9"},"event":{"data":{"created":1555221592962,"name":"pinFindInPath","value":false},"id":"UISettings"}}
{"session":"9b54b7f2d8a2","build":"183.6156.11","bucket":"-1","time":1555221592951,"group":{"id":"settings","version":"9"},"event":{"data":{"created":1555221592962,"name":"presentationMode","value":false},"id":"UISettings"}}
{"session":"9b54b7f2d8a2","build":"183.6156.11","bucket":"-1","time":1555221592951,"group":{"id":"settings","version":"9"},"event":{"data":{"created":1555221592962,"name":"reuseNotModifiedTabs","value":false},"id":"UISettings"}}
{"session":"9b54b7f2d8a2","build":"183.6156.11","bucket":"-1","time":1555221592951,"group":{"id":"settings","version":"9"},"event":{"data":{"created":1555221592963,"name":"rightHorizontalSplit","value":false},"id":"UISettings"}}
{"session":"9b54b7f2d8a2","build":"183.6156.11","bucket":"-1","time":1555221592951,"group":{"id":"settings","version":"9"},"event":{"data":{"created":1555221592963,"name":"scrollTabLayoutInEditor","value":true},"id":"UISettings"}}
{"session":"9b54b7f2d8a2","build":"183.6156.11","bucket":"-1","time":1555221592951,"group":{"id":"settings","version":"9"},"event":{"data":{"created":1555221592964,"name":"showCloseButton","value":true},"id":"UISettings"}}
{"session":"9b54b7f2d8a2","build":"183.6156.11","bucket":"-1","time":1555221592951,"group":{"id":"settings","version":"9"},"event":{"data":{"created":1555221592964,"name":"showDirectoryForNonUniqueFilenames","value":true},"id":"UISettings"}}
{"session":"9b54b7f2d8a2","build":"183.6156.11","bucket":"-1","time":1555221592951,"group":{"id":"settings","version":"9"},"event":{"data":{"created":1555221592965,"name":"showEditorToolTip","value":true},"id":"UISettings"}}
{"session":"9b54b7f2d8a2","build":"183.6156.11","bucket":"-1","time":1555221592951,"group":{"id":"settings","version":"9"},"event":{"data":{"created":1555221592965,"name":"showIconInQuickNavigation","value":true},"id":"UISettings"}}
{"session":"9b54b7f2d8a2","build":"183.6156.11","bucket":"-1","time":1555221592951,"group":{"id":"settings","version":"9"},"event":{"data":{"created":1555221592966,"name":"showIconsInMenus","value":true},"id":"UISettings"}}
{"session":"9b54b7f2d8a2","build":"183.6156.11","bucket":"-1","time":1555221592951,"group":{"id":"settings","version":"9"},"event":{"data":{"default":false,"created":1555221592966,"name":"showMainToolbar","value":true},"id":"UISettings"}}
{"session":"9b54b7f2d8a2","build":"183.6156.11","bucket":"-1","time":1555221592951,"group":{"id":"settings","version":"9"},"event":{"data":{"created":1555221592966,"name":"showMemoryIndicator","value":false},"id":"UISettings"}}
{"session":"9b54b7f2d8a2","build":"183.6156.11","bucket":"-1","time":1555221592951,"group":{"id":"settings","version":"9"},"event":{"data":{"created":1555221592967,"name":"showNavigationBar","value":true},"id":"UISettings"}}
{"session":"9b54b7f2d8a2","build":"183.6156.11","bucket":"-1","time":1555221592951,"group":{"id":"settings","version":"9"},"event":{"data":{"created":1555221592967,"name":"showStatusBar","value":true},"id":"UISettings"}}
{"session":"9b54b7f2d8a2","build":"183.6156.11","bucket":"-1","time":1555221592951,"group":{"id":"settings","version":"9"},"event":{"data":{"created":1555221592967,"name":"showTabsTooltips","value":true},"id":"UISettings"}}
{"session":"9b54b7f2d8a2","build":"183.6156.11","bucket":"-1","time":1555221592951,"group":{"id":"settings","version":"9"},"event":{"data":{"created":1555221592968,"name":"showToolWindowsNumbers","value":true},"id":"UISettings"}}
{"session":"9b54b7f2d8a2","build":"183.6156.11","bucket":"-1","time":1555221592951,"group":{"id":"settings","version":"9"},"event":{"data":{"created":1555221592968,"name":"smoothScrolling","value":false},"id":"UISettings"}}
{"session":"9b54b7f2d8a2","build":"183.6156.11","bucket":"-1","time":1555221592951,"group":{"id":"settings","version":"9"},"event":{"data":{"created":1555221592968,"name":"sortBookmarks","value":false},"id":"UISettings"}}
{"session":"9b54b7f2d8a2","build":"183.6156.11","bucket":"-1","time":1555221592951,"group":{"id":"settings","version":"9"},"event":{"data":{"default":false,"created":1555221592968,"name":"sortLookupElementsLexicographically","value":true},"id":"UISettings"}}
{"session":"9b54b7f2d8a2","build":"183.6156.11","bucket":"-1","time":1555221592951,"group":{"id":"settings","version":"9"},"event":{"data":{"created":1555221592969,"name":"useSmallLabelsOnTabs","value":false},"id":"UISettings"}}
{"session":"9b54b7f2d8a2","build":"183.6156.11","bucket":"-1","time":1555221592951,"group":{"id":"settings","version":"9"},"event":{"data":{"created":1555221592969,"name":"wideScreenSupport","value":false},"id":"UISettings"}}
{"session":"9b54b7f2d8a2","build":"183.6156.11","bucket":"-1","time":1555221596188,"group":{"id":"settings","version":"9"},"event":{"data":{"created":1555221596188,"name":"autoSaveIfInactive","value":false},"id":"GeneralSettings"}}
{"session":"9b54b7f2d8a2","build":"183.6156.11","bucket":"-1","time":1555221596188,"group":{"id":"settings","version":"9"},"event":{"data":{"created":1555221596188,"name":"confirmExit","value":true},"id":"GeneralSettings"}}
{"session":"9b54b7f2d8a2","build":"183.6156.11","bucket":"-1","time":1555221596188,"group":{"id":"settings","version":"9"},"event":{"data":{"created":1555221596189,"name":"reopenLastProject","value":true},"id":"GeneralSettings"}}
{"session":"9b54b7f2d8a2","build":"183.6156.11","bucket":"-1","time":1555221596188,"group":{"id":"settings","version":"9"},"event":{"data":{"created":1555221596189,"name":"saveOnFrameDeactivation","value":true},"id":"GeneralSettings"}}
{"session":"9b54b7f2d8a2","build":"183.6156.11","bucket":"-1","time":1555221596188,"group":{"id":"settings","version":"9"},"event":{"data":{"created":1555221596189,"name":"searchInBackground","value":false},"id":"GeneralSettings"}}
{"session":"9b54b7f2d8a2","build":"183.6156.11","bucket":"-1","time":1555221596188,"group":{"id":"settings","version":"9"},"event":{"data":{"default":false,"created":1555221596189,"name":"showTipsOnStartup","value":false},"id":"GeneralSettings"}}
{"session":"9b54b7f2d8a2","build":"183.6156.11","bucket":"-1","time":1555221596188,"group":{"id":"settings","version":"9"},"event":{"data":{"created":1555221596190,"name":"showWelcomeScreen","value":true},"id":"GeneralSettings"}}
{"session":"9b54b7f2d8a2","build":"183.6156.11","bucket":"-1","time":1555221596188,"group":{"id":"settings","version":"9"},"event":{"data":{"created":1555221596190,"name":"supportScreenReaders","value":false},"id":"GeneralSettings"}}
{"session":"9b54b7f2d8a2","build":"183.6156.11","bucket":"-1","time":1555221596188,"group":{"id":"settings","version":"9"},"event":{"data":{"created":1555221596190,"name":"syncOnFrameActivation","value":true},"id":"GeneralSettings"}}
{"session":"9b54b7f2d8a2","build":"183.6156.11","bucket":"-1","time":1555221596188,"group":{"id":"settings","version":"9"},"event":{"data":{"created":1555221596190,"name":"useDefaultBrowser","value":true},"id":"GeneralSettings"}}
{"session":"9b54b7f2d8a2","build":"183.6156.11","bucket":"-1","time":1555221596188,"group":{"id":"settings","version":"9"},"event":{"data":{"created":1555221596190,"name":"useSafeWrite","value":true},"id":"GeneralSettings"}}
{"session":"9b54b7f2d8a2","build":"183.6156.11","bucket":"-1","time":1555221621341,"group":{"id":"ui.dialogs","version":"9"},"event":{"count":1,"data":{"created":1555221621342,"type":"show"},"id":"com.intellij.openapi.progress.util.ProgressDialog$MyDialogWrapper"}}
{"session":"9b54b7f2d8a2","build":"183.6156.11","bucket":"-1","time":1555221622734,"group":{"id":"statistics.lifecycle.app","version":"9"},"event":{"count":1,"data":{"created":1555221622734,"data_2":"20+","data_1":"timeSecondsGrouped"},"id":"ide.freeze"}}
{"session":"9b54b7f2d8a2","build":"183.6156.11","bucket":"-1","time":1555221622796,"group":{"id":"lifecycle","version":"9"},"event":{"count":1,"data":{"durationSeconds":26,"created":1555221622796},"id":"ide.freeze"}}
{"session":"9b54b7f2d8a2","build":"183.6156.11","bucket":"-1","time":1555221642360,"group":{"id":"ui.dialogs","version":"9"},"event":{"count":1,"data":{"code":1,"created":1555221642360,"type":"close"},"id":"com.intellij.openapi.progress.util.ProgressDialog$MyDialogWrapper"}}
{"session":"9b54b7f2d8a2","build":"183.6156.11","bucket":"-1","time":1555221642818,"group":{"id":"statistics.lifecycle.project","version":"9"},"event":{"count":1,"data":{"created":1555221642818,"project":"1248437051"},"id":"project.opened"}}
{"session":"9b54b7f2d8a2","build":"183.6156.11","bucket":"-1","time":1555221642818,"group":{"id":"lifecycle","version":"9"},"event":{"count":1,"data":{"created":1555221642819},"id":"project.opened"}}
{"session":"9b54b7f2d8a2","build":"183.6156.11","bucket":"-1","time":1555221649686,"group":{"id":"ui.dialogs","version":"9"},"event":{"count":1,"data":{"created":1555221649686,"type":"show"},"id":"com.intellij.openapi.progress.util.ProgressDialog$MyDialogWrapper"}}
{"session":"9b54b7f2d8a2","build":"183.6156.11","bucket":"-1","time":1555221649829,"group":{"id":"statistics.lifecycle.app","version":"9"},"event":{"count":1,"data":{"created":1555221649829,"data_2":"8","data_1":"timeSecondsGrouped"},"id":"ide.freeze"}}
{"session":"9b54b7f2d8a2","build":"183.6156.11","bucket":"-1","time":1555221649829,"group":{"id":"lifecycle","version":"9"},"event":{"count":1,"data":{"durationSeconds":8,"created":1555221649830},"id":"ide.freeze"}}
{"session":"9b54b7f2d8a2","build":"183.6156.11","bucket":"-1","time":1555221658644,"group":{"id":"statistics.lifecycle.app","version":"9"},"event":{"count":1,"data":{"created":1555221658644},"id":"ide.start"}}
{"session":"9b54b7f2d8a2","build":"183.6156.11","bucket":"-1","time":1555221658644,"group":{"id":"lifecycle","version":"9"},"event":{"count":1,"data":{"created":1555221658644},"id":"app.started"}}
{"session":"9b54b7f2d8a2","build":"183.6156.11","bucket":"-1","time":1555221660553,"group":{"id":"ui.dialogs","version":"9"},"event":{"count":1,"data":{"code":1,"created":1555221660553,"type":"close"},"id":"com.intellij.openapi.progress.util.ProgressDialog$MyDialogWrapper"}}
{"session":"9b54b7f2d8a2","build":"183.6156.11","bucket":"-1","time":1555221660812,"group":{"id":"statistics.lifecycle.project","version":"9"},"event":{"count":1,"data":{"created":1555221660812,"project":"1248437051"},"id":"project.open.time.40"}}
{"session":"9b54b7f2d8a2","build":"183.6156.11","bucket":"-1","time":1555221660812,"group":{"id":"lifecycle","version":"9"},"event":{"count":1,"data":{"created":1555221660813,"time.ms":40549},"id":"project.opening.finished"}}
{"session":"9b54b7f2d8a2","build":"183.6156.11","bucket":"-1","time":1555221673878,"group":{"id":"statistics.lifecycle.app","version":"9"},"event":{"count":1,"data":{"created":1555221673878,"data_2":"8","data_1":"timeSecondsGrouped"},"id":"ide.freeze"}}
{"session":"9b54b7f2d8a2","build":"183.6156.11","bucket":"-1","time":1555221673878,"group":{"id":"lifecycle","version":"9"},"event":{"count":1,"data":{"durationSeconds":8,"created":1555221673878},"id":"ide.freeze"}}
{"session":"9b54b7f2d8a2","build":"183.6156.11","bucket":"-1","time":1555221676108,"group":{"id":"ui.dialogs","version":"9"},"event":{"count":1,"data":{"created":1555221676108,"type":"show"},"id":"com.intellij.openapi.options.newEditor.SettingsDialog"}}
{"session":"9b54b7f2d8a2","build":"183.6156.11","bucket":"-1","time":1555221691572,"group":{"id":"ui.dialogs","version":"9"},"event":{"count":1,"data":{"code":1,"created":1555221691572,"type":"close"},"id":"com.intellij.openapi.options.newEditor.SettingsDialog"}}
{"session":"9b54b7f2d8a2","build":"183.6156.11","bucket":"-1","time":1555221695033,"group":{"id":"actions.v2","version":"9"},"event":{"count":1,"data":{"context_menu":false,"created":1555221695033,"data_1":"Windows"},"id":"JRebel_Debug"}}
{"session":"9b54b7f2d8a2","build":"183.6156.11","bucket":"-1","time":1555221695361,"group":{"id":"statistics.ui.toolbar.clicks","version":"9"},"event":{"count":1,"data":{"created":1555221695361,"data_1":"Windows"},"id":"JRebel_Debug@MainToolbar"}}
{"session":"9b54b7f2d8a2","build":"183.6156.11","bucket":"-1","time":1555221695589,"group":{"id":"statistics.run.configuration.start","version":"9"},"event":{"count":1,"data":{"created":1555221695589,"project":"1248437051","data_1":"JRebel_Debug"},"id":"#com.intellij.j2ee.web.tomcat.TomcatRunConfigurationFactory.Local"}}
{"session":"9b54b7f2d8a2","build":"183.6156.11","bucket":"-1","time":1555221696935,"group":{"id":"statistics.ui.toolbar.clicks","version":"9"},"event":{"count":1,"data":{"created":1555221696935,"data_1":"Windows"},"id":"com.intellij.openapi.wm.impl.ToolWindowHeader$HideAction@ToolwindowTitle"}}
{"session":"9b54b7f2d8a2","build":"183.6156.11","bucket":"-1","time":1555221704289,"group":{"id":"toolwindow.v2","version":"9"},"event":{"count":1,"data":{"created":1555221704289,"data_1":"Windows"},"id":"Debug_by_Activation"}}
{"session":"9b54b7f2d8a2","build":"183.6156.11","bucket":"-1","time":1555221731922,"group":{"id":"toolwindow.v2","version":"9"},"event":{"count":1,"data":{"created":1555221731922,"data_1":"Windows"},"id":"Project_by_Activation"}}
{"session":"9b54b7f2d8a2","build":"183.6156.11","bucket":"-1","time":1555221755378,"group":{"id":"statistics.ui.toolbar.clicks","version":"9"},"event":{"count":1,"data":{"created":1555221755378,"data_1":"Windows"},"id":"RunConfiguration@MainToolbar"}}
{"session":"9b54b7f2d8a2","build":"183.6156.11","bucket":"-1","time":1555221755901,"group":{"id":"actions.v2","version":"9"},"event":{"count":1,"data":{"context_menu":false,"created":1555221755901,"data_1":"Windows"},"id":"editRunConfigurations"}}
{"session":"9b54b7f2d8a2","build":"183.6156.11","bucket":"-1","time":1555221756033,"group":{"id":"ui.dialogs","version":"9"},"event":{"count":1,"data":{"created":1555221756033,"type":"show"},"id":"com.intellij.execution.impl.EditConfigurationsDialog"}}
{"session":"9b54b7f2d8a2","build":"183.6156.11","bucket":"-1","time":1555221796146,"group":{"id":"actions.v2","version":"9"},"event":{"count":1,"data":{"context_menu":false,"created":1555221796146,"data_1":"Windows","input_event":"Ctrl+V"},"id":"EditorPaste"}}
{"session":"9b54b7f2d8a2","build":"183.6156.11","bucket":"-1","time":1555221799501,"group":{"id":"ui.dialogs","version":"9"},"event":{"count":1,"data":{"code":0,"created":1555221799501,"type":"close"},"id":"com.intellij.execution.impl.EditConfigurationsDialog"}}
{"session":"9b54b7f2d8a2","build":"183.6156.11","bucket":"-1","time":1555221801330,"group":{"id":"actions.v2","version":"9"},"event":{"count":1,"data":{"context_menu":false,"created":1555221801330,"data_1":"Windows"},"id":"Stop"}}
{"session":"9b54b7f2d8a2","build":"183.6156.11","bucket":"-1","time":1555221801330,"group":{"id":"statistics.ui.toolbar.clicks","version":"9"},"event":{"count":1,"data":{"created":1555221801330,"data_1":"Windows"},"id":"Stop@MainToolbar"}}
{"session":"9b54b7f2d8a2","build":"183.6156.11","bucket":"-1","time":1555221804589,"group":{"id":"actions.v2","version":"9"},"event":{"count":1,"data":{"context_menu":false,"created":1555221804589,"data_1":"Windows"},"id":"JRebel_Debug"}}
{"session":"9b54b7f2d8a2","build":"183.6156.11","bucket":"-1","time":1555221804593,"group":{"id":"statistics.ui.toolbar.clicks","version":"9"},"event":{"count":1,"data":{"created":1555221804593,"data_1":"Windows"},"id":"JRebel_Debug@MainToolbar"}}
{"session":"9b54b7f2d8a2","build":"183.6156.11","bucket":"-1","time":1555221804647,"group":{"id":"statistics.run.configuration.start","version":"9"},"event":{"count":1,"data":{"created":1555221804647,"project":"1248437051","data_1":"JRebel_Debug"},"id":"#com.intellij.j2ee.web.tomcat.TomcatRunConfigurationFactory.Local"}}
{"session":"9b54b7f2d8a2","build":"183.6156.11","bucket":"-1","time":1555221808092,"group":{"id":"toolwindow.v2","version":"9"},"event":{"count":1,"data":{"created":1555221808092,"data_1":"Windows"},"id":"Debug_by_Activation"}}
{"session":"9b54b7f2d8a2","build":"183.6156.11","bucket":"-1","time":1555221808147,"group":{"id":"toolwindow.v2","version":"9"},"event":{"count":1,"data":{"created":1555221808148,"data_1":"Windows"},"id":"Project_by_Activation"}}
{"session":"9b54b7f2d8a2","build":"183.6156.11","bucket":"-1","time":1555221875319,"group":{"id":"toolwindow.v2","version":"9"},"event":{"count":1,"data":{"created":1555221875319,"data_1":"Windows"},"id":"Debug_by_Activation"}}
{"session":"9b54b7f2d8a2","build":"183.6156.11","bucket":"-1","time":1555221883320,"group":{"id":"statistics.actions.main.menu.v2","version":"9"},"event":{"count":1,"data":{"created":1555221883320,"data_1":"Windows"},"id":"File_->_Settings..."}}
{"session":"9b54b7f2d8a2","build":"183.6156.11","bucket":"-1","time":1555221883325,"group":{"id":"actions.v2","version":"9"},"event":{"count":1,"data":{"context_menu":true,"created":1555221883325,"place":"MainMenu","data_1":"Windows"},"id":"ShowSettings"}}
{"session":"9b54b7f2d8a2","build":"183.6156.11","bucket":"-1","time":1555221884567,"group":{"id":"ui.dialogs","version":"9"},"event":{"count":1,"data":{"created":1555221884567,"type":"show"},"id":"com.intellij.openapi.options.newEditor.SettingsDialog"}}
{"session":"9b54b7f2d8a2","build":"183.6156.11","bucket":"-1","time":1555221902142,"group":{"id":"actions.v2","version":"9"},"event":{"count":2,"data":{"context_menu":false,"last":1555221902679,"created":1555221902142,"data_1":"Windows","input_event":"Backspace"},"id":"EditorBackSpace"}}
{"session":"9b54b7f2d8a2","build":"183.6156.11","bucket":"-1","time":1555222117394,"group":{"id":"ui.dialogs","version":"9"},"event":{"count":1,"data":{"code":1,"created":1555222117394,"type":"close"},"id":"com.intellij.openapi.options.newEditor.SettingsDialog"}}
{"session":"9b54b7f2d8a2","build":"183.6156.11","bucket":"-1","time":1555222118770,"group":{"id":"actions.v2","version":"9"},"event":{"count":1,"data":{"context_menu":false,"created":1555222118770,"data_1":"Windows"},"id":"Stop"}}
{"session":"9b54b7f2d8a2","build":"183.6156.11","bucket":"-1","time":1555222118770,"group":{"id":"statistics.ui.toolbar.clicks","version":"9"},"event":{"count":1,"data":{"created":1555222118770,"data_1":"Windows"},"id":"Stop@MainToolbar"}}
{"session":"9b54b7f2d8a2","build":"183.6156.11","bucket":"-1","time":1555222127371,"group":{"id":"statistics.actions.main.menu.v2","version":"9"},"event":{"count":1,"data":{"created":1555222127371,"data_1":"Windows"},"id":"File_->_Invalidate_Caches_/_Restart..."}}
{"session":"9b54b7f2d8a2","build":"183.6156.11","bucket":"-1","time":1555222127375,"group":{"id":"actions.v2","version":"9"},"event":{"count":1,"data":{"context_menu":true,"created":1555222127375,"place":"MainMenu","data_1":"Windows"},"id":"InvalidateCaches"}}
{"session":"9b54b7f2d8a2","build":"183.6156.11","bucket":"-1","time":1555222127403,"group":{"id":"ui.dialogs","version":"9"},"event":{"count":1,"data":{"created":1555222127403,"type":"show"},"id":"com.intellij.openapi.ui.messages.MessageDialog"}}
{"session":"9b54b7f2d8a2","build":"183.6156.11","bucket":"-1","time":1555222128732,"group":{"id":"statistics.lifecycle.app","version":"9"},"event":{"count":1,"data":{"created":1555222128732},"id":"ide.close"}}
{"session":"9b54b7f2d8a2","build":"183.6156.11","bucket":"-1","time":1555222128732,"group":{"id":"statistics.lifecycle.app","version":"9"},"event":{"count":1,"data":{"created":1555222128732},"id":"ide.close.restart"}}
{"session":"9b54b7f2d8a2","build":"183.6156.11","bucket":"-1","time":1555222128732,"group":{"id":"lifecycle","version":"9"},"event":{"count":1,"data":{"restart":true,"created":1555222128732},"id":"app.closed"}}
{"session":"9b54b7f2d8a2","build":"183.6156.11","bucket":"-1","time":1555222128801,"group":{"id":"statistics.lifecycle.project","version":"9"},"event":{"count":1,"data":{"created":1555222128801,"project":"1248437051"},"id":"project.closed"}}
{"session":"9b54b7f2d8a2","build":"183.6156.11","bucket":"-1","time":1555222128952,"group":{"id":"lifecycle","version":"9"},"event":{"count":1,"data":{"created":1555222128952},"id":"project.closed"}}
