{"session":"3d89acd684fa","build":"183.6156.11","bucket":"-1","time":1558481082614,"group":{"id":"system.os.name","version":"9"},"event":{"data":{"created":1558481082616},"id":"Windows"}}
{"session":"3d89acd684fa","build":"183.6156.11","bucket":"-1","time":1558481082616,"group":{"id":"system.os.version","version":"9"},"event":{"data":{"created":1558481082705},"id":"10.0"}}
{"session":"3d89acd684fa","build":"183.6156.11","bucket":"-1","time":1558481082616,"group":{"id":"system.jvm.vendor","version":"9"},"event":{"data":{"created":1558481083088},"id":"JetBrains_s.r.o"}}
{"session":"3d89acd684fa","build":"183.6156.11","bucket":"-1","time":1558481082616,"group":{"id":"system.jvm.version","version":"9"},"event":{"data":{"created":1558481083089},"id":"1.8"}}
{"session":"3d89acd684fa","build":"183.6156.11","bucket":"-1","time":1558481082705,"group":{"id":"settings","version":"9"},"event":{"data":{"created":1558481083089,"name":"activeMruEditorOnClose","value":false},"id":"UISettings"}}
{"session":"3d89acd684fa","build":"183.6156.11","bucket":"-1","time":1558481082705,"group":{"id":"settings","version":"9"},"event":{"data":{"created":1558481083095,"name":"activeRightEditorOnClose","value":false},"id":"UISettings"}}
{"session":"3d89acd684fa","build":"183.6156.11","bucket":"-1","time":1558481082705,"group":{"id":"settings","version":"9"},"event":{"data":{"created":1558481083096,"name":"allowMergeButtons","value":true},"id":"UISettings"}}
{"session":"3d89acd684fa","build":"183.6156.11","bucket":"-1","time":1558481082705,"group":{"id":"settings","version":"9"},"event":{"data":{"created":1558481083096,"name":"alwaysShowWindowsButton","value":false},"id":"UISettings"}}
{"session":"3d89acd684fa","build":"183.6156.11","bucket":"-1","time":1558481082705,"group":{"id":"settings","version":"9"},"event":{"data":{"created":1558481083096,"name":"animateWindows","value":true},"id":"UISettings"}}
{"session":"3d89acd684fa","build":"183.6156.11","bucket":"-1","time":1558481082705,"group":{"id":"settings","version":"9"},"event":{"data":{"created":1558481083097,"name":"closeNonModifiedFilesFirst","value":false},"id":"UISettings"}}
{"session":"3d89acd684fa","build":"183.6156.11","bucket":"-1","time":1558481082705,"group":{"id":"settings","version":"9"},"event":{"data":{"created":1558481083097,"name":"closeTabButtonOnTheRight","value":true},"id":"UISettings"}}
{"session":"3d89acd684fa","build":"183.6156.11","bucket":"-1","time":1558481082705,"group":{"id":"settings","version":"9"},"event":{"data":{"created":1558481083097,"name":"cycleScrolling","value":true},"id":"UISettings"}}
{"session":"3d89acd684fa","build":"183.6156.11","bucket":"-1","time":1558481082705,"group":{"id":"settings","version":"9"},"event":{"data":{"created":1558481083098,"name":"defaultAutoScrollToSource","value":false},"id":"UISettings"}}
{"session":"3d89acd684fa","build":"183.6156.11","bucket":"-1","time":1558481082705,"group":{"id":"settings","version":"9"},"event":{"data":{"created":1558481083098,"name":"disableMnemonics","value":false},"id":"UISettings"}}
{"session":"3d89acd684fa","build":"183.6156.11","bucket":"-1","time":1558481082705,"group":{"id":"settings","version":"9"},"event":{"data":{"created":1558481083099,"name":"disableMnemonicsInControls","value":false},"id":"UISettings"}}
{"session":"3d89acd684fa","build":"183.6156.11","bucket":"-1","time":1558481082705,"group":{"id":"settings","version":"9"},"event":{"data":{"created":1558481083099,"name":"dndWithPressedAltOnly","value":false},"id":"UISettings"}}
{"session":"3d89acd684fa","build":"183.6156.11","bucket":"-1","time":1558481082705,"group":{"id":"settings","version":"9"},"event":{"data":{"created":1558481083099,"name":"enableAlphaMode","value":false},"id":"UISettings"}}
{"session":"3d89acd684fa","build":"183.6156.11","bucket":"-1","time":1558481082705,"group":{"id":"settings","version":"9"},"event":{"data":{"created":1558481083099,"name":"hideKnownExtensionInTabs","value":false},"id":"UISettings"}}
{"session":"3d89acd684fa","build":"183.6156.11","bucket":"-1","time":1558481082705,"group":{"id":"settings","version":"9"},"event":{"data":{"created":1558481083100,"name":"hideNavigationOnFocusLoss","value":true},"id":"UISettings"}}
{"session":"3d89acd684fa","build":"183.6156.11","bucket":"-1","time":1558481082705,"group":{"id":"settings","version":"9"},"event":{"data":{"created":1558481083101,"name":"hideTabsIfNeed","value":true},"id":"UISettings"}}
{"session":"3d89acd684fa","build":"183.6156.11","bucket":"-1","time":1558481082705,"group":{"id":"settings","version":"9"},"event":{"data":{"created":1558481083101,"name":"hideToolStripes","value":false},"id":"UISettings"}}
{"session":"3d89acd684fa","build":"183.6156.11","bucket":"-1","time":1558481082705,"group":{"id":"settings","version":"9"},"event":{"data":{"created":1558481083101,"name":"leftHorizontalSplit","value":false},"id":"UISettings"}}
{"session":"3d89acd684fa","build":"183.6156.11","bucket":"-1","time":1558481082705,"group":{"id":"settings","version":"9"},"event":{"data":{"created":1558481083102,"name":"markModifiedTabsWithAsterisk","value":false},"id":"UISettings"}}
{"session":"3d89acd684fa","build":"183.6156.11","bucket":"-1","time":1558481082705,"group":{"id":"settings","version":"9"},"event":{"data":{"created":1558481083102,"name":"mergeEqualStackTraces","value":true},"id":"UISettings"}}
{"session":"3d89acd684fa","build":"183.6156.11","bucket":"-1","time":1558481082705,"group":{"id":"settings","version":"9"},"event":{"data":{"created":1558481083103,"name":"moveMouseOnDefaultButton","value":false},"id":"UISettings"}}
{"session":"3d89acd684fa","build":"183.6156.11","bucket":"-1","time":1558481082705,"group":{"id":"settings","version":"9"},"event":{"data":{"created":1558481083103,"name":"navigateToPreview","value":false},"id":"UISettings"}}
{"session":"3d89acd684fa","build":"183.6156.11","bucket":"-1","time":1558481082705,"group":{"id":"settings","version":"9"},"event":{"data":{"created":1558481083103,"name":"overrideConsoleCycleBufferSize","value":false},"id":"UISettings"}}
{"session":"3d89acd684fa","build":"183.6156.11","bucket":"-1","time":1558481082705,"group":{"id":"settings","version":"9"},"event":{"data":{"default":false,"created":1558481083104,"name":"overrideLafFonts","value":true},"id":"UISettings"}}
{"session":"3d89acd684fa","build":"183.6156.11","bucket":"-1","time":1558481082705,"group":{"id":"settings","version":"9"},"event":{"data":{"created":1558481083104,"name":"pinFindInPath","value":false},"id":"UISettings"}}
{"session":"3d89acd684fa","build":"183.6156.11","bucket":"-1","time":1558481082705,"group":{"id":"settings","version":"9"},"event":{"data":{"created":1558481083105,"name":"presentationMode","value":false},"id":"UISettings"}}
{"session":"3d89acd684fa","build":"183.6156.11","bucket":"-1","time":1558481082705,"group":{"id":"settings","version":"9"},"event":{"data":{"created":1558481083105,"name":"reuseNotModifiedTabs","value":false},"id":"UISettings"}}
{"session":"3d89acd684fa","build":"183.6156.11","bucket":"-1","time":1558481082705,"group":{"id":"settings","version":"9"},"event":{"data":{"created":1558481083105,"name":"rightHorizontalSplit","value":false},"id":"UISettings"}}
{"session":"3d89acd684fa","build":"183.6156.11","bucket":"-1","time":1558481082705,"group":{"id":"settings","version":"9"},"event":{"data":{"created":1558481083106,"name":"scrollTabLayoutInEditor","value":true},"id":"UISettings"}}
{"session":"3d89acd684fa","build":"183.6156.11","bucket":"-1","time":1558481082705,"group":{"id":"settings","version":"9"},"event":{"data":{"created":1558481083106,"name":"showCloseButton","value":true},"id":"UISettings"}}
{"session":"3d89acd684fa","build":"183.6156.11","bucket":"-1","time":1558481082705,"group":{"id":"settings","version":"9"},"event":{"data":{"created":1558481083107,"name":"showDirectoryForNonUniqueFilenames","value":true},"id":"UISettings"}}
{"session":"3d89acd684fa","build":"183.6156.11","bucket":"-1","time":1558481082705,"group":{"id":"settings","version":"9"},"event":{"data":{"created":1558481083107,"name":"showEditorToolTip","value":true},"id":"UISettings"}}
{"session":"3d89acd684fa","build":"183.6156.11","bucket":"-1","time":1558481082705,"group":{"id":"settings","version":"9"},"event":{"data":{"created":1558481083108,"name":"showIconInQuickNavigation","value":true},"id":"UISettings"}}
{"session":"3d89acd684fa","build":"183.6156.11","bucket":"-1","time":1558481082705,"group":{"id":"settings","version":"9"},"event":{"data":{"created":1558481083108,"name":"showIconsInMenus","value":true},"id":"UISettings"}}
{"session":"3d89acd684fa","build":"183.6156.11","bucket":"-1","time":1558481082705,"group":{"id":"settings","version":"9"},"event":{"data":{"default":false,"created":1558481083109,"name":"showMainToolbar","value":true},"id":"UISettings"}}
{"session":"3d89acd684fa","build":"183.6156.11","bucket":"-1","time":1558481082705,"group":{"id":"settings","version":"9"},"event":{"data":{"created":1558481083109,"name":"showMemoryIndicator","value":false},"id":"UISettings"}}
{"session":"3d89acd684fa","build":"183.6156.11","bucket":"-1","time":1558481082705,"group":{"id":"settings","version":"9"},"event":{"data":{"created":1558481083110,"name":"showNavigationBar","value":true},"id":"UISettings"}}
{"session":"3d89acd684fa","build":"183.6156.11","bucket":"-1","time":1558481082705,"group":{"id":"settings","version":"9"},"event":{"data":{"created":1558481083110,"name":"showStatusBar","value":true},"id":"UISettings"}}
{"session":"3d89acd684fa","build":"183.6156.11","bucket":"-1","time":1558481082705,"group":{"id":"settings","version":"9"},"event":{"data":{"created":1558481083110,"name":"showTabsTooltips","value":true},"id":"UISettings"}}
{"session":"3d89acd684fa","build":"183.6156.11","bucket":"-1","time":1558481082705,"group":{"id":"settings","version":"9"},"event":{"data":{"created":1558481083111,"name":"showToolWindowsNumbers","value":true},"id":"UISettings"}}
{"session":"3d89acd684fa","build":"183.6156.11","bucket":"-1","time":1558481082705,"group":{"id":"settings","version":"9"},"event":{"data":{"created":1558481083111,"name":"smoothScrolling","value":false},"id":"UISettings"}}
{"session":"3d89acd684fa","build":"183.6156.11","bucket":"-1","time":1558481082705,"group":{"id":"settings","version":"9"},"event":{"data":{"created":1558481083111,"name":"sortBookmarks","value":false},"id":"UISettings"}}
{"session":"3d89acd684fa","build":"183.6156.11","bucket":"-1","time":1558481082705,"group":{"id":"settings","version":"9"},"event":{"data":{"default":false,"created":1558481083112,"name":"sortLookupElementsLexicographically","value":true},"id":"UISettings"}}
{"session":"3d89acd684fa","build":"183.6156.11","bucket":"-1","time":1558481082705,"group":{"id":"settings","version":"9"},"event":{"data":{"created":1558481083112,"name":"useSmallLabelsOnTabs","value":false},"id":"UISettings"}}
{"session":"3d89acd684fa","build":"183.6156.11","bucket":"-1","time":1558481082705,"group":{"id":"settings","version":"9"},"event":{"data":{"created":1558481083112,"name":"wideScreenSupport","value":false},"id":"UISettings"}}
{"session":"3d89acd684fa","build":"183.6156.11","bucket":"-1","time":1558481098951,"group":{"id":"settings","version":"9"},"event":{"data":{"created":1558481098951,"name":"autoSaveIfInactive","value":false},"id":"GeneralSettings"}}
{"session":"3d89acd684fa","build":"183.6156.11","bucket":"-1","time":1558481098951,"group":{"id":"settings","version":"9"},"event":{"data":{"created":1558481098952,"name":"confirmExit","value":true},"id":"GeneralSettings"}}
{"session":"3d89acd684fa","build":"183.6156.11","bucket":"-1","time":1558481098951,"group":{"id":"settings","version":"9"},"event":{"data":{"created":1558481098952,"name":"reopenLastProject","value":true},"id":"GeneralSettings"}}
{"session":"3d89acd684fa","build":"183.6156.11","bucket":"-1","time":1558481098951,"group":{"id":"settings","version":"9"},"event":{"data":{"created":1558481098952,"name":"saveOnFrameDeactivation","value":true},"id":"GeneralSettings"}}
{"session":"3d89acd684fa","build":"183.6156.11","bucket":"-1","time":1558481098951,"group":{"id":"settings","version":"9"},"event":{"data":{"created":1558481098952,"name":"searchInBackground","value":false},"id":"GeneralSettings"}}
{"session":"3d89acd684fa","build":"183.6156.11","bucket":"-1","time":1558481098951,"group":{"id":"settings","version":"9"},"event":{"data":{"default":false,"created":1558481098953,"name":"showTipsOnStartup","value":false},"id":"GeneralSettings"}}
{"session":"3d89acd684fa","build":"183.6156.11","bucket":"-1","time":1558481098951,"group":{"id":"settings","version":"9"},"event":{"data":{"created":1558481098953,"name":"showWelcomeScreen","value":true},"id":"GeneralSettings"}}
{"session":"3d89acd684fa","build":"183.6156.11","bucket":"-1","time":1558481098951,"group":{"id":"settings","version":"9"},"event":{"data":{"created":1558481098953,"name":"supportScreenReaders","value":false},"id":"GeneralSettings"}}
{"session":"3d89acd684fa","build":"183.6156.11","bucket":"-1","time":1558481098951,"group":{"id":"settings","version":"9"},"event":{"data":{"created":1558481098954,"name":"syncOnFrameActivation","value":true},"id":"GeneralSettings"}}
{"session":"3d89acd684fa","build":"183.6156.11","bucket":"-1","time":1558481098951,"group":{"id":"settings","version":"9"},"event":{"data":{"created":1558481098954,"name":"useDefaultBrowser","value":true},"id":"GeneralSettings"}}
{"session":"3d89acd684fa","build":"183.6156.11","bucket":"-1","time":1558481098951,"group":{"id":"settings","version":"9"},"event":{"data":{"created":1558481098954,"name":"useSafeWrite","value":true},"id":"GeneralSettings"}}
{"session":"3d89acd684fa","build":"183.6156.11","bucket":"-1","time":1558481231723,"group":{"id":"statistics.lifecycle.project","version":"9"},"event":{"count":1,"data":{"created":1558481231723,"project":"964080996"},"id":"project.opened"}}
{"session":"3d89acd684fa","build":"183.6156.11","bucket":"-1","time":1558481231746,"group":{"id":"lifecycle","version":"9"},"event":{"count":1,"data":{"created":1558481231746},"id":"project.opened"}}
{"session":"3d89acd684fa","build":"183.6156.11","bucket":"-1","time":1558481232496,"group":{"id":"statistics.lifecycle.app","version":"9"},"event":{"count":1,"data":{"created":1558481232496,"data_2":"60+","data_1":"timeSecondsGrouped"},"id":"ide.freeze"}}
{"session":"3d89acd684fa","build":"183.6156.11","bucket":"-1","time":1558481232496,"group":{"id":"lifecycle","version":"9"},"event":{"count":1,"data":{"durationSeconds":136,"created":1558481232496},"id":"ide.freeze"}}
{"session":"3d89acd684fa","build":"183.6156.11","bucket":"-1","time":1558481241566,"group":{"id":"statistics.lifecycle.app","version":"9"},"event":{"count":1,"data":{"created":1558481241566,"data_2":"10","data_1":"timeSecondsGrouped"},"id":"ide.freeze"}}
{"session":"3d89acd684fa","build":"183.6156.11","bucket":"-1","time":1558481241566,"group":{"id":"lifecycle","version":"9"},"event":{"count":1,"data":{"durationSeconds":10,"created":1558481241567},"id":"ide.freeze"}}
{"session":"3d89acd684fa","build":"183.6156.11","bucket":"-1","time":1558481241935,"group":{"id":"ui.dialogs","version":"9"},"event":{"count":1,"data":{"created":1558481241935,"type":"show"},"id":"com.intellij.openapi.progress.util.ProgressDialog$MyDialogWrapper"}}
{"session":"3d89acd684fa","build":"183.6156.11","bucket":"-1","time":1558481243958,"group":{"id":"statistics.lifecycle.app","version":"9"},"event":{"count":1,"data":{"created":1558481243958},"id":"ide.start"}}
{"session":"3d89acd684fa","build":"183.6156.11","bucket":"-1","time":1558481243958,"group":{"id":"lifecycle","version":"9"},"event":{"count":1,"data":{"created":1558481243958},"id":"app.started"}}
{"session":"3d89acd684fa","build":"183.6156.11","bucket":"-1","time":1558481246510,"group":{"id":"toolwindow.v2","version":"9"},"event":{"count":2,"data":{"last":1558481247034,"created":1558481246510,"data_1":"Windows"},"id":"Project_by_Activation"}}
{"session":"3d89acd684fa","build":"183.6156.11","bucket":"-1","time":1558481247034,"group":{"id":"ui.dialogs","version":"9"},"event":{"count":1,"data":{"code":1,"created":1558481247034,"type":"close"},"id":"com.intellij.openapi.progress.util.ProgressDialog$MyDialogWrapper"}}
{"session":"3d89acd684fa","build":"183.6156.11","bucket":"-1","time":1558481248144,"group":{"id":"statistics.lifecycle.project","version":"9"},"event":{"count":1,"data":{"created":1558481248145,"project":"964080996"},"id":"project.open.time.83"}}
{"session":"3d89acd684fa","build":"183.6156.11","bucket":"-1","time":1558481248145,"group":{"id":"lifecycle","version":"9"},"event":{"count":1,"data":{"created":1558481248145,"time.ms":83883},"id":"project.opening.finished"}}
{"session":"3d89acd684fa","build":"183.6156.11","bucket":"-1","time":1558481461708,"group":{"id":"statistics.file.types.open","version":"9"},"event":{"count":1,"data":{"created":1558481461708,"project":"964080996"},"id":"Markdown"}}
{"session":"3d89acd684fa","build":"183.6156.11","bucket":"-1","time":1558481469628,"group":{"id":"toolwindow.v2","version":"9"},"event":{"count":1,"data":{"created":1558481469628,"data_1":"Windows"},"id":"Project_by_Activation"}}
{"session":"3d89acd684fa","build":"183.6156.11","bucket":"-1","time":1558481472576,"group":{"id":"ui.dialogs","version":"9"},"event":{"count":1,"data":{"created":1558481472576,"type":"show"},"id":"com.intellij.openapi.fileTypes.ex.FileTypeChooser"}}
{"session":"3d89acd684fa","build":"183.6156.11","bucket":"-1","time":1558481477037,"group":{"id":"ui.dialogs","version":"9"},"event":{"count":1,"data":{"code":1,"created":1558481477038,"type":"close"},"id":"com.intellij.openapi.fileTypes.ex.FileTypeChooser"}}
{"session":"3d89acd684fa","build":"183.6156.11","bucket":"-1","time":1558481477117,"group":{"id":"toolwindow.v2","version":"9"},"event":{"count":1,"data":{"created":1558481477117,"data_1":"Windows"},"id":"Project_by_Activation"}}
{"session":"3d89acd684fa","build":"183.6156.11","bucket":"-1","time":1558481480513,"group":{"id":"ui.dialogs","version":"9"},"event":{"count":1,"data":{"created":1558481480513,"type":"show"},"id":"com.intellij.openapi.ui.messages.MessageDialog"}}
{"session":"3d89acd684fa","build":"183.6156.11","bucket":"-1","time":1558481481816,"group":{"id":"statistics.lifecycle.app","version":"9"},"event":{"count":1,"data":{"created":1558481481816},"id":"ide.close"}}
{"session":"3d89acd684fa","build":"183.6156.11","bucket":"-1","time":1558481481816,"group":{"id":"lifecycle","version":"9"},"event":{"count":1,"data":{"restart":false,"created":1558481481817},"id":"app.closed"}}
{"session":"3d89acd684fa","build":"183.6156.11","bucket":"-1","time":1558481482183,"group":{"id":"statistics.lifecycle.project","version":"9"},"event":{"count":1,"data":{"created":1558481482183,"project":"964080996"},"id":"project.closed"}}
{"session":"3d89acd684fa","build":"183.6156.11","bucket":"-1","time":1558481482709,"group":{"id":"lifecycle","version":"9"},"event":{"count":1,"data":{"created":1558481482709},"id":"project.closed"}}
