{"session":"054f1ac42b5c","build":"183.6156.11","bucket":"-1","time":1562856477423,"group":{"id":"system.os.name","version":"9"},"event":{"data":{"created":1562856477424},"id":"Windows"}}
{"session":"054f1ac42b5c","build":"183.6156.11","bucket":"-1","time":1562856477424,"group":{"id":"system.os.version","version":"9"},"event":{"data":{"created":1562856477472},"id":"10.0"}}
{"session":"054f1ac42b5c","build":"183.6156.11","bucket":"-1","time":1562856477424,"group":{"id":"system.jvm.vendor","version":"9"},"event":{"data":{"created":1562856477486},"id":"JetBrains_s.r.o"}}
{"session":"054f1ac42b5c","build":"183.6156.11","bucket":"-1","time":1562856477424,"group":{"id":"system.jvm.version","version":"9"},"event":{"data":{"created":1562856477488},"id":"1.8"}}
{"session":"054f1ac42b5c","build":"183.6156.11","bucket":"-1","time":1562856477524,"group":{"id":"settings","version":"9"},"event":{"data":{"created":1562856477524,"name":"activeMruEditorOnClose","value":false},"id":"UISettings"}}
{"session":"054f1ac42b5c","build":"183.6156.11","bucket":"-1","time":1562856477524,"group":{"id":"settings","version":"9"},"event":{"data":{"created":1562856477525,"name":"activeRightEditorOnClose","value":false},"id":"UISettings"}}
{"session":"054f1ac42b5c","build":"183.6156.11","bucket":"-1","time":1562856477524,"group":{"id":"settings","version":"9"},"event":{"data":{"created":1562856477526,"name":"allowMergeButtons","value":true},"id":"UISettings"}}
{"session":"054f1ac42b5c","build":"183.6156.11","bucket":"-1","time":1562856477524,"group":{"id":"settings","version":"9"},"event":{"data":{"created":1562856477526,"name":"alwaysShowWindowsButton","value":false},"id":"UISettings"}}
{"session":"054f1ac42b5c","build":"183.6156.11","bucket":"-1","time":1562856477524,"group":{"id":"settings","version":"9"},"event":{"data":{"created":1562856477526,"name":"animateWindows","value":true},"id":"UISettings"}}
{"session":"054f1ac42b5c","build":"183.6156.11","bucket":"-1","time":1562856477524,"group":{"id":"settings","version":"9"},"event":{"data":{"created":1562856477527,"name":"closeNonModifiedFilesFirst","value":false},"id":"UISettings"}}
{"session":"054f1ac42b5c","build":"183.6156.11","bucket":"-1","time":1562856477524,"group":{"id":"settings","version":"9"},"event":{"data":{"created":1562856477527,"name":"closeTabButtonOnTheRight","value":true},"id":"UISettings"}}
{"session":"054f1ac42b5c","build":"183.6156.11","bucket":"-1","time":1562856477524,"group":{"id":"settings","version":"9"},"event":{"data":{"created":1562856477528,"name":"cycleScrolling","value":true},"id":"UISettings"}}
{"session":"054f1ac42b5c","build":"183.6156.11","bucket":"-1","time":1562856477524,"group":{"id":"settings","version":"9"},"event":{"data":{"created":1562856477528,"name":"defaultAutoScrollToSource","value":false},"id":"UISettings"}}
{"session":"054f1ac42b5c","build":"183.6156.11","bucket":"-1","time":1562856477524,"group":{"id":"settings","version":"9"},"event":{"data":{"created":1562856477529,"name":"disableMnemonics","value":false},"id":"UISettings"}}
{"session":"054f1ac42b5c","build":"183.6156.11","bucket":"-1","time":1562856477524,"group":{"id":"settings","version":"9"},"event":{"data":{"created":1562856477529,"name":"disableMnemonicsInControls","value":false},"id":"UISettings"}}
{"session":"054f1ac42b5c","build":"183.6156.11","bucket":"-1","time":1562856477524,"group":{"id":"settings","version":"9"},"event":{"data":{"created":1562856477530,"name":"dndWithPressedAltOnly","value":false},"id":"UISettings"}}
{"session":"054f1ac42b5c","build":"183.6156.11","bucket":"-1","time":1562856477524,"group":{"id":"settings","version":"9"},"event":{"data":{"created":1562856477530,"name":"enableAlphaMode","value":false},"id":"UISettings"}}
{"session":"054f1ac42b5c","build":"183.6156.11","bucket":"-1","time":1562856477524,"group":{"id":"settings","version":"9"},"event":{"data":{"created":1562856477531,"name":"hideKnownExtensionInTabs","value":false},"id":"UISettings"}}
{"session":"054f1ac42b5c","build":"183.6156.11","bucket":"-1","time":1562856477524,"group":{"id":"settings","version":"9"},"event":{"data":{"created":1562856477531,"name":"hideNavigationOnFocusLoss","value":true},"id":"UISettings"}}
{"session":"054f1ac42b5c","build":"183.6156.11","bucket":"-1","time":1562856477524,"group":{"id":"settings","version":"9"},"event":{"data":{"created":1562856477532,"name":"hideTabsIfNeed","value":true},"id":"UISettings"}}
{"session":"054f1ac42b5c","build":"183.6156.11","bucket":"-1","time":1562856477524,"group":{"id":"settings","version":"9"},"event":{"data":{"created":1562856477533,"name":"hideToolStripes","value":false},"id":"UISettings"}}
{"session":"054f1ac42b5c","build":"183.6156.11","bucket":"-1","time":1562856477524,"group":{"id":"settings","version":"9"},"event":{"data":{"created":1562856477533,"name":"leftHorizontalSplit","value":false},"id":"UISettings"}}
{"session":"054f1ac42b5c","build":"183.6156.11","bucket":"-1","time":1562856477524,"group":{"id":"settings","version":"9"},"event":{"data":{"created":1562856477534,"name":"markModifiedTabsWithAsterisk","value":false},"id":"UISettings"}}
{"session":"054f1ac42b5c","build":"183.6156.11","bucket":"-1","time":1562856477524,"group":{"id":"settings","version":"9"},"event":{"data":{"created":1562856477534,"name":"mergeEqualStackTraces","value":true},"id":"UISettings"}}
{"session":"054f1ac42b5c","build":"183.6156.11","bucket":"-1","time":1562856477524,"group":{"id":"settings","version":"9"},"event":{"data":{"created":1562856477534,"name":"moveMouseOnDefaultButton","value":false},"id":"UISettings"}}
{"session":"054f1ac42b5c","build":"183.6156.11","bucket":"-1","time":1562856477524,"group":{"id":"settings","version":"9"},"event":{"data":{"created":1562856477535,"name":"navigateToPreview","value":false},"id":"UISettings"}}
{"session":"054f1ac42b5c","build":"183.6156.11","bucket":"-1","time":1562856477524,"group":{"id":"settings","version":"9"},"event":{"data":{"created":1562856477535,"name":"overrideConsoleCycleBufferSize","value":false},"id":"UISettings"}}
{"session":"054f1ac42b5c","build":"183.6156.11","bucket":"-1","time":1562856477524,"group":{"id":"settings","version":"9"},"event":{"data":{"default":false,"created":1562856477536,"name":"overrideLafFonts","value":true},"id":"UISettings"}}
{"session":"054f1ac42b5c","build":"183.6156.11","bucket":"-1","time":1562856477524,"group":{"id":"settings","version":"9"},"event":{"data":{"created":1562856477536,"name":"pinFindInPath","value":false},"id":"UISettings"}}
{"session":"054f1ac42b5c","build":"183.6156.11","bucket":"-1","time":1562856477524,"group":{"id":"settings","version":"9"},"event":{"data":{"created":1562856477536,"name":"presentationMode","value":false},"id":"UISettings"}}
{"session":"054f1ac42b5c","build":"183.6156.11","bucket":"-1","time":1562856477524,"group":{"id":"settings","version":"9"},"event":{"data":{"created":1562856477537,"name":"reuseNotModifiedTabs","value":false},"id":"UISettings"}}
{"session":"054f1ac42b5c","build":"183.6156.11","bucket":"-1","time":1562856477524,"group":{"id":"settings","version":"9"},"event":{"data":{"created":1562856477537,"name":"rightHorizontalSplit","value":false},"id":"UISettings"}}
{"session":"054f1ac42b5c","build":"183.6156.11","bucket":"-1","time":1562856477524,"group":{"id":"settings","version":"9"},"event":{"data":{"created":1562856477538,"name":"scrollTabLayoutInEditor","value":true},"id":"UISettings"}}
{"session":"054f1ac42b5c","build":"183.6156.11","bucket":"-1","time":1562856477524,"group":{"id":"settings","version":"9"},"event":{"data":{"created":1562856477538,"name":"showCloseButton","value":true},"id":"UISettings"}}
{"session":"054f1ac42b5c","build":"183.6156.11","bucket":"-1","time":1562856477524,"group":{"id":"settings","version":"9"},"event":{"data":{"created":1562856477539,"name":"showDirectoryForNonUniqueFilenames","value":true},"id":"UISettings"}}
{"session":"054f1ac42b5c","build":"183.6156.11","bucket":"-1","time":1562856477524,"group":{"id":"settings","version":"9"},"event":{"data":{"created":1562856477540,"name":"showEditorToolTip","value":true},"id":"UISettings"}}
{"session":"054f1ac42b5c","build":"183.6156.11","bucket":"-1","time":1562856477525,"group":{"id":"settings","version":"9"},"event":{"data":{"created":1562856477540,"name":"showIconInQuickNavigation","value":true},"id":"UISettings"}}
{"session":"054f1ac42b5c","build":"183.6156.11","bucket":"-1","time":1562856477525,"group":{"id":"settings","version":"9"},"event":{"data":{"created":1562856477540,"name":"showIconsInMenus","value":true},"id":"UISettings"}}
{"session":"054f1ac42b5c","build":"183.6156.11","bucket":"-1","time":1562856477525,"group":{"id":"settings","version":"9"},"event":{"data":{"default":false,"created":1562856477541,"name":"showMainToolbar","value":true},"id":"UISettings"}}
{"session":"054f1ac42b5c","build":"183.6156.11","bucket":"-1","time":1562856477525,"group":{"id":"settings","version":"9"},"event":{"data":{"created":1562856477541,"name":"showMemoryIndicator","value":false},"id":"UISettings"}}
{"session":"054f1ac42b5c","build":"183.6156.11","bucket":"-1","time":1562856477525,"group":{"id":"settings","version":"9"},"event":{"data":{"created":1562856477541,"name":"showNavigationBar","value":true},"id":"UISettings"}}
{"session":"054f1ac42b5c","build":"183.6156.11","bucket":"-1","time":1562856477525,"group":{"id":"settings","version":"9"},"event":{"data":{"created":1562856477542,"name":"showStatusBar","value":true},"id":"UISettings"}}
{"session":"054f1ac42b5c","build":"183.6156.11","bucket":"-1","time":1562856477525,"group":{"id":"settings","version":"9"},"event":{"data":{"created":1562856477542,"name":"showTabsTooltips","value":true},"id":"UISettings"}}
{"session":"054f1ac42b5c","build":"183.6156.11","bucket":"-1","time":1562856477525,"group":{"id":"settings","version":"9"},"event":{"data":{"created":1562856477542,"name":"showToolWindowsNumbers","value":true},"id":"UISettings"}}
{"session":"054f1ac42b5c","build":"183.6156.11","bucket":"-1","time":1562856477525,"group":{"id":"settings","version":"9"},"event":{"data":{"created":1562856477543,"name":"smoothScrolling","value":false},"id":"UISettings"}}
{"session":"054f1ac42b5c","build":"183.6156.11","bucket":"-1","time":1562856477525,"group":{"id":"settings","version":"9"},"event":{"data":{"created":1562856477543,"name":"sortBookmarks","value":false},"id":"UISettings"}}
{"session":"054f1ac42b5c","build":"183.6156.11","bucket":"-1","time":1562856477525,"group":{"id":"settings","version":"9"},"event":{"data":{"default":false,"created":1562856477543,"name":"sortLookupElementsLexicographically","value":true},"id":"UISettings"}}
{"session":"054f1ac42b5c","build":"183.6156.11","bucket":"-1","time":1562856477525,"group":{"id":"settings","version":"9"},"event":{"data":{"created":1562856477543,"name":"useSmallLabelsOnTabs","value":false},"id":"UISettings"}}
{"session":"054f1ac42b5c","build":"183.6156.11","bucket":"-1","time":1562856477525,"group":{"id":"settings","version":"9"},"event":{"data":{"created":1562856477544,"name":"wideScreenSupport","value":false},"id":"UISettings"}}
{"session":"054f1ac42b5c","build":"183.6156.11","bucket":"-1","time":1562856481444,"group":{"id":"settings","version":"9"},"event":{"data":{"created":1562856481444,"name":"autoSaveIfInactive","value":false},"id":"GeneralSettings"}}
{"session":"054f1ac42b5c","build":"183.6156.11","bucket":"-1","time":1562856481444,"group":{"id":"settings","version":"9"},"event":{"data":{"created":1562856481444,"name":"confirmExit","value":true},"id":"GeneralSettings"}}
{"session":"054f1ac42b5c","build":"183.6156.11","bucket":"-1","time":1562856481444,"group":{"id":"settings","version":"9"},"event":{"data":{"created":1562856481445,"name":"reopenLastProject","value":true},"id":"GeneralSettings"}}
{"session":"054f1ac42b5c","build":"183.6156.11","bucket":"-1","time":1562856481444,"group":{"id":"settings","version":"9"},"event":{"data":{"created":1562856481445,"name":"saveOnFrameDeactivation","value":true},"id":"GeneralSettings"}}
{"session":"054f1ac42b5c","build":"183.6156.11","bucket":"-1","time":1562856481444,"group":{"id":"settings","version":"9"},"event":{"data":{"created":1562856481445,"name":"searchInBackground","value":false},"id":"GeneralSettings"}}
{"session":"054f1ac42b5c","build":"183.6156.11","bucket":"-1","time":1562856481444,"group":{"id":"settings","version":"9"},"event":{"data":{"default":false,"created":1562856481446,"name":"showTipsOnStartup","value":false},"id":"GeneralSettings"}}
{"session":"054f1ac42b5c","build":"183.6156.11","bucket":"-1","time":1562856481444,"group":{"id":"settings","version":"9"},"event":{"data":{"created":1562856481446,"name":"showWelcomeScreen","value":true},"id":"GeneralSettings"}}
{"session":"054f1ac42b5c","build":"183.6156.11","bucket":"-1","time":1562856481444,"group":{"id":"settings","version":"9"},"event":{"data":{"created":1562856481446,"name":"supportScreenReaders","value":false},"id":"GeneralSettings"}}
{"session":"054f1ac42b5c","build":"183.6156.11","bucket":"-1","time":1562856481444,"group":{"id":"settings","version":"9"},"event":{"data":{"created":1562856481446,"name":"syncOnFrameActivation","value":true},"id":"GeneralSettings"}}
{"session":"054f1ac42b5c","build":"183.6156.11","bucket":"-1","time":1562856481444,"group":{"id":"settings","version":"9"},"event":{"data":{"created":1562856481446,"name":"useDefaultBrowser","value":true},"id":"GeneralSettings"}}
{"session":"054f1ac42b5c","build":"183.6156.11","bucket":"-1","time":1562856481444,"group":{"id":"settings","version":"9"},"event":{"data":{"created":1562856481447,"name":"useSafeWrite","value":true},"id":"GeneralSettings"}}
{"session":"054f1ac42b5c","build":"183.6156.11","bucket":"-1","time":1562856508743,"group":{"id":"ui.dialogs","version":"9"},"event":{"count":1,"data":{"created":1562856508743,"type":"show"},"id":"com.intellij.openapi.progress.util.ProgressDialog$MyDialogWrapper"}}
{"session":"054f1ac42b5c","build":"183.6156.11","bucket":"-1","time":1562856509635,"group":{"id":"statistics.lifecycle.app","version":"9"},"event":{"count":1,"data":{"created":1562856509635,"data_2":"20+","data_1":"timeSecondsGrouped"},"id":"ide.freeze"}}
{"session":"054f1ac42b5c","build":"183.6156.11","bucket":"-1","time":1562856509678,"group":{"id":"lifecycle","version":"9"},"event":{"count":1,"data":{"durationSeconds":28,"created":1562856509678},"id":"ide.freeze"}}
{"session":"054f1ac42b5c","build":"183.6156.11","bucket":"-1","time":1562856529831,"group":{"id":"ui.dialogs","version":"9"},"event":{"count":1,"data":{"code":1,"created":1562856529831,"type":"close"},"id":"com.intellij.openapi.progress.util.ProgressDialog$MyDialogWrapper"}}
{"session":"054f1ac42b5c","build":"183.6156.11","bucket":"-1","time":1562856530143,"group":{"id":"statistics.lifecycle.project","version":"9"},"event":{"count":1,"data":{"created":1562856530143,"project":"-1793532514"},"id":"project.opened"}}
{"session":"054f1ac42b5c","build":"183.6156.11","bucket":"-1","time":1562856530143,"group":{"id":"lifecycle","version":"9"},"event":{"count":1,"data":{"created":1562856530143},"id":"project.opened"}}
{"session":"054f1ac42b5c","build":"183.6156.11","bucket":"-1","time":1562856537764,"group":{"id":"statistics.lifecycle.app","version":"9"},"event":{"count":1,"data":{"created":1562856537765,"data_2":"8","data_1":"timeSecondsGrouped"},"id":"ide.freeze"}}
{"session":"054f1ac42b5c","build":"183.6156.11","bucket":"-1","time":1562856537765,"group":{"id":"lifecycle","version":"9"},"event":{"count":1,"data":{"durationSeconds":8,"created":1562856537765},"id":"ide.freeze"}}
{"session":"054f1ac42b5c","build":"183.6156.11","bucket":"-1","time":1562856537795,"group":{"id":"ui.dialogs","version":"9"},"event":{"count":1,"data":{"created":1562856537795,"type":"show"},"id":"com.intellij.openapi.progress.util.ProgressDialog$MyDialogWrapper"}}
{"session":"054f1ac42b5c","build":"183.6156.11","bucket":"-1","time":1562856551628,"group":{"id":"statistics.lifecycle.app","version":"9"},"event":{"count":1,"data":{"created":1562856551628},"id":"ide.start"}}
{"session":"054f1ac42b5c","build":"183.6156.11","bucket":"-1","time":1562856551628,"group":{"id":"lifecycle","version":"9"},"event":{"count":1,"data":{"created":1562856551629},"id":"app.started"}}
{"session":"054f1ac42b5c","build":"183.6156.11","bucket":"-1","time":1562856555878,"group":{"id":"ui.dialogs","version":"9"},"event":{"count":1,"data":{"code":1,"created":1562856555878,"type":"close"},"id":"com.intellij.openapi.progress.util.ProgressDialog$MyDialogWrapper"}}
{"session":"054f1ac42b5c","build":"183.6156.11","bucket":"-1","time":1562856556253,"group":{"id":"statistics.lifecycle.project","version":"9"},"event":{"count":1,"data":{"created":1562856556253,"project":"-1793532514"},"id":"project.open.time.48"}}
