{"session":"8298c4b0b389","build":"183.6156.11","bucket":"-1","time":1558448996925,"group":{"id":"system.os.name","version":"9"},"event":{"data":{"created":1558448996926},"id":"Windows"}}
{"session":"8298c4b0b389","build":"183.6156.11","bucket":"-1","time":1558448996925,"group":{"id":"system.os.version","version":"9"},"event":{"data":{"created":1558448996973},"id":"10.0"}}
{"session":"8298c4b0b389","build":"183.6156.11","bucket":"-1","time":1558448996926,"group":{"id":"system.jvm.vendor","version":"9"},"event":{"data":{"created":1558448996984},"id":"JetBrains_s.r.o"}}
{"session":"8298c4b0b389","build":"183.6156.11","bucket":"-1","time":1558448996926,"group":{"id":"system.jvm.version","version":"9"},"event":{"data":{"created":1558448996985},"id":"1.8"}}
{"session":"8298c4b0b389","build":"183.6156.11","bucket":"-1","time":1558448997025,"group":{"id":"settings","version":"9"},"event":{"data":{"created":1558448997025,"name":"activeMruEditorOnClose","value":false},"id":"UISettings"}}
{"session":"8298c4b0b389","build":"183.6156.11","bucket":"-1","time":1558448997025,"group":{"id":"settings","version":"9"},"event":{"data":{"created":1558448997026,"name":"activeRightEditorOnClose","value":false},"id":"UISettings"}}
{"session":"8298c4b0b389","build":"183.6156.11","bucket":"-1","time":1558448997025,"group":{"id":"settings","version":"9"},"event":{"data":{"created":1558448997026,"name":"allowMergeButtons","value":true},"id":"UISettings"}}
{"session":"8298c4b0b389","build":"183.6156.11","bucket":"-1","time":1558448997025,"group":{"id":"settings","version":"9"},"event":{"data":{"created":1558448997027,"name":"alwaysShowWindowsButton","value":false},"id":"UISettings"}}
{"session":"8298c4b0b389","build":"183.6156.11","bucket":"-1","time":1558448997025,"group":{"id":"settings","version":"9"},"event":{"data":{"created":1558448997027,"name":"animateWindows","value":true},"id":"UISettings"}}
{"session":"8298c4b0b389","build":"183.6156.11","bucket":"-1","time":1558448997025,"group":{"id":"settings","version":"9"},"event":{"data":{"created":1558448997027,"name":"closeNonModifiedFilesFirst","value":false},"id":"UISettings"}}
{"session":"8298c4b0b389","build":"183.6156.11","bucket":"-1","time":1558448997025,"group":{"id":"settings","version":"9"},"event":{"data":{"created":1558448997028,"name":"closeTabButtonOnTheRight","value":true},"id":"UISettings"}}
{"session":"8298c4b0b389","build":"183.6156.11","bucket":"-1","time":1558448997025,"group":{"id":"settings","version":"9"},"event":{"data":{"created":1558448997028,"name":"cycleScrolling","value":true},"id":"UISettings"}}
{"session":"8298c4b0b389","build":"183.6156.11","bucket":"-1","time":1558448997025,"group":{"id":"settings","version":"9"},"event":{"data":{"created":1558448997029,"name":"defaultAutoScrollToSource","value":false},"id":"UISettings"}}
{"session":"8298c4b0b389","build":"183.6156.11","bucket":"-1","time":1558448997025,"group":{"id":"settings","version":"9"},"event":{"data":{"created":1558448997029,"name":"disableMnemonics","value":false},"id":"UISettings"}}
{"session":"8298c4b0b389","build":"183.6156.11","bucket":"-1","time":1558448997025,"group":{"id":"settings","version":"9"},"event":{"data":{"created":1558448997029,"name":"disableMnemonicsInControls","value":false},"id":"UISettings"}}
{"session":"8298c4b0b389","build":"183.6156.11","bucket":"-1","time":1558448997025,"group":{"id":"settings","version":"9"},"event":{"data":{"created":1558448997030,"name":"dndWithPressedAltOnly","value":false},"id":"UISettings"}}
{"session":"8298c4b0b389","build":"183.6156.11","bucket":"-1","time":1558448997025,"group":{"id":"settings","version":"9"},"event":{"data":{"created":1558448997030,"name":"enableAlphaMode","value":false},"id":"UISettings"}}
{"session":"8298c4b0b389","build":"183.6156.11","bucket":"-1","time":1558448997025,"group":{"id":"settings","version":"9"},"event":{"data":{"created":1558448997030,"name":"hideKnownExtensionInTabs","value":false},"id":"UISettings"}}
{"session":"8298c4b0b389","build":"183.6156.11","bucket":"-1","time":1558448997025,"group":{"id":"settings","version":"9"},"event":{"data":{"created":1558448997031,"name":"hideNavigationOnFocusLoss","value":true},"id":"UISettings"}}
{"session":"8298c4b0b389","build":"183.6156.11","bucket":"-1","time":1558448997025,"group":{"id":"settings","version":"9"},"event":{"data":{"created":1558448997031,"name":"hideTabsIfNeed","value":true},"id":"UISettings"}}
{"session":"8298c4b0b389","build":"183.6156.11","bucket":"-1","time":1558448997025,"group":{"id":"settings","version":"9"},"event":{"data":{"created":1558448997031,"name":"hideToolStripes","value":false},"id":"UISettings"}}
{"session":"8298c4b0b389","build":"183.6156.11","bucket":"-1","time":1558448997025,"group":{"id":"settings","version":"9"},"event":{"data":{"created":1558448997032,"name":"leftHorizontalSplit","value":false},"id":"UISettings"}}
{"session":"8298c4b0b389","build":"183.6156.11","bucket":"-1","time":1558448997025,"group":{"id":"settings","version":"9"},"event":{"data":{"created":1558448997032,"name":"markModifiedTabsWithAsterisk","value":false},"id":"UISettings"}}
{"session":"8298c4b0b389","build":"183.6156.11","bucket":"-1","time":1558448997025,"group":{"id":"settings","version":"9"},"event":{"data":{"created":1558448997032,"name":"mergeEqualStackTraces","value":true},"id":"UISettings"}}
{"session":"8298c4b0b389","build":"183.6156.11","bucket":"-1","time":1558448997025,"group":{"id":"settings","version":"9"},"event":{"data":{"created":1558448997033,"name":"moveMouseOnDefaultButton","value":false},"id":"UISettings"}}
{"session":"8298c4b0b389","build":"183.6156.11","bucket":"-1","time":1558448997025,"group":{"id":"settings","version":"9"},"event":{"data":{"created":1558448997033,"name":"navigateToPreview","value":false},"id":"UISettings"}}
{"session":"8298c4b0b389","build":"183.6156.11","bucket":"-1","time":1558448997025,"group":{"id":"settings","version":"9"},"event":{"data":{"created":1558448997034,"name":"overrideConsoleCycleBufferSize","value":false},"id":"UISettings"}}
{"session":"8298c4b0b389","build":"183.6156.11","bucket":"-1","time":1558448997025,"group":{"id":"settings","version":"9"},"event":{"data":{"default":false,"created":1558448997034,"name":"overrideLafFonts","value":true},"id":"UISettings"}}
{"session":"8298c4b0b389","build":"183.6156.11","bucket":"-1","time":1558448997025,"group":{"id":"settings","version":"9"},"event":{"data":{"created":1558448997034,"name":"pinFindInPath","value":false},"id":"UISettings"}}
{"session":"8298c4b0b389","build":"183.6156.11","bucket":"-1","time":1558448997025,"group":{"id":"settings","version":"9"},"event":{"data":{"created":1558448997034,"name":"presentationMode","value":false},"id":"UISettings"}}
{"session":"8298c4b0b389","build":"183.6156.11","bucket":"-1","time":1558448997025,"group":{"id":"settings","version":"9"},"event":{"data":{"created":1558448997035,"name":"reuseNotModifiedTabs","value":false},"id":"UISettings"}}
{"session":"8298c4b0b389","build":"183.6156.11","bucket":"-1","time":1558448997025,"group":{"id":"settings","version":"9"},"event":{"data":{"created":1558448997035,"name":"rightHorizontalSplit","value":false},"id":"UISettings"}}
{"session":"8298c4b0b389","build":"183.6156.11","bucket":"-1","time":1558448997025,"group":{"id":"settings","version":"9"},"event":{"data":{"created":1558448997035,"name":"scrollTabLayoutInEditor","value":true},"id":"UISettings"}}
{"session":"8298c4b0b389","build":"183.6156.11","bucket":"-1","time":1558448997025,"group":{"id":"settings","version":"9"},"event":{"data":{"created":1558448997036,"name":"showCloseButton","value":true},"id":"UISettings"}}
{"session":"8298c4b0b389","build":"183.6156.11","bucket":"-1","time":1558448997025,"group":{"id":"settings","version":"9"},"event":{"data":{"created":1558448997036,"name":"showDirectoryForNonUniqueFilenames","value":true},"id":"UISettings"}}
{"session":"8298c4b0b389","build":"183.6156.11","bucket":"-1","time":1558448997025,"group":{"id":"settings","version":"9"},"event":{"data":{"created":1558448997036,"name":"showEditorToolTip","value":true},"id":"UISettings"}}
{"session":"8298c4b0b389","build":"183.6156.11","bucket":"-1","time":1558448997025,"group":{"id":"settings","version":"9"},"event":{"data":{"created":1558448997036,"name":"showIconInQuickNavigation","value":true},"id":"UISettings"}}
{"session":"8298c4b0b389","build":"183.6156.11","bucket":"-1","time":1558448997025,"group":{"id":"settings","version":"9"},"event":{"data":{"created":1558448997037,"name":"showIconsInMenus","value":true},"id":"UISettings"}}
{"session":"8298c4b0b389","build":"183.6156.11","bucket":"-1","time":1558448997025,"group":{"id":"settings","version":"9"},"event":{"data":{"default":false,"created":1558448997037,"name":"showMainToolbar","value":true},"id":"UISettings"}}
{"session":"8298c4b0b389","build":"183.6156.11","bucket":"-1","time":1558448997025,"group":{"id":"settings","version":"9"},"event":{"data":{"created":1558448997037,"name":"showMemoryIndicator","value":false},"id":"UISettings"}}
{"session":"8298c4b0b389","build":"183.6156.11","bucket":"-1","time":1558448997025,"group":{"id":"settings","version":"9"},"event":{"data":{"created":1558448997038,"name":"showNavigationBar","value":true},"id":"UISettings"}}
{"session":"8298c4b0b389","build":"183.6156.11","bucket":"-1","time":1558448997025,"group":{"id":"settings","version":"9"},"event":{"data":{"created":1558448997038,"name":"showStatusBar","value":true},"id":"UISettings"}}
{"session":"8298c4b0b389","build":"183.6156.11","bucket":"-1","time":1558448997025,"group":{"id":"settings","version":"9"},"event":{"data":{"created":1558448997038,"name":"showTabsTooltips","value":true},"id":"UISettings"}}
{"session":"8298c4b0b389","build":"183.6156.11","bucket":"-1","time":1558448997025,"group":{"id":"settings","version":"9"},"event":{"data":{"created":1558448997038,"name":"showToolWindowsNumbers","value":true},"id":"UISettings"}}
{"session":"8298c4b0b389","build":"183.6156.11","bucket":"-1","time":1558448997025,"group":{"id":"settings","version":"9"},"event":{"data":{"created":1558448997039,"name":"smoothScrolling","value":false},"id":"UISettings"}}
{"session":"8298c4b0b389","build":"183.6156.11","bucket":"-1","time":1558448997025,"group":{"id":"settings","version":"9"},"event":{"data":{"created":1558448997039,"name":"sortBookmarks","value":false},"id":"UISettings"}}
{"session":"8298c4b0b389","build":"183.6156.11","bucket":"-1","time":1558448997025,"group":{"id":"settings","version":"9"},"event":{"data":{"default":false,"created":1558448997039,"name":"sortLookupElementsLexicographically","value":true},"id":"UISettings"}}
{"session":"8298c4b0b389","build":"183.6156.11","bucket":"-1","time":1558448997025,"group":{"id":"settings","version":"9"},"event":{"data":{"created":1558448997039,"name":"useSmallLabelsOnTabs","value":false},"id":"UISettings"}}
{"session":"8298c4b0b389","build":"183.6156.11","bucket":"-1","time":1558448997025,"group":{"id":"settings","version":"9"},"event":{"data":{"created":1558448997040,"name":"wideScreenSupport","value":false},"id":"UISettings"}}
{"session":"8298c4b0b389","build":"183.6156.11","bucket":"-1","time":1558449000917,"group":{"id":"settings","version":"9"},"event":{"data":{"created":1558449000917,"name":"autoSaveIfInactive","value":false},"id":"GeneralSettings"}}
{"session":"8298c4b0b389","build":"183.6156.11","bucket":"-1","time":1558449000917,"group":{"id":"settings","version":"9"},"event":{"data":{"created":1558449000918,"name":"confirmExit","value":true},"id":"GeneralSettings"}}
{"session":"8298c4b0b389","build":"183.6156.11","bucket":"-1","time":1558449000917,"group":{"id":"settings","version":"9"},"event":{"data":{"created":1558449000919,"name":"reopenLastProject","value":true},"id":"GeneralSettings"}}
{"session":"8298c4b0b389","build":"183.6156.11","bucket":"-1","time":1558449000917,"group":{"id":"settings","version":"9"},"event":{"data":{"created":1558449000919,"name":"saveOnFrameDeactivation","value":true},"id":"GeneralSettings"}}
{"session":"8298c4b0b389","build":"183.6156.11","bucket":"-1","time":1558449000917,"group":{"id":"settings","version":"9"},"event":{"data":{"created":1558449000919,"name":"searchInBackground","value":false},"id":"GeneralSettings"}}
{"session":"8298c4b0b389","build":"183.6156.11","bucket":"-1","time":1558449000917,"group":{"id":"settings","version":"9"},"event":{"data":{"default":false,"created":1558449000920,"name":"showTipsOnStartup","value":false},"id":"GeneralSettings"}}
{"session":"8298c4b0b389","build":"183.6156.11","bucket":"-1","time":1558449000917,"group":{"id":"settings","version":"9"},"event":{"data":{"created":1558449000920,"name":"showWelcomeScreen","value":true},"id":"GeneralSettings"}}
{"session":"8298c4b0b389","build":"183.6156.11","bucket":"-1","time":1558449000917,"group":{"id":"settings","version":"9"},"event":{"data":{"created":1558449000920,"name":"supportScreenReaders","value":false},"id":"GeneralSettings"}}
{"session":"8298c4b0b389","build":"183.6156.11","bucket":"-1","time":1558449000917,"group":{"id":"settings","version":"9"},"event":{"data":{"created":1558449000921,"name":"syncOnFrameActivation","value":true},"id":"GeneralSettings"}}
{"session":"8298c4b0b389","build":"183.6156.11","bucket":"-1","time":1558449000917,"group":{"id":"settings","version":"9"},"event":{"data":{"created":1558449000921,"name":"useDefaultBrowser","value":true},"id":"GeneralSettings"}}
{"session":"8298c4b0b389","build":"183.6156.11","bucket":"-1","time":1558449000917,"group":{"id":"settings","version":"9"},"event":{"data":{"created":1558449000921,"name":"useSafeWrite","value":true},"id":"GeneralSettings"}}
{"session":"8298c4b0b389","build":"183.6156.11","bucket":"-1","time":1558449032722,"group":{"id":"ui.dialogs","version":"9"},"event":{"count":1,"data":{"created":1558449032722,"type":"show"},"id":"com.intellij.openapi.progress.util.ProgressDialog$MyDialogWrapper"}}
{"session":"8298c4b0b389","build":"183.6156.11","bucket":"-1","time":1558449033726,"group":{"id":"statistics.lifecycle.app","version":"9"},"event":{"count":1,"data":{"created":1558449033726,"data_2":"30+","data_1":"timeSecondsGrouped"},"id":"ide.freeze"}}
{"session":"8298c4b0b389","build":"183.6156.11","bucket":"-1","time":1558449033774,"group":{"id":"lifecycle","version":"9"},"event":{"count":1,"data":{"durationSeconds":33,"created":1558449033774},"id":"ide.freeze"}}
{"session":"8298c4b0b389","build":"183.6156.11","bucket":"-1","time":1558449045000,"group":{"id":"ui.dialogs","version":"9"},"event":{"count":1,"data":{"code":1,"created":1558449045000,"type":"close"},"id":"com.intellij.openapi.progress.util.ProgressDialog$MyDialogWrapper"}}
{"session":"8298c4b0b389","build":"183.6156.11","bucket":"-1","time":1558449067852,"group":{"id":"statistics.lifecycle.project","version":"9"},"event":{"count":1,"data":{"created":1558449067852,"project":"-94225211"},"id":"project.opened"}}
{"session":"8298c4b0b389","build":"183.6156.11","bucket":"-1","time":1558449067852,"group":{"id":"lifecycle","version":"9"},"event":{"count":1,"data":{"created":1558449067852},"id":"project.opened"}}
{"session":"8298c4b0b389","build":"183.6156.11","bucket":"-1","time":1558449067864,"group":{"id":"statistics.lifecycle.app","version":"9"},"event":{"count":1,"data":{"created":1558449067865,"data_2":"20+","data_1":"timeSecondsGrouped"},"id":"ide.freeze"}}
{"session":"8298c4b0b389","build":"183.6156.11","bucket":"-1","time":1558449067865,"group":{"id":"lifecycle","version":"9"},"event":{"count":1,"data":{"durationSeconds":23,"created":1558449067865},"id":"ide.freeze"}}
{"session":"8298c4b0b389","build":"183.6156.11","bucket":"-1","time":1558449072933,"group":{"id":"ui.dialogs","version":"9"},"event":{"count":1,"data":{"created":1558449072933,"type":"show"},"id":"com.intellij.openapi.progress.util.ProgressDialog$MyDialogWrapper"}}
{"session":"8298c4b0b389","build":"183.6156.11","bucket":"-1","time":1558449074633,"group":{"id":"statistics.lifecycle.app","version":"9"},"event":{"count":1,"data":{"created":1558449074633},"id":"ide.start"}}
{"session":"8298c4b0b389","build":"183.6156.11","bucket":"-1","time":1558449074633,"group":{"id":"lifecycle","version":"9"},"event":{"count":1,"data":{"created":1558449074634},"id":"app.started"}}
{"session":"8298c4b0b389","build":"183.6156.11","bucket":"-1","time":1558449076482,"group":{"id":"toolwindow.v2","version":"9"},"event":{"count":1,"data":{"created":1558449076482,"data_1":"Windows"},"id":"Project_by_Activation"}}
{"session":"8298c4b0b389","build":"183.6156.11","bucket":"-1","time":1558449077151,"group":{"id":"ui.dialogs","version":"9"},"event":{"count":1,"data":{"code":1,"created":1558449077151,"type":"close"},"id":"com.intellij.openapi.progress.util.ProgressDialog$MyDialogWrapper"}}
{"session":"8298c4b0b389","build":"183.6156.11","bucket":"-1","time":1558449077810,"group":{"id":"statistics.lifecycle.project","version":"9"},"event":{"count":1,"data":{"created":1558449077810,"project":"-94225211"},"id":"project.open.time.32"}}
{"session":"8298c4b0b389","build":"183.6156.11","bucket":"-1","time":1558449077810,"group":{"id":"lifecycle","version":"9"},"event":{"count":1,"data":{"created":1558449077810,"time.ms":32710},"id":"project.opening.finished"}}
{"session":"8298c4b0b389","build":"183.6156.11","bucket":"-1","time":1558449095332,"group":{"id":"ui.dialogs","version":"9"},"event":{"count":1,"data":{"created":1558449095332,"type":"show"},"id":"com.intellij.util.ui.ConfirmationDialog"}}
{"session":"8298c4b0b389","build":"183.6156.11","bucket":"-1","time":1558449141801,"group":{"id":"ui.dialogs","version":"9"},"event":{"count":1,"data":{"code":1,"created":1558449141801,"type":"close"},"id":"com.intellij.util.ui.ConfirmationDialog"}}
{"session":"8298c4b0b389","build":"183.6156.11","bucket":"-1","time":1558449161337,"group":{"id":"actions.v2","version":"9"},"event":{"count":1,"data":{"context_menu":false,"created":1558449161337,"data_1":"Windows","input_event":"Ctrl+H"},"id":"FindInPath"}}
{"session":"8298c4b0b389","build":"183.6156.11","bucket":"-1","time":1558449161876,"group":{"id":"ui.dialogs","version":"9"},"event":{"count":1,"data":{"created":1558449161876,"type":"show"},"id":"com.intellij.find.impl.FindPopupPanel$1"}}
{"session":"8298c4b0b389","build":"183.6156.11","bucket":"-1","time":1558449169681,"group":{"id":"statistics.ui.toolbar.clicks","version":"9"},"event":{"count":1,"data":{"created":1558449169681,"data_1":"Windows"},"id":"com.intellij.find.impl.FindPopupPanel$MySelectScopeToggleAction@EditorToolbar"}}
{"session":"8298c4b0b389","build":"183.6156.11","bucket":"-1","time":1558449176050,"group":{"id":"ui.dialogs","version":"9"},"event":{"count":2,"data":{"code":1,"last":1558449176105,"created":1558449176050,"type":"close"},"id":"com.intellij.find.impl.FindPopupPanel$1"}}
{"session":"8298c4b0b389","build":"183.6156.11","bucket":"-1","time":1558449719278,"group":{"id":"toolwindow.v2","version":"9"},"event":{"count":1,"data":{"created":1558449719278,"data_1":"Windows"},"id":"unknown_by_Activation"}}
{"session":"8298c4b0b389","build":"183.6156.11","bucket":"-1","time":1558449723494,"group":{"id":"actions.v2","version":"9"},"event":{"count":1,"data":{"context_menu":false,"created":1558449723495,"data_1":"Windows"},"id":"Maven.AddManagedFiles"}}
{"session":"8298c4b0b389","build":"183.6156.11","bucket":"-1","time":1558449723497,"group":{"id":"statistics.build.maven.actions","version":"9"},"event":{"count":1,"data":{"created":1558449723497,"project":"-94225211","data_2":"fromContextMenu.false","data_1":"Maven_Navigator_Toolbar"},"id":"AddManagedFilesAction"}}
{"session":"8298c4b0b389","build":"183.6156.11","bucket":"-1","time":1558449723563,"group":{"id":"ui.dialogs","version":"9"},"event":{"count":1,"data":{"created":1558449723563,"type":"show"},"id":"com.intellij.openapi.fileChooser.ex.FileChooserDialogImpl"}}
{"session":"8298c4b0b389","build":"183.6156.11","bucket":"-1","time":1558449730366,"group":{"id":"ui.dialogs","version":"9"},"event":{"count":1,"data":{"code":0,"created":1558449730367,"type":"close"},"id":"com.intellij.openapi.fileChooser.ex.FileChooserDialogImpl"}}
{"session":"8298c4b0b389","build":"183.6156.11","bucket":"-1","time":1558449730391,"group":{"id":"statistics.ui.toolbar.clicks","version":"9"},"event":{"count":1,"data":{"created":1558449730391,"data_1":"Windows"},"id":"Maven.AddManagedFiles@Maven_Navigator_Toolbar"}}
{"session":"8298c4b0b389","build":"183.6156.11","bucket":"-1","time":1558449739760,"group":{"id":"toolwindow.v2","version":"9"},"event":{"count":1,"data":{"created":1558449739760,"data_1":"Windows"},"id":"Project_by_Activation"}}
{"session":"8298c4b0b389","build":"183.6156.11","bucket":"-1","time":1558449747438,"group":{"id":"actions.v2","version":"9"},"event":{"count":1,"data":{"context_menu":false,"created":1558449747438,"data_1":"Windows"},"id":"Maven.AddManagedFiles"}}
{"session":"8298c4b0b389","build":"183.6156.11","bucket":"-1","time":1558449747438,"group":{"id":"statistics.build.maven.actions","version":"9"},"event":{"count":1,"data":{"created":1558449747438,"project":"-94225211","data_2":"fromContextMenu.false","data_1":"Maven_Navigator_Toolbar"},"id":"AddManagedFilesAction"}}
{"session":"8298c4b0b389","build":"183.6156.11","bucket":"-1","time":1558449747443,"group":{"id":"ui.dialogs","version":"9"},"event":{"count":1,"data":{"created":1558449747443,"type":"show"},"id":"com.intellij.openapi.fileChooser.ex.FileChooserDialogImpl"}}
{"session":"8298c4b0b389","build":"183.6156.11","bucket":"-1","time":1558449752590,"group":{"id":"ui.dialogs","version":"9"},"event":{"count":1,"data":{"code":0,"created":1558449752590,"type":"close"},"id":"com.intellij.openapi.fileChooser.ex.FileChooserDialogImpl"}}
{"session":"8298c4b0b389","build":"183.6156.11","bucket":"-1","time":1558449752612,"group":{"id":"statistics.ui.toolbar.clicks","version":"9"},"event":{"count":1,"data":{"created":1558449752612,"data_1":"Windows"},"id":"Maven.AddManagedFiles@Maven_Navigator_Toolbar"}}
{"session":"8298c4b0b389","build":"183.6156.11","bucket":"-1","time":1558449759639,"group":{"id":"ui.dialogs","version":"9"},"event":{"count":1,"data":{"created":1558449759639,"type":"show"},"id":"com.intellij.refactoring.move.moveFilesOrDirectories.MoveFilesOrDirectoriesUtil$1"}}
{"session":"8298c4b0b389","build":"183.6156.11","bucket":"-1","time":1558449761157,"group":{"id":"ui.dialogs","version":"9"},"event":{"count":1,"data":{"code":1,"created":1558449761157,"type":"close"},"id":"com.intellij.refactoring.move.moveFilesOrDirectories.MoveFilesOrDirectoriesUtil$1"}}
{"session":"8298c4b0b389","build":"183.6156.11","bucket":"-1","time":1558449773998,"group":{"id":"statistics.file.types.open","version":"9"},"event":{"count":1,"data":{"created":1558449773998,"project":"-94225211"},"id":"JAVA"}}
{"session":"8298c4b0b389","build":"183.6156.11","bucket":"-1","time":1558449776850,"group":{"id":"statistics.ui.toolbar.clicks","version":"9"},"event":{"count":1,"data":{"created":1558449776850,"data_1":"Windows"},"id":"com.intellij.openapi.wm.impl.ToolWindowHeader$HideAction@ToolwindowTitle"}}
{"session":"8298c4b0b389","build":"183.6156.11","bucket":"-1","time":1558449787290,"group":{"id":"actions.v2","version":"9"},"event":{"count":1,"data":{"context_menu":false,"created":1558449787291,"data_1":"Windows","input_event":"Ctrl+T"},"id":"GotoImplementation"}}
{"session":"8298c4b0b389","build":"183.6156.11","bucket":"-1","time":1558449787301,"group":{"id":"statistics.productivity","version":"9"},"event":{"count":1,"data":{"created":1558449787301},"id":"navigation.goto.implementation"}}
{"session":"8298c4b0b389","build":"183.6156.11","bucket":"-1","time":1558449887608,"group":{"id":"toolwindow.v2","version":"9"},"event":{"count":1,"data":{"created":1558449887608,"data_1":"Windows"},"id":"unknown_by_Activation"}}
{"session":"8298c4b0b389","build":"183.6156.11","bucket":"-1","time":1558449889526,"group":{"id":"actions.v2","version":"9"},"event":{"count":1,"data":{"context_menu":false,"created":1558449889526,"data_1":"Windows"},"id":"Maven.Reimport"}}
{"session":"8298c4b0b389","build":"183.6156.11","bucket":"-1","time":1558449889528,"group":{"id":"statistics.build.maven.actions","version":"9"},"event":{"count":1,"data":{"created":1558449889528,"project":"-94225211","data_2":"fromContextMenu.false","data_1":"Maven_Navigator_Toolbar"},"id":"ReimportAction"}}
{"session":"8298c4b0b389","build":"183.6156.11","bucket":"-1","time":1558449889529,"group":{"id":"statistics.ui.toolbar.clicks","version":"9"},"event":{"count":1,"data":{"created":1558449889529,"data_1":"Windows"},"id":"Maven.Reimport@Maven_Navigator_Toolbar"}}
{"session":"8298c4b0b389","build":"183.6156.11","bucket":"-1","time":1558452009454,"group":{"id":"statistics.lifecycle.app","version":"9"},"event":{"count":1,"data":{"created":1558452009454,"data_2":"6","data_1":"timeSecondsGrouped"},"id":"ide.freeze"}}
{"session":"8298c4b0b389","build":"183.6156.11","bucket":"-1","time":1558452009454,"group":{"id":"lifecycle","version":"9"},"event":{"count":1,"data":{"durationSeconds":6,"created":1558452009454},"id":"ide.freeze"}}
{"session":"8298c4b0b389","build":"183.6156.11","bucket":"-1","time":1558452047566,"group":{"id":"statistics.lifecycle.app","version":"9"},"event":{"count":1,"data":{"created":1558452047567,"data_2":"30+","data_1":"timeSecondsGrouped"},"id":"ide.freeze"}}
{"session":"8298c4b0b389","build":"183.6156.11","bucket":"-1","time":1558452047567,"group":{"id":"lifecycle","version":"9"},"event":{"count":1,"data":{"durationSeconds":37,"created":1558452047567},"id":"ide.freeze"}}
{"session":"8298c4b0b389","build":"183.6156.11","bucket":"-1","time":1558452119306,"group":{"id":"statistics.ui.toolbar.clicks","version":"9"},"event":{"count":1,"data":{"created":1558452119306,"data_1":"Windows"},"id":"com.intellij.openapi.wm.impl.ToolWindowHeader$HideAction@ToolwindowTitle"}}
{"session":"8298c4b0b389","build":"183.6156.11","bucket":"-1","time":1558452125684,"group":{"id":"statistics.productivity","version":"9"},"event":{"count":4,"data":{"last":1558452135000,"created":1558452125684},"id":"editing.select.word"}}
{"session":"8298c4b0b389","build":"183.6156.11","bucket":"-1","time":1558452139306,"group":{"id":"actions.v2","version":"9"},"event":{"count":1,"data":{"context_menu":false,"created":1558452139306,"data_1":"Windows","input_event":"Backspace"},"id":"EditorBackSpace"}}
{"session":"8298c4b0b389","build":"183.6156.11","bucket":"-1","time":1558452164699,"group":{"id":"actions.v2","version":"9"},"event":{"count":1,"data":{"context_menu":false,"created":1558452164699,"data_1":"Windows","input_event":"Ctrl+X"},"id":"EditorCut"}}
{"session":"8298c4b0b389","build":"183.6156.11","bucket":"-1","time":1558452164703,"group":{"id":"statistics.file.types.edit","version":"9"},"event":{"count":1,"data":{"created":1558452164703,"project":"-94225211"},"id":"JAVA"}}
{"session":"8298c4b0b389","build":"183.6156.11","bucket":"-1","time":1558452168466,"group":{"id":"actions.v2","version":"9"},"event":{"count":1,"data":{"context_menu":false,"created":1558452168466,"data_1":"Windows","input_event":"Enter"},"id":"EditorEnter"}}
{"session":"8298c4b0b389","build":"183.6156.11","bucket":"-1","time":1558452169050,"group":{"id":"actions.v2","version":"9"},"event":{"count":1,"data":{"context_menu":false,"created":1558452169050,"data_1":"Windows","input_event":"Ctrl+V"},"id":"EditorPaste"}}
{"session":"8298c4b0b389","build":"183.6156.11","bucket":"-1","time":1558452170865,"group":{"id":"actions.v2","version":"9"},"event":{"count":1,"data":{"context_menu":false,"created":1558452170865,"data_1":"Windows","input_event":"Ctrl+D"},"id":"EditorDeleteLine"}}
{"session":"8298c4b0b389","build":"183.6156.11","bucket":"-1","time":1558452170866,"group":{"id":"statistics.productivity","version":"9"},"event":{"count":1,"data":{"created":1558452170866},"id":"editor.delete.line"}}
{"session":"8298c4b0b389","build":"183.6156.11","bucket":"-1","time":1558452171314,"group":{"id":"actions.v2","version":"9"},"event":{"count":1,"data":{"context_menu":false,"created":1558452171314,"data_1":"Windows","input_event":"Ctrl+D"},"id":"EditorDeleteLine"}}
{"session":"8298c4b0b389","build":"183.6156.11","bucket":"-1","time":1558452171332,"group":{"id":"statistics.productivity","version":"9"},"event":{"count":1,"data":{"created":1558452171332},"id":"editor.delete.line"}}
{"session":"8298c4b0b389","build":"183.6156.11","bucket":"-1","time":1558452172116,"group":{"id":"actions.v2","version":"9"},"event":{"count":1,"data":{"context_menu":false,"created":1558452172116,"data_1":"Windows","input_event":"Ctrl+S"},"id":"SaveAll"}}
{"session":"8298c4b0b389","build":"183.6156.11","bucket":"-1","time":1558452188791,"group":{"id":"statistics.productivity","version":"9"},"event":{"count":1,"data":{"created":1558452188791},"id":"editing.select.word"}}
{"session":"8298c4b0b389","build":"183.6156.11","bucket":"-1","time":1558452216738,"group":{"id":"actions.v2","version":"9"},"event":{"count":1,"data":{"context_menu":false,"created":1558452216738,"data_1":"Windows"},"id":"GotoDeclaration"}}
{"session":"8298c4b0b389","build":"183.6156.11","bucket":"-1","time":1558452216742,"group":{"id":"statistics.productivity","version":"9"},"event":{"count":1,"data":{"created":1558452216742},"id":"navigation.goto.declaration"}}
{"session":"8298c4b0b389","build":"183.6156.11","bucket":"-1","time":1558452216853,"group":{"id":"statistics.file.types.open","version":"9"},"event":{"count":1,"data":{"created":1558452216853,"project":"-94225211"},"id":"JAVA"}}
{"session":"8298c4b0b389","build":"183.6156.11","bucket":"-1","time":1558452218779,"group":{"id":"actions.v2","version":"9"},"event":{"count":1,"data":{"context_menu":false,"created":1558452218779,"data_1":"Windows","input_event":"Alt+Left"},"id":"Back"}}
{"session":"8298c4b0b389","build":"183.6156.11","bucket":"-1","time":1558452218799,"group":{"id":"statistics.vcs.back.forward.trigger","version":"9"},"event":{"count":1,"data":{"created":1558452218799},"id":"editor"}}
{"session":"8298c4b0b389","build":"183.6156.11","bucket":"-1","time":1558452227571,"group":{"id":"actions.v2","version":"9"},"event":{"count":1,"data":{"context_menu":false,"created":1558452227571,"data_1":"Windows","input_event":"Ctrl+D"},"id":"EditorDeleteLine"}}
{"session":"8298c4b0b389","build":"183.6156.11","bucket":"-1","time":1558452227572,"group":{"id":"statistics.file.types.edit","version":"9"},"event":{"count":1,"data":{"created":1558452227572,"project":"-94225211"},"id":"JAVA"}}
{"session":"8298c4b0b389","build":"183.6156.11","bucket":"-1","time":1558452227573,"group":{"id":"statistics.productivity","version":"9"},"event":{"count":1,"data":{"created":1558452227573},"id":"editor.delete.line"}}
{"session":"8298c4b0b389","build":"183.6156.11","bucket":"-1","time":1558452228721,"group":{"id":"actions.v2","version":"9"},"event":{"count":1,"data":{"context_menu":false,"created":1558452228721,"data_1":"Windows","input_event":"Ctrl+S"},"id":"SaveAll"}}
{"session":"8298c4b0b389","build":"183.6156.11","bucket":"-1","time":1558452244807,"group":{"id":"statistics.lifecycle.app","version":"9"},"event":{"count":1,"data":{"created":1558452244807,"data_2":"8","data_1":"timeSecondsGrouped"},"id":"ide.freeze"}}
{"session":"8298c4b0b389","build":"183.6156.11","bucket":"-1","time":1558452244807,"group":{"id":"lifecycle","version":"9"},"event":{"count":1,"data":{"durationSeconds":8,"created":1558452244807},"id":"ide.freeze"}}
{"session":"8298c4b0b389","build":"183.6156.11","bucket":"-1","time":1558452250074,"group":{"id":"actions.v2","version":"9"},"event":{"count":1,"data":{"context_menu":true,"created":1558452250074,"place":"ProjectViewPopup","data_1":"Windows"},"id":"CheckinFiles"}}
{"session":"8298c4b0b389","build":"183.6156.11","bucket":"-1","time":1558452253389,"group":{"id":"ui.dialogs","version":"9"},"event":{"count":1,"data":{"created":1558452253389,"type":"show"},"id":"com.intellij.openapi.vcs.changes.ui.CommitChangeListDialog"}}
{"session":"8298c4b0b389","build":"183.6156.11","bucket":"-1","time":1558452257979,"group":{"id":"statistics.file.types.edit","version":"9"},"event":{"count":1,"data":{"created":1558452257979,"project":"-94225211"},"id":"PLAIN_TEXT"}}
{"session":"8298c4b0b389","build":"183.6156.11","bucket":"-1","time":1558452260246,"group":{"id":"actions.v2","version":"9"},"event":{"count":2,"data":{"context_menu":false,"last":1558452260416,"created":1558452260246,"data_1":"Windows","input_event":"Backspace"},"id":"EditorBackSpace"}}
{"session":"8298c4b0b389","build":"183.6156.11","bucket":"-1","time":1558452261651,"group":{"id":"actions.v2","version":"9"},"event":{"count":1,"data":{"context_menu":false,"created":1558452261651,"data_1":"Windows","input_event":"Left"},"id":"EditorLeft"}}
{"session":"8298c4b0b389","build":"183.6156.11","bucket":"-1","time":1558452264046,"group":{"id":"actions.v2","version":"9"},"event":{"count":2,"data":{"context_menu":false,"last":1558452264179,"created":1558452264046,"data_1":"Windows","input_event":"Backspace"},"id":"EditorBackSpace"}}
{"session":"8298c4b0b389","build":"183.6156.11","bucket":"-1","time":1558452273608,"group":{"id":"actions.v2","version":"9"},"event":{"count":1,"data":{"context_menu":false,"created":1558452273608,"data_1":"Windows","input_event":"Right"},"id":"EditorRight"}}
{"session":"8298c4b0b389","build":"183.6156.11","bucket":"-1","time":1558452277754,"group":{"id":"actions.v2","version":"9"},"event":{"count":2,"data":{"context_menu":false,"last":1558452277934,"created":1558452277755,"data_1":"Windows","input_event":"Backspace"},"id":"EditorBackSpace"}}
{"session":"8298c4b0b389","build":"183.6156.11","bucket":"-1","time":1558452286240,"group":{"id":"ui.dialogs","version":"9"},"event":{"count":1,"data":{"created":1558452286240,"type":"show"},"id":"com.intellij.openapi.progress.util.ProgressDialog$MyDialogWrapper"}}
{"session":"8298c4b0b389","build":"183.6156.11","bucket":"-1","time":1558452286898,"group":{"id":"ui.dialogs","version":"9"},"event":{"count":1,"data":{"code":1,"created":1558452286898,"type":"close"},"id":"com.intellij.openapi.progress.util.ProgressDialog$MyDialogWrapper"}}
{"session":"8298c4b0b389","build":"183.6156.11","bucket":"-1","time":1558452286949,"group":{"id":"ui.dialogs","version":"9"},"event":{"count":1,"data":{"created":1558452286949,"type":"show"},"id":"com.intellij.openapi.ui.messages.MessageDialog"}}
{"session":"8298c4b0b389","build":"183.6156.11","bucket":"-1","time":1558452288676,"group":{"id":"ui.dialogs","version":"9"},"event":{"count":1,"data":{"code":0,"created":1558452288676,"type":"close"},"id":"com.intellij.openapi.vcs.changes.ui.CommitChangeListDialog"}}
{"session":"8298c4b0b389","build":"183.6156.11","bucket":"-1","time":1558452328143,"group":{"id":"ui.dialogs","version":"9"},"event":{"count":1,"data":{"created":1558452328143,"type":"show"},"id":"com.intellij.openapi.ui.messages.MessageDialog"}}
{"session":"8298c4b0b389","build":"183.6156.11","bucket":"-1","time":1558452329667,"group":{"id":"statistics.lifecycle.app","version":"9"},"event":{"count":1,"data":{"created":1558452329667},"id":"ide.close"}}
{"session":"8298c4b0b389","build":"183.6156.11","bucket":"-1","time":1558452329667,"group":{"id":"lifecycle","version":"9"},"event":{"count":1,"data":{"restart":false,"created":1558452329667},"id":"app.closed"}}
{"session":"8298c4b0b389","build":"183.6156.11","bucket":"-1","time":1558452329710,"group":{"id":"statistics.lifecycle.project","version":"9"},"event":{"count":1,"data":{"created":1558452329710,"project":"-94225211"},"id":"project.closed"}}
{"session":"8298c4b0b389","build":"183.6156.11","bucket":"-1","time":1558452329838,"group":{"id":"lifecycle","version":"9"},"event":{"count":1,"data":{"created":1558452329838},"id":"project.closed"}}
