{"session":"b8d5211e317c","build":"183.6156.11","bucket":"-1","time":1555210799796,"group":{"id":"system.os.name","version":"9"},"event":{"data":{"created":1555210799814},"id":"Windows"}}
{"session":"b8d5211e317c","build":"183.6156.11","bucket":"-1","time":1555210799814,"group":{"id":"system.os.version","version":"9"},"event":{"data":{"created":1555210799837},"id":"10.0"}}
{"session":"b8d5211e317c","build":"183.6156.11","bucket":"-1","time":1555210799814,"group":{"id":"system.jvm.vendor","version":"9"},"event":{"data":{"created":1555210799851},"id":"JetBrains_s.r.o"}}
{"session":"b8d5211e317c","build":"183.6156.11","bucket":"-1","time":1555210799814,"group":{"id":"system.jvm.version","version":"9"},"event":{"data":{"created":1555210799852},"id":"1.8"}}
{"session":"b8d5211e317c","build":"183.6156.11","bucket":"-1","time":1555210799881,"group":{"id":"settings","version":"9"},"event":{"data":{"created":1555210799881,"name":"activeMruEditorOnClose","value":false},"id":"UISettings"}}
{"session":"b8d5211e317c","build":"183.6156.11","bucket":"-1","time":1555210799881,"group":{"id":"settings","version":"9"},"event":{"data":{"created":1555210799883,"name":"activeRightEditorOnClose","value":false},"id":"UISettings"}}
{"session":"b8d5211e317c","build":"183.6156.11","bucket":"-1","time":1555210799881,"group":{"id":"settings","version":"9"},"event":{"data":{"created":1555210799884,"name":"allowMergeButtons","value":true},"id":"UISettings"}}
{"session":"b8d5211e317c","build":"183.6156.11","bucket":"-1","time":1555210799882,"group":{"id":"settings","version":"9"},"event":{"data":{"created":1555210799884,"name":"alwaysShowWindowsButton","value":false},"id":"UISettings"}}
{"session":"b8d5211e317c","build":"183.6156.11","bucket":"-1","time":1555210799882,"group":{"id":"settings","version":"9"},"event":{"data":{"created":1555210799885,"name":"animateWindows","value":true},"id":"UISettings"}}
{"session":"b8d5211e317c","build":"183.6156.11","bucket":"-1","time":1555210799882,"group":{"id":"settings","version":"9"},"event":{"data":{"created":1555210799886,"name":"closeNonModifiedFilesFirst","value":false},"id":"UISettings"}}
{"session":"b8d5211e317c","build":"183.6156.11","bucket":"-1","time":1555210799882,"group":{"id":"settings","version":"9"},"event":{"data":{"created":1555210799886,"name":"closeTabButtonOnTheRight","value":true},"id":"UISettings"}}
{"session":"b8d5211e317c","build":"183.6156.11","bucket":"-1","time":1555210799882,"group":{"id":"settings","version":"9"},"event":{"data":{"created":1555210799887,"name":"cycleScrolling","value":true},"id":"UISettings"}}
{"session":"b8d5211e317c","build":"183.6156.11","bucket":"-1","time":1555210799882,"group":{"id":"settings","version":"9"},"event":{"data":{"created":1555210799895,"name":"defaultAutoScrollToSource","value":false},"id":"UISettings"}}
{"session":"b8d5211e317c","build":"183.6156.11","bucket":"-1","time":1555210799882,"group":{"id":"settings","version":"9"},"event":{"data":{"created":1555210799896,"name":"disableMnemonics","value":false},"id":"UISettings"}}
{"session":"b8d5211e317c","build":"183.6156.11","bucket":"-1","time":1555210799882,"group":{"id":"settings","version":"9"},"event":{"data":{"created":1555210799897,"name":"disableMnemonicsInControls","value":false},"id":"UISettings"}}
{"session":"b8d5211e317c","build":"183.6156.11","bucket":"-1","time":1555210799882,"group":{"id":"settings","version":"9"},"event":{"data":{"created":1555210799897,"name":"dndWithPressedAltOnly","value":false},"id":"UISettings"}}
{"session":"b8d5211e317c","build":"183.6156.11","bucket":"-1","time":1555210799882,"group":{"id":"settings","version":"9"},"event":{"data":{"created":1555210799898,"name":"enableAlphaMode","value":false},"id":"UISettings"}}
{"session":"b8d5211e317c","build":"183.6156.11","bucket":"-1","time":1555210799882,"group":{"id":"settings","version":"9"},"event":{"data":{"created":1555210799898,"name":"hideKnownExtensionInTabs","value":false},"id":"UISettings"}}
{"session":"b8d5211e317c","build":"183.6156.11","bucket":"-1","time":1555210799882,"group":{"id":"settings","version":"9"},"event":{"data":{"created":1555210799899,"name":"hideNavigationOnFocusLoss","value":true},"id":"UISettings"}}
{"session":"b8d5211e317c","build":"183.6156.11","bucket":"-1","time":1555210799882,"group":{"id":"settings","version":"9"},"event":{"data":{"created":1555210799900,"name":"hideTabsIfNeed","value":true},"id":"UISettings"}}
{"session":"b8d5211e317c","build":"183.6156.11","bucket":"-1","time":1555210799882,"group":{"id":"settings","version":"9"},"event":{"data":{"created":1555210799900,"name":"hideToolStripes","value":false},"id":"UISettings"}}
{"session":"b8d5211e317c","build":"183.6156.11","bucket":"-1","time":1555210799882,"group":{"id":"settings","version":"9"},"event":{"data":{"created":1555210799901,"name":"leftHorizontalSplit","value":false},"id":"UISettings"}}
{"session":"b8d5211e317c","build":"183.6156.11","bucket":"-1","time":1555210799882,"group":{"id":"settings","version":"9"},"event":{"data":{"created":1555210799901,"name":"markModifiedTabsWithAsterisk","value":false},"id":"UISettings"}}
{"session":"b8d5211e317c","build":"183.6156.11","bucket":"-1","time":1555210799882,"group":{"id":"settings","version":"9"},"event":{"data":{"created":1555210799902,"name":"mergeEqualStackTraces","value":true},"id":"UISettings"}}
{"session":"b8d5211e317c","build":"183.6156.11","bucket":"-1","time":1555210799882,"group":{"id":"settings","version":"9"},"event":{"data":{"created":1555210799902,"name":"moveMouseOnDefaultButton","value":false},"id":"UISettings"}}
{"session":"b8d5211e317c","build":"183.6156.11","bucket":"-1","time":1555210799882,"group":{"id":"settings","version":"9"},"event":{"data":{"created":1555210799903,"name":"navigateToPreview","value":false},"id":"UISettings"}}
{"session":"b8d5211e317c","build":"183.6156.11","bucket":"-1","time":1555210799882,"group":{"id":"settings","version":"9"},"event":{"data":{"created":1555210799904,"name":"overrideConsoleCycleBufferSize","value":false},"id":"UISettings"}}
{"session":"b8d5211e317c","build":"183.6156.11","bucket":"-1","time":1555210799882,"group":{"id":"settings","version":"9"},"event":{"data":{"default":false,"created":1555210799905,"name":"overrideLafFonts","value":true},"id":"UISettings"}}
{"session":"b8d5211e317c","build":"183.6156.11","bucket":"-1","time":1555210799882,"group":{"id":"settings","version":"9"},"event":{"data":{"created":1555210799905,"name":"pinFindInPath","value":false},"id":"UISettings"}}
{"session":"b8d5211e317c","build":"183.6156.11","bucket":"-1","time":1555210799882,"group":{"id":"settings","version":"9"},"event":{"data":{"created":1555210799906,"name":"presentationMode","value":false},"id":"UISettings"}}
{"session":"b8d5211e317c","build":"183.6156.11","bucket":"-1","time":1555210799882,"group":{"id":"settings","version":"9"},"event":{"data":{"created":1555210799906,"name":"reuseNotModifiedTabs","value":false},"id":"UISettings"}}
{"session":"b8d5211e317c","build":"183.6156.11","bucket":"-1","time":1555210799882,"group":{"id":"settings","version":"9"},"event":{"data":{"created":1555210799907,"name":"rightHorizontalSplit","value":false},"id":"UISettings"}}
{"session":"b8d5211e317c","build":"183.6156.11","bucket":"-1","time":1555210799882,"group":{"id":"settings","version":"9"},"event":{"data":{"created":1555210799907,"name":"scrollTabLayoutInEditor","value":true},"id":"UISettings"}}
{"session":"b8d5211e317c","build":"183.6156.11","bucket":"-1","time":1555210799882,"group":{"id":"settings","version":"9"},"event":{"data":{"created":1555210799908,"name":"showCloseButton","value":true},"id":"UISettings"}}
{"session":"b8d5211e317c","build":"183.6156.11","bucket":"-1","time":1555210799882,"group":{"id":"settings","version":"9"},"event":{"data":{"created":1555210799908,"name":"showDirectoryForNonUniqueFilenames","value":true},"id":"UISettings"}}
{"session":"b8d5211e317c","build":"183.6156.11","bucket":"-1","time":1555210799882,"group":{"id":"settings","version":"9"},"event":{"data":{"created":1555210799909,"name":"showEditorToolTip","value":true},"id":"UISettings"}}
{"session":"b8d5211e317c","build":"183.6156.11","bucket":"-1","time":1555210799882,"group":{"id":"settings","version":"9"},"event":{"data":{"created":1555210799909,"name":"showIconInQuickNavigation","value":true},"id":"UISettings"}}
{"session":"b8d5211e317c","build":"183.6156.11","bucket":"-1","time":1555210799882,"group":{"id":"settings","version":"9"},"event":{"data":{"created":1555210799909,"name":"showIconsInMenus","value":true},"id":"UISettings"}}
{"session":"b8d5211e317c","build":"183.6156.11","bucket":"-1","time":1555210799882,"group":{"id":"settings","version":"9"},"event":{"data":{"default":false,"created":1555210799910,"name":"showMainToolbar","value":true},"id":"UISettings"}}
{"session":"b8d5211e317c","build":"183.6156.11","bucket":"-1","time":1555210799882,"group":{"id":"settings","version":"9"},"event":{"data":{"created":1555210799910,"name":"showMemoryIndicator","value":false},"id":"UISettings"}}
{"session":"b8d5211e317c","build":"183.6156.11","bucket":"-1","time":1555210799882,"group":{"id":"settings","version":"9"},"event":{"data":{"created":1555210799911,"name":"showNavigationBar","value":true},"id":"UISettings"}}
{"session":"b8d5211e317c","build":"183.6156.11","bucket":"-1","time":1555210799882,"group":{"id":"settings","version":"9"},"event":{"data":{"created":1555210799911,"name":"showStatusBar","value":true},"id":"UISettings"}}
{"session":"b8d5211e317c","build":"183.6156.11","bucket":"-1","time":1555210799882,"group":{"id":"settings","version":"9"},"event":{"data":{"created":1555210799911,"name":"showTabsTooltips","value":true},"id":"UISettings"}}
{"session":"b8d5211e317c","build":"183.6156.11","bucket":"-1","time":1555210799882,"group":{"id":"settings","version":"9"},"event":{"data":{"created":1555210799912,"name":"showToolWindowsNumbers","value":true},"id":"UISettings"}}
{"session":"b8d5211e317c","build":"183.6156.11","bucket":"-1","time":1555210799882,"group":{"id":"settings","version":"9"},"event":{"data":{"created":1555210799912,"name":"smoothScrolling","value":false},"id":"UISettings"}}
{"session":"b8d5211e317c","build":"183.6156.11","bucket":"-1","time":1555210799882,"group":{"id":"settings","version":"9"},"event":{"data":{"created":1555210799913,"name":"sortBookmarks","value":false},"id":"UISettings"}}
{"session":"b8d5211e317c","build":"183.6156.11","bucket":"-1","time":1555210799882,"group":{"id":"settings","version":"9"},"event":{"data":{"default":false,"created":1555210799913,"name":"sortLookupElementsLexicographically","value":true},"id":"UISettings"}}
{"session":"b8d5211e317c","build":"183.6156.11","bucket":"-1","time":1555210799882,"group":{"id":"settings","version":"9"},"event":{"data":{"created":1555210799914,"name":"useSmallLabelsOnTabs","value":false},"id":"UISettings"}}
{"session":"b8d5211e317c","build":"183.6156.11","bucket":"-1","time":1555210799882,"group":{"id":"settings","version":"9"},"event":{"data":{"created":1555210799914,"name":"wideScreenSupport","value":false},"id":"UISettings"}}
{"session":"b8d5211e317c","build":"183.6156.11","bucket":"-1","time":1555210803696,"group":{"id":"settings","version":"9"},"event":{"data":{"created":1555210803696,"name":"autoSaveIfInactive","value":false},"id":"GeneralSettings"}}
{"session":"b8d5211e317c","build":"183.6156.11","bucket":"-1","time":1555210803696,"group":{"id":"settings","version":"9"},"event":{"data":{"created":1555210803696,"name":"confirmExit","value":true},"id":"GeneralSettings"}}
{"session":"b8d5211e317c","build":"183.6156.11","bucket":"-1","time":1555210803696,"group":{"id":"settings","version":"9"},"event":{"data":{"created":1555210803697,"name":"reopenLastProject","value":true},"id":"GeneralSettings"}}
{"session":"b8d5211e317c","build":"183.6156.11","bucket":"-1","time":1555210803696,"group":{"id":"settings","version":"9"},"event":{"data":{"created":1555210803697,"name":"saveOnFrameDeactivation","value":true},"id":"GeneralSettings"}}
{"session":"b8d5211e317c","build":"183.6156.11","bucket":"-1","time":1555210803696,"group":{"id":"settings","version":"9"},"event":{"data":{"created":1555210803697,"name":"searchInBackground","value":false},"id":"GeneralSettings"}}
{"session":"b8d5211e317c","build":"183.6156.11","bucket":"-1","time":1555210803696,"group":{"id":"settings","version":"9"},"event":{"data":{"default":false,"created":1555210803698,"name":"showTipsOnStartup","value":false},"id":"GeneralSettings"}}
{"session":"b8d5211e317c","build":"183.6156.11","bucket":"-1","time":1555210803696,"group":{"id":"settings","version":"9"},"event":{"data":{"created":1555210803698,"name":"showWelcomeScreen","value":true},"id":"GeneralSettings"}}
{"session":"b8d5211e317c","build":"183.6156.11","bucket":"-1","time":1555210803696,"group":{"id":"settings","version":"9"},"event":{"data":{"created":1555210803698,"name":"supportScreenReaders","value":false},"id":"GeneralSettings"}}
{"session":"b8d5211e317c","build":"183.6156.11","bucket":"-1","time":1555210803696,"group":{"id":"settings","version":"9"},"event":{"data":{"created":1555210803698,"name":"syncOnFrameActivation","value":true},"id":"GeneralSettings"}}
{"session":"b8d5211e317c","build":"183.6156.11","bucket":"-1","time":1555210803696,"group":{"id":"settings","version":"9"},"event":{"data":{"created":1555210803699,"name":"useDefaultBrowser","value":true},"id":"GeneralSettings"}}
{"session":"b8d5211e317c","build":"183.6156.11","bucket":"-1","time":1555210803696,"group":{"id":"settings","version":"9"},"event":{"data":{"created":1555210803699,"name":"useSafeWrite","value":true},"id":"GeneralSettings"}}
{"session":"b8d5211e317c","build":"183.6156.11","bucket":"-1","time":1555210825577,"group":{"id":"ui.dialogs","version":"9"},"event":{"count":1,"data":{"created":1555210825577,"type":"show"},"id":"com.intellij.openapi.progress.util.ProgressDialog$MyDialogWrapper"}}
{"session":"b8d5211e317c","build":"183.6156.11","bucket":"-1","time":1555210826198,"group":{"id":"statistics.lifecycle.app","version":"9"},"event":{"count":1,"data":{"created":1555210826198,"data_2":"20+","data_1":"timeSecondsGrouped"},"id":"ide.freeze"}}
{"session":"b8d5211e317c","build":"183.6156.11","bucket":"-1","time":1555210826220,"group":{"id":"lifecycle","version":"9"},"event":{"count":1,"data":{"durationSeconds":22,"created":1555210826220},"id":"ide.freeze"}}
{"session":"b8d5211e317c","build":"183.6156.11","bucket":"-1","time":1555210845844,"group":{"id":"ui.dialogs","version":"9"},"event":{"count":1,"data":{"code":1,"created":1555210845845,"type":"close"},"id":"com.intellij.openapi.progress.util.ProgressDialog$MyDialogWrapper"}}
{"session":"b8d5211e317c","build":"183.6156.11","bucket":"-1","time":1555210846081,"group":{"id":"statistics.lifecycle.project","version":"9"},"event":{"count":1,"data":{"created":1555210846081,"project":"-1793532514"},"id":"project.opened"}}
{"session":"b8d5211e317c","build":"183.6156.11","bucket":"-1","time":1555210846081,"group":{"id":"lifecycle","version":"9"},"event":{"count":1,"data":{"created":1555210846081},"id":"project.opened"}}
{"session":"b8d5211e317c","build":"183.6156.11","bucket":"-1","time":1555210851740,"group":{"id":"ui.dialogs","version":"9"},"event":{"count":1,"data":{"created":1555210851740,"type":"show"},"id":"com.intellij.openapi.progress.util.ProgressDialog$MyDialogWrapper"}}
{"session":"b8d5211e317c","build":"183.6156.11","bucket":"-1","time":1555210852262,"group":{"id":"statistics.lifecycle.app","version":"9"},"event":{"count":1,"data":{"created":1555210852263,"data_2":"7","data_1":"timeSecondsGrouped"},"id":"ide.freeze"}}
{"session":"b8d5211e317c","build":"183.6156.11","bucket":"-1","time":1555210852263,"group":{"id":"lifecycle","version":"9"},"event":{"count":1,"data":{"durationSeconds":7,"created":1555210852263},"id":"ide.freeze"}}
{"session":"b8d5211e317c","build":"183.6156.11","bucket":"-1","time":1555210862454,"group":{"id":"statistics.lifecycle.app","version":"9"},"event":{"count":1,"data":{"created":1555210862454},"id":"ide.start"}}
{"session":"b8d5211e317c","build":"183.6156.11","bucket":"-1","time":1555210862454,"group":{"id":"lifecycle","version":"9"},"event":{"count":1,"data":{"created":1555210862455},"id":"app.started"}}
{"session":"b8d5211e317c","build":"183.6156.11","bucket":"-1","time":1555210864638,"group":{"id":"ui.dialogs","version":"9"},"event":{"count":1,"data":{"code":1,"created":1555210864638,"type":"close"},"id":"com.intellij.openapi.progress.util.ProgressDialog$MyDialogWrapper"}}
{"session":"b8d5211e317c","build":"183.6156.11","bucket":"-1","time":1555210864749,"group":{"id":"statistics.lifecycle.project","version":"9"},"event":{"count":1,"data":{"created":1555210864749,"project":"-1793532514"},"id":"project.open.time.40"}}
{"session":"b8d5211e317c","build":"183.6156.11","bucket":"-1","time":1555210864749,"group":{"id":"lifecycle","version":"9"},"event":{"count":1,"data":{"created":1555210864749,"time.ms":40651},"id":"project.opening.finished"}}
{"session":"b8d5211e317c","build":"183.6156.11","bucket":"-1","time":1555212524264,"group":{"id":"statistics.actions.main.menu.v2","version":"9"},"event":{"count":1,"data":{"created":1555212524265,"data_1":"Windows"},"id":"File_->_Settings..."}}
{"session":"b8d5211e317c","build":"183.6156.11","bucket":"-1","time":1555212524328,"group":{"id":"actions.v2","version":"9"},"event":{"count":1,"data":{"context_menu":true,"created":1555212524328,"place":"MainMenu","data_1":"Windows"},"id":"ShowSettings"}}
{"session":"b8d5211e317c","build":"183.6156.11","bucket":"-1","time":1555212531691,"group":{"id":"ui.dialogs","version":"9"},"event":{"count":1,"data":{"created":1555212531691,"type":"show"},"id":"com.intellij.openapi.options.newEditor.SettingsDialog"}}
{"session":"b8d5211e317c","build":"183.6156.11","bucket":"-1","time":1555212532867,"group":{"id":"statistics.lifecycle.app","version":"9"},"event":{"count":1,"data":{"created":1555212532867,"data_2":"9","data_1":"timeSecondsGrouped"},"id":"ide.freeze"}}
{"session":"b8d5211e317c","build":"183.6156.11","bucket":"-1","time":1555212532867,"group":{"id":"lifecycle","version":"9"},"event":{"count":1,"data":{"durationSeconds":9,"created":1555212532867},"id":"ide.freeze"}}
{"session":"b8d5211e317c","build":"183.6156.11","bucket":"-1","time":1555212556671,"group":{"id":"ui.dialogs","version":"9"},"event":{"count":1,"data":{"code":1,"created":1555212556672,"type":"close"},"id":"com.intellij.openapi.options.newEditor.SettingsDialog"}}
{"session":"b8d5211e317c","build":"183.6156.11","bucket":"-1","time":1555212583961,"group":{"id":"statistics.lifecycle.app","version":"9"},"event":{"count":1,"data":{"created":1555212583961,"data_2":"7","data_1":"timeSecondsGrouped"},"id":"ide.freeze"}}
{"session":"b8d5211e317c","build":"183.6156.11","bucket":"-1","time":1555212583961,"group":{"id":"lifecycle","version":"9"},"event":{"count":1,"data":{"durationSeconds":7,"created":1555212583961},"id":"ide.freeze"}}
{"session":"b8d5211e317c","build":"183.6156.11","bucket":"-1","time":1555212589269,"group":{"id":"actions.v2","version":"9"},"event":{"count":1,"data":{"context_menu":true,"created":1555212589269,"place":"EditorPopup","data_1":"Windows"},"id":"DebugClass"}}
{"session":"b8d5211e317c","build":"183.6156.11","bucket":"-1","time":1555212589660,"group":{"id":"statistics.run.configuration.start","version":"9"},"event":{"count":1,"data":{"created":1555212589660,"project":"-1793532514","data_1":"Debug"},"id":"Application"}}
{"session":"b8d5211e317c","build":"183.6156.11","bucket":"-1","time":1555212625184,"group":{"id":"toolwindow.v2","version":"9"},"event":{"count":1,"data":{"created":1555212625184,"data_1":"Windows"},"id":"Debug_by_Activation"}}
{"session":"b8d5211e317c","build":"183.6156.11","bucket":"-1","time":1555213540178,"group":{"id":"statistics.actions.main.menu.v2","version":"9"},"event":{"count":1,"data":{"created":1555213540178,"data_1":"Windows"},"id":"File_->_Settings..."}}
{"session":"b8d5211e317c","build":"183.6156.11","bucket":"-1","time":1555213540185,"group":{"id":"actions.v2","version":"9"},"event":{"count":1,"data":{"context_menu":true,"created":1555213540185,"place":"MainMenu","data_1":"Windows"},"id":"ShowSettings"}}
{"session":"b8d5211e317c","build":"183.6156.11","bucket":"-1","time":1555213540453,"group":{"id":"ui.dialogs","version":"9"},"event":{"count":1,"data":{"created":1555213540453,"type":"show"},"id":"com.intellij.openapi.options.newEditor.SettingsDialog"}}
{"session":"b8d5211e317c","build":"183.6156.11","bucket":"-1","time":1555213740915,"group":{"id":"ui.dialogs","version":"9"},"event":{"count":1,"data":{"code":1,"created":1555213740915,"type":"close"},"id":"com.intellij.openapi.options.newEditor.SettingsDialog"}}
{"session":"b8d5211e317c","build":"183.6156.11","bucket":"-1","time":1555213828976,"group":{"id":"statistics.actions.main.menu.v2","version":"9"},"event":{"count":1,"data":{"created":1555213828976,"data_1":"Windows"},"id":"File_->_Settings..."}}
{"session":"b8d5211e317c","build":"183.6156.11","bucket":"-1","time":1555213828983,"group":{"id":"actions.v2","version":"9"},"event":{"count":1,"data":{"context_menu":true,"created":1555213828984,"place":"MainMenu","data_1":"Windows"},"id":"ShowSettings"}}
{"session":"b8d5211e317c","build":"183.6156.11","bucket":"-1","time":1555213829251,"group":{"id":"ui.dialogs","version":"9"},"event":{"count":1,"data":{"created":1555213829251,"type":"show"},"id":"com.intellij.openapi.options.newEditor.SettingsDialog"}}
{"session":"b8d5211e317c","build":"183.6156.11","bucket":"-1","time":1555213837163,"group":{"id":"actions.v2","version":"9"},"event":{"count":1,"data":{"context_menu":false,"created":1555213837163,"data_1":"Windows","input_event":"Backspace"},"id":"EditorBackSpace"}}
{"session":"b8d5211e317c","build":"183.6156.11","bucket":"-1","time":1555213911981,"group":{"id":"ui.dialogs","version":"9"},"event":{"count":1,"data":{"code":0,"created":1555213911981,"type":"close"},"id":"com.intellij.openapi.options.newEditor.SettingsDialog"}}
{"session":"b8d5211e317c","build":"183.6156.11","bucket":"-1","time":1555213913621,"group":{"id":"statistics.ui.toolbar.clicks","version":"9"},"event":{"count":1,"data":{"created":1555213913622,"data_1":"Windows"},"id":"Show_Options@ToolWindowHeader"}}
{"session":"b8d5211e317c","build":"183.6156.11","bucket":"-1","time":1555213913689,"group":{"id":"statistics.ui.toolbar.clicks","version":"9"},"event":{"count":1,"data":{"created":1555213913689,"data_1":"Windows"},"id":"com.intellij.openapi.wm.impl.ToolWindowHeader$ShowOptionsAction@ToolwindowTitle"}}
{"session":"b8d5211e317c","build":"183.6156.11","bucket":"-1","time":1555213928952,"group":{"id":"statistics.ui.toolbar.clicks","version":"9"},"event":{"count":1,"data":{"created":1555213928952,"data_1":"Windows"},"id":"Show_Options@ToolWindowHeader"}}
{"session":"b8d5211e317c","build":"183.6156.11","bucket":"-1","time":1555213928969,"group":{"id":"statistics.ui.toolbar.clicks","version":"9"},"event":{"count":1,"data":{"created":1555213928969,"data_1":"Windows"},"id":"com.intellij.openapi.wm.impl.ToolWindowHeader$ShowOptionsAction@ToolwindowTitle"}}
{"session":"b8d5211e317c","build":"183.6156.11","bucket":"-1","time":1555213939761,"group":{"id":"statistics.ui.toolbar.clicks","version":"9"},"event":{"count":1,"data":{"created":1555213939762,"data_1":"Windows"},"id":"Show_Options@ToolWindowHeader"}}
{"session":"b8d5211e317c","build":"183.6156.11","bucket":"-1","time":1555213939778,"group":{"id":"statistics.ui.toolbar.clicks","version":"9"},"event":{"count":1,"data":{"created":1555213939778,"data_1":"Windows"},"id":"com.intellij.openapi.wm.impl.ToolWindowHeader$ShowOptionsAction@ToolwindowTitle"}}
{"session":"b8d5211e317c","build":"183.6156.11","bucket":"-1","time":1555213951722,"group":{"id":"statistics.ui.toolbar.clicks","version":"9"},"event":{"count":1,"data":{"created":1555213951722,"data_1":"Windows"},"id":"Show_Options@ToolWindowHeader"}}
{"session":"b8d5211e317c","build":"183.6156.11","bucket":"-1","time":1555213951739,"group":{"id":"statistics.ui.toolbar.clicks","version":"9"},"event":{"count":1,"data":{"created":1555213951739,"data_1":"Windows"},"id":"com.intellij.openapi.wm.impl.ToolWindowHeader$ShowOptionsAction@ToolwindowTitle"}}
{"session":"b8d5211e317c","build":"183.6156.11","bucket":"-1","time":1555213955712,"group":{"id":"statistics.ui.toolbar.clicks","version":"9"},"event":{"count":1,"data":{"created":1555213955713,"data_1":"Windows"},"id":"Show_Options@ToolWindowHeader"}}
{"session":"b8d5211e317c","build":"183.6156.11","bucket":"-1","time":1555213955729,"group":{"id":"statistics.ui.toolbar.clicks","version":"9"},"event":{"count":1,"data":{"created":1555213955729,"data_1":"Windows"},"id":"com.intellij.openapi.wm.impl.ToolWindowHeader$ShowOptionsAction@ToolwindowTitle"}}
{"session":"b8d5211e317c","build":"183.6156.11","bucket":"-1","time":1555213959937,"group":{"id":"statistics.ui.toolbar.clicks","version":"9"},"event":{"count":1,"data":{"created":1555213959937,"data_1":"Windows"},"id":"Show_Options@ToolWindowHeader"}}
{"session":"b8d5211e317c","build":"183.6156.11","bucket":"-1","time":1555213959959,"group":{"id":"statistics.ui.toolbar.clicks","version":"9"},"event":{"count":1,"data":{"created":1555213959959,"data_1":"Windows"},"id":"com.intellij.openapi.wm.impl.ToolWindowHeader$ShowOptionsAction@ToolwindowTitle"}}
{"session":"b8d5211e317c","build":"183.6156.11","bucket":"-1","time":1555213965954,"group":{"id":"statistics.ui.toolbar.clicks","version":"9"},"event":{"count":1,"data":{"created":1555213965954,"data_1":"Windows"},"id":"Show_Options@ToolWindowHeader"}}
{"session":"b8d5211e317c","build":"183.6156.11","bucket":"-1","time":1555213965972,"group":{"id":"statistics.ui.toolbar.clicks","version":"9"},"event":{"count":1,"data":{"created":1555213965972,"data_1":"Windows"},"id":"com.intellij.openapi.wm.impl.ToolWindowHeader$ShowOptionsAction@ToolwindowTitle"}}
{"session":"b8d5211e317c","build":"183.6156.11","bucket":"-1","time":1555213981928,"group":{"id":"statistics.actions.main.menu.v2","version":"9"},"event":{"count":1,"data":{"created":1555213981928,"data_1":"Windows"},"id":"File_->_Settings..."}}
{"session":"b8d5211e317c","build":"183.6156.11","bucket":"-1","time":1555213981932,"group":{"id":"actions.v2","version":"9"},"event":{"count":1,"data":{"context_menu":true,"created":1555213981932,"place":"MainMenu","data_1":"Windows"},"id":"ShowSettings"}}
{"session":"b8d5211e317c","build":"183.6156.11","bucket":"-1","time":1555213982106,"group":{"id":"ui.dialogs","version":"9"},"event":{"count":1,"data":{"created":1555213982106,"type":"show"},"id":"com.intellij.openapi.options.newEditor.SettingsDialog"}}
{"session":"b8d5211e317c","build":"183.6156.11","bucket":"-1","time":1555214024853,"group":{"id":"actions.v2","version":"9"},"event":{"count":1,"data":{"context_menu":false,"created":1555214024853,"data_1":"Windows","input_event":"Backspace"},"id":"EditorBackSpace"}}
{"session":"b8d5211e317c","build":"183.6156.11","bucket":"-1","time":1555214059768,"group":{"id":"ui.dialogs","version":"9"},"event":{"count":1,"data":{"code":1,"created":1555214059768,"type":"close"},"id":"com.intellij.openapi.options.newEditor.SettingsDialog"}}
{"session":"b8d5211e317c","build":"183.6156.11","bucket":"-1","time":1555214061472,"group":{"id":"statistics.actions.main.menu.v2","version":"9"},"event":{"count":1,"data":{"created":1555214061472,"data_1":"Windows"},"id":"File_->_Settings..."}}
{"session":"b8d5211e317c","build":"183.6156.11","bucket":"-1","time":1555214061478,"group":{"id":"actions.v2","version":"9"},"event":{"count":1,"data":{"context_menu":true,"created":1555214061478,"place":"MainMenu","data_1":"Windows"},"id":"ShowSettings"}}
{"session":"b8d5211e317c","build":"183.6156.11","bucket":"-1","time":1555214061687,"group":{"id":"ui.dialogs","version":"9"},"event":{"count":1,"data":{"created":1555214061687,"type":"show"},"id":"com.intellij.openapi.options.newEditor.SettingsDialog"}}
{"session":"b8d5211e317c","build":"183.6156.11","bucket":"-1","time":1555214144872,"group":{"id":"actions.v2","version":"9"},"event":{"count":1,"data":{"context_menu":false,"created":1555214144873,"data_1":"Windows","input_event":"Backspace"},"id":"EditorBackSpace"}}
{"session":"b8d5211e317c","build":"183.6156.11","bucket":"-1","time":1555214282472,"group":{"id":"ui.dialogs","version":"9"},"event":{"count":1,"data":{"code":0,"created":1555214282472,"type":"close"},"id":"com.intellij.openapi.options.newEditor.SettingsDialog"}}
{"session":"b8d5211e317c","build":"183.6156.11","bucket":"-1","time":1555214292064,"group":{"id":"statistics.actions.main.menu.v2","version":"9"},"event":{"count":1,"data":{"created":1555214292064,"data_1":"Windows"},"id":"File_->_Settings..."}}
{"session":"b8d5211e317c","build":"183.6156.11","bucket":"-1","time":1555214292068,"group":{"id":"actions.v2","version":"9"},"event":{"count":1,"data":{"context_menu":true,"created":1555214292068,"place":"MainMenu","data_1":"Windows"},"id":"ShowSettings"}}
{"session":"b8d5211e317c","build":"183.6156.11","bucket":"-1","time":1555214292243,"group":{"id":"ui.dialogs","version":"9"},"event":{"count":1,"data":{"created":1555214292243,"type":"show"},"id":"com.intellij.openapi.options.newEditor.SettingsDialog"}}
{"session":"b8d5211e317c","build":"183.6156.11","bucket":"-1","time":1555214313705,"group":{"id":"ui.dialogs","version":"9"},"event":{"count":1,"data":{"code":0,"created":1555214313705,"type":"close"},"id":"com.intellij.openapi.options.newEditor.SettingsDialog"}}
{"session":"b8d5211e317c","build":"183.6156.11","bucket":"-1","time":1555214315581,"group":{"id":"toolwindow.v2","version":"9"},"event":{"count":1,"data":{"created":1555214315581,"data_1":"Windows"},"id":"Project_by_Activation"}}
{"session":"b8d5211e317c","build":"183.6156.11","bucket":"-1","time":1555214325198,"group":{"id":"statistics.file.types.open","version":"9"},"event":{"count":1,"data":{"created":1555214325198,"project":"-1793532514"},"id":"JAVA"}}
{"session":"b8d5211e317c","build":"183.6156.11","bucket":"-1","time":1555214327126,"group":{"id":"actions.v2","version":"9"},"event":{"count":1,"data":{"context_menu":false,"created":1555214327126,"data_1":"Windows","input_event":"Ctrl+E"},"id":"RecentFiles"}}
{"session":"b8d5211e317c","build":"183.6156.11","bucket":"-1","time":1555214327127,"group":{"id":"statistics.productivity","version":"9"},"event":{"count":1,"data":{"created":1555214327127},"id":"navigation.recent.files"}}
{"session":"b8d5211e317c","build":"183.6156.11","bucket":"-1","time":1555214336783,"group":{"id":"actions.v2","version":"9"},"event":{"count":1,"data":{"context_menu":false,"created":1555214336783,"data_1":"Windows","input_event":"Ctrl+E"},"id":"RecentFiles"}}
{"session":"b8d5211e317c","build":"183.6156.11","bucket":"-1","time":1555214336785,"group":{"id":"statistics.productivity","version":"9"},"event":{"count":1,"data":{"created":1555214336785},"id":"navigation.recent.files"}}
{"session":"b8d5211e317c","build":"183.6156.11","bucket":"-1","time":1555214338941,"group":{"id":"toolwindow.v2","version":"9"},"event":{"count":1,"data":{"created":1555214338941,"data_1":"Windows"},"id":"Favorites_by_Activation"}}
{"session":"b8d5211e317c","build":"183.6156.11","bucket":"-1","time":1555214343159,"group":{"id":"statistics.ui.toolbar.clicks","version":"9"},"event":{"count":1,"data":{"created":1555214343159,"data_1":"Windows"},"id":"com.intellij.openapi.wm.impl.ToolWindowHeader$HideAction@ToolwindowTitle"}}
{"session":"b8d5211e317c","build":"183.6156.11","bucket":"-1","time":1555214426755,"group":{"id":"actions.v2","version":"9"},"event":{"count":1,"data":{"context_menu":true,"created":1555214426755,"place":"unknown","data_1":"Windows"},"id":"EditorToggleUseSoftWraps"}}
{"session":"b8d5211e317c","build":"183.6156.11","bucket":"-1","time":1555214541240,"group":{"id":"statistics.actions.main.menu.v2","version":"9"},"event":{"count":1,"data":{"created":1555214541240,"data_1":"Windows"},"id":"File_->_Export_Settings..."}}
{"session":"b8d5211e317c","build":"183.6156.11","bucket":"-1","time":1555214541245,"group":{"id":"actions.v2","version":"9"},"event":{"count":1,"data":{"context_menu":true,"created":1555214541245,"place":"MainMenu","data_1":"Windows"},"id":"ExportSettings"}}
{"session":"b8d5211e317c","build":"183.6156.11","bucket":"-1","time":1555214547371,"group":{"id":"ui.dialogs","version":"9"},"event":{"count":1,"data":{"created":1555214547371,"type":"show"},"id":"com.intellij.configurationStore.ChooseComponentsToExportDialog"}}
{"session":"b8d5211e317c","build":"183.6156.11","bucket":"-1","time":1555214548370,"group":{"id":"statistics.lifecycle.app","version":"9"},"event":{"count":1,"data":{"created":1555214548370,"data_2":"8","data_1":"timeSecondsGrouped"},"id":"ide.freeze"}}
{"session":"b8d5211e317c","build":"183.6156.11","bucket":"-1","time":1555214548370,"group":{"id":"lifecycle","version":"9"},"event":{"count":1,"data":{"durationSeconds":8,"created":1555214548370},"id":"ide.freeze"}}
{"session":"b8d5211e317c","build":"183.6156.11","bucket":"-1","time":1555214550896,"group":{"id":"ui.dialogs","version":"9"},"event":{"count":1,"data":{"code":0,"created":1555214550896,"type":"close"},"id":"com.intellij.configurationStore.ChooseComponentsToExportDialog"}}
{"session":"b8d5211e317c","build":"183.6156.11","bucket":"-1","time":1555214552713,"group":{"id":"ui.dialogs","version":"9"},"event":{"count":1,"data":{"created":1555214552713,"type":"show"},"id":"com.intellij.openapi.ui.messages.MessageDialog"}}
{"session":"b8d5211e317c","build":"183.6156.11","bucket":"-1","time":1555214558280,"group":{"id":"statistics.actions.main.menu.v2","version":"9"},"event":{"count":1,"data":{"created":1555214558280,"data_1":"Windows"},"id":"File_->_Settings..."}}
{"session":"b8d5211e317c","build":"183.6156.11","bucket":"-1","time":1555214558286,"group":{"id":"actions.v2","version":"9"},"event":{"count":1,"data":{"context_menu":true,"created":1555214558286,"place":"MainMenu","data_1":"Windows"},"id":"ShowSettings"}}
{"session":"b8d5211e317c","build":"183.6156.11","bucket":"-1","time":1555214558659,"group":{"id":"ui.dialogs","version":"9"},"event":{"count":1,"data":{"created":1555214558659,"type":"show"},"id":"com.intellij.openapi.options.newEditor.SettingsDialog"}}
{"session":"b8d5211e317c","build":"183.6156.11","bucket":"-1","time":1555214566624,"group":{"id":"ui.dialogs","version":"9"},"event":{"count":1,"data":{"code":1,"created":1555214566624,"type":"close"},"id":"com.intellij.openapi.options.newEditor.SettingsDialog"}}
{"session":"b8d5211e317c","build":"183.6156.11","bucket":"-1","time":1555214572016,"group":{"id":"statistics.actions.main.menu.v2","version":"9"},"event":{"count":1,"data":{"created":1555214572016,"data_1":"Windows"},"id":"File_->_Other_Settings_->_Structure_for_New_Projects..."}}
{"session":"b8d5211e317c","build":"183.6156.11","bucket":"-1","time":1555214572024,"group":{"id":"actions.v2","version":"9"},"event":{"count":1,"data":{"context_menu":true,"created":1555214572024,"place":"MainMenu","data_1":"Windows"},"id":"TemplateProjectStructure"}}
{"session":"b8d5211e317c","build":"183.6156.11","bucket":"-1","time":1555214572874,"group":{"id":"ui.dialogs","version":"9"},"event":{"count":1,"data":{"created":1555214572874,"type":"show"},"id":"com.intellij.ide.actions.ShowStructureSettingsAction$1"}}
{"session":"b8d5211e317c","build":"183.6156.11","bucket":"-1","time":1555214582566,"group":{"id":"ui.dialogs","version":"9"},"event":{"count":1,"data":{"code":1,"created":1555214582566,"type":"close"},"id":"com.intellij.ide.actions.ShowStructureSettingsAction$1"}}
{"session":"b8d5211e317c","build":"183.6156.11","bucket":"-1","time":1555214586127,"group":{"id":"statistics.actions.main.menu.v2","version":"9"},"event":{"count":1,"data":{"created":1555214586127,"data_1":"Windows"},"id":"File_->_Other_Settings_->_Settings_for_New_Projects..."}}
{"session":"b8d5211e317c","build":"183.6156.11","bucket":"-1","time":1555214586136,"group":{"id":"actions.v2","version":"9"},"event":{"count":1,"data":{"context_menu":true,"created":1555214586136,"place":"MainMenu","data_1":"Windows"},"id":"TemplateProjectProperties"}}
{"session":"b8d5211e317c","build":"183.6156.11","bucket":"-1","time":1555214586324,"group":{"id":"ui.dialogs","version":"9"},"event":{"count":1,"data":{"created":1555214586324,"type":"show"},"id":"com.intellij.openapi.options.newEditor.SettingsDialog"}}
{"session":"b8d5211e317c","build":"183.6156.11","bucket":"-1","time":1555214599302,"group":{"id":"ui.dialogs","version":"9"},"event":{"count":1,"data":{"code":1,"created":1555214599302,"type":"close"},"id":"com.intellij.openapi.options.newEditor.SettingsDialog"}}
{"session":"b8d5211e317c","build":"183.6156.11","bucket":"-1","time":1555214602514,"group":{"id":"statistics.actions.main.menu.v2","version":"9"},"event":{"count":1,"data":{"created":1555214602514,"data_1":"Windows"},"id":"File_->_Other_Settings_->_Settings_for_New_Projects..."}}
{"session":"b8d5211e317c","build":"183.6156.11","bucket":"-1","time":1555214602523,"group":{"id":"actions.v2","version":"9"},"event":{"count":1,"data":{"context_menu":true,"created":1555214602523,"place":"MainMenu","data_1":"Windows"},"id":"TemplateProjectProperties"}}
{"session":"b8d5211e317c","build":"183.6156.11","bucket":"-1","time":1555214602632,"group":{"id":"ui.dialogs","version":"9"},"event":{"count":1,"data":{"created":1555214602632,"type":"show"},"id":"com.intellij.openapi.options.newEditor.SettingsDialog"}}
{"session":"b8d5211e317c","build":"183.6156.11","bucket":"-1","time":1555214616402,"group":{"id":"actions.v2","version":"9"},"event":{"count":1,"data":{"context_menu":false,"created":1555214616402,"data_1":"Windows"},"id":"DialogCancelAction_Esc"}}
{"session":"b8d5211e317c","build":"183.6156.11","bucket":"-1","time":1555214616402,"group":{"id":"ui.dialogs","version":"9"},"event":{"count":1,"data":{"code":1,"created":1555214616402,"type":"close"},"id":"com.intellij.openapi.options.newEditor.SettingsDialog"}}
{"session":"b8d5211e317c","build":"183.6156.11","bucket":"-1","time":1555214621528,"group":{"id":"statistics.actions.main.menu.v2","version":"9"},"event":{"count":1,"data":{"created":1555214621528,"data_1":"Windows"},"id":"File_->_Settings..."}}
{"session":"b8d5211e317c","build":"183.6156.11","bucket":"-1","time":1555214621534,"group":{"id":"actions.v2","version":"9"},"event":{"count":1,"data":{"context_menu":true,"created":1555214621534,"place":"MainMenu","data_1":"Windows"},"id":"ShowSettings"}}
{"session":"b8d5211e317c","build":"183.6156.11","bucket":"-1","time":1555214621690,"group":{"id":"ui.dialogs","version":"9"},"event":{"count":1,"data":{"created":1555214621690,"type":"show"},"id":"com.intellij.openapi.options.newEditor.SettingsDialog"}}
{"session":"b8d5211e317c","build":"183.6156.11","bucket":"-1","time":1555214675419,"group":{"id":"statistics.ui.toolbar.clicks","version":"9"},"event":{"count":1,"data":{"created":1555214675419,"data_1":"Windows"},"id":"com.intellij.ui.CommonActionsPanel$MyActionButton@ToolbarDecorator"}}
{"session":"b8d5211e317c","build":"183.6156.11","bucket":"-1","time":1555214677408,"group":{"id":"ui.dialogs","version":"9"},"event":{"count":1,"data":{"created":1555214677408,"type":"show"},"id":"com.intellij.openapi.options.newEditor.SettingsDialog"}}
{"session":"b8d5211e317c","build":"183.6156.11","bucket":"-1","time":1555214678992,"group":{"id":"ui.dialogs","version":"9"},"event":{"count":1,"data":{"created":1555214678992,"type":"show"},"id":"com.intellij.openapi.fileChooser.ex.FileChooserDialogImpl"}}
{"session":"b8d5211e317c","build":"183.6156.11","bucket":"-1","time":1555214692402,"group":{"id":"ui.dialogs","version":"9"},"event":{"count":1,"data":{"code":0,"created":1555214692402,"type":"close"},"id":"com.intellij.openapi.fileChooser.ex.FileChooserDialogImpl"}}
{"session":"b8d5211e317c","build":"183.6156.11","bucket":"-1","time":1555214694283,"group":{"id":"ui.dialogs","version":"9"},"event":{"count":1,"data":{"created":1555214694283,"type":"show"},"id":"com.intellij.openapi.progress.util.ProgressDialog$MyDialogWrapper"}}
{"session":"b8d5211e317c","build":"183.6156.11","bucket":"-1","time":1555214696799,"group":{"id":"ui.dialogs","version":"9"},"event":{"count":1,"data":{"code":1,"created":1555214696799,"type":"close"},"id":"com.intellij.openapi.progress.util.ProgressDialog$MyDialogWrapper"}}
{"session":"b8d5211e317c","build":"183.6156.11","bucket":"-1","time":1555214697038,"group":{"id":"ui.dialogs","version":"9"},"event":{"count":1,"data":{"code":0,"created":1555214697038,"type":"close"},"id":"com.intellij.openapi.options.newEditor.SettingsDialog"}}
{"session":"b8d5211e317c","build":"183.6156.11","bucket":"-1","time":1555214699857,"group":{"id":"statistics.ui.toolbar.clicks","version":"9"},"event":{"count":1,"data":{"created":1555214699857,"data_1":"Windows"},"id":"com.intellij.ui.CommonActionsPanel$MyActionButton@ToolbarDecorator"}}
{"session":"b8d5211e317c","build":"183.6156.11","bucket":"-1","time":1555214702418,"group":{"id":"ui.dialogs","version":"9"},"event":{"count":1,"data":{"created":1555214702418,"type":"show"},"id":"com.intellij.openapi.options.newEditor.SettingsDialog"}}
{"session":"b8d5211e317c","build":"183.6156.11","bucket":"-1","time":1555214704276,"group":{"id":"ui.dialogs","version":"9"},"event":{"count":1,"data":{"created":1555214704276,"type":"show"},"id":"com.intellij.openapi.fileChooser.ex.FileChooserDialogImpl"}}
{"session":"b8d5211e317c","build":"183.6156.11","bucket":"-1","time":1555214717512,"group":{"id":"ui.dialogs","version":"9"},"event":{"count":1,"data":{"code":0,"created":1555214717512,"type":"close"},"id":"com.intellij.openapi.fileChooser.ex.FileChooserDialogImpl"}}
{"session":"b8d5211e317c","build":"183.6156.11","bucket":"-1","time":1555214718943,"group":{"id":"ui.dialogs","version":"9"},"event":{"count":1,"data":{"created":1555214718943,"type":"show"},"id":"com.intellij.openapi.progress.util.ProgressDialog$MyDialogWrapper"}}
{"session":"b8d5211e317c","build":"183.6156.11","bucket":"-1","time":1555214721362,"group":{"id":"ui.dialogs","version":"9"},"event":{"count":1,"data":{"code":1,"created":1555214721362,"type":"close"},"id":"com.intellij.openapi.progress.util.ProgressDialog$MyDialogWrapper"}}
{"session":"b8d5211e317c","build":"183.6156.11","bucket":"-1","time":1555214721560,"group":{"id":"ui.dialogs","version":"9"},"event":{"count":1,"data":{"code":0,"created":1555214721560,"type":"close"},"id":"com.intellij.openapi.options.newEditor.SettingsDialog"}}
{"session":"b8d5211e317c","build":"183.6156.11","bucket":"-1","time":1555214750139,"group":{"id":"ui.dialogs","version":"9"},"event":{"count":1,"data":{"code":0,"created":1555214750139,"type":"close"},"id":"com.intellij.openapi.options.newEditor.SettingsDialog"}}
{"session":"b8d5211e317c","build":"183.6156.11","bucket":"-1","time":1555214752606,"group":{"id":"actions.v2","version":"9"},"event":{"count":1,"data":{"context_menu":false,"created":1555214752606,"data_1":"Windows","input_event":"Ctrl+Alt+Shift+Slash"},"id":"MaintenanceAction"}}
{"session":"b8d5211e317c","build":"183.6156.11","bucket":"-1","time":1555214753941,"group":{"id":"actions.v2","version":"9"},"event":{"count":1,"data":{"context_menu":false,"created":1555214753941,"data_1":"Windows"},"id":"SwitchBootJdk"}}
{"session":"b8d5211e317c","build":"183.6156.11","bucket":"-1","time":1555214754279,"group":{"id":"ui.dialogs","version":"9"},"event":{"count":1,"data":{"created":1555214754279,"type":"show"},"id":"com.intellij.openapi.progress.util.ProgressDialog$MyDialogWrapper"}}
{"session":"b8d5211e317c","build":"183.6156.11","bucket":"-1","time":1555214755923,"group":{"id":"ui.dialogs","version":"9"},"event":{"count":1,"data":{"created":1555214755923,"type":"show"},"id":"com.intellij.ide.actions.SwitchBootJdkAction$SwitchBootJdkDialog"}}
{"session":"b8d5211e317c","build":"183.6156.11","bucket":"-1","time":1555214755951,"group":{"id":"ui.dialogs","version":"9"},"event":{"count":1,"data":{"code":1,"created":1555214755951,"type":"close"},"id":"com.intellij.openapi.progress.util.ProgressDialog$MyDialogWrapper"}}
{"session":"b8d5211e317c","build":"183.6156.11","bucket":"-1","time":1555214757355,"group":{"id":"ui.dialogs","version":"9"},"event":{"count":1,"data":{"code":1,"created":1555214757355,"type":"close"},"id":"com.intellij.ide.actions.SwitchBootJdkAction$SwitchBootJdkDialog"}}
{"session":"b8d5211e317c","build":"183.6156.11","bucket":"-1","time":1555214759085,"group":{"id":"actions.v2","version":"9"},"event":{"count":1,"data":{"context_menu":false,"created":1555214759085,"data_1":"Windows","input_event":"Ctrl+Alt+Shift+Slash"},"id":"MaintenanceAction"}}
{"session":"b8d5211e317c","build":"183.6156.11","bucket":"-1","time":1555214763960,"group":{"id":"actions.v2","version":"9"},"event":{"count":1,"data":{"context_menu":false,"created":1555214763960,"data_1":"Windows"},"id":"ShowRegistry"}}
{"session":"b8d5211e317c","build":"183.6156.11","bucket":"-1","time":1555214764068,"group":{"id":"ui.dialogs","version":"9"},"event":{"count":1,"data":{"created":1555214764068,"type":"show"},"id":"com.intellij.openapi.util.registry.RegistryUi$3"}}
{"session":"b8d5211e317c","build":"183.6156.11","bucket":"-1","time":1555214774944,"group":{"id":"ui.dialogs","version":"9"},"event":{"count":1,"data":{"code":0,"created":1555214774944,"type":"close"},"id":"com.intellij.openapi.util.registry.RegistryUi$3"}}
{"session":"b8d5211e317c","build":"183.6156.11","bucket":"-1","time":1555214777696,"group":{"id":"statistics.actions.main.menu.v2","version":"9"},"event":{"count":1,"data":{"created":1555214777696,"data_1":"Windows"},"id":"File_->_Settings..."}}
{"session":"b8d5211e317c","build":"183.6156.11","bucket":"-1","time":1555214777700,"group":{"id":"actions.v2","version":"9"},"event":{"count":1,"data":{"context_menu":true,"created":1555214777700,"place":"MainMenu","data_1":"Windows"},"id":"ShowSettings"}}
{"session":"b8d5211e317c","build":"183.6156.11","bucket":"-1","time":1555214777873,"group":{"id":"ui.dialogs","version":"9"},"event":{"count":1,"data":{"created":1555214777873,"type":"show"},"id":"com.intellij.openapi.options.newEditor.SettingsDialog"}}
{"session":"b8d5211e317c","build":"183.6156.11","bucket":"-1","time":1555214801726,"group":{"id":"actions.v2","version":"9"},"event":{"count":1,"data":{"context_menu":false,"created":1555214801726,"data_1":"Windows","input_event":"Ctrl+V"},"id":"EditorPaste"}}
{"session":"b8d5211e317c","build":"183.6156.11","bucket":"-1","time":1555214836464,"group":{"id":"ui.dialogs","version":"9"},"event":{"count":1,"data":{"code":1,"created":1555214836464,"type":"close"},"id":"com.intellij.openapi.options.newEditor.SettingsDialog"}}
{"session":"b8d5211e317c","build":"183.6156.11","bucket":"-1","time":1555214854960,"group":{"id":"statistics.actions.main.menu.v2","version":"9"},"event":{"count":1,"data":{"created":1555214854960,"data_1":"Windows"},"id":"File_->_Settings..."}}
{"session":"b8d5211e317c","build":"183.6156.11","bucket":"-1","time":1555214854967,"group":{"id":"actions.v2","version":"9"},"event":{"count":1,"data":{"context_menu":true,"created":1555214854967,"place":"MainMenu","data_1":"Windows"},"id":"ShowSettings"}}
{"session":"b8d5211e317c","build":"183.6156.11","bucket":"-1","time":1555214855171,"group":{"id":"ui.dialogs","version":"9"},"event":{"count":1,"data":{"created":1555214855172,"type":"show"},"id":"com.intellij.openapi.options.newEditor.SettingsDialog"}}
{"session":"b8d5211e317c","build":"183.6156.11","bucket":"-1","time":1555214857155,"group":{"id":"actions.v2","version":"9"},"event":{"count":1,"data":{"context_menu":false,"created":1555214857155,"data_1":"Windows"},"id":"DialogCancelAction_Esc"}}
{"session":"b8d5211e317c","build":"183.6156.11","bucket":"-1","time":1555214857155,"group":{"id":"ui.dialogs","version":"9"},"event":{"count":1,"data":{"code":1,"created":1555214857156,"type":"close"},"id":"com.intellij.openapi.options.newEditor.SettingsDialog"}}
{"session":"b8d5211e317c","build":"183.6156.11","bucket":"-1","time":1555214863112,"group":{"id":"statistics.actions.main.menu.v2","version":"9"},"event":{"count":1,"data":{"created":1555214863112,"data_1":"Windows"},"id":"File_->_Other_Settings_->_Settings_for_New_Projects..."}}
{"session":"b8d5211e317c","build":"183.6156.11","bucket":"-1","time":1555214863121,"group":{"id":"actions.v2","version":"9"},"event":{"count":1,"data":{"context_menu":true,"created":1555214863121,"place":"MainMenu","data_1":"Windows"},"id":"TemplateProjectProperties"}}
{"session":"b8d5211e317c","build":"183.6156.11","bucket":"-1","time":1555214863222,"group":{"id":"ui.dialogs","version":"9"},"event":{"count":1,"data":{"created":1555214863222,"type":"show"},"id":"com.intellij.openapi.options.newEditor.SettingsDialog"}}
{"session":"b8d5211e317c","build":"183.6156.11","bucket":"-1","time":1555214865490,"group":{"id":"actions.v2","version":"9"},"event":{"count":1,"data":{"context_menu":false,"created":1555214865490,"data_1":"Windows","input_event":"Ctrl+V"},"id":"EditorPaste"}}
{"session":"b8d5211e317c","build":"183.6156.11","bucket":"-1","time":1555214877769,"group":{"id":"ui.dialogs","version":"9"},"event":{"count":1,"data":{"code":1,"created":1555214877769,"type":"close"},"id":"com.intellij.openapi.options.newEditor.SettingsDialog"}}
{"session":"b8d5211e317c","build":"183.6156.11","bucket":"-1","time":1555214879497,"group":{"id":"statistics.actions.main.menu.v2","version":"9"},"event":{"count":1,"data":{"created":1555214879497,"data_1":"Windows"},"id":"File_->_Settings..."}}
{"session":"b8d5211e317c","build":"183.6156.11","bucket":"-1","time":1555214879501,"group":{"id":"actions.v2","version":"9"},"event":{"count":1,"data":{"context_menu":true,"created":1555214879501,"place":"MainMenu","data_1":"Windows"},"id":"ShowSettings"}}
{"session":"b8d5211e317c","build":"183.6156.11","bucket":"-1","time":1555214879676,"group":{"id":"ui.dialogs","version":"9"},"event":{"count":1,"data":{"created":1555214879676,"type":"show"},"id":"com.intellij.openapi.options.newEditor.SettingsDialog"}}
{"session":"b8d5211e317c","build":"183.6156.11","bucket":"-1","time":1555214882530,"group":{"id":"actions.v2","version":"9"},"event":{"count":1,"data":{"context_menu":false,"created":1555214882530,"data_1":"Windows","input_event":"Ctrl+V"},"id":"EditorPaste"}}
{"session":"b8d5211e317c","build":"183.6156.11","bucket":"-1","time":1555214897282,"group":{"id":"ui.dialogs","version":"9"},"event":{"count":1,"data":{"created":1555214897282,"type":"show"},"id":"com.intellij.openapi.keymap.impl.ui.MouseShortcutDialog"}}
{"session":"b8d5211e317c","build":"183.6156.11","bucket":"-1","time":1555214904864,"group":{"id":"ui.dialogs","version":"9"},"event":{"count":1,"data":{"code":0,"created":1555214904864,"type":"close"},"id":"com.intellij.openapi.keymap.impl.ui.MouseShortcutDialog"}}
{"session":"b8d5211e317c","build":"183.6156.11","bucket":"-1","time":1555214904884,"group":{"id":"ui.dialogs","version":"9"},"event":{"count":1,"data":{"created":1555214904884,"type":"show"},"id":"com.intellij.openapi.ui.messages.MessageDialog"}}
{"session":"b8d5211e317c","build":"183.6156.11","bucket":"-1","time":1555214913608,"group":{"id":"actions.v2","version":"9"},"event":{"count":1,"data":{"context_menu":false,"created":1555214913609,"data_1":"Windows","input_event":"Ctrl+V"},"id":"EditorPaste"}}
{"session":"b8d5211e317c","build":"183.6156.11","bucket":"-1","time":1555214920856,"group":{"id":"ui.dialogs","version":"9"},"event":{"count":1,"data":{"created":1555214920856,"type":"show"},"id":"com.intellij.openapi.keymap.impl.ui.KeyboardShortcutDialog"}}
{"session":"b8d5211e317c","build":"183.6156.11","bucket":"-1","time":1555214924664,"group":{"id":"ui.dialogs","version":"9"},"event":{"count":1,"data":{"code":0,"created":1555214924664,"type":"close"},"id":"com.intellij.openapi.keymap.impl.ui.KeyboardShortcutDialog"}}
{"session":"b8d5211e317c","build":"183.6156.11","bucket":"-1","time":1555214924682,"group":{"id":"ui.dialogs","version":"9"},"event":{"count":1,"data":{"created":1555214924682,"type":"show"},"id":"com.intellij.openapi.ui.messages.MessageDialog"}}
{"session":"b8d5211e317c","build":"183.6156.11","bucket":"-1","time":1555214938611,"group":{"id":"actions.v2","version":"9"},"event":{"count":1,"data":{"context_menu":false,"created":1555214938611,"data_1":"Windows","input_event":"Ctrl+V"},"id":"EditorPaste"}}
{"session":"b8d5211e317c","build":"183.6156.11","bucket":"-1","time":1555214942684,"group":{"id":"ui.dialogs","version":"9"},"event":{"count":1,"data":{"created":1555214942684,"type":"show"},"id":"com.intellij.openapi.keymap.impl.ui.KeyboardShortcutDialog"}}
{"session":"b8d5211e317c","build":"183.6156.11","bucket":"-1","time":1555214953672,"group":{"id":"ui.dialogs","version":"9"},"event":{"count":1,"data":{"code":1,"created":1555214953672,"type":"close"},"id":"com.intellij.openapi.keymap.impl.ui.KeyboardShortcutDialog"}}
{"session":"b8d5211e317c","build":"183.6156.11","bucket":"-1","time":1555214956164,"group":{"id":"ui.dialogs","version":"9"},"event":{"count":1,"data":{"created":1555214956164,"type":"show"},"id":"com.intellij.openapi.keymap.impl.ui.KeyboardShortcutDialog"}}
{"session":"b8d5211e317c","build":"183.6156.11","bucket":"-1","time":1555214985032,"group":{"id":"ui.dialogs","version":"9"},"event":{"count":1,"data":{"code":0,"created":1555214985032,"type":"close"},"id":"com.intellij.openapi.keymap.impl.ui.KeyboardShortcutDialog"}}
{"session":"b8d5211e317c","build":"183.6156.11","bucket":"-1","time":1555214988863,"group":{"id":"ui.dialogs","version":"9"},"event":{"count":1,"data":{"code":0,"created":1555214988863,"type":"close"},"id":"com.intellij.openapi.options.newEditor.SettingsDialog"}}
{"session":"b8d5211e317c","build":"183.6156.11","bucket":"-1","time":1555215002096,"group":{"id":"statistics.actions.main.menu.v2","version":"9"},"event":{"count":1,"data":{"created":1555215002096,"data_1":"Windows"},"id":"File_->_Settings..."}}
{"session":"b8d5211e317c","build":"183.6156.11","bucket":"-1","time":1555215002099,"group":{"id":"actions.v2","version":"9"},"event":{"count":1,"data":{"context_menu":true,"created":1555215002099,"place":"MainMenu","data_1":"Windows"},"id":"ShowSettings"}}
{"session":"b8d5211e317c","build":"183.6156.11","bucket":"-1","time":1555215002251,"group":{"id":"ui.dialogs","version":"9"},"event":{"count":1,"data":{"created":1555215002251,"type":"show"},"id":"com.intellij.openapi.options.newEditor.SettingsDialog"}}
{"session":"b8d5211e317c","build":"183.6156.11","bucket":"-1","time":1555215003957,"group":{"id":"actions.v2","version":"9"},"event":{"count":2,"data":{"context_menu":false,"last":1555215011697,"created":1555215003957,"data_1":"Windows","input_event":"Ctrl+V"},"id":"EditorPaste"}}
{"session":"b8d5211e317c","build":"183.6156.11","bucket":"-1","time":1555215029282,"group":{"id":"ui.dialogs","version":"9"},"event":{"count":1,"data":{"created":1555215029282,"type":"show"},"id":"com.intellij.openapi.keymap.impl.ui.KeyboardShortcutDialog"}}
{"session":"b8d5211e317c","build":"183.6156.11","bucket":"-1","time":1555215038192,"group":{"id":"ui.dialogs","version":"9"},"event":{"count":1,"data":{"code":0,"created":1555215038192,"type":"close"},"id":"com.intellij.openapi.keymap.impl.ui.KeyboardShortcutDialog"}}
{"session":"b8d5211e317c","build":"183.6156.11","bucket":"-1","time":1555215040234,"group":{"id":"ui.dialogs","version":"9"},"event":{"count":1,"data":{"created":1555215040234,"type":"show"},"id":"com.intellij.openapi.keymap.impl.ui.MouseShortcutDialog"}}
{"session":"b8d5211e317c","build":"183.6156.11","bucket":"-1","time":1555215043713,"group":{"id":"ui.dialogs","version":"9"},"event":{"count":1,"data":{"code":1,"created":1555215043714,"type":"close"},"id":"com.intellij.openapi.keymap.impl.ui.MouseShortcutDialog"}}
{"session":"b8d5211e317c","build":"183.6156.11","bucket":"-1","time":1555215045412,"group":{"id":"ui.dialogs","version":"9"},"event":{"count":1,"data":{"created":1555215045413,"type":"show"},"id":"com.intellij.openapi.keymap.impl.ui.MouseShortcutDialog"}}
{"session":"b8d5211e317c","build":"183.6156.11","bucket":"-1","time":1555215047934,"group":{"id":"ui.dialogs","version":"9"},"event":{"count":1,"data":{"code":0,"created":1555215047934,"type":"close"},"id":"com.intellij.openapi.keymap.impl.ui.MouseShortcutDialog"}}
{"session":"b8d5211e317c","build":"183.6156.11","bucket":"-1","time":1555215047953,"group":{"id":"ui.dialogs","version":"9"},"event":{"count":1,"data":{"created":1555215047953,"type":"show"},"id":"com.intellij.openapi.ui.messages.MessageDialog"}}
{"session":"b8d5211e317c","build":"183.6156.11","bucket":"-1","time":1555215063338,"group":{"id":"actions.v2","version":"9"},"event":{"count":1,"data":{"context_menu":false,"created":1555215063338,"data_1":"Windows","input_event":"Ctrl+V"},"id":"EditorPaste"}}
{"session":"b8d5211e317c","build":"183.6156.11","bucket":"-1","time":1555215082035,"group":{"id":"actions.v2","version":"9"},"event":{"count":1,"data":{"context_menu":false,"created":1555215082035,"data_1":"Windows","input_event":"Ctrl+V"},"id":"EditorPaste"}}
{"session":"b8d5211e317c","build":"183.6156.11","bucket":"-1","time":1555215088667,"group":{"id":"ui.dialogs","version":"9"},"event":{"count":1,"data":{"code":0,"created":1555215088667,"type":"close"},"id":"com.intellij.openapi.options.newEditor.SettingsDialog"}}
{"session":"b8d5211e317c","build":"183.6156.11","bucket":"-1","time":1555215090946,"group":{"id":"statistics.actions.main.menu.v2","version":"9"},"event":{"count":1,"data":{"created":1555215090946,"data_1":"Windows"},"id":"File_->_Settings..."}}
{"session":"b8d5211e317c","build":"183.6156.11","bucket":"-1","time":1555215090952,"group":{"id":"actions.v2","version":"9"},"event":{"count":1,"data":{"context_menu":true,"created":1555215090952,"place":"MainMenu","data_1":"Windows"},"id":"ShowSettings"}}
{"session":"b8d5211e317c","build":"183.6156.11","bucket":"-1","time":1555215091104,"group":{"id":"ui.dialogs","version":"9"},"event":{"count":1,"data":{"created":1555215091104,"type":"show"},"id":"com.intellij.openapi.options.newEditor.SettingsDialog"}}
{"session":"b8d5211e317c","build":"183.6156.11","bucket":"-1","time":1555215092880,"group":{"id":"actions.v2","version":"9"},"event":{"count":1,"data":{"context_menu":false,"created":1555215092880,"data_1":"Windows","input_event":"Ctrl+V"},"id":"EditorPaste"}}
{"session":"b8d5211e317c","build":"183.6156.11","bucket":"-1","time":1555215122116,"group":{"id":"actions.v2","version":"9"},"event":{"count":2,"data":{"context_menu":false,"last":1555215125602,"created":1555215122116,"data_1":"Windows","input_event":"Backspace"},"id":"EditorBackSpace"}}
{"session":"b8d5211e317c","build":"183.6156.11","bucket":"-1","time":1555215141132,"group":{"id":"ui.dialogs","version":"9"},"event":{"count":1,"data":{"code":0,"created":1555215141132,"type":"close"},"id":"com.intellij.openapi.options.newEditor.SettingsDialog"}}
{"session":"b8d5211e317c","build":"183.6156.11","bucket":"-1","time":1555215366792,"group":{"id":"statistics.actions.main.menu.v2","version":"9"},"event":{"count":1,"data":{"created":1555215366792,"data_1":"Windows"},"id":"File_->_Settings..."}}
{"session":"b8d5211e317c","build":"183.6156.11","bucket":"-1","time":1555215366796,"group":{"id":"actions.v2","version":"9"},"event":{"count":1,"data":{"context_menu":true,"created":1555215366796,"place":"MainMenu","data_1":"Windows"},"id":"ShowSettings"}}
{"session":"b8d5211e317c","build":"183.6156.11","bucket":"-1","time":1555215367095,"group":{"id":"ui.dialogs","version":"9"},"event":{"count":1,"data":{"created":1555215367095,"type":"show"},"id":"com.intellij.openapi.options.newEditor.SettingsDialog"}}
{"session":"b8d5211e317c","build":"183.6156.11","bucket":"-1","time":1555215562979,"group":{"id":"actions.v2","version":"9"},"event":{"count":1,"data":{"context_menu":false,"created":1555215562979,"data_1":"Windows","input_event":"Ctrl+V"},"id":"EditorPaste"}}
{"session":"b8d5211e317c","build":"183.6156.11","bucket":"-1","time":1555215607482,"group":{"id":"actions.v2","version":"9"},"event":{"count":1,"data":{"context_menu":false,"created":1555215607482,"data_1":"Windows","input_event":"Ctrl+V"},"id":"EditorPaste"}}
{"session":"b8d5211e317c","build":"183.6156.11","bucket":"-1","time":1555217724957,"group":{"id":"ui.dialogs","version":"9"},"event":{"count":1,"data":{"created":1555217724957,"type":"show"},"id":"com.intellij.openapi.ui.messages.MessageDialog"}}
{"session":"b8d5211e317c","build":"183.6156.11","bucket":"-1","time":1555217726339,"group":{"id":"ui.dialogs","version":"9"},"event":{"count":1,"data":{"code":0,"created":1555217726339,"type":"close"},"id":"com.intellij.openapi.options.newEditor.SettingsDialog"}}
{"session":"b8d5211e317c","build":"183.6156.11","bucket":"-1","time":1555217726401,"group":{"id":"statistics.lifecycle.app","version":"9"},"event":{"count":1,"data":{"created":1555217726401},"id":"ide.close"}}
{"session":"b8d5211e317c","build":"183.6156.11","bucket":"-1","time":1555217726401,"group":{"id":"statistics.lifecycle.app","version":"9"},"event":{"count":1,"data":{"created":1555217726401},"id":"ide.close.restart"}}
{"session":"b8d5211e317c","build":"183.6156.11","bucket":"-1","time":1555217726401,"group":{"id":"lifecycle","version":"9"},"event":{"count":1,"data":{"restart":true,"created":1555217726401},"id":"app.closed"}}
{"session":"b8d5211e317c","build":"183.6156.11","bucket":"-1","time":1555217726454,"group":{"id":"statistics.lifecycle.project","version":"9"},"event":{"count":1,"data":{"created":1555217726454,"project":"-1793532514"},"id":"project.closed"}}
{"session":"b8d5211e317c","build":"183.6156.11","bucket":"-1","time":1555217726662,"group":{"id":"lifecycle","version":"9"},"event":{"count":1,"data":{"created":1555217726662},"id":"project.closed"}}
