{"session":"d2a9b2c39bb0","build":"183.6156.11","bucket":"-1","time":1562887089755,"group":{"id":"system.os.name","version":"9"},"event":{"data":{"created":1562887089756},"id":"Windows"}}
{"session":"d2a9b2c39bb0","build":"183.6156.11","bucket":"-1","time":1562887089756,"group":{"id":"system.os.version","version":"9"},"event":{"data":{"created":1562887089794},"id":"10.0"}}
{"session":"d2a9b2c39bb0","build":"183.6156.11","bucket":"-1","time":1562887089756,"group":{"id":"system.jvm.vendor","version":"9"},"event":{"data":{"created":1562887089812},"id":"JetBrains_s.r.o"}}
{"session":"d2a9b2c39bb0","build":"183.6156.11","bucket":"-1","time":1562887089756,"group":{"id":"system.jvm.version","version":"9"},"event":{"data":{"created":1562887089813},"id":"1.8"}}
{"session":"d2a9b2c39bb0","build":"183.6156.11","bucket":"-1","time":1562887089845,"group":{"id":"settings","version":"9"},"event":{"data":{"created":1562887089845,"name":"activeMruEditorOnClose","value":false},"id":"UISettings"}}
{"session":"d2a9b2c39bb0","build":"183.6156.11","bucket":"-1","time":1562887089845,"group":{"id":"settings","version":"9"},"event":{"data":{"created":1562887089846,"name":"activeRightEditorOnClose","value":false},"id":"UISettings"}}
{"session":"d2a9b2c39bb0","build":"183.6156.11","bucket":"-1","time":1562887089845,"group":{"id":"settings","version":"9"},"event":{"data":{"created":1562887089847,"name":"allowMergeButtons","value":true},"id":"UISettings"}}
{"session":"d2a9b2c39bb0","build":"183.6156.11","bucket":"-1","time":1562887089845,"group":{"id":"settings","version":"9"},"event":{"data":{"created":1562887089847,"name":"alwaysShowWindowsButton","value":false},"id":"UISettings"}}
{"session":"d2a9b2c39bb0","build":"183.6156.11","bucket":"-1","time":1562887089845,"group":{"id":"settings","version":"9"},"event":{"data":{"created":1562887089848,"name":"animateWindows","value":true},"id":"UISettings"}}
{"session":"d2a9b2c39bb0","build":"183.6156.11","bucket":"-1","time":1562887089845,"group":{"id":"settings","version":"9"},"event":{"data":{"created":1562887089848,"name":"closeNonModifiedFilesFirst","value":false},"id":"UISettings"}}
{"session":"d2a9b2c39bb0","build":"183.6156.11","bucket":"-1","time":1562887089845,"group":{"id":"settings","version":"9"},"event":{"data":{"created":1562887089849,"name":"closeTabButtonOnTheRight","value":true},"id":"UISettings"}}
{"session":"d2a9b2c39bb0","build":"183.6156.11","bucket":"-1","time":1562887089845,"group":{"id":"settings","version":"9"},"event":{"data":{"created":1562887089849,"name":"cycleScrolling","value":true},"id":"UISettings"}}
{"session":"d2a9b2c39bb0","build":"183.6156.11","bucket":"-1","time":1562887089845,"group":{"id":"settings","version":"9"},"event":{"data":{"created":1562887089850,"name":"defaultAutoScrollToSource","value":false},"id":"UISettings"}}
{"session":"d2a9b2c39bb0","build":"183.6156.11","bucket":"-1","time":1562887089845,"group":{"id":"settings","version":"9"},"event":{"data":{"created":1562887089850,"name":"disableMnemonics","value":false},"id":"UISettings"}}
{"session":"d2a9b2c39bb0","build":"183.6156.11","bucket":"-1","time":1562887089845,"group":{"id":"settings","version":"9"},"event":{"data":{"created":1562887089851,"name":"disableMnemonicsInControls","value":false},"id":"UISettings"}}
{"session":"d2a9b2c39bb0","build":"183.6156.11","bucket":"-1","time":1562887089845,"group":{"id":"settings","version":"9"},"event":{"data":{"created":1562887089851,"name":"dndWithPressedAltOnly","value":false},"id":"UISettings"}}
{"session":"d2a9b2c39bb0","build":"183.6156.11","bucket":"-1","time":1562887089845,"group":{"id":"settings","version":"9"},"event":{"data":{"created":1562887089852,"name":"enableAlphaMode","value":false},"id":"UISettings"}}
{"session":"d2a9b2c39bb0","build":"183.6156.11","bucket":"-1","time":1562887089845,"group":{"id":"settings","version":"9"},"event":{"data":{"created":1562887089852,"name":"hideKnownExtensionInTabs","value":false},"id":"UISettings"}}
{"session":"d2a9b2c39bb0","build":"183.6156.11","bucket":"-1","time":1562887089845,"group":{"id":"settings","version":"9"},"event":{"data":{"created":1562887089853,"name":"hideNavigationOnFocusLoss","value":true},"id":"UISettings"}}
{"session":"d2a9b2c39bb0","build":"183.6156.11","bucket":"-1","time":1562887089845,"group":{"id":"settings","version":"9"},"event":{"data":{"created":1562887089854,"name":"hideTabsIfNeed","value":true},"id":"UISettings"}}
{"session":"d2a9b2c39bb0","build":"183.6156.11","bucket":"-1","time":1562887089845,"group":{"id":"settings","version":"9"},"event":{"data":{"created":1562887089854,"name":"hideToolStripes","value":false},"id":"UISettings"}}
{"session":"d2a9b2c39bb0","build":"183.6156.11","bucket":"-1","time":1562887089845,"group":{"id":"settings","version":"9"},"event":{"data":{"created":1562887089855,"name":"leftHorizontalSplit","value":false},"id":"UISettings"}}
{"session":"d2a9b2c39bb0","build":"183.6156.11","bucket":"-1","time":1562887089845,"group":{"id":"settings","version":"9"},"event":{"data":{"created":1562887089855,"name":"markModifiedTabsWithAsterisk","value":false},"id":"UISettings"}}
{"session":"d2a9b2c39bb0","build":"183.6156.11","bucket":"-1","time":1562887089845,"group":{"id":"settings","version":"9"},"event":{"data":{"created":1562887089855,"name":"mergeEqualStackTraces","value":true},"id":"UISettings"}}
{"session":"d2a9b2c39bb0","build":"183.6156.11","bucket":"-1","time":1562887089845,"group":{"id":"settings","version":"9"},"event":{"data":{"created":1562887089855,"name":"moveMouseOnDefaultButton","value":false},"id":"UISettings"}}
{"session":"d2a9b2c39bb0","build":"183.6156.11","bucket":"-1","time":1562887089845,"group":{"id":"settings","version":"9"},"event":{"data":{"created":1562887089856,"name":"navigateToPreview","value":false},"id":"UISettings"}}
{"session":"d2a9b2c39bb0","build":"183.6156.11","bucket":"-1","time":1562887089845,"group":{"id":"settings","version":"9"},"event":{"data":{"created":1562887089856,"name":"overrideConsoleCycleBufferSize","value":false},"id":"UISettings"}}
{"session":"d2a9b2c39bb0","build":"183.6156.11","bucket":"-1","time":1562887089845,"group":{"id":"settings","version":"9"},"event":{"data":{"default":false,"created":1562887089857,"name":"overrideLafFonts","value":true},"id":"UISettings"}}
{"session":"d2a9b2c39bb0","build":"183.6156.11","bucket":"-1","time":1562887089845,"group":{"id":"settings","version":"9"},"event":{"data":{"created":1562887089857,"name":"pinFindInPath","value":false},"id":"UISettings"}}
{"session":"d2a9b2c39bb0","build":"183.6156.11","bucket":"-1","time":1562887089845,"group":{"id":"settings","version":"9"},"event":{"data":{"created":1562887089858,"name":"presentationMode","value":false},"id":"UISettings"}}
{"session":"d2a9b2c39bb0","build":"183.6156.11","bucket":"-1","time":1562887089845,"group":{"id":"settings","version":"9"},"event":{"data":{"created":1562887089858,"name":"reuseNotModifiedTabs","value":false},"id":"UISettings"}}
{"session":"d2a9b2c39bb0","build":"183.6156.11","bucket":"-1","time":1562887089845,"group":{"id":"settings","version":"9"},"event":{"data":{"created":1562887089859,"name":"rightHorizontalSplit","value":false},"id":"UISettings"}}
{"session":"d2a9b2c39bb0","build":"183.6156.11","bucket":"-1","time":1562887089845,"group":{"id":"settings","version":"9"},"event":{"data":{"created":1562887089859,"name":"scrollTabLayoutInEditor","value":true},"id":"UISettings"}}
{"session":"d2a9b2c39bb0","build":"183.6156.11","bucket":"-1","time":1562887089845,"group":{"id":"settings","version":"9"},"event":{"data":{"created":1562887089860,"name":"showCloseButton","value":true},"id":"UISettings"}}
{"session":"d2a9b2c39bb0","build":"183.6156.11","bucket":"-1","time":1562887089845,"group":{"id":"settings","version":"9"},"event":{"data":{"created":1562887089860,"name":"showDirectoryForNonUniqueFilenames","value":true},"id":"UISettings"}}
{"session":"d2a9b2c39bb0","build":"183.6156.11","bucket":"-1","time":1562887089845,"group":{"id":"settings","version":"9"},"event":{"data":{"created":1562887089860,"name":"showEditorToolTip","value":true},"id":"UISettings"}}
{"session":"d2a9b2c39bb0","build":"183.6156.11","bucket":"-1","time":1562887089845,"group":{"id":"settings","version":"9"},"event":{"data":{"created":1562887089861,"name":"showIconInQuickNavigation","value":true},"id":"UISettings"}}
{"session":"d2a9b2c39bb0","build":"183.6156.11","bucket":"-1","time":1562887089845,"group":{"id":"settings","version":"9"},"event":{"data":{"created":1562887089861,"name":"showIconsInMenus","value":true},"id":"UISettings"}}
{"session":"d2a9b2c39bb0","build":"183.6156.11","bucket":"-1","time":1562887089845,"group":{"id":"settings","version":"9"},"event":{"data":{"default":false,"created":1562887089862,"name":"showMainToolbar","value":true},"id":"UISettings"}}
{"session":"d2a9b2c39bb0","build":"183.6156.11","bucket":"-1","time":1562887089845,"group":{"id":"settings","version":"9"},"event":{"data":{"created":1562887089862,"name":"showMemoryIndicator","value":false},"id":"UISettings"}}
{"session":"d2a9b2c39bb0","build":"183.6156.11","bucket":"-1","time":1562887089845,"group":{"id":"settings","version":"9"},"event":{"data":{"created":1562887089862,"name":"showNavigationBar","value":true},"id":"UISettings"}}
{"session":"d2a9b2c39bb0","build":"183.6156.11","bucket":"-1","time":1562887089846,"group":{"id":"settings","version":"9"},"event":{"data":{"created":1562887089862,"name":"showStatusBar","value":true},"id":"UISettings"}}
{"session":"d2a9b2c39bb0","build":"183.6156.11","bucket":"-1","time":1562887089846,"group":{"id":"settings","version":"9"},"event":{"data":{"created":1562887089863,"name":"showTabsTooltips","value":true},"id":"UISettings"}}
{"session":"d2a9b2c39bb0","build":"183.6156.11","bucket":"-1","time":1562887089846,"group":{"id":"settings","version":"9"},"event":{"data":{"created":1562887089863,"name":"showToolWindowsNumbers","value":true},"id":"UISettings"}}
{"session":"d2a9b2c39bb0","build":"183.6156.11","bucket":"-1","time":1562887089846,"group":{"id":"settings","version":"9"},"event":{"data":{"created":1562887089863,"name":"smoothScrolling","value":false},"id":"UISettings"}}
{"session":"d2a9b2c39bb0","build":"183.6156.11","bucket":"-1","time":1562887089846,"group":{"id":"settings","version":"9"},"event":{"data":{"created":1562887089864,"name":"sortBookmarks","value":false},"id":"UISettings"}}
{"session":"d2a9b2c39bb0","build":"183.6156.11","bucket":"-1","time":1562887089846,"group":{"id":"settings","version":"9"},"event":{"data":{"default":false,"created":1562887089864,"name":"sortLookupElementsLexicographically","value":true},"id":"UISettings"}}
{"session":"d2a9b2c39bb0","build":"183.6156.11","bucket":"-1","time":1562887089846,"group":{"id":"settings","version":"9"},"event":{"data":{"created":1562887089864,"name":"useSmallLabelsOnTabs","value":false},"id":"UISettings"}}
{"session":"d2a9b2c39bb0","build":"183.6156.11","bucket":"-1","time":1562887089846,"group":{"id":"settings","version":"9"},"event":{"data":{"created":1562887089864,"name":"wideScreenSupport","value":false},"id":"UISettings"}}
{"session":"d2a9b2c39bb0","build":"183.6156.11","bucket":"-1","time":1562887093614,"group":{"id":"settings","version":"9"},"event":{"data":{"created":1562887093615,"name":"autoSaveIfInactive","value":false},"id":"GeneralSettings"}}
{"session":"d2a9b2c39bb0","build":"183.6156.11","bucket":"-1","time":1562887093615,"group":{"id":"settings","version":"9"},"event":{"data":{"created":1562887093616,"name":"confirmExit","value":true},"id":"GeneralSettings"}}
{"session":"d2a9b2c39bb0","build":"183.6156.11","bucket":"-1","time":1562887093615,"group":{"id":"settings","version":"9"},"event":{"data":{"created":1562887093616,"name":"reopenLastProject","value":true},"id":"GeneralSettings"}}
{"session":"d2a9b2c39bb0","build":"183.6156.11","bucket":"-1","time":1562887093615,"group":{"id":"settings","version":"9"},"event":{"data":{"created":1562887093617,"name":"saveOnFrameDeactivation","value":true},"id":"GeneralSettings"}}
{"session":"d2a9b2c39bb0","build":"183.6156.11","bucket":"-1","time":1562887093615,"group":{"id":"settings","version":"9"},"event":{"data":{"created":1562887093618,"name":"searchInBackground","value":false},"id":"GeneralSettings"}}
{"session":"d2a9b2c39bb0","build":"183.6156.11","bucket":"-1","time":1562887093615,"group":{"id":"settings","version":"9"},"event":{"data":{"default":false,"created":1562887093618,"name":"showTipsOnStartup","value":false},"id":"GeneralSettings"}}
{"session":"d2a9b2c39bb0","build":"183.6156.11","bucket":"-1","time":1562887093615,"group":{"id":"settings","version":"9"},"event":{"data":{"created":1562887093619,"name":"showWelcomeScreen","value":true},"id":"GeneralSettings"}}
{"session":"d2a9b2c39bb0","build":"183.6156.11","bucket":"-1","time":1562887093615,"group":{"id":"settings","version":"9"},"event":{"data":{"created":1562887093620,"name":"supportScreenReaders","value":false},"id":"GeneralSettings"}}
{"session":"d2a9b2c39bb0","build":"183.6156.11","bucket":"-1","time":1562887093615,"group":{"id":"settings","version":"9"},"event":{"data":{"created":1562887093621,"name":"syncOnFrameActivation","value":true},"id":"GeneralSettings"}}
{"session":"d2a9b2c39bb0","build":"183.6156.11","bucket":"-1","time":1562887093615,"group":{"id":"settings","version":"9"},"event":{"data":{"created":1562887093622,"name":"useDefaultBrowser","value":true},"id":"GeneralSettings"}}
{"session":"d2a9b2c39bb0","build":"183.6156.11","bucket":"-1","time":1562887093615,"group":{"id":"settings","version":"9"},"event":{"data":{"created":1562887093623,"name":"useSafeWrite","value":true},"id":"GeneralSettings"}}
{"session":"d2a9b2c39bb0","build":"183.6156.11","bucket":"-1","time":1562887121000,"group":{"id":"ui.dialogs","version":"9"},"event":{"count":1,"data":{"created":1562887121001,"type":"show"},"id":"com.intellij.openapi.progress.util.ProgressDialog$MyDialogWrapper"}}
{"session":"d2a9b2c39bb0","build":"183.6156.11","bucket":"-1","time":1562887121555,"group":{"id":"statistics.lifecycle.app","version":"9"},"event":{"count":1,"data":{"created":1562887121555,"data_2":"20+","data_1":"timeSecondsGrouped"},"id":"ide.freeze"}}
{"session":"d2a9b2c39bb0","build":"183.6156.11","bucket":"-1","time":1562887121580,"group":{"id":"lifecycle","version":"9"},"event":{"count":1,"data":{"durationSeconds":28,"created":1562887121580},"id":"ide.freeze"}}
{"session":"d2a9b2c39bb0","build":"183.6156.11","bucket":"-1","time":1562887141120,"group":{"id":"ui.dialogs","version":"9"},"event":{"count":1,"data":{"code":1,"created":1562887141121,"type":"close"},"id":"com.intellij.openapi.progress.util.ProgressDialog$MyDialogWrapper"}}
{"session":"d2a9b2c39bb0","build":"183.6156.11","bucket":"-1","time":1562887141594,"group":{"id":"statistics.lifecycle.project","version":"9"},"event":{"count":1,"data":{"created":1562887141594,"project":"-1793532514"},"id":"project.opened"}}
{"session":"d2a9b2c39bb0","build":"183.6156.11","bucket":"-1","time":1562887141594,"group":{"id":"lifecycle","version":"9"},"event":{"count":1,"data":{"created":1562887141599},"id":"project.opened"}}
{"session":"d2a9b2c39bb0","build":"183.6156.11","bucket":"-1","time":1562887150290,"group":{"id":"ui.dialogs","version":"9"},"event":{"count":1,"data":{"created":1562887150290,"type":"show"},"id":"com.intellij.openapi.progress.util.ProgressDialog$MyDialogWrapper"}}
{"session":"d2a9b2c39bb0","build":"183.6156.11","bucket":"-1","time":1562887150629,"group":{"id":"statistics.lifecycle.app","version":"9"},"event":{"count":1,"data":{"created":1562887150629,"data_2":"10","data_1":"timeSecondsGrouped"},"id":"ide.freeze"}}
{"session":"d2a9b2c39bb0","build":"183.6156.11","bucket":"-1","time":1562887150629,"group":{"id":"lifecycle","version":"9"},"event":{"count":1,"data":{"durationSeconds":10,"created":1562887150629},"id":"ide.freeze"}}
{"session":"d2a9b2c39bb0","build":"183.6156.11","bucket":"-1","time":1562887163521,"group":{"id":"statistics.lifecycle.app","version":"9"},"event":{"count":1,"data":{"created":1562887163521},"id":"ide.start"}}
{"session":"d2a9b2c39bb0","build":"183.6156.11","bucket":"-1","time":1562887163521,"group":{"id":"lifecycle","version":"9"},"event":{"count":1,"data":{"created":1562887163522},"id":"app.started"}}
{"session":"d2a9b2c39bb0","build":"183.6156.11","bucket":"-1","time":1562887167880,"group":{"id":"ui.dialogs","version":"9"},"event":{"count":1,"data":{"code":1,"created":1562887167880,"type":"close"},"id":"com.intellij.openapi.progress.util.ProgressDialog$MyDialogWrapper"}}
{"session":"d2a9b2c39bb0","build":"183.6156.11","bucket":"-1","time":1562887168225,"group":{"id":"statistics.lifecycle.project","version":"9"},"event":{"count":1,"data":{"created":1562887168225,"project":"-1793532514"},"id":"project.open.time.48"}}
{"session":"d2a9b2c39bb0","build":"183.6156.11","bucket":"-1","time":1562887168226,"group":{"id":"lifecycle","version":"9"},"event":{"count":1,"data":{"created":1562887168226,"time.ms":48798},"id":"project.opening.finished"}}
{"session":"d2a9b2c39bb0","build":"183.6156.11","bucket":"-1","time":1562887485579,"group":{"id":"statistics.actions.main.menu.v2","version":"9"},"event":{"count":1,"data":{"created":1562887485579,"data_1":"Windows"},"id":"File_->_Close_Project"}}
{"session":"d2a9b2c39bb0","build":"183.6156.11","bucket":"-1","time":1562887485618,"group":{"id":"actions.v2","version":"9"},"event":{"count":1,"data":{"context_menu":true,"created":1562887485618,"place":"MainMenu","data_1":"Windows"},"id":"CloseProject"}}
{"session":"d2a9b2c39bb0","build":"183.6156.11","bucket":"-1","time":1562887485630,"group":{"id":"statistics.lifecycle.project","version":"9"},"event":{"count":1,"data":{"created":1562887485630,"project":"-1793532514"},"id":"project.closed"}}
{"session":"d2a9b2c39bb0","build":"183.6156.11","bucket":"-1","time":1562887486429,"group":{"id":"lifecycle","version":"9"},"event":{"count":1,"data":{"created":1562887486429},"id":"project.closed"}}
{"session":"d2a9b2c39bb0","build":"183.6156.11","bucket":"-1","time":1562887494766,"group":{"id":"ui.dialogs","version":"9"},"event":{"count":1,"data":{"created":1562887494766,"type":"show"},"id":"com.intellij.openapi.progress.util.ProgressDialog$MyDialogWrapper"}}
{"session":"d2a9b2c39bb0","build":"183.6156.11","bucket":"-1","time":1562887495737,"group":{"id":"ui.dialogs","version":"9"},"event":{"count":1,"data":{"code":1,"created":1562887495737,"type":"close"},"id":"com.intellij.openapi.progress.util.ProgressDialog$MyDialogWrapper"}}
{"session":"d2a9b2c39bb0","build":"183.6156.11","bucket":"-1","time":1562887495752,"group":{"id":"statistics.lifecycle.project","version":"9"},"event":{"count":1,"data":{"created":1562887495752,"project":"1248437051"},"id":"project.opened"}}
{"session":"d2a9b2c39bb0","build":"183.6156.11","bucket":"-1","time":1562887495752,"group":{"id":"lifecycle","version":"9"},"event":{"count":1,"data":{"created":1562887495752},"id":"project.opened"}}
{"session":"d2a9b2c39bb0","build":"183.6156.11","bucket":"-1","time":1562887501923,"group":{"id":"ui.dialogs","version":"9"},"event":{"count":1,"data":{"created":1562887501923,"type":"show"},"id":"com.intellij.openapi.progress.util.ProgressDialog$MyDialogWrapper"}}
{"session":"d2a9b2c39bb0","build":"183.6156.11","bucket":"-1","time":1562887501991,"group":{"id":"statistics.lifecycle.app","version":"9"},"event":{"count":1,"data":{"created":1562887501991,"data_2":"7","data_1":"timeSecondsGrouped"},"id":"ide.freeze"}}
{"session":"d2a9b2c39bb0","build":"183.6156.11","bucket":"-1","time":1562887501992,"group":{"id":"lifecycle","version":"9"},"event":{"count":1,"data":{"durationSeconds":7,"created":1562887501992},"id":"ide.freeze"}}
{"session":"d2a9b2c39bb0","build":"183.6156.11","bucket":"-1","time":1562887503649,"group":{"id":"toolwindow.v2","version":"9"},"event":{"count":1,"data":{"created":1562887503649,"data_1":"Windows"},"id":"Project_by_Activation"}}
{"session":"d2a9b2c39bb0","build":"183.6156.11","bucket":"-1","time":1562887503744,"group":{"id":"ui.dialogs","version":"9"},"event":{"count":1,"data":{"code":1,"created":1562887503744,"type":"close"},"id":"com.intellij.openapi.progress.util.ProgressDialog$MyDialogWrapper"}}
{"session":"d2a9b2c39bb0","build":"183.6156.11","bucket":"-1","time":1562887503942,"group":{"id":"statistics.lifecycle.project","version":"9"},"event":{"count":1,"data":{"created":1562887503942,"project":"1248437051"},"id":"project.open.time.9"}}
{"session":"d2a9b2c39bb0","build":"183.6156.11","bucket":"-1","time":1562887503942,"group":{"id":"lifecycle","version":"9"},"event":{"count":1,"data":{"created":1562887503943,"time.ms":9484},"id":"project.opening.finished"}}
{"session":"d2a9b2c39bb0","build":"183.6156.11","bucket":"-1","time":1562887522313,"group":{"id":"actions.v2","version":"9"},"event":{"count":1,"data":{"context_menu":false,"created":1562887522313,"data_1":"Windows"},"id":"GotoDeclaration"}}
{"session":"d2a9b2c39bb0","build":"183.6156.11","bucket":"-1","time":1562887522318,"group":{"id":"statistics.productivity","version":"9"},"event":{"count":1,"data":{"created":1562887522318},"id":"navigation.goto.declaration"}}
{"session":"d2a9b2c39bb0","build":"183.6156.11","bucket":"-1","time":1562887522608,"group":{"id":"statistics.file.types.open","version":"9"},"event":{"count":1,"data":{"created":1562887522608,"project":"1248437051"},"id":"CLASS"}}
{"session":"d2a9b2c39bb0","build":"183.6156.11","bucket":"-1","time":1562887529874,"group":{"id":"actions.v2","version":"9"},"event":{"count":1,"data":{"context_menu":false,"created":1562887529874,"data_1":"Windows"},"id":"GotoDeclaration"}}
{"session":"d2a9b2c39bb0","build":"183.6156.11","bucket":"-1","time":1562887529877,"group":{"id":"statistics.productivity","version":"9"},"event":{"count":1,"data":{"created":1562887529877},"id":"navigation.goto.declaration"}}
{"session":"d2a9b2c39bb0","build":"183.6156.11","bucket":"-1","time":1562887529988,"group":{"id":"statistics.file.types.open","version":"9"},"event":{"count":1,"data":{"created":1562887529988,"project":"1248437051"},"id":"CLASS"}}
{"session":"d2a9b2c39bb0","build":"183.6156.11","bucket":"-1","time":1562887589674,"group":{"id":"actions.v2","version":"9"},"event":{"count":1,"data":{"context_menu":false,"created":1562887589674,"data_1":"Windows"},"id":"GotoDeclaration"}}
{"session":"d2a9b2c39bb0","build":"183.6156.11","bucket":"-1","time":1562887589677,"group":{"id":"statistics.productivity","version":"9"},"event":{"count":1,"data":{"created":1562887589677},"id":"navigation.goto.declaration"}}
{"session":"d2a9b2c39bb0","build":"183.6156.11","bucket":"-1","time":1562887590228,"group":{"id":"statistics.file.types.open","version":"9"},"event":{"count":1,"data":{"created":1562887590228,"project":"1248437051"},"id":"CLASS"}}
{"session":"d2a9b2c39bb0","build":"183.6156.11","bucket":"-1","time":1562887605779,"group":{"id":"actions.v2","version":"9"},"event":{"count":1,"data":{"context_menu":false,"created":1562887605779,"data_1":"Windows","input_event":"Ctrl+F"},"id":"Replace"}}
{"session":"d2a9b2c39bb0","build":"183.6156.11","bucket":"-1","time":1562887606138,"group":{"id":"actions.v2","version":"9"},"event":{"count":1,"data":{"context_menu":false,"created":1562887606138,"data_1":"Windows","input_event":"Ctrl+V"},"id":"EditorPaste"}}
{"session":"d2a9b2c39bb0","build":"183.6156.11","bucket":"-1","time":1562887615103,"group":{"id":"statistics.productivity","version":"9"},"event":{"count":1,"data":{"created":1562887615104},"id":"editing.select.word"}}
{"session":"d2a9b2c39bb0","build":"183.6156.11","bucket":"-1","time":1562887639043,"group":{"id":"statistics.productivity","version":"9"},"event":{"count":1,"data":{"created":1562887639043},"id":"editing.select.word"}}
{"session":"d2a9b2c39bb0","build":"183.6156.11","bucket":"-1","time":1562887717700,"group":{"id":"actions.v2","version":"9"},"event":{"count":1,"data":{"context_menu":false,"created":1562887717700,"data_1":"Windows"},"id":"GotoDeclaration"}}
{"session":"d2a9b2c39bb0","build":"183.6156.11","bucket":"-1","time":1562887717703,"group":{"id":"statistics.productivity","version":"9"},"event":{"count":1,"data":{"created":1562887717703},"id":"navigation.goto.declaration"}}
{"session":"d2a9b2c39bb0","build":"183.6156.11","bucket":"-1","time":1562887718616,"group":{"id":"actions.v2","version":"9"},"event":{"count":1,"data":{"context_menu":false,"created":1562887718616,"data_1":"Windows","input_event":"Ctrl+F"},"id":"Replace"}}
{"session":"d2a9b2c39bb0","build":"183.6156.11","bucket":"-1","time":1562887718963,"group":{"id":"actions.v2","version":"9"},"event":{"count":1,"data":{"context_menu":false,"created":1562887718963,"data_1":"Windows","input_event":"Ctrl+V"},"id":"EditorPaste"}}
{"session":"d2a9b2c39bb0","build":"183.6156.11","bucket":"-1","time":1562887762848,"group":{"id":"statistics.productivity","version":"9"},"event":{"count":3,"data":{"last":1562887766064,"created":1562887762848},"id":"editing.select.word"}}
{"session":"d2a9b2c39bb0","build":"183.6156.11","bucket":"-1","time":1562888032662,"group":{"id":"actions.v2","version":"9"},"event":{"count":1,"data":{"context_menu":false,"created":1562888032662,"data_1":"Windows"},"id":"GotoDeclaration"}}
{"session":"d2a9b2c39bb0","build":"183.6156.11","bucket":"-1","time":1562888032664,"group":{"id":"statistics.productivity","version":"9"},"event":{"count":1,"data":{"created":1562888032664},"id":"navigation.goto.declaration"}}
{"session":"d2a9b2c39bb0","build":"183.6156.11","bucket":"-1","time":1562888032779,"group":{"id":"statistics.file.types.open","version":"9"},"event":{"count":1,"data":{"created":1562888032779,"project":"1248437051"},"id":"CLASS"}}
{"session":"d2a9b2c39bb0","build":"183.6156.11","bucket":"-1","time":1562888041923,"group":{"id":"actions.v2","version":"9"},"event":{"count":1,"data":{"context_menu":false,"created":1562888041923,"data_1":"Windows","input_event":"Alt+Left"},"id":"Back"}}
{"session":"d2a9b2c39bb0","build":"183.6156.11","bucket":"-1","time":1562888041925,"group":{"id":"statistics.vcs.back.forward.trigger","version":"9"},"event":{"count":1,"data":{"created":1562888041925},"id":"editor"}}
{"session":"d2a9b2c39bb0","build":"183.6156.11","bucket":"-1","time":1562888045217,"group":{"id":"actions.v2","version":"9"},"event":{"count":1,"data":{"context_menu":false,"created":1562888045217,"data_1":"Windows"},"id":"GotoDeclaration"}}
{"session":"d2a9b2c39bb0","build":"183.6156.11","bucket":"-1","time":1562888045219,"group":{"id":"statistics.productivity","version":"9"},"event":{"count":1,"data":{"created":1562888045220},"id":"navigation.goto.declaration"}}
{"session":"d2a9b2c39bb0","build":"183.6156.11","bucket":"-1","time":1562888081330,"group":{"id":"statistics.productivity","version":"9"},"event":{"count":1,"data":{"created":1562888081330},"id":"editing.select.word"}}
{"session":"d2a9b2c39bb0","build":"183.6156.11","bucket":"-1","time":1562888082602,"group":{"id":"actions.v2","version":"9"},"event":{"count":1,"data":{"context_menu":false,"created":1562888082602,"data_1":"Windows"},"id":"GotoDeclaration"}}
{"session":"d2a9b2c39bb0","build":"183.6156.11","bucket":"-1","time":1562888082605,"group":{"id":"statistics.productivity","version":"9"},"event":{"count":1,"data":{"created":1562888082605},"id":"navigation.goto.declaration"}}
{"session":"d2a9b2c39bb0","build":"183.6156.11","bucket":"-1","time":1562973733505,"group":{"id":"system.os.name","version":"9"},"event":{"data":{"created":1562973733505},"id":"Windows"}}
{"session":"d2a9b2c39bb0","build":"183.6156.11","bucket":"-1","time":1562973733505,"group":{"id":"system.os.version","version":"9"},"event":{"data":{"created":1562973734247},"id":"10.0"}}
{"session":"d2a9b2c39bb0","build":"183.6156.11","bucket":"-1","time":1562973733505,"group":{"id":"system.jvm.vendor","version":"9"},"event":{"data":{"created":1562973734248},"id":"JetBrains_s.r.o"}}
{"session":"d2a9b2c39bb0","build":"183.6156.11","bucket":"-1","time":1562973733505,"group":{"id":"system.jvm.version","version":"9"},"event":{"data":{"created":1562973734248},"id":"1.8"}}
{"session":"d2a9b2c39bb0","build":"183.6156.11","bucket":"-1","time":1562973735572,"group":{"id":"settings","version":"9"},"event":{"data":{"created":1562973735572,"name":"activeMruEditorOnClose","value":false},"id":"UISettings"}}
{"session":"d2a9b2c39bb0","build":"183.6156.11","bucket":"-1","time":1562973735572,"group":{"id":"settings","version":"9"},"event":{"data":{"created":1562973735572,"name":"activeRightEditorOnClose","value":false},"id":"UISettings"}}
{"session":"d2a9b2c39bb0","build":"183.6156.11","bucket":"-1","time":1562973735572,"group":{"id":"settings","version":"9"},"event":{"data":{"created":1562973735572,"name":"allowMergeButtons","value":true},"id":"UISettings"}}
{"session":"d2a9b2c39bb0","build":"183.6156.11","bucket":"-1","time":1562973735572,"group":{"id":"settings","version":"9"},"event":{"data":{"created":1562973735572,"name":"alwaysShowWindowsButton","value":false},"id":"UISettings"}}
{"session":"d2a9b2c39bb0","build":"183.6156.11","bucket":"-1","time":1562973735572,"group":{"id":"settings","version":"9"},"event":{"data":{"created":1562973735573,"name":"animateWindows","value":true},"id":"UISettings"}}
{"session":"d2a9b2c39bb0","build":"183.6156.11","bucket":"-1","time":1562973735572,"group":{"id":"settings","version":"9"},"event":{"data":{"created":1562973735573,"name":"closeNonModifiedFilesFirst","value":false},"id":"UISettings"}}
{"session":"d2a9b2c39bb0","build":"183.6156.11","bucket":"-1","time":1562973735572,"group":{"id":"settings","version":"9"},"event":{"data":{"created":1562973735573,"name":"closeTabButtonOnTheRight","value":true},"id":"UISettings"}}
{"session":"d2a9b2c39bb0","build":"183.6156.11","bucket":"-1","time":1562973735572,"group":{"id":"settings","version":"9"},"event":{"data":{"created":1562973735573,"name":"cycleScrolling","value":true},"id":"UISettings"}}
{"session":"d2a9b2c39bb0","build":"183.6156.11","bucket":"-1","time":1562973735572,"group":{"id":"settings","version":"9"},"event":{"data":{"created":1562973735573,"name":"defaultAutoScrollToSource","value":false},"id":"UISettings"}}
{"session":"d2a9b2c39bb0","build":"183.6156.11","bucket":"-1","time":1562973735572,"group":{"id":"settings","version":"9"},"event":{"data":{"created":1562973735573,"name":"disableMnemonics","value":false},"id":"UISettings"}}
{"session":"d2a9b2c39bb0","build":"183.6156.11","bucket":"-1","time":1562973735572,"group":{"id":"settings","version":"9"},"event":{"data":{"created":1562973735574,"name":"disableMnemonicsInControls","value":false},"id":"UISettings"}}
{"session":"d2a9b2c39bb0","build":"183.6156.11","bucket":"-1","time":1562973735572,"group":{"id":"settings","version":"9"},"event":{"data":{"created":1562973735574,"name":"dndWithPressedAltOnly","value":false},"id":"UISettings"}}
{"session":"d2a9b2c39bb0","build":"183.6156.11","bucket":"-1","time":1562973735572,"group":{"id":"settings","version":"9"},"event":{"data":{"created":1562973735574,"name":"enableAlphaMode","value":false},"id":"UISettings"}}
{"session":"d2a9b2c39bb0","build":"183.6156.11","bucket":"-1","time":1562973735572,"group":{"id":"settings","version":"9"},"event":{"data":{"created":1562973735574,"name":"hideKnownExtensionInTabs","value":false},"id":"UISettings"}}
{"session":"d2a9b2c39bb0","build":"183.6156.11","bucket":"-1","time":1562973735572,"group":{"id":"settings","version":"9"},"event":{"data":{"created":1562973735574,"name":"hideNavigationOnFocusLoss","value":true},"id":"UISettings"}}
{"session":"d2a9b2c39bb0","build":"183.6156.11","bucket":"-1","time":1562973735572,"group":{"id":"settings","version":"9"},"event":{"data":{"created":1562973735574,"name":"hideTabsIfNeed","value":true},"id":"UISettings"}}
{"session":"d2a9b2c39bb0","build":"183.6156.11","bucket":"-1","time":1562973735572,"group":{"id":"settings","version":"9"},"event":{"data":{"created":1562973735574,"name":"hideToolStripes","value":false},"id":"UISettings"}}
{"session":"d2a9b2c39bb0","build":"183.6156.11","bucket":"-1","time":1562973735572,"group":{"id":"settings","version":"9"},"event":{"data":{"created":1562973735574,"name":"leftHorizontalSplit","value":false},"id":"UISettings"}}
{"session":"d2a9b2c39bb0","build":"183.6156.11","bucket":"-1","time":1562973735572,"group":{"id":"settings","version":"9"},"event":{"data":{"created":1562973735574,"name":"markModifiedTabsWithAsterisk","value":false},"id":"UISettings"}}
{"session":"d2a9b2c39bb0","build":"183.6156.11","bucket":"-1","time":1562973735572,"group":{"id":"settings","version":"9"},"event":{"data":{"created":1562973735575,"name":"mergeEqualStackTraces","value":true},"id":"UISettings"}}
{"session":"d2a9b2c39bb0","build":"183.6156.11","bucket":"-1","time":1562973735572,"group":{"id":"settings","version":"9"},"event":{"data":{"created":1562973735575,"name":"moveMouseOnDefaultButton","value":false},"id":"UISettings"}}
{"session":"d2a9b2c39bb0","build":"183.6156.11","bucket":"-1","time":1562973735572,"group":{"id":"settings","version":"9"},"event":{"data":{"created":1562973735575,"name":"navigateToPreview","value":false},"id":"UISettings"}}
{"session":"d2a9b2c39bb0","build":"183.6156.11","bucket":"-1","time":1562973735572,"group":{"id":"settings","version":"9"},"event":{"data":{"created":1562973735575,"name":"overrideConsoleCycleBufferSize","value":false},"id":"UISettings"}}
{"session":"d2a9b2c39bb0","build":"183.6156.11","bucket":"-1","time":1562973735572,"group":{"id":"settings","version":"9"},"event":{"data":{"default":false,"created":1562973735575,"name":"overrideLafFonts","value":true},"id":"UISettings"}}
{"session":"d2a9b2c39bb0","build":"183.6156.11","bucket":"-1","time":1562973735572,"group":{"id":"settings","version":"9"},"event":{"data":{"created":1562973735575,"name":"pinFindInPath","value":false},"id":"UISettings"}}
{"session":"d2a9b2c39bb0","build":"183.6156.11","bucket":"-1","time":1562973735572,"group":{"id":"settings","version":"9"},"event":{"data":{"created":1562973735576,"name":"presentationMode","value":false},"id":"UISettings"}}
{"session":"d2a9b2c39bb0","build":"183.6156.11","bucket":"-1","time":1562973735572,"group":{"id":"settings","version":"9"},"event":{"data":{"created":1562973735576,"name":"reuseNotModifiedTabs","value":false},"id":"UISettings"}}
{"session":"d2a9b2c39bb0","build":"183.6156.11","bucket":"-1","time":1562973735572,"group":{"id":"settings","version":"9"},"event":{"data":{"created":1562973735578,"name":"rightHorizontalSplit","value":false},"id":"UISettings"}}
{"session":"d2a9b2c39bb0","build":"183.6156.11","bucket":"-1","time":1562973735572,"group":{"id":"settings","version":"9"},"event":{"data":{"created":1562973735578,"name":"scrollTabLayoutInEditor","value":true},"id":"UISettings"}}
{"session":"d2a9b2c39bb0","build":"183.6156.11","bucket":"-1","time":1562973735572,"group":{"id":"settings","version":"9"},"event":{"data":{"created":1562973735578,"name":"showCloseButton","value":true},"id":"UISettings"}}
{"session":"d2a9b2c39bb0","build":"183.6156.11","bucket":"-1","time":1562973735572,"group":{"id":"settings","version":"9"},"event":{"data":{"created":1562973735578,"name":"showDirectoryForNonUniqueFilenames","value":true},"id":"UISettings"}}
{"session":"d2a9b2c39bb0","build":"183.6156.11","bucket":"-1","time":1562973735572,"group":{"id":"settings","version":"9"},"event":{"data":{"created":1562973735578,"name":"showEditorToolTip","value":true},"id":"UISettings"}}
{"session":"d2a9b2c39bb0","build":"183.6156.11","bucket":"-1","time":1562973735572,"group":{"id":"settings","version":"9"},"event":{"data":{"created":1562973735578,"name":"showIconInQuickNavigation","value":true},"id":"UISettings"}}
{"session":"d2a9b2c39bb0","build":"183.6156.11","bucket":"-1","time":1562973735572,"group":{"id":"settings","version":"9"},"event":{"data":{"created":1562973735579,"name":"showIconsInMenus","value":true},"id":"UISettings"}}
{"session":"d2a9b2c39bb0","build":"183.6156.11","bucket":"-1","time":1562973735572,"group":{"id":"settings","version":"9"},"event":{"data":{"default":false,"created":1562973735579,"name":"showMainToolbar","value":true},"id":"UISettings"}}
{"session":"d2a9b2c39bb0","build":"183.6156.11","bucket":"-1","time":1562973735572,"group":{"id":"settings","version":"9"},"event":{"data":{"created":1562973735579,"name":"showMemoryIndicator","value":false},"id":"UISettings"}}
{"session":"d2a9b2c39bb0","build":"183.6156.11","bucket":"-1","time":1562973735572,"group":{"id":"settings","version":"9"},"event":{"data":{"created":1562973735579,"name":"showNavigationBar","value":true},"id":"UISettings"}}
{"session":"d2a9b2c39bb0","build":"183.6156.11","bucket":"-1","time":1562973735572,"group":{"id":"settings","version":"9"},"event":{"data":{"created":1562973735579,"name":"showStatusBar","value":true},"id":"UISettings"}}
{"session":"d2a9b2c39bb0","build":"183.6156.11","bucket":"-1","time":1562973735572,"group":{"id":"settings","version":"9"},"event":{"data":{"created":1562973735579,"name":"showTabsTooltips","value":true},"id":"UISettings"}}
{"session":"d2a9b2c39bb0","build":"183.6156.11","bucket":"-1","time":1562973735572,"group":{"id":"settings","version":"9"},"event":{"data":{"created":1562973735579,"name":"showToolWindowsNumbers","value":true},"id":"UISettings"}}
{"session":"d2a9b2c39bb0","build":"183.6156.11","bucket":"-1","time":1562973735572,"group":{"id":"settings","version":"9"},"event":{"data":{"created":1562973735579,"name":"smoothScrolling","value":false},"id":"UISettings"}}
{"session":"d2a9b2c39bb0","build":"183.6156.11","bucket":"-1","time":1562973735572,"group":{"id":"settings","version":"9"},"event":{"data":{"created":1562973735579,"name":"sortBookmarks","value":false},"id":"UISettings"}}
{"session":"d2a9b2c39bb0","build":"183.6156.11","bucket":"-1","time":1562973735572,"group":{"id":"settings","version":"9"},"event":{"data":{"default":false,"created":1562973735579,"name":"sortLookupElementsLexicographically","value":true},"id":"UISettings"}}
{"session":"d2a9b2c39bb0","build":"183.6156.11","bucket":"-1","time":1562973735572,"group":{"id":"settings","version":"9"},"event":{"data":{"created":1562973735579,"name":"useSmallLabelsOnTabs","value":false},"id":"UISettings"}}
{"session":"d2a9b2c39bb0","build":"183.6156.11","bucket":"-1","time":1562973735572,"group":{"id":"settings","version":"9"},"event":{"data":{"created":1562973735579,"name":"wideScreenSupport","value":false},"id":"UISettings"}}
{"session":"d2a9b2c39bb0","build":"183.6156.11","bucket":"-1","time":1562973735582,"group":{"id":"settings","version":"9"},"event":{"data":{"created":1562973735582,"name":"autoSaveIfInactive","value":false},"id":"GeneralSettings"}}
{"session":"d2a9b2c39bb0","build":"183.6156.11","bucket":"-1","time":1562973735582,"group":{"id":"settings","version":"9"},"event":{"data":{"created":1562973735582,"name":"confirmExit","value":true},"id":"GeneralSettings"}}
{"session":"d2a9b2c39bb0","build":"183.6156.11","bucket":"-1","time":1562973735582,"group":{"id":"settings","version":"9"},"event":{"data":{"created":1562973735583,"name":"reopenLastProject","value":true},"id":"GeneralSettings"}}
{"session":"d2a9b2c39bb0","build":"183.6156.11","bucket":"-1","time":1562973735582,"group":{"id":"settings","version":"9"},"event":{"data":{"created":1562973735583,"name":"saveOnFrameDeactivation","value":true},"id":"GeneralSettings"}}
{"session":"d2a9b2c39bb0","build":"183.6156.11","bucket":"-1","time":1562973735582,"group":{"id":"settings","version":"9"},"event":{"data":{"created":1562973735583,"name":"searchInBackground","value":false},"id":"GeneralSettings"}}
{"session":"d2a9b2c39bb0","build":"183.6156.11","bucket":"-1","time":1562973735582,"group":{"id":"settings","version":"9"},"event":{"data":{"default":false,"created":1562973735583,"name":"showTipsOnStartup","value":false},"id":"GeneralSettings"}}
{"session":"d2a9b2c39bb0","build":"183.6156.11","bucket":"-1","time":1562973735582,"group":{"id":"settings","version":"9"},"event":{"data":{"created":1562973735583,"name":"showWelcomeScreen","value":true},"id":"GeneralSettings"}}
{"session":"d2a9b2c39bb0","build":"183.6156.11","bucket":"-1","time":1562973735582,"group":{"id":"settings","version":"9"},"event":{"data":{"created":1562973735583,"name":"supportScreenReaders","value":false},"id":"GeneralSettings"}}
{"session":"d2a9b2c39bb0","build":"183.6156.11","bucket":"-1","time":1562973735582,"group":{"id":"settings","version":"9"},"event":{"data":{"created":1562973735583,"name":"syncOnFrameActivation","value":true},"id":"GeneralSettings"}}
{"session":"d2a9b2c39bb0","build":"183.6156.11","bucket":"-1","time":1562973735582,"group":{"id":"settings","version":"9"},"event":{"data":{"created":1562973735583,"name":"useDefaultBrowser","value":true},"id":"GeneralSettings"}}
{"session":"d2a9b2c39bb0","build":"183.6156.11","bucket":"-1","time":1562973735582,"group":{"id":"settings","version":"9"},"event":{"data":{"created":1562973735583,"name":"useSafeWrite","value":true},"id":"GeneralSettings"}}
{"session":"d2a9b2c39bb0","build":"183.6156.11","bucket":"-1","time":1562973761730,"group":{"id":"actions.v2","version":"9"},"event":{"count":1,"data":{"context_menu":false,"created":1562973761730,"data_1":"Windows","input_event":"Ctrl+Shift+W"},"id":"CloseAllEditors"}}
{"session":"d2a9b2c39bb0","build":"183.6156.11","bucket":"-1","time":1562973761933,"group":{"id":"toolwindow.v2","version":"9"},"event":{"count":1,"data":{"created":1562973761933,"data_1":"Windows"},"id":"Project_by_Activation"}}
{"session":"d2a9b2c39bb0","build":"183.6156.11","bucket":"-1","time":1562973766468,"group":{"id":"statistics.file.types.open","version":"9"},"event":{"count":1,"data":{"created":1562973766468,"project":"1248437051"},"id":"JAVA"}}
{"session":"d2a9b2c39bb0","build":"183.6156.11","bucket":"-1","time":1562974063852,"group":{"id":"statistics.actions.main.menu.v2","version":"9"},"event":{"count":1,"data":{"created":1562974063852,"data_1":"Windows"},"id":"File_->_Close_Project"}}
{"session":"d2a9b2c39bb0","build":"183.6156.11","bucket":"-1","time":1562974063855,"group":{"id":"actions.v2","version":"9"},"event":{"count":1,"data":{"context_menu":true,"created":1562974063855,"place":"MainMenu","data_1":"Windows"},"id":"CloseProject"}}
{"session":"d2a9b2c39bb0","build":"183.6156.11","bucket":"-1","time":1562974063855,"group":{"id":"statistics.lifecycle.project","version":"9"},"event":{"count":1,"data":{"created":1562974063855,"project":"1248437051"},"id":"project.closed"}}
{"session":"d2a9b2c39bb0","build":"183.6156.11","bucket":"-1","time":1562974063985,"group":{"id":"lifecycle","version":"9"},"event":{"count":1,"data":{"created":1562974063985},"id":"project.closed"}}
{"session":"d2a9b2c39bb0","build":"183.6156.11","bucket":"-1","time":1562974067500,"group":{"id":"ui.dialogs","version":"9"},"event":{"count":1,"data":{"created":1562974067500,"type":"show"},"id":"com.intellij.openapi.progress.util.ProgressDialog$MyDialogWrapper"}}
{"session":"d2a9b2c39bb0","build":"183.6156.11","bucket":"-1","time":1562974067540,"group":{"id":"ui.dialogs","version":"9"},"event":{"count":1,"data":{"code":1,"created":1562974067540,"type":"close"},"id":"com.intellij.openapi.progress.util.ProgressDialog$MyDialogWrapper"}}
{"session":"d2a9b2c39bb0","build":"183.6156.11","bucket":"-1","time":1562974067552,"group":{"id":"statistics.lifecycle.project","version":"9"},"event":{"count":1,"data":{"created":1562974067552,"project":"-1793532514"},"id":"project.opened"}}
{"session":"d2a9b2c39bb0","build":"183.6156.11","bucket":"-1","time":1562974067552,"group":{"id":"lifecycle","version":"9"},"event":{"count":1,"data":{"created":1562974067553},"id":"project.opened"}}
{"session":"d2a9b2c39bb0","build":"183.6156.11","bucket":"-1","time":1562974068176,"group":{"id":"ui.dialogs","version":"9"},"event":{"count":1,"data":{"created":1562974068176,"type":"show"},"id":"com.intellij.openapi.progress.util.ProgressDialog$MyDialogWrapper"}}
{"session":"d2a9b2c39bb0","build":"183.6156.11","bucket":"-1","time":1562974069603,"group":{"id":"ui.dialogs","version":"9"},"event":{"count":1,"data":{"code":1,"created":1562974069603,"type":"close"},"id":"com.intellij.openapi.progress.util.ProgressDialog$MyDialogWrapper"}}
{"session":"d2a9b2c39bb0","build":"183.6156.11","bucket":"-1","time":1562974069704,"group":{"id":"statistics.lifecycle.project","version":"9"},"event":{"count":1,"data":{"created":1562974069704,"project":"-1793532514"},"id":"project.open.time.2"}}
{"session":"d2a9b2c39bb0","build":"183.6156.11","bucket":"-1","time":1562974069704,"group":{"id":"lifecycle","version":"9"},"event":{"count":1,"data":{"created":1562974069704,"time.ms":2510},"id":"project.opening.finished"}}
{"session":"d2a9b2c39bb0","build":"183.6156.11","bucket":"-1","time":1562974073987,"group":{"id":"toolwindow.v2","version":"9"},"event":{"count":1,"data":{"created":1562974073987,"data_1":"Windows"},"id":"Project_by_Activation"}}
{"session":"d2a9b2c39bb0","build":"183.6156.11","bucket":"-1","time":1562974081627,"group":{"id":"actions.v2","version":"9"},"event":{"count":1,"data":{"context_menu":false,"created":1562974081627,"data_1":"Windows","input_event":"Ctrl+N"},"id":"NewElement"}}
{"session":"d2a9b2c39bb0","build":"183.6156.11","bucket":"-1","time":1562974086166,"group":{"id":"actions.v2","version":"9"},"event":{"count":1,"data":{"context_menu":false,"created":1562974086166,"data_1":"Windows"},"id":"NewDir"}}
{"session":"d2a9b2c39bb0","build":"183.6156.11","bucket":"-1","time":1562974086472,"group":{"id":"ui.dialogs","version":"9"},"event":{"count":1,"data":{"created":1562974086472,"type":"show"},"id":"com.intellij.openapi.ui.Messages$InputDialog"}}
{"session":"d2a9b2c39bb0","build":"183.6156.11","bucket":"-1","time":1562974092701,"group":{"id":"actions.v2","version":"9"},"event":{"count":1,"data":{"context_menu":false,"created":1562974092701,"data_1":"Windows"},"id":"DialogOkAction_Enter"}}
{"session":"d2a9b2c39bb0","build":"183.6156.11","bucket":"-1","time":1562974093054,"group":{"id":"ui.dialogs","version":"9"},"event":{"count":1,"data":{"code":0,"created":1562974093054,"type":"close"},"id":"com.intellij.openapi.ui.Messages$InputDialog"}}
{"session":"d2a9b2c39bb0","build":"183.6156.11","bucket":"-1","time":1562974094052,"group":{"id":"actions.v2","version":"9"},"event":{"count":1,"data":{"context_menu":false,"created":1562974094052,"data_1":"Windows","input_event":"Ctrl+N"},"id":"NewElement"}}
{"session":"d2a9b2c39bb0","build":"183.6156.11","bucket":"-1","time":1562974094542,"group":{"id":"actions.v2","version":"9"},"event":{"count":1,"data":{"context_menu":false,"created":1562974094542,"data_1":"Windows"},"id":"NewClass"}}
{"session":"d2a9b2c39bb0","build":"183.6156.11","bucket":"-1","time":1562974094630,"group":{"id":"ui.dialogs","version":"9"},"event":{"count":1,"data":{"created":1562974094630,"type":"show"},"id":"com.intellij.ide.actions.CreateFileFromTemplateDialog"}}
{"session":"d2a9b2c39bb0","build":"183.6156.11","bucket":"-1","time":1562974098040,"group":{"id":"ui.dialogs","version":"9"},"event":{"count":1,"data":{"code":1,"created":1562974098040,"type":"close"},"id":"com.intellij.ide.actions.CreateFileFromTemplateDialog"}}
{"session":"d2a9b2c39bb0","build":"183.6156.11","bucket":"-1","time":1562974098697,"group":{"id":"actions.v2","version":"9"},"event":{"count":1,"data":{"context_menu":false,"created":1562974098697,"data_1":"Windows","input_event":"Ctrl+N"},"id":"NewElement"}}
{"session":"d2a9b2c39bb0","build":"183.6156.11","bucket":"-1","time":1562974099955,"group":{"id":"actions.v2","version":"9"},"event":{"count":1,"data":{"context_menu":false,"created":1562974099955,"data_1":"Windows"},"id":"NewDir"}}
{"session":"d2a9b2c39bb0","build":"183.6156.11","bucket":"-1","time":1562974099956,"group":{"id":"ui.dialogs","version":"9"},"event":{"count":1,"data":{"created":1562974099956,"type":"show"},"id":"com.intellij.openapi.ui.Messages$InputDialog"}}
{"session":"d2a9b2c39bb0","build":"183.6156.11","bucket":"-1","time":1562974103327,"group":{"id":"actions.v2","version":"9"},"event":{"count":8,"data":{"context_menu":false,"last":1562974107059,"created":1562974103327,"data_1":"Windows","input_event":"Backspace"},"id":"EditorBackSpace"}}
{"session":"d2a9b2c39bb0","build":"183.6156.11","bucket":"-1","time":1562974107501,"group":{"id":"actions.v2","version":"9"},"event":{"count":1,"data":{"context_menu":false,"created":1562974107501,"data_1":"Windows"},"id":"DialogOkAction_Enter"}}
{"session":"d2a9b2c39bb0","build":"183.6156.11","bucket":"-1","time":1562974107506,"group":{"id":"ui.dialogs","version":"9"},"event":{"count":1,"data":{"code":0,"created":1562974107506,"type":"close"},"id":"com.intellij.openapi.ui.Messages$InputDialog"}}
{"session":"d2a9b2c39bb0","build":"183.6156.11","bucket":"-1","time":1562974109521,"group":{"id":"actions.v2","version":"9"},"event":{"count":1,"data":{"context_menu":false,"created":1562974109521,"data_1":"Windows","input_event":"Ctrl+N"},"id":"NewElement"}}
{"session":"d2a9b2c39bb0","build":"183.6156.11","bucket":"-1","time":1562974110125,"group":{"id":"actions.v2","version":"9"},"event":{"count":1,"data":{"context_menu":false,"created":1562974110125,"data_1":"Windows"},"id":"NewClass"}}
{"session":"d2a9b2c39bb0","build":"183.6156.11","bucket":"-1","time":1562974110130,"group":{"id":"ui.dialogs","version":"9"},"event":{"count":1,"data":{"created":1562974110130,"type":"show"},"id":"com.intellij.ide.actions.CreateFileFromTemplateDialog"}}
{"session":"d2a9b2c39bb0","build":"183.6156.11","bucket":"-1","time":1562974113030,"group":{"id":"actions.v2","version":"9"},"event":{"count":9,"data":{"context_menu":false,"last":1562974117014,"created":1562974113030,"data_1":"Windows","input_event":"Backspace"},"id":"EditorBackSpace"}}
{"session":"d2a9b2c39bb0","build":"183.6156.11","bucket":"-1","time":1562974119879,"group":{"id":"actions.v2","version":"9"},"event":{"count":1,"data":{"context_menu":false,"created":1562974119879,"data_1":"Windows"},"id":"DialogOkAction_Enter"}}
{"session":"d2a9b2c39bb0","build":"183.6156.11","bucket":"-1","time":1562974126198,"group":{"id":"ui.dialogs","version":"9"},"event":{"count":1,"data":{"code":0,"created":1562974126198,"type":"close"},"id":"com.intellij.ide.fileTemplates.ui.CreateFromTemplateDialog"}}
{"session":"d2a9b2c39bb0","build":"183.6156.11","bucket":"-1","time":1562974126213,"group":{"id":"ui.dialogs","version":"9"},"event":{"count":1,"data":{"code":0,"created":1562974126213,"type":"close"},"id":"com.intellij.ide.actions.CreateFileFromTemplateDialog"}}
{"session":"d2a9b2c39bb0","build":"183.6156.11","bucket":"-1","time":1562974126265,"group":{"id":"statistics.file.types.open","version":"9"},"event":{"count":1,"data":{"created":1562974126265,"project":"-1793532514"},"id":"JAVA"}}
{"session":"d2a9b2c39bb0","build":"183.6156.11","bucket":"-1","time":1562974126926,"group":{"id":"statistics.lifecycle.app","version":"9"},"event":{"count":1,"data":{"created":1562974126926,"data_2":"8","data_1":"timeSecondsGrouped"},"id":"ide.freeze"}}
{"session":"d2a9b2c39bb0","build":"183.6156.11","bucket":"-1","time":1562974126926,"group":{"id":"lifecycle","version":"9"},"event":{"count":1,"data":{"durationSeconds":8,"created":1562974126926},"id":"ide.freeze"}}
{"session":"d2a9b2c39bb0","build":"183.6156.11","bucket":"-1","time":1562974129297,"group":{"id":"actions.v2","version":"9"},"event":{"count":2,"data":{"context_menu":false,"last":1562974130359,"created":1562974129297,"data_1":"Windows","input_event":"Shift+Enter"},"id":"EditorStartNewLine"}}
{"session":"d2a9b2c39bb0","build":"183.6156.11","bucket":"-1","time":1562974136511,"group":{"id":"statistics.file.types.edit","version":"9"},"event":{"count":1,"data":{"created":1562974136511,"project":"-1793532514"},"id":"JAVA"}}
{"session":"d2a9b2c39bb0","build":"183.6156.11","bucket":"-1","time":1562974140126,"group":{"id":"statistics.productivity","version":"9"},"event":{"count":5,"data":{"last":1562974140909,"created":1562974140126},"id":"editing.completion.variable.name"}}
{"session":"d2a9b2c39bb0","build":"183.6156.11","bucket":"-1","time":1562974141943,"group":{"id":"actions.v2","version":"9"},"event":{"count":1,"data":{"context_menu":false,"created":1562974141943,"data_1":"Windows","input_event":"Ctrl+Shift+Enter"},"id":"EditorCompleteStatement"}}
{"session":"d2a9b2c39bb0","build":"183.6156.11","bucket":"-1","time":1562974141993,"group":{"id":"statistics.productivity","version":"9"},"event":{"count":1,"data":{"created":1562974141993},"id":"codeassists.complete.statement"}}
{"session":"d2a9b2c39bb0","build":"183.6156.11","bucket":"-1","time":1562974143069,"group":{"id":"actions.v2","version":"9"},"event":{"count":1,"data":{"context_menu":false,"created":1562974143069,"data_1":"Windows","input_event":"Ctrl+Z"},"id":"$Undo"}}
{"session":"d2a9b2c39bb0","build":"183.6156.11","bucket":"-1","time":1562974144062,"group":{"id":"actions.v2","version":"9"},"event":{"count":2,"data":{"context_menu":false,"last":1562974144269,"created":1562974144062,"data_1":"Windows","input_event":"Enter"},"id":"EditorEnter"}}
{"session":"d2a9b2c39bb0","build":"183.6156.11","bucket":"-1","time":1562974152045,"group":{"id":"statistics.productivity","version":"9"},"event":{"count":1,"data":{"created":1562974152045},"id":"editing.select.word"}}
{"session":"d2a9b2c39bb0","build":"183.6156.11","bucket":"-1","time":1562974154503,"group":{"id":"actions.v2","version":"9"},"event":{"count":1,"data":{"context_menu":false,"created":1562974154503,"data_1":"Windows","input_event":"Enter"},"id":"EditorChooseLookupItem"}}
{"session":"d2a9b2c39bb0","build":"183.6156.11","bucket":"-1","time":1562974154526,"group":{"id":"statistics.productivity","version":"9"},"event":{"count":1,"data":{"created":1562974154526},"id":"editing.completion.basic"}}
{"session":"d2a9b2c39bb0","build":"183.6156.11","bucket":"-1","time":1562974158147,"group":{"id":"statistics.productivity","version":"9"},"event":{"count":1,"data":{"created":1562974158147},"id":"editing.completion.finishByDotEtc"}}
{"session":"d2a9b2c39bb0","build":"183.6156.11","bucket":"-1","time":1562974158159,"group":{"id":"statistics.productivity","version":"9"},"event":{"count":1,"data":{"created":1562974158159},"id":"editing.completion.basic"}}
{"session":"d2a9b2c39bb0","build":"183.6156.11","bucket":"-1","time":1562974158235,"group":{"id":"statistics.productivity","version":"9"},"event":{"count":10,"data":{"last":1562974159736,"created":1562974158235},"id":"editing.completion.variable.name"}}
{"session":"d2a9b2c39bb0","build":"183.6156.11","bucket":"-1","time":1562974166499,"group":{"id":"actions.v2","version":"9"},"event":{"count":1,"data":{"context_menu":false,"created":1562974166499,"data_1":"Windows","input_event":"Ctrl+N"},"id":"NewElement"}}
{"session":"d2a9b2c39bb0","build":"183.6156.11","bucket":"-1","time":1562974167538,"group":{"id":"actions.v2","version":"9"},"event":{"count":1,"data":{"context_menu":false,"created":1562974167538,"data_1":"Windows"},"id":"NewClass"}}
{"session":"d2a9b2c39bb0","build":"183.6156.11","bucket":"-1","time":1562974167543,"group":{"id":"ui.dialogs","version":"9"},"event":{"count":1,"data":{"created":1562974167543,"type":"show"},"id":"com.intellij.ide.actions.CreateFileFromTemplateDialog"}}
{"session":"d2a9b2c39bb0","build":"183.6156.11","bucket":"-1","time":1562974173811,"group":{"id":"actions.v2","version":"9"},"event":{"count":1,"data":{"context_menu":false,"created":1562974173811,"data_1":"Windows"},"id":"DialogOkAction_Enter"}}
{"session":"d2a9b2c39bb0","build":"183.6156.11","bucket":"-1","time":1562974173911,"group":{"id":"ui.dialogs","version":"9"},"event":{"count":1,"data":{"code":0,"created":1562974173911,"type":"close"},"id":"com.intellij.ide.fileTemplates.ui.CreateFromTemplateDialog"}}
{"session":"d2a9b2c39bb0","build":"183.6156.11","bucket":"-1","time":1562974173913,"group":{"id":"ui.dialogs","version":"9"},"event":{"count":1,"data":{"code":0,"created":1562974173913,"type":"close"},"id":"com.intellij.ide.actions.CreateFileFromTemplateDialog"}}
{"session":"d2a9b2c39bb0","build":"183.6156.11","bucket":"-1","time":1562974173961,"group":{"id":"statistics.file.types.open","version":"9"},"event":{"count":1,"data":{"created":1562974173961,"project":"-1793532514"},"id":"JAVA"}}
{"session":"d2a9b2c39bb0","build":"183.6156.11","bucket":"-1","time":1562974174698,"group":{"id":"statistics.file.types.edit","version":"9"},"event":{"count":1,"data":{"created":1562974174698,"project":"-1793532514"},"id":"JAVA"}}
{"session":"d2a9b2c39bb0","build":"183.6156.11","bucket":"-1","time":1562974176077,"group":{"id":"actions.v2","version":"9"},"event":{"count":1,"data":{"context_menu":false,"created":1562974176077,"data_1":"Windows","input_event":"Enter"},"id":"EditorChooseLookupItem"}}
{"session":"d2a9b2c39bb0","build":"183.6156.11","bucket":"-1","time":1562974176097,"group":{"id":"statistics.productivity","version":"9"},"event":{"count":1,"data":{"created":1562974176097},"id":"editing.completion.basic"}}
{"session":"d2a9b2c39bb0","build":"183.6156.11","bucket":"-1","time":1562974178296,"group":{"id":"actions.v2","version":"9"},"event":{"count":1,"data":{"context_menu":false,"created":1562974178296,"data_1":"Windows","input_event":"Enter"},"id":"EditorChooseLookupItem"}}
{"session":"d2a9b2c39bb0","build":"183.6156.11","bucket":"-1","time":1562974178328,"group":{"id":"statistics.productivity","version":"9"},"event":{"count":1,"data":{"created":1562974178328},"id":"editing.completion.basic"}}
{"session":"d2a9b2c39bb0","build":"183.6156.11","bucket":"-1","time":1562974179344,"group":{"id":"actions.v2","version":"9"},"event":{"count":1,"data":{"context_menu":false,"created":1562974179344,"data_1":"Windows","input_event":"Shift+Enter"},"id":"EditorStartNewLine"}}
{"session":"d2a9b2c39bb0","build":"183.6156.11","bucket":"-1","time":1562974181095,"group":{"id":"actions.v2","version":"9"},"event":{"count":1,"data":{"context_menu":false,"created":1562974181095,"data_1":"Windows","input_event":"Up"},"id":"EditorUp"}}
{"session":"d2a9b2c39bb0","build":"183.6156.11","bucket":"-1","time":1562974181446,"group":{"id":"actions.v2","version":"9"},"event":{"count":1,"data":{"context_menu":false,"created":1562974181446,"data_1":"Windows","input_event":"Alt+Enter"},"id":"ShowIntentionActions"}}
{"session":"d2a9b2c39bb0","build":"183.6156.11","bucket":"-1","time":1562974182230,"group":{"id":"statistics.actions.intentions","version":"9"},"event":{"count":1,"data":{"created":1562974182230,"data_1":"Windows"},"id":"JAVA_daemon.impl.quickfix.ImplementMethodsFix"}}
{"session":"d2a9b2c39bb0","build":"183.6156.11","bucket":"-1","time":1562974182230,"group":{"id":"statistics.productivity","version":"9"},"event":{"count":1,"data":{"created":1562974182231},"id":"codeassists.overrideimplement"}}
{"session":"d2a9b2c39bb0","build":"183.6156.11","bucket":"-1","time":1562974182293,"group":{"id":"ui.dialogs","version":"9"},"event":{"count":1,"data":{"created":1562974182293,"type":"show"},"id":"com.intellij.codeInsight.generation.JavaOverrideImplementMemberChooser"}}
{"session":"d2a9b2c39bb0","build":"183.6156.11","bucket":"-1","time":1562974182774,"group":{"id":"ui.dialogs","version":"9"},"event":{"count":1,"data":{"code":0,"created":1562974182774,"type":"close"},"id":"com.intellij.codeInsight.generation.JavaOverrideImplementMemberChooser"}}
{"session":"d2a9b2c39bb0","build":"183.6156.11","bucket":"-1","time":1562974185309,"group":{"id":"actions.v2","version":"9"},"event":{"count":1,"data":{"context_menu":false,"created":1562974185309,"data_1":"Windows","input_event":"Enter"},"id":"EditorChooseLookupItem"}}
{"session":"d2a9b2c39bb0","build":"183.6156.11","bucket":"-1","time":1562974185348,"group":{"id":"statistics.productivity","version":"9"},"event":{"count":1,"data":{"created":1562974185348},"id":"editing.completion.basic"}}
{"session":"d2a9b2c39bb0","build":"183.6156.11","bucket":"-1","time":1562974194898,"group":{"id":"actions.v2","version":"9"},"event":{"count":4,"data":{"context_menu":false,"last":1562974196106,"created":1562974194898,"data_1":"Windows","input_event":"Backspace"},"id":"EditorBackSpace"}}
{"session":"d2a9b2c39bb0","build":"183.6156.11","bucket":"-1","time":1562974202657,"group":{"id":"actions.v2","version":"9"},"event":{"count":1,"data":{"context_menu":false,"created":1562974202657,"data_1":"Windows","input_event":"Ctrl+C"},"id":"EditorCopy"}}
{"session":"d2a9b2c39bb0","build":"183.6156.11","bucket":"-1","time":1562974203973,"group":{"id":"actions.v2","version":"9"},"event":{"count":1,"data":{"context_menu":false,"created":1562974203973,"data_1":"Windows","input_event":"Ctrl+V"},"id":"EditorPaste"}}
{"session":"d2a9b2c39bb0","build":"183.6156.11","bucket":"-1","time":1562974205926,"group":{"id":"statistics.productivity","version":"9"},"event":{"count":1,"data":{"created":1562974205926},"id":"editing.select.word"}}
{"session":"d2a9b2c39bb0","build":"183.6156.11","bucket":"-1","time":1562974206653,"group":{"id":"actions.v2","version":"9"},"event":{"count":1,"data":{"context_menu":false,"created":1562974206653,"data_1":"Windows","input_event":"Ctrl+C"},"id":"EditorCopy"}}
{"session":"d2a9b2c39bb0","build":"183.6156.11","bucket":"-1","time":1562974207646,"group":{"id":"statistics.productivity","version":"9"},"event":{"count":1,"data":{"created":1562974207646},"id":"editing.select.word"}}
{"session":"d2a9b2c39bb0","build":"183.6156.11","bucket":"-1","time":1562974207807,"group":{"id":"actions.v2","version":"9"},"event":{"count":1,"data":{"context_menu":false,"created":1562974207807,"data_1":"Windows","input_event":"Ctrl+V"},"id":"EditorPaste"}}
{"session":"d2a9b2c39bb0","build":"183.6156.11","bucket":"-1","time":1562974215782,"group":{"id":"statistics.productivity","version":"9"},"event":{"count":1,"data":{"created":1562974215782},"id":"editing.select.word"}}
{"session":"d2a9b2c39bb0","build":"183.6156.11","bucket":"-1","time":1562974217306,"group":{"id":"actions.v2","version":"9"},"event":{"count":1,"data":{"context_menu":false,"created":1562974217306,"data_1":"Windows","input_event":"Right"},"id":"EditorRight"}}
{"session":"d2a9b2c39bb0","build":"183.6156.11","bucket":"-1","time":1562974218652,"group":{"id":"actions.v2","version":"9"},"event":{"count":1,"data":{"context_menu":false,"created":1562974218652,"data_1":"Windows","input_event":"Backspace"},"id":"EditorBackSpace"}}
{"session":"d2a9b2c39bb0","build":"183.6156.11","bucket":"-1","time":1562974221088,"group":{"id":"actions.v2","version":"9"},"event":{"count":1,"data":{"context_menu":false,"created":1562974221088,"data_1":"Windows","input_event":"Alt+Enter"},"id":"ShowIntentionActions"}}
{"session":"d2a9b2c39bb0","build":"183.6156.11","bucket":"-1","time":1562974221594,"group":{"id":"statistics.actions.intentions","version":"9"},"event":{"count":1,"data":{"created":1562974221594,"data_1":"Windows"},"id":"JAVA_codeInspection.MoveToPackageFix"}}
{"session":"d2a9b2c39bb0","build":"183.6156.11","bucket":"-1","time":1562974221809,"group":{"id":"ui.dialogs","version":"9"},"event":{"count":1,"data":{"created":1562974221809,"type":"show"},"id":"com.intellij.ide.util.DirectoryChooser"}}
{"session":"d2a9b2c39bb0","build":"183.6156.11","bucket":"-1","time":1562974222259,"group":{"id":"ui.dialogs","version":"9"},"event":{"count":1,"data":{"code":0,"created":1562974222259,"type":"close"},"id":"com.intellij.ide.util.DirectoryChooser"}}
{"session":"d2a9b2c39bb0","build":"183.6156.11","bucket":"-1","time":1562974223792,"group":{"id":"ui.dialogs","version":"9"},"event":{"count":1,"data":{"created":1562974223792,"type":"show"},"id":"com.intellij.openapi.progress.util.ProgressDialog$MyDialogWrapper"}}
{"session":"d2a9b2c39bb0","build":"183.6156.11","bucket":"-1","time":1562974223843,"group":{"id":"ui.dialogs","version":"9"},"event":{"count":1,"data":{"code":1,"created":1562974223843,"type":"close"},"id":"com.intellij.openapi.progress.util.ProgressDialog$MyDialogWrapper"}}
{"session":"d2a9b2c39bb0","build":"183.6156.11","bucket":"-1","time":1562974231112,"group":{"id":"actions.v2","version":"9"},"event":{"count":1,"data":{"context_menu":false,"created":1562974231112,"data_1":"Windows","input_event":"Ctrl+N"},"id":"NewElement"}}
{"session":"d2a9b2c39bb0","build":"183.6156.11","bucket":"-1","time":1562974232039,"group":{"id":"actions.v2","version":"9"},"event":{"count":1,"data":{"context_menu":false,"created":1562974232039,"data_1":"Windows"},"id":"NewClass"}}
{"session":"d2a9b2c39bb0","build":"183.6156.11","bucket":"-1","time":1562974232042,"group":{"id":"ui.dialogs","version":"9"},"event":{"count":1,"data":{"created":1562974232042,"type":"show"},"id":"com.intellij.ide.actions.CreateFileFromTemplateDialog"}}
{"session":"d2a9b2c39bb0","build":"183.6156.11","bucket":"-1","time":1562974238167,"group":{"id":"actions.v2","version":"9"},"event":{"count":1,"data":{"context_menu":false,"created":1562974238167,"data_1":"Windows"},"id":"DialogOkAction_Enter"}}
{"session":"d2a9b2c39bb0","build":"183.6156.11","bucket":"-1","time":1562974238337,"group":{"id":"ui.dialogs","version":"9"},"event":{"count":1,"data":{"code":0,"created":1562974238337,"type":"close"},"id":"com.intellij.ide.fileTemplates.ui.CreateFromTemplateDialog"}}
{"session":"d2a9b2c39bb0","build":"183.6156.11","bucket":"-1","time":1562974238339,"group":{"id":"ui.dialogs","version":"9"},"event":{"count":1,"data":{"code":0,"created":1562974238339,"type":"close"},"id":"com.intellij.ide.actions.CreateFileFromTemplateDialog"}}
{"session":"d2a9b2c39bb0","build":"183.6156.11","bucket":"-1","time":1562974238379,"group":{"id":"statistics.file.types.open","version":"9"},"event":{"count":1,"data":{"created":1562974238379,"project":"-1793532514"},"id":"JAVA"}}
{"session":"d2a9b2c39bb0","build":"183.6156.11","bucket":"-1","time":1562974240702,"group":{"id":"statistics.file.types.edit","version":"9"},"event":{"count":1,"data":{"created":1562974240702,"project":"-1793532514"},"id":"JAVA"}}
{"session":"d2a9b2c39bb0","build":"183.6156.11","bucket":"-1","time":1562974241483,"group":{"id":"actions.v2","version":"9"},"event":{"count":1,"data":{"context_menu":false,"created":1562974241483,"data_1":"Windows","input_event":"Enter"},"id":"EditorChooseLookupItem"}}
{"session":"d2a9b2c39bb0","build":"183.6156.11","bucket":"-1","time":1562974241503,"group":{"id":"statistics.productivity","version":"9"},"event":{"count":1,"data":{"created":1562974241503},"id":"editing.completion.basic"}}
{"session":"d2a9b2c39bb0","build":"183.6156.11","bucket":"-1","time":1562974243585,"group":{"id":"actions.v2","version":"9"},"event":{"count":2,"data":{"context_menu":false,"last":1562974243765,"created":1562974243585,"data_1":"Windows","input_event":"Backspace"},"id":"EditorBackSpace"}}
{"session":"d2a9b2c39bb0","build":"183.6156.11","bucket":"-1","time":1562974246934,"group":{"id":"actions.v2","version":"9"},"event":{"count":1,"data":{"context_menu":false,"created":1562974246934,"data_1":"Windows","input_event":"Enter"},"id":"EditorChooseLookupItem"}}
{"session":"d2a9b2c39bb0","build":"183.6156.11","bucket":"-1","time":1562974246950,"group":{"id":"statistics.productivity","version":"9"},"event":{"count":1,"data":{"created":1562974246951},"id":"editing.completion.basic"}}
{"session":"d2a9b2c39bb0","build":"183.6156.11","bucket":"-1","time":1562974247752,"group":{"id":"actions.v2","version":"9"},"event":{"count":1,"data":{"context_menu":false,"created":1562974247752,"data_1":"Windows","input_event":"Alt+Enter"},"id":"ShowIntentionActions"}}
{"session":"d2a9b2c39bb0","build":"183.6156.11","bucket":"-1","time":1562974248192,"group":{"id":"statistics.actions.intentions","version":"9"},"event":{"count":1,"data":{"created":1562974248192,"data_1":"Windows"},"id":"JAVA_daemon.impl.quickfix.ImplementMethodsFix"}}
{"session":"d2a9b2c39bb0","build":"183.6156.11","bucket":"-1","time":1562974248192,"group":{"id":"statistics.productivity","version":"9"},"event":{"count":1,"data":{"created":1562974248193},"id":"codeassists.overrideimplement"}}
{"session":"d2a9b2c39bb0","build":"183.6156.11","bucket":"-1","time":1562974248199,"group":{"id":"ui.dialogs","version":"9"},"event":{"count":1,"data":{"created":1562974248199,"type":"show"},"id":"com.intellij.codeInsight.generation.JavaOverrideImplementMemberChooser"}}
{"session":"d2a9b2c39bb0","build":"183.6156.11","bucket":"-1","time":1562974248799,"group":{"id":"ui.dialogs","version":"9"},"event":{"count":1,"data":{"code":0,"created":1562974248800,"type":"close"},"id":"com.intellij.codeInsight.generation.JavaOverrideImplementMemberChooser"}}
{"session":"d2a9b2c39bb0","build":"183.6156.11","bucket":"-1","time":1562974253137,"group":{"id":"actions.v2","version":"9"},"event":{"count":2,"data":{"context_menu":false,"last":1562974253300,"created":1562974253137,"data_1":"Windows","input_event":"Enter"},"id":"EditorEnter"}}
{"session":"d2a9b2c39bb0","build":"183.6156.11","bucket":"-1","time":1562974253554,"group":{"id":"actions.v2","version":"9"},"event":{"count":1,"data":{"context_menu":false,"created":1562974253554,"data_1":"Windows","input_event":"Up"},"id":"EditorUp"}}
{"session":"d2a9b2c39bb0","build":"183.6156.11","bucket":"-1","time":1562974253838,"group":{"id":"actions.v2","version":"9"},"event":{"count":1,"data":{"context_menu":false,"created":1562974253838,"data_1":"Windows","input_event":"Enter"},"id":"EditorEnter"}}
{"session":"d2a9b2c39bb0","build":"183.6156.11","bucket":"-1","time":1562974255848,"group":{"id":"statistics.productivity","version":"9"},"event":{"count":1,"data":{"created":1562974255848},"id":"editing.completion.finishByDotEtc"}}
{"session":"d2a9b2c39bb0","build":"183.6156.11","bucket":"-1","time":1562974255859,"group":{"id":"statistics.productivity","version":"9"},"event":{"count":1,"data":{"created":1562974255859},"id":"editing.completion.basic"}}
{"session":"d2a9b2c39bb0","build":"183.6156.11","bucket":"-1","time":1562974256700,"group":{"id":"actions.v2","version":"9"},"event":{"count":1,"data":{"context_menu":false,"created":1562974256700,"data_1":"Windows","input_event":"Shift+O"},"id":"RevealIn"}}
{"session":"d2a9b2c39bb0","build":"183.6156.11","bucket":"-1","time":1562974264534,"group":{"id":"actions.v2","version":"9"},"event":{"count":5,"data":{"context_menu":false,"last":1562974265088,"created":1562974264534,"data_1":"Windows","input_event":"Backspace"},"id":"EditorBackSpace"}}
{"session":"d2a9b2c39bb0","build":"183.6156.11","bucket":"-1","time":1562974265577,"group":{"id":"actions.v2","version":"9"},"event":{"count":2,"data":{"context_menu":false,"last":1562974268326,"created":1562974265577,"data_1":"Windows","input_event":"Shift+O"},"id":"RevealIn"}}
{"session":"d2a9b2c39bb0","build":"183.6156.11","bucket":"-1","time":1562974305812,"group":{"id":"actions.v2","version":"9"},"event":{"count":1,"data":{"context_menu":false,"created":1562974305812,"data_1":"Windows","input_event":"Shift+O"},"id":"RevealIn"}}
{"session":"d2a9b2c39bb0","build":"183.6156.11","bucket":"-1","time":1562974475115,"group":{"id":"statistics.file.types.edit","version":"9"},"event":{"count":1,"data":{"created":1562974475115,"project":"-1793532514"},"id":"JAVA"}}
{"session":"d2a9b2c39bb0","build":"183.6156.11","bucket":"-1","time":1562974475774,"group":{"id":"actions.v2","version":"9"},"event":{"count":1,"data":{"context_menu":false,"created":1562974475774,"data_1":"Windows","input_event":"Backspace"},"id":"EditorBackSpace"}}
{"session":"d2a9b2c39bb0","build":"183.6156.11","bucket":"-1","time":1562974478122,"group":{"id":"actions.v2","version":"9"},"event":{"count":1,"data":{"context_menu":false,"created":1562974478123,"data_1":"Windows","input_event":"Enter"},"id":"EditorChooseLookupItem"}}
{"session":"d2a9b2c39bb0","build":"183.6156.11","bucket":"-1","time":1562974478139,"group":{"id":"statistics.productivity","version":"9"},"event":{"count":1,"data":{"created":1562974478139},"id":"editing.completion.basic"}}
{"session":"d2a9b2c39bb0","build":"183.6156.11","bucket":"-1","time":1562974478951,"group":{"id":"statistics.productivity","version":"9"},"event":{"count":1,"data":{"created":1562974478951},"id":"editing.completion.variable.name"}}
{"session":"d2a9b2c39bb0","build":"183.6156.11","bucket":"-1","time":1562974479447,"group":{"id":"actions.v2","version":"9"},"event":{"count":1,"data":{"context_menu":false,"created":1562974479447,"data_1":"Windows","input_event":"Enter"},"id":"EditorChooseLookupItem"}}
{"session":"d2a9b2c39bb0","build":"183.6156.11","bucket":"-1","time":1562974479463,"group":{"id":"statistics.productivity","version":"9"},"event":{"count":1,"data":{"created":1562974479463},"id":"editing.completion.basic"}}
{"session":"d2a9b2c39bb0","build":"183.6156.11","bucket":"-1","time":1562974480410,"group":{"id":"actions.v2","version":"9"},"event":{"count":1,"data":{"context_menu":false,"created":1562974480410,"data_1":"Windows","input_event":"Ctrl+Shift+Enter"},"id":"EditorCompleteStatement"}}
{"session":"d2a9b2c39bb0","build":"183.6156.11","bucket":"-1","time":1562974480411,"group":{"id":"statistics.productivity","version":"9"},"event":{"count":1,"data":{"created":1562974480411},"id":"codeassists.complete.statement"}}
{"session":"d2a9b2c39bb0","build":"183.6156.11","bucket":"-1","time":1562974480893,"group":{"id":"actions.v2","version":"9"},"event":{"count":2,"data":{"context_menu":false,"last":1562974481922,"created":1562974480893,"data_1":"Windows","input_event":"Enter"},"id":"EditorEnter"}}
{"session":"d2a9b2c39bb0","build":"183.6156.11","bucket":"-1","time":1562974485165,"group":{"id":"actions.v2","version":"9"},"event":{"count":1,"data":{"context_menu":false,"created":1562974485165,"data_1":"Windows","input_event":"Enter"},"id":"EditorChooseLookupItem"}}
{"session":"d2a9b2c39bb0","build":"183.6156.11","bucket":"-1","time":1562974485183,"group":{"id":"statistics.productivity","version":"9"},"event":{"count":1,"data":{"created":1562974485183},"id":"editing.completion.basic"}}
{"session":"d2a9b2c39bb0","build":"183.6156.11","bucket":"-1","time":1562974488152,"group":{"id":"actions.v2","version":"9"},"event":{"count":2,"data":{"context_menu":false,"last":1562974488316,"created":1562974488152,"data_1":"Windows","input_event":"Backspace"},"id":"EditorBackSpace"}}
{"session":"d2a9b2c39bb0","build":"183.6156.11","bucket":"-1","time":1562974488780,"group":{"id":"actions.v2","version":"9"},"event":{"count":1,"data":{"context_menu":false,"created":1562974488780,"data_1":"Windows","input_event":"Shift+O"},"id":"RevealIn"}}
{"session":"d2a9b2c39bb0","build":"183.6156.11","bucket":"-1","time":1562974503509,"group":{"id":"actions.v2","version":"9"},"event":{"count":1,"data":{"context_menu":false,"created":1562974503509,"data_1":"Windows","input_event":"Shift+O"},"id":"RevealIn"}}
{"session":"d2a9b2c39bb0","build":"183.6156.11","bucket":"-1","time":1562974562333,"group":{"id":"actions.v2","version":"9"},"event":{"count":2,"data":{"context_menu":false,"last":1562974572060,"created":1562974562333,"data_1":"Windows","input_event":"Shift+O"},"id":"RevealIn"}}
{"session":"d2a9b2c39bb0","build":"183.6156.11","bucket":"-1","time":1562974880685,"group":{"id":"actions.v2","version":"9"},"event":{"count":1,"data":{"context_menu":false,"created":1562974880685,"data_1":"Windows","input_event":"Shift+O"},"id":"RevealIn"}}
{"session":"d2a9b2c39bb0","build":"183.6156.11","bucket":"-1","time":1562974894958,"group":{"id":"statistics.actions.main.menu.v2","version":"9"},"event":{"count":1,"data":{"created":1562974894958,"data_1":"Windows"},"id":"File_->_Settings..."}}
{"session":"d2a9b2c39bb0","build":"183.6156.11","bucket":"-1","time":1562974894964,"group":{"id":"actions.v2","version":"9"},"event":{"count":1,"data":{"context_menu":true,"created":1562974894964,"place":"MainMenu","data_1":"Windows"},"id":"ShowSettings"}}
{"session":"d2a9b2c39bb0","build":"183.6156.11","bucket":"-1","time":1562974902730,"group":{"id":"ui.dialogs","version":"9"},"event":{"count":1,"data":{"created":1562974902730,"type":"show"},"id":"com.intellij.openapi.options.newEditor.SettingsDialog"}}
{"session":"d2a9b2c39bb0","build":"183.6156.11","bucket":"-1","time":1562974903444,"group":{"id":"statistics.lifecycle.app","version":"9"},"event":{"count":1,"data":{"created":1562974903444,"data_2":"9","data_1":"timeSecondsGrouped"},"id":"ide.freeze"}}
{"session":"d2a9b2c39bb0","build":"183.6156.11","bucket":"-1","time":1562974903444,"group":{"id":"lifecycle","version":"9"},"event":{"count":1,"data":{"durationSeconds":9,"created":1562974903444},"id":"ide.freeze"}}
{"session":"d2a9b2c39bb0","build":"183.6156.11","bucket":"-1","time":1562974912275,"group":{"id":"actions.v2","version":"9"},"event":{"count":14,"data":{"context_menu":false,"last":1562974926483,"created":1562974912275,"data_1":"Windows","input_event":"Backspace"},"id":"EditorBackSpace"}}
{"session":"d2a9b2c39bb0","build":"183.6156.11","bucket":"-1","time":1562974951704,"group":{"id":"actions.v2","version":"9"},"event":{"count":8,"data":{"context_menu":false,"last":1562974959874,"created":1562974951704,"data_1":"Windows","input_event":"Backspace"},"id":"EditorBackSpace"}}
{"session":"d2a9b2c39bb0","build":"183.6156.11","bucket":"-1","time":1562974962123,"group":{"id":"ui.dialogs","version":"9"},"event":{"count":1,"data":{"code":1,"created":1562974962123,"type":"close"},"id":"com.intellij.openapi.options.newEditor.SettingsDialog"}}
{"session":"d2a9b2c39bb0","build":"183.6156.11","bucket":"-1","time":1562975070248,"group":{"id":"statistics.actions.main.menu.v2","version":"9"},"event":{"count":1,"data":{"created":1562975070248,"data_1":"Windows"},"id":"File_->_Settings..."}}
{"session":"d2a9b2c39bb0","build":"183.6156.11","bucket":"-1","time":1562975070250,"group":{"id":"actions.v2","version":"9"},"event":{"count":1,"data":{"context_menu":true,"created":1562975070250,"place":"MainMenu","data_1":"Windows"},"id":"ShowSettings"}}
{"session":"d2a9b2c39bb0","build":"183.6156.11","bucket":"-1","time":1562975070475,"group":{"id":"ui.dialogs","version":"9"},"event":{"count":1,"data":{"created":1562975070475,"type":"show"},"id":"com.intellij.openapi.options.newEditor.SettingsDialog"}}
{"session":"d2a9b2c39bb0","build":"183.6156.11","bucket":"-1","time":1562975105568,"group":{"id":"ui.dialogs","version":"9"},"event":{"count":1,"data":{"created":1562975105568,"type":"show"},"id":"com.intellij.openapi.ui.messages.MessageDialog"}}
{"session":"d2a9b2c39bb0","build":"183.6156.11","bucket":"-1","time":1562975107048,"group":{"id":"ui.dialogs","version":"9"},"event":{"count":1,"data":{"code":0,"created":1562975107048,"type":"close"},"id":"com.intellij.openapi.options.newEditor.SettingsDialog"}}
{"session":"d2a9b2c39bb0","build":"183.6156.11","bucket":"-1","time":1562975107074,"group":{"id":"statistics.lifecycle.app","version":"9"},"event":{"count":1,"data":{"created":1562975107074},"id":"ide.close"}}
{"session":"d2a9b2c39bb0","build":"183.6156.11","bucket":"-1","time":1562975107075,"group":{"id":"statistics.lifecycle.app","version":"9"},"event":{"count":1,"data":{"created":1562975107075},"id":"ide.close.restart"}}
{"session":"d2a9b2c39bb0","build":"183.6156.11","bucket":"-1","time":1562975107075,"group":{"id":"lifecycle","version":"9"},"event":{"count":1,"data":{"restart":true,"created":1562975107075},"id":"app.closed"}}
{"session":"d2a9b2c39bb0","build":"183.6156.11","bucket":"-1","time":1562975107137,"group":{"id":"statistics.lifecycle.project","version":"9"},"event":{"count":1,"data":{"created":1562975107137,"project":"-1793532514"},"id":"project.closed"}}
{"session":"d2a9b2c39bb0","build":"183.6156.11","bucket":"-1","time":1562975107148,"group":{"id":"lifecycle","version":"9"},"event":{"count":1,"data":{"created":1562975107148},"id":"project.closed"}}
