{"session":"1d8ce101af66","build":"183.6156.11","bucket":"-1","time":1563336453828,"group":{"id":"system.os.name","version":"9"},"event":{"data":{"created":1563336453829},"id":"Windows"}}
{"session":"1d8ce101af66","build":"183.6156.11","bucket":"-1","time":1563336453829,"group":{"id":"system.os.version","version":"9"},"event":{"data":{"created":1563336453840},"id":"10.0"}}
{"session":"1d8ce101af66","build":"183.6156.11","bucket":"-1","time":1563336453829,"group":{"id":"system.jvm.vendor","version":"9"},"event":{"data":{"created":1563336453850},"id":"JetBrains_s.r.o"}}
{"session":"1d8ce101af66","build":"183.6156.11","bucket":"-1","time":1563336453829,"group":{"id":"system.jvm.version","version":"9"},"event":{"data":{"created":1563336453852},"id":"1.8"}}
{"session":"1d8ce101af66","build":"183.6156.11","bucket":"-1","time":1563336453849,"group":{"id":"settings","version":"9"},"event":{"data":{"created":1563336453852,"name":"activeMruEditorOnClose","value":false},"id":"UISettings"}}
{"session":"1d8ce101af66","build":"183.6156.11","bucket":"-1","time":1563336453850,"group":{"id":"settings","version":"9"},"event":{"data":{"created":1563336453853,"name":"activeRightEditorOnClose","value":false},"id":"UISettings"}}
{"session":"1d8ce101af66","build":"183.6156.11","bucket":"-1","time":1563336453850,"group":{"id":"settings","version":"9"},"event":{"data":{"created":1563336453854,"name":"allowMergeButtons","value":true},"id":"UISettings"}}
{"session":"1d8ce101af66","build":"183.6156.11","bucket":"-1","time":1563336453850,"group":{"id":"settings","version":"9"},"event":{"data":{"created":1563336453854,"name":"alwaysShowWindowsButton","value":false},"id":"UISettings"}}
{"session":"1d8ce101af66","build":"183.6156.11","bucket":"-1","time":1563336453850,"group":{"id":"settings","version":"9"},"event":{"data":{"created":1563336453855,"name":"animateWindows","value":true},"id":"UISettings"}}
{"session":"1d8ce101af66","build":"183.6156.11","bucket":"-1","time":1563336453850,"group":{"id":"settings","version":"9"},"event":{"data":{"created":1563336453855,"name":"closeNonModifiedFilesFirst","value":false},"id":"UISettings"}}
{"session":"1d8ce101af66","build":"183.6156.11","bucket":"-1","time":1563336453850,"group":{"id":"settings","version":"9"},"event":{"data":{"created":1563336453855,"name":"closeTabButtonOnTheRight","value":true},"id":"UISettings"}}
{"session":"1d8ce101af66","build":"183.6156.11","bucket":"-1","time":1563336453850,"group":{"id":"settings","version":"9"},"event":{"data":{"created":1563336453856,"name":"cycleScrolling","value":true},"id":"UISettings"}}
{"session":"1d8ce101af66","build":"183.6156.11","bucket":"-1","time":1563336453850,"group":{"id":"settings","version":"9"},"event":{"data":{"created":1563336453856,"name":"defaultAutoScrollToSource","value":false},"id":"UISettings"}}
{"session":"1d8ce101af66","build":"183.6156.11","bucket":"-1","time":1563336453850,"group":{"id":"settings","version":"9"},"event":{"data":{"created":1563336453857,"name":"disableMnemonics","value":false},"id":"UISettings"}}
{"session":"1d8ce101af66","build":"183.6156.11","bucket":"-1","time":1563336453850,"group":{"id":"settings","version":"9"},"event":{"data":{"created":1563336453857,"name":"disableMnemonicsInControls","value":false},"id":"UISettings"}}
{"session":"1d8ce101af66","build":"183.6156.11","bucket":"-1","time":1563336453850,"group":{"id":"settings","version":"9"},"event":{"data":{"created":1563336453858,"name":"dndWithPressedAltOnly","value":false},"id":"UISettings"}}
{"session":"1d8ce101af66","build":"183.6156.11","bucket":"-1","time":1563336453850,"group":{"id":"settings","version":"9"},"event":{"data":{"created":1563336453858,"name":"enableAlphaMode","value":false},"id":"UISettings"}}
{"session":"1d8ce101af66","build":"183.6156.11","bucket":"-1","time":1563336453850,"group":{"id":"settings","version":"9"},"event":{"data":{"created":1563336453859,"name":"hideKnownExtensionInTabs","value":false},"id":"UISettings"}}
{"session":"1d8ce101af66","build":"183.6156.11","bucket":"-1","time":1563336453850,"group":{"id":"settings","version":"9"},"event":{"data":{"created":1563336453859,"name":"hideNavigationOnFocusLoss","value":true},"id":"UISettings"}}
{"session":"1d8ce101af66","build":"183.6156.11","bucket":"-1","time":1563336453850,"group":{"id":"settings","version":"9"},"event":{"data":{"created":1563336453860,"name":"hideTabsIfNeed","value":true},"id":"UISettings"}}
{"session":"1d8ce101af66","build":"183.6156.11","bucket":"-1","time":1563336453850,"group":{"id":"settings","version":"9"},"event":{"data":{"created":1563336453860,"name":"hideToolStripes","value":false},"id":"UISettings"}}
{"session":"1d8ce101af66","build":"183.6156.11","bucket":"-1","time":1563336453850,"group":{"id":"settings","version":"9"},"event":{"data":{"created":1563336453861,"name":"leftHorizontalSplit","value":false},"id":"UISettings"}}
{"session":"1d8ce101af66","build":"183.6156.11","bucket":"-1","time":1563336453850,"group":{"id":"settings","version":"9"},"event":{"data":{"created":1563336453861,"name":"markModifiedTabsWithAsterisk","value":false},"id":"UISettings"}}
{"session":"1d8ce101af66","build":"183.6156.11","bucket":"-1","time":1563336453850,"group":{"id":"settings","version":"9"},"event":{"data":{"created":1563336453861,"name":"mergeEqualStackTraces","value":true},"id":"UISettings"}}
{"session":"1d8ce101af66","build":"183.6156.11","bucket":"-1","time":1563336453850,"group":{"id":"settings","version":"9"},"event":{"data":{"created":1563336453861,"name":"moveMouseOnDefaultButton","value":false},"id":"UISettings"}}
{"session":"1d8ce101af66","build":"183.6156.11","bucket":"-1","time":1563336453850,"group":{"id":"settings","version":"9"},"event":{"data":{"created":1563336453863,"name":"navigateToPreview","value":false},"id":"UISettings"}}
{"session":"1d8ce101af66","build":"183.6156.11","bucket":"-1","time":1563336453850,"group":{"id":"settings","version":"9"},"event":{"data":{"created":1563336453863,"name":"overrideConsoleCycleBufferSize","value":false},"id":"UISettings"}}
{"session":"1d8ce101af66","build":"183.6156.11","bucket":"-1","time":1563336453850,"group":{"id":"settings","version":"9"},"event":{"data":{"default":false,"created":1563336453863,"name":"overrideLafFonts","value":true},"id":"UISettings"}}
{"session":"1d8ce101af66","build":"183.6156.11","bucket":"-1","time":1563336453850,"group":{"id":"settings","version":"9"},"event":{"data":{"created":1563336453864,"name":"pinFindInPath","value":false},"id":"UISettings"}}
{"session":"1d8ce101af66","build":"183.6156.11","bucket":"-1","time":1563336453850,"group":{"id":"settings","version":"9"},"event":{"data":{"created":1563336453864,"name":"presentationMode","value":false},"id":"UISettings"}}
{"session":"1d8ce101af66","build":"183.6156.11","bucket":"-1","time":1563336453850,"group":{"id":"settings","version":"9"},"event":{"data":{"created":1563336453865,"name":"reuseNotModifiedTabs","value":false},"id":"UISettings"}}
{"session":"1d8ce101af66","build":"183.6156.11","bucket":"-1","time":1563336453850,"group":{"id":"settings","version":"9"},"event":{"data":{"created":1563336453865,"name":"rightHorizontalSplit","value":false},"id":"UISettings"}}
{"session":"1d8ce101af66","build":"183.6156.11","bucket":"-1","time":1563336453850,"group":{"id":"settings","version":"9"},"event":{"data":{"created":1563336453866,"name":"scrollTabLayoutInEditor","value":true},"id":"UISettings"}}
{"session":"1d8ce101af66","build":"183.6156.11","bucket":"-1","time":1563336453850,"group":{"id":"settings","version":"9"},"event":{"data":{"created":1563336453866,"name":"showCloseButton","value":true},"id":"UISettings"}}
{"session":"1d8ce101af66","build":"183.6156.11","bucket":"-1","time":1563336453850,"group":{"id":"settings","version":"9"},"event":{"data":{"created":1563336453867,"name":"showDirectoryForNonUniqueFilenames","value":true},"id":"UISettings"}}
{"session":"1d8ce101af66","build":"183.6156.11","bucket":"-1","time":1563336453851,"group":{"id":"settings","version":"9"},"event":{"data":{"created":1563336453867,"name":"showEditorToolTip","value":true},"id":"UISettings"}}
{"session":"1d8ce101af66","build":"183.6156.11","bucket":"-1","time":1563336453851,"group":{"id":"settings","version":"9"},"event":{"data":{"created":1563336453867,"name":"showIconInQuickNavigation","value":true},"id":"UISettings"}}
{"session":"1d8ce101af66","build":"183.6156.11","bucket":"-1","time":1563336453851,"group":{"id":"settings","version":"9"},"event":{"data":{"created":1563336453868,"name":"showIconsInMenus","value":true},"id":"UISettings"}}
{"session":"1d8ce101af66","build":"183.6156.11","bucket":"-1","time":1563336453851,"group":{"id":"settings","version":"9"},"event":{"data":{"default":false,"created":1563336453868,"name":"showMainToolbar","value":true},"id":"UISettings"}}
{"session":"1d8ce101af66","build":"183.6156.11","bucket":"-1","time":1563336453851,"group":{"id":"settings","version":"9"},"event":{"data":{"created":1563336453868,"name":"showMemoryIndicator","value":false},"id":"UISettings"}}
{"session":"1d8ce101af66","build":"183.6156.11","bucket":"-1","time":1563336453851,"group":{"id":"settings","version":"9"},"event":{"data":{"created":1563336453868,"name":"showNavigationBar","value":true},"id":"UISettings"}}
{"session":"1d8ce101af66","build":"183.6156.11","bucket":"-1","time":1563336453851,"group":{"id":"settings","version":"9"},"event":{"data":{"created":1563336453869,"name":"showStatusBar","value":true},"id":"UISettings"}}
{"session":"1d8ce101af66","build":"183.6156.11","bucket":"-1","time":1563336453851,"group":{"id":"settings","version":"9"},"event":{"data":{"created":1563336453869,"name":"showTabsTooltips","value":true},"id":"UISettings"}}
{"session":"1d8ce101af66","build":"183.6156.11","bucket":"-1","time":1563336453851,"group":{"id":"settings","version":"9"},"event":{"data":{"created":1563336453869,"name":"showToolWindowsNumbers","value":true},"id":"UISettings"}}
{"session":"1d8ce101af66","build":"183.6156.11","bucket":"-1","time":1563336453851,"group":{"id":"settings","version":"9"},"event":{"data":{"created":1563336453869,"name":"smoothScrolling","value":false},"id":"UISettings"}}
{"session":"1d8ce101af66","build":"183.6156.11","bucket":"-1","time":1563336453851,"group":{"id":"settings","version":"9"},"event":{"data":{"created":1563336453870,"name":"sortBookmarks","value":false},"id":"UISettings"}}
{"session":"1d8ce101af66","build":"183.6156.11","bucket":"-1","time":1563336453851,"group":{"id":"settings","version":"9"},"event":{"data":{"default":false,"created":1563336453870,"name":"sortLookupElementsLexicographically","value":true},"id":"UISettings"}}
{"session":"1d8ce101af66","build":"183.6156.11","bucket":"-1","time":1563336453851,"group":{"id":"settings","version":"9"},"event":{"data":{"created":1563336453870,"name":"useSmallLabelsOnTabs","value":false},"id":"UISettings"}}
{"session":"1d8ce101af66","build":"183.6156.11","bucket":"-1","time":1563336453851,"group":{"id":"settings","version":"9"},"event":{"data":{"created":1563336453870,"name":"wideScreenSupport","value":false},"id":"UISettings"}}
{"session":"1d8ce101af66","build":"183.6156.11","bucket":"-1","time":1563336454702,"group":{"id":"settings","version":"9"},"event":{"data":{"created":1563336454702,"name":"autoSaveIfInactive","value":false},"id":"GeneralSettings"}}
{"session":"1d8ce101af66","build":"183.6156.11","bucket":"-1","time":1563336454702,"group":{"id":"settings","version":"9"},"event":{"data":{"created":1563336454703,"name":"confirmExit","value":true},"id":"GeneralSettings"}}
{"session":"1d8ce101af66","build":"183.6156.11","bucket":"-1","time":1563336454702,"group":{"id":"settings","version":"9"},"event":{"data":{"created":1563336454703,"name":"reopenLastProject","value":true},"id":"GeneralSettings"}}
{"session":"1d8ce101af66","build":"183.6156.11","bucket":"-1","time":1563336454702,"group":{"id":"settings","version":"9"},"event":{"data":{"created":1563336454704,"name":"saveOnFrameDeactivation","value":true},"id":"GeneralSettings"}}
{"session":"1d8ce101af66","build":"183.6156.11","bucket":"-1","time":1563336454702,"group":{"id":"settings","version":"9"},"event":{"data":{"created":1563336454704,"name":"searchInBackground","value":false},"id":"GeneralSettings"}}
{"session":"1d8ce101af66","build":"183.6156.11","bucket":"-1","time":1563336454703,"group":{"id":"settings","version":"9"},"event":{"data":{"default":false,"created":1563336454704,"name":"showTipsOnStartup","value":false},"id":"GeneralSettings"}}
{"session":"1d8ce101af66","build":"183.6156.11","bucket":"-1","time":1563336454703,"group":{"id":"settings","version":"9"},"event":{"data":{"created":1563336454704,"name":"showWelcomeScreen","value":true},"id":"GeneralSettings"}}
{"session":"1d8ce101af66","build":"183.6156.11","bucket":"-1","time":1563336454703,"group":{"id":"settings","version":"9"},"event":{"data":{"created":1563336454704,"name":"supportScreenReaders","value":false},"id":"GeneralSettings"}}
{"session":"1d8ce101af66","build":"183.6156.11","bucket":"-1","time":1563336454703,"group":{"id":"settings","version":"9"},"event":{"data":{"created":1563336454705,"name":"syncOnFrameActivation","value":true},"id":"GeneralSettings"}}
{"session":"1d8ce101af66","build":"183.6156.11","bucket":"-1","time":1563336454703,"group":{"id":"settings","version":"9"},"event":{"data":{"created":1563336454705,"name":"useDefaultBrowser","value":true},"id":"GeneralSettings"}}
{"session":"1d8ce101af66","build":"183.6156.11","bucket":"-1","time":1563336454703,"group":{"id":"settings","version":"9"},"event":{"data":{"created":1563336454705,"name":"useSafeWrite","value":true},"id":"GeneralSettings"}}
{"session":"1d8ce101af66","build":"183.6156.11","bucket":"-1","time":1563336458955,"group":{"id":"ui.dialogs","version":"9"},"event":{"count":1,"data":{"created":1563336458955,"type":"show"},"id":"com.intellij.openapi.progress.util.ProgressDialog$MyDialogWrapper"}}
{"session":"1d8ce101af66","build":"183.6156.11","bucket":"-1","time":1563336461869,"group":{"id":"ui.dialogs","version":"9"},"event":{"count":1,"data":{"code":1,"created":1563336461869,"type":"close"},"id":"com.intellij.openapi.progress.util.ProgressDialog$MyDialogWrapper"}}
{"session":"1d8ce101af66","build":"183.6156.11","bucket":"-1","time":1563336461924,"group":{"id":"statistics.lifecycle.project","version":"9"},"event":{"count":1,"data":{"created":1563336461924,"project":"-1793532514"},"id":"project.opened"}}
{"session":"1d8ce101af66","build":"183.6156.11","bucket":"-1","time":1563336461926,"group":{"id":"lifecycle","version":"9"},"event":{"count":1,"data":{"created":1563336461926},"id":"project.opened"}}
{"session":"1d8ce101af66","build":"183.6156.11","bucket":"-1","time":1563336464358,"group":{"id":"ui.dialogs","version":"9"},"event":{"count":1,"data":{"created":1563336464358,"type":"show"},"id":"com.intellij.openapi.progress.util.ProgressDialog$MyDialogWrapper"}}
{"session":"1d8ce101af66","build":"183.6156.11","bucket":"-1","time":1563336469889,"group":{"id":"toolwindow.v2","version":"9"},"event":{"count":1,"data":{"created":1563336469889,"data_1":"Windows"},"id":"Project_by_Activation"}}
{"session":"1d8ce101af66","build":"183.6156.11","bucket":"-1","time":1563336470593,"group":{"id":"statistics.lifecycle.app","version":"9"},"event":{"count":1,"data":{"created":1563336470593},"id":"ide.start"}}
{"session":"1d8ce101af66","build":"183.6156.11","bucket":"-1","time":1563336470593,"group":{"id":"lifecycle","version":"9"},"event":{"count":1,"data":{"created":1563336470593},"id":"app.started"}}
{"session":"1d8ce101af66","build":"183.6156.11","bucket":"-1","time":1563336471656,"group":{"id":"ui.dialogs","version":"9"},"event":{"count":1,"data":{"code":1,"created":1563336471656,"type":"close"},"id":"com.intellij.openapi.progress.util.ProgressDialog$MyDialogWrapper"}}
{"session":"1d8ce101af66","build":"183.6156.11","bucket":"-1","time":1563336471772,"group":{"id":"statistics.lifecycle.project","version":"9"},"event":{"count":1,"data":{"created":1563336471772,"project":"-1793532514"},"id":"project.open.time.13"}}
{"session":"1d8ce101af66","build":"183.6156.11","bucket":"-1","time":1563336471772,"group":{"id":"lifecycle","version":"9"},"event":{"count":1,"data":{"created":1563336471772,"time.ms":13305},"id":"project.opening.finished"}}
{"session":"1d8ce101af66","build":"183.6156.11","bucket":"-1","time":1563336508337,"group":{"id":"statistics.actions.main.menu.v2","version":"9"},"event":{"count":1,"data":{"created":1563336508337,"data_1":"Windows"},"id":"VCS_->_Import_into_Version_Control_->_Share_Project_on_GitHub"}}
{"session":"1d8ce101af66","build":"183.6156.11","bucket":"-1","time":1563336508353,"group":{"id":"actions.v2","version":"9"},"event":{"count":1,"data":{"context_menu":true,"created":1563336508354,"place":"MainMenu","data_1":"Windows"},"id":"Github.Share"}}
{"session":"1d8ce101af66","build":"183.6156.11","bucket":"-1","time":1563336508518,"group":{"id":"ui.dialogs","version":"9"},"event":{"count":1,"data":{"created":1563336508518,"type":"show"},"id":"org.jetbrains.plugins.github.ui.GithubShareDialog"}}
{"session":"1d8ce101af66","build":"183.6156.11","bucket":"-1","time":1563336508915,"group":{"id":"ui.dialogs","version":"9"},"event":{"count":1,"data":{"created":1563336508915,"type":"show"},"id":"com.intellij.openapi.progress.util.ProgressDialog$MyDialogWrapper"}}
{"session":"1d8ce101af66","build":"183.6156.11","bucket":"-1","time":1563336512739,"group":{"id":"ui.dialogs","version":"9"},"event":{"count":1,"data":{"code":1,"created":1563336512739,"type":"close"},"id":"com.intellij.openapi.progress.util.ProgressDialog$MyDialogWrapper"}}
{"session":"1d8ce101af66","build":"183.6156.11","bucket":"-1","time":1563336527334,"group":{"id":"ui.dialogs","version":"9"},"event":{"count":1,"data":{"code":1,"created":1563336527334,"type":"close"},"id":"org.jetbrains.plugins.github.ui.GithubShareDialog"}}
{"session":"1d8ce101af66","build":"183.6156.11","bucket":"-1","time":1563336529988,"group":{"id":"actions.v2","version":"9"},"event":{"count":1,"data":{"context_menu":false,"created":1563336529988,"data_1":"Windows","input_event":"Ctrl+C"},"id":"EditorCopy"}}
{"session":"1d8ce101af66","build":"183.6156.11","bucket":"-1","time":1563336535412,"group":{"id":"statistics.actions.main.menu.v2","version":"9"},"event":{"count":1,"data":{"created":1563336535412,"data_1":"Windows"},"id":"VCS_->_Import_into_Version_Control_->_Share_Project_on_GitHub"}}
{"session":"1d8ce101af66","build":"183.6156.11","bucket":"-1","time":1563336535420,"group":{"id":"actions.v2","version":"9"},"event":{"count":1,"data":{"context_menu":true,"created":1563336535420,"place":"MainMenu","data_1":"Windows"},"id":"Github.Share"}}
{"session":"1d8ce101af66","build":"183.6156.11","bucket":"-1","time":1563336535434,"group":{"id":"ui.dialogs","version":"9"},"event":{"count":1,"data":{"created":1563336535434,"type":"show"},"id":"org.jetbrains.plugins.github.ui.GithubShareDialog"}}
{"session":"1d8ce101af66","build":"183.6156.11","bucket":"-1","time":1563336535794,"group":{"id":"ui.dialogs","version":"9"},"event":{"count":1,"data":{"created":1563336535794,"type":"show"},"id":"com.intellij.openapi.progress.util.ProgressDialog$MyDialogWrapper"}}
{"session":"1d8ce101af66","build":"183.6156.11","bucket":"-1","time":1563336539775,"group":{"id":"ui.dialogs","version":"9"},"event":{"count":1,"data":{"code":1,"created":1563336539775,"type":"close"},"id":"com.intellij.openapi.progress.util.ProgressDialog$MyDialogWrapper"}}
{"session":"1d8ce101af66","build":"183.6156.11","bucket":"-1","time":1563336541732,"group":{"id":"ui.dialogs","version":"9"},"event":{"count":1,"data":{"code":1,"created":1563336541732,"type":"close"},"id":"org.jetbrains.plugins.github.ui.GithubShareDialog"}}
{"session":"1d8ce101af66","build":"183.6156.11","bucket":"-1","time":1563336553452,"group":{"id":"statistics.actions.main.menu.v2","version":"9"},"event":{"count":1,"data":{"created":1563336553452,"data_1":"Windows"},"id":"VCS_->_Import_into_Version_Control_->_Share_Project_on_GitHub"}}
{"session":"1d8ce101af66","build":"183.6156.11","bucket":"-1","time":1563336553465,"group":{"id":"actions.v2","version":"9"},"event":{"count":1,"data":{"context_menu":true,"created":1563336553465,"place":"MainMenu","data_1":"Windows"},"id":"Github.Share"}}
{"session":"1d8ce101af66","build":"183.6156.11","bucket":"-1","time":1563336553516,"group":{"id":"ui.dialogs","version":"9"},"event":{"count":1,"data":{"created":1563336553517,"type":"show"},"id":"org.jetbrains.plugins.github.ui.GithubShareDialog"}}
{"session":"1d8ce101af66","build":"183.6156.11","bucket":"-1","time":1563336553912,"group":{"id":"ui.dialogs","version":"9"},"event":{"count":1,"data":{"created":1563336553913,"type":"show"},"id":"com.intellij.openapi.progress.util.ProgressDialog$MyDialogWrapper"}}
{"session":"1d8ce101af66","build":"183.6156.11","bucket":"-1","time":1563336557568,"group":{"id":"ui.dialogs","version":"9"},"event":{"count":1,"data":{"code":1,"created":1563336557568,"type":"close"},"id":"com.intellij.openapi.progress.util.ProgressDialog$MyDialogWrapper"}}
{"session":"1d8ce101af66","build":"183.6156.11","bucket":"-1","time":1563336558712,"group":{"id":"actions.v2","version":"9"},"event":{"count":1,"data":{"context_menu":false,"created":1563336558712,"data_1":"Windows","input_event":"Ctrl+V"},"id":"EditorPaste"}}
{"session":"1d8ce101af66","build":"183.6156.11","bucket":"-1","time":1563336638947,"group":{"id":"actions.v2","version":"9"},"event":{"count":7,"data":{"context_menu":false,"last":1563336642173,"created":1563336638947,"data_1":"Windows","input_event":"Backspace"},"id":"EditorBackSpace"}}
{"session":"1d8ce101af66","build":"183.6156.11","bucket":"-1","time":1563336644750,"group":{"id":"actions.v2","version":"9"},"event":{"count":1,"data":{"context_menu":false,"created":1563336644750,"data_1":"Windows","input_event":"Ctrl+A"},"id":"$SelectAll"}}
{"session":"1d8ce101af66","build":"183.6156.11","bucket":"-1","time":1563336645244,"group":{"id":"actions.v2","version":"9"},"event":{"count":1,"data":{"context_menu":false,"created":1563336645244,"data_1":"Windows","input_event":"Ctrl+C"},"id":"EditorCopy"}}
{"session":"1d8ce101af66","build":"183.6156.11","bucket":"-1","time":1563336646101,"group":{"id":"ui.dialogs","version":"9"},"event":{"count":1,"data":{"code":1,"created":1563336646101,"type":"close"},"id":"org.jetbrains.plugins.github.ui.GithubShareDialog"}}
{"session":"1d8ce101af66","build":"183.6156.11","bucket":"-1","time":1563336651333,"group":{"id":"statistics.actions.main.menu.v2","version":"9"},"event":{"count":1,"data":{"created":1563336651333,"data_1":"Windows"},"id":"VCS_->_Import_into_Version_Control_->_Share_Project_on_GitHub"}}
{"session":"1d8ce101af66","build":"183.6156.11","bucket":"-1","time":1563336651342,"group":{"id":"actions.v2","version":"9"},"event":{"count":1,"data":{"context_menu":true,"created":1563336651342,"place":"MainMenu","data_1":"Windows"},"id":"Github.Share"}}
{"session":"1d8ce101af66","build":"183.6156.11","bucket":"-1","time":1563336651357,"group":{"id":"ui.dialogs","version":"9"},"event":{"count":1,"data":{"created":1563336651357,"type":"show"},"id":"org.jetbrains.plugins.github.ui.GithubShareDialog"}}
{"session":"1d8ce101af66","build":"183.6156.11","bucket":"-1","time":1563336651716,"group":{"id":"ui.dialogs","version":"9"},"event":{"count":1,"data":{"created":1563336651716,"type":"show"},"id":"com.intellij.openapi.progress.util.ProgressDialog$MyDialogWrapper"}}
{"session":"1d8ce101af66","build":"183.6156.11","bucket":"-1","time":1563336655939,"group":{"id":"ui.dialogs","version":"9"},"event":{"count":1,"data":{"code":1,"created":1563336655940,"type":"close"},"id":"com.intellij.openapi.progress.util.ProgressDialog$MyDialogWrapper"}}
{"session":"1d8ce101af66","build":"183.6156.11","bucket":"-1","time":1563336662448,"group":{"id":"actions.v2","version":"9"},"event":{"count":1,"data":{"context_menu":false,"created":1563336662448,"data_1":"Windows","input_event":"Ctrl+V"},"id":"EditorPaste"}}
{"session":"1d8ce101af66","build":"183.6156.11","bucket":"-1","time":1563336663357,"group":{"id":"ui.dialogs","version":"9"},"event":{"count":1,"data":{"code":0,"created":1563336663357,"type":"close"},"id":"org.jetbrains.plugins.github.ui.GithubShareDialog"}}
{"session":"1d8ce101af66","build":"183.6156.11","bucket":"-1","time":1563336667426,"group":{"id":"ui.dialogs","version":"9"},"event":{"count":1,"data":{"created":1563336667426,"type":"show"},"id":"org.jetbrains.plugins.github.GithubShareAction$GithubUntrackedFilesDialog"}}
{"session":"1d8ce101af66","build":"183.6156.11","bucket":"-1","time":1563336685449,"group":{"id":"actions.v2","version":"9"},"event":{"count":1,"data":{"context_menu":false,"created":1563336685449,"data_1":"Windows","input_event":"Ctrl+V"},"id":"EditorPaste"}}
{"session":"1d8ce101af66","build":"183.6156.11","bucket":"-1","time":1563336693533,"group":{"id":"ui.dialogs","version":"9"},"event":{"count":1,"data":{"code":0,"created":1563336693533,"type":"close"},"id":"org.jetbrains.plugins.github.GithubShareAction$GithubUntrackedFilesDialog"}}
{"session":"1d8ce101af66","build":"183.6156.11","bucket":"-1","time":1563336876818,"group":{"id":"actions.v2","version":"9"},"event":{"count":1,"data":{"context_menu":true,"created":1563336876818,"place":"ProjectViewPopup","data_1":"Windows"},"id":"SynchronizeCurrentFile"}}
{"session":"1d8ce101af66","build":"183.6156.11","bucket":"-1","time":1563336993356,"group":{"id":"actions.v2","version":"9"},"event":{"count":1,"data":{"context_menu":true,"created":1563336993356,"place":"ProjectViewPopup","data_1":"Windows"},"id":"CheckinFiles"}}
{"session":"1d8ce101af66","build":"183.6156.11","bucket":"-1","time":1563336994389,"group":{"id":"ui.dialogs","version":"9"},"event":{"count":1,"data":{"created":1563336994389,"type":"show"},"id":"com.intellij.openapi.vcs.changes.ui.CommitChangeListDialog"}}
{"session":"1d8ce101af66","build":"183.6156.11","bucket":"-1","time":1563337005845,"group":{"id":"statistics.file.types.edit","version":"9"},"event":{"count":1,"data":{"created":1563337005845,"project":"-1793532514"},"id":"PLAIN_TEXT"}}
{"session":"1d8ce101af66","build":"183.6156.11","bucket":"-1","time":1563337016621,"group":{"id":"actions.v2","version":"9"},"event":{"count":1,"data":{"context_menu":false,"created":1563337016621,"data_1":"Windows","input_event":"Backspace"},"id":"EditorBackSpace"}}
{"session":"1d8ce101af66","build":"183.6156.11","bucket":"-1","time":1563337018847,"group":{"id":"ui.dialogs","version":"9"},"event":{"count":1,"data":{"created":1563337018847,"type":"show"},"id":"com.intellij.openapi.progress.util.ProgressDialog$MyDialogWrapper"}}
{"session":"1d8ce101af66","build":"183.6156.11","bucket":"-1","time":1563337019100,"group":{"id":"ui.dialogs","version":"9"},"event":{"count":1,"data":{"code":1,"created":1563337019100,"type":"close"},"id":"com.intellij.openapi.progress.util.ProgressDialog$MyDialogWrapper"}}
{"session":"1d8ce101af66","build":"183.6156.11","bucket":"-1","time":1563337019426,"group":{"id":"ui.dialogs","version":"9"},"event":{"count":1,"data":{"created":1563337019426,"type":"show"},"id":"com.intellij.openapi.progress.util.ProgressDialog$MyDialogWrapper"}}
{"session":"1d8ce101af66","build":"183.6156.11","bucket":"-1","time":1563337019560,"group":{"id":"ui.dialogs","version":"9"},"event":{"count":1,"data":{"code":1,"created":1563337019561,"type":"close"},"id":"com.intellij.openapi.progress.util.ProgressDialog$MyDialogWrapper"}}
{"session":"1d8ce101af66","build":"183.6156.11","bucket":"-1","time":1563337020702,"group":{"id":"ui.dialogs","version":"9"},"event":{"count":1,"data":{"created":1563337020702,"type":"show"},"id":"com.intellij.openapi.progress.util.ProgressDialog$MyDialogWrapper"}}
{"session":"1d8ce101af66","build":"183.6156.11","bucket":"-1","time":1563337021804,"group":{"id":"ui.dialogs","version":"9"},"event":{"count":1,"data":{"code":1,"created":1563337021804,"type":"close"},"id":"com.intellij.openapi.progress.util.ProgressDialog$MyDialogWrapper"}}
{"session":"1d8ce101af66","build":"183.6156.11","bucket":"-1","time":1563337021835,"group":{"id":"ui.dialogs","version":"9"},"event":{"count":1,"data":{"created":1563337021835,"type":"show"},"id":"com.intellij.openapi.ui.messages.MessageDialog"}}
{"session":"1d8ce101af66","build":"183.6156.11","bucket":"-1","time":1563337022925,"group":{"id":"ui.dialogs","version":"9"},"event":{"count":1,"data":{"code":0,"created":1563337022925,"type":"close"},"id":"com.intellij.openapi.vcs.changes.ui.CommitChangeListDialog"}}
{"session":"1d8ce101af66","build":"183.6156.11","bucket":"-1","time":1563346017381,"group":{"id":"actions.v2","version":"9"},"event":{"count":1,"data":{"context_menu":true,"created":1563346017381,"place":"ProjectViewPopup","data_1":"Windows"},"id":"RevealIn"}}
{"session":"1d8ce101af66","build":"183.6156.11","bucket":"-1","time":1563346800039,"group":{"id":"actions.v2","version":"9"},"event":{"count":1,"data":{"context_menu":true,"created":1563346800039,"place":"ProjectViewPopup","data_1":"Windows"},"id":"RevealIn"}}
{"session":"1d8ce101af66","build":"183.6156.11","bucket":"-1","time":1563347123550,"group":{"id":"actions.v2","version":"9"},"event":{"count":1,"data":{"context_menu":false,"created":1563347123550,"data_1":"Windows","input_event":"Ctrl+F"},"id":"Replace"}}
{"session":"1d8ce101af66","build":"183.6156.11","bucket":"-1","time":1563347158622,"group":{"id":"actions.v2","version":"9"},"event":{"count":2,"data":{"context_menu":false,"last":1563347158959,"created":1563347158622,"data_1":"Windows","input_event":"Backspace"},"id":"EditorBackSpace"}}
{"session":"1d8ce101af66","build":"183.6156.11","bucket":"-1","time":1563347161552,"group":{"id":"actions.v2","version":"9"},"event":{"count":1,"data":{"context_menu":false,"created":1563347161552,"data_1":"Windows","input_event":"Shift+End"},"id":"EditorLineEndWithSelection"}}
{"session":"1d8ce101af66","build":"183.6156.11","bucket":"-1","time":1563347161864,"group":{"id":"actions.v2","version":"9"},"event":{"count":1,"data":{"context_menu":false,"created":1563347161864,"data_1":"Windows","input_event":"Backspace"},"id":"EditorBackSpace"}}
{"session":"1d8ce101af66","build":"183.6156.11","bucket":"-1","time":1563347169868,"group":{"id":"statistics.file.types.open","version":"9"},"event":{"count":1,"data":{"created":1563347169868,"project":"-1793532514"},"id":"JAVA"}}
{"session":"1d8ce101af66","build":"183.6156.11","bucket":"-1","time":1563347189534,"group":{"id":"statistics.file.types.edit","version":"9"},"event":{"count":1,"data":{"created":1563347189534,"project":"-1793532514"},"id":"XML"}}
{"session":"1d8ce101af66","build":"183.6156.11","bucket":"-1","time":1563347211585,"group":{"id":"actions.v2","version":"9"},"event":{"count":1,"data":{"context_menu":false,"created":1563347211585,"data_1":"Windows"},"id":"ShowProjectStructureSettings"}}
{"session":"1d8ce101af66","build":"183.6156.11","bucket":"-1","time":1563347214134,"group":{"id":"ui.dialogs","version":"9"},"event":{"count":1,"data":{"created":1563347214134,"type":"show"},"id":"com.intellij.ide.actions.ShowStructureSettingsAction$1"}}
{"session":"1d8ce101af66","build":"183.6156.11","bucket":"-1","time":1563347225619,"group":{"id":"ui.dialogs","version":"9"},"event":{"count":1,"data":{"code":0,"created":1563347225619,"type":"close"},"id":"com.intellij.ide.actions.ShowStructureSettingsAction$1"}}
{"session":"1d8ce101af66","build":"183.6156.11","bucket":"-1","time":1563347225774,"group":{"id":"statistics.ui.toolbar.clicks","version":"9"},"event":{"count":1,"data":{"created":1563347225774,"data_1":"Windows"},"id":"ShowProjectStructureSettings@MainToolbar"}}
{"session":"1d8ce101af66","build":"183.6156.11","bucket":"-1","time":1563347232846,"group":{"id":"actions.v2","version":"9"},"event":{"count":1,"data":{"context_menu":true,"created":1563347232846,"place":"ProjectViewPopup","data_1":"Windows"},"id":"CheckinFiles"}}
{"session":"1d8ce101af66","build":"183.6156.11","bucket":"-1","time":1563347233349,"group":{"id":"ui.dialogs","version":"9"},"event":{"count":1,"data":{"created":1563347233349,"type":"show"},"id":"com.intellij.openapi.vcs.changes.ui.CommitChangeListDialog"}}
{"session":"1d8ce101af66","build":"183.6156.11","bucket":"-1","time":1563347248412,"group":{"id":"statistics.file.types.edit","version":"9"},"event":{"count":1,"data":{"created":1563347248412,"project":"-1793532514"},"id":"PLAIN_TEXT"}}
{"session":"1d8ce101af66","build":"183.6156.11","bucket":"-1","time":1563347249208,"group":{"id":"actions.v2","version":"9"},"event":{"count":1,"data":{"context_menu":false,"created":1563347249208,"data_1":"Windows","input_event":"Backspace"},"id":"EditorBackSpace"}}
{"session":"1d8ce101af66","build":"183.6156.11","bucket":"-1","time":1563347250870,"group":{"id":"actions.v2","version":"9"},"event":{"count":2,"data":{"context_menu":false,"last":1563347251178,"created":1563347250870,"data_1":"Windows","input_event":"Ctrl+V"},"id":"EditorPaste"}}
{"session":"1d8ce101af66","build":"183.6156.11","bucket":"-1","time":1563347252014,"group":{"id":"actions.v2","version":"9"},"event":{"count":1,"data":{"context_menu":false,"created":1563347252014,"data_1":"Windows","input_event":"Ctrl+Z"},"id":"$Undo"}}
{"session":"1d8ce101af66","build":"183.6156.11","bucket":"-1","time":1563347256046,"group":{"id":"ui.dialogs","version":"9"},"event":{"count":1,"data":{"created":1563347256046,"type":"show"},"id":"com.intellij.openapi.progress.util.ProgressDialog$MyDialogWrapper"}}
{"session":"1d8ce101af66","build":"183.6156.11","bucket":"-1","time":1563347256071,"group":{"id":"ui.dialogs","version":"9"},"event":{"count":1,"data":{"code":1,"created":1563347256071,"type":"close"},"id":"com.intellij.openapi.progress.util.ProgressDialog$MyDialogWrapper"}}
{"session":"1d8ce101af66","build":"183.6156.11","bucket":"-1","time":1563347256291,"group":{"id":"ui.dialogs","version":"9"},"event":{"count":1,"data":{"code":0,"created":1563347256291,"type":"close"},"id":"com.intellij.openapi.vcs.changes.ui.CommitChangeListDialog"}}
{"session":"1d8ce101af66","build":"183.6156.11","bucket":"-1","time":1563347292501,"group":{"id":"actions.v2","version":"9"},"event":{"count":1,"data":{"context_menu":true,"created":1563347292501,"place":"ProjectViewPopup","data_1":"Windows"},"id":"SynchronizeCurrentFile"}}
{"session":"1d8ce101af66","build":"183.6156.11","bucket":"-1","time":1563347302346,"group":{"id":"actions.v2","version":"9"},"event":{"count":1,"data":{"context_menu":true,"created":1563347302346,"place":"ProjectViewPopup","data_1":"Windows"},"id":"Vcs.Push"}}
{"session":"1d8ce101af66","build":"183.6156.11","bucket":"-1","time":1563347302615,"group":{"id":"ui.dialogs","version":"9"},"event":{"count":1,"data":{"created":1563347302615,"type":"show"},"id":"com.intellij.dvcs.push.ui.VcsPushDialog"}}
{"session":"1d8ce101af66","build":"183.6156.11","bucket":"-1","time":1563347304354,"group":{"id":"ui.dialogs","version":"9"},"event":{"count":1,"data":{"code":0,"created":1563347304355,"type":"close"},"id":"com.intellij.dvcs.push.ui.VcsPushDialog"}}
{"session":"1d8ce101af66","build":"183.6156.11","bucket":"-1","time":1563347474911,"group":{"id":"actions.v2","version":"9"},"event":{"count":1,"data":{"context_menu":true,"created":1563347474911,"place":"ProjectViewPopup","data_1":"Windows"},"id":"RevealIn"}}
{"session":"1d8ce101af66","build":"183.6156.11","bucket":"-1","time":1563348648712,"group":{"id":"actions.v2","version":"9"},"event":{"count":1,"data":{"context_menu":false,"created":1563348648713,"data_1":"Windows","input_event":"Enter"},"id":"EditorEnter"}}
{"session":"1d8ce101af66","build":"183.6156.11","bucket":"-1","time":1563348648713,"group":{"id":"statistics.file.types.edit","version":"9"},"event":{"count":1,"data":{"created":1563348648713,"project":"-1793532514"},"id":"XML"}}
{"session":"1d8ce101af66","build":"183.6156.11","bucket":"-1","time":1563348649703,"group":{"id":"actions.v2","version":"9"},"event":{"count":1,"data":{"context_menu":false,"created":1563348649703,"data_1":"Windows","input_event":"Ctrl+V"},"id":"EditorPaste"}}
{"session":"1d8ce101af66","build":"183.6156.11","bucket":"-1","time":1563348663327,"group":{"id":"actions.v2","version":"9"},"event":{"count":1,"data":{"context_menu":true,"created":1563348663327,"place":"ProjectViewPopup","data_1":"Windows"},"id":"Vcs.Push"}}
{"session":"1d8ce101af66","build":"183.6156.11","bucket":"-1","time":1563348663356,"group":{"id":"ui.dialogs","version":"9"},"event":{"count":1,"data":{"created":1563348663356,"type":"show"},"id":"com.intellij.dvcs.push.ui.VcsPushDialog"}}
{"session":"1d8ce101af66","build":"183.6156.11","bucket":"-1","time":1563348664830,"group":{"id":"ui.dialogs","version":"9"},"event":{"count":1,"data":{"code":0,"created":1563348664830,"type":"close"},"id":"com.intellij.dvcs.push.ui.VcsPushDialog"}}
{"session":"1d8ce101af66","build":"183.6156.11","bucket":"-1","time":1563348672748,"group":{"id":"actions.v2","version":"9"},"event":{"count":1,"data":{"context_menu":true,"created":1563348672748,"place":"ProjectViewPopup","data_1":"Windows"},"id":"CheckinFiles"}}
{"session":"1d8ce101af66","build":"183.6156.11","bucket":"-1","time":1563348673181,"group":{"id":"ui.dialogs","version":"9"},"event":{"count":1,"data":{"created":1563348673181,"type":"show"},"id":"com.intellij.openapi.vcs.changes.ui.CommitChangeListDialog"}}
{"session":"1d8ce101af66","build":"183.6156.11","bucket":"-1","time":1563348675232,"group":{"id":"ui.dialogs","version":"9"},"event":{"count":1,"data":{"created":1563348675232,"type":"show"},"id":"com.intellij.openapi.progress.util.ProgressDialog$MyDialogWrapper"}}
{"session":"1d8ce101af66","build":"183.6156.11","bucket":"-1","time":1563348675255,"group":{"id":"ui.dialogs","version":"9"},"event":{"count":1,"data":{"code":1,"created":1563348675255,"type":"close"},"id":"com.intellij.openapi.progress.util.ProgressDialog$MyDialogWrapper"}}
{"session":"1d8ce101af66","build":"183.6156.11","bucket":"-1","time":1563348675477,"group":{"id":"ui.dialogs","version":"9"},"event":{"count":1,"data":{"code":0,"created":1563348675477,"type":"close"},"id":"com.intellij.openapi.vcs.changes.ui.CommitChangeListDialog"}}
{"session":"1d8ce101af66","build":"183.6156.11","bucket":"-1","time":1563349757228,"group":{"id":"statistics.file.types.edit","version":"9"},"event":{"count":1,"data":{"created":1563349757228,"project":"-1793532514"},"id":"XML"}}
{"session":"1d8ce101af66","build":"183.6156.11","bucket":"-1","time":1563349760325,"group":{"id":"actions.v2","version":"9"},"event":{"count":4,"data":{"context_menu":false,"last":1563349760892,"created":1563349760325,"data_1":"Windows","input_event":"Backspace"},"id":"EditorBackSpace"}}
{"session":"1d8ce101af66","build":"183.6156.11","bucket":"-1","time":1563349763329,"group":{"id":"statistics.productivity","version":"9"},"event":{"count":1,"data":{"created":1563349763329},"id":"editing.completion.basic"}}
{"session":"1d8ce101af66","build":"183.6156.11","bucket":"-1","time":1563349767070,"group":{"id":"actions.v2","version":"9"},"event":{"count":1,"data":{"context_menu":false,"created":1563349767070,"data_1":"Windows","input_event":"Backspace"},"id":"EditorBackSpace"}}
{"session":"1d8ce101af66","build":"183.6156.11","bucket":"-1","time":1563349776594,"group":{"id":"actions.v2","version":"9"},"event":{"count":1,"data":{"context_menu":true,"created":1563349776594,"place":"ProjectViewPopup","data_1":"Windows"},"id":"CheckinFiles"}}
{"session":"1d8ce101af66","build":"183.6156.11","bucket":"-1","time":1563349777048,"group":{"id":"ui.dialogs","version":"9"},"event":{"count":1,"data":{"created":1563349777048,"type":"show"},"id":"com.intellij.openapi.vcs.changes.ui.CommitChangeListDialog"}}
{"session":"1d8ce101af66","build":"183.6156.11","bucket":"-1","time":1563349779375,"group":{"id":"ui.dialogs","version":"9"},"event":{"count":1,"data":{"code":0,"created":1563349779375,"type":"close"},"id":"com.intellij.openapi.vcs.changes.ui.CommitChangeListDialog"}}
{"session":"1d8ce101af66","build":"183.6156.11","bucket":"-1","time":1563349786455,"group":{"id":"actions.v2","version":"9"},"event":{"count":1,"data":{"context_menu":true,"created":1563349786455,"place":"ProjectViewPopup","data_1":"Windows"},"id":"Vcs.Push"}}
{"session":"1d8ce101af66","build":"183.6156.11","bucket":"-1","time":1563349786492,"group":{"id":"ui.dialogs","version":"9"},"event":{"count":1,"data":{"created":1563349786492,"type":"show"},"id":"com.intellij.dvcs.push.ui.VcsPushDialog"}}
