{"session":"2f24c5d8804b","build":"183.6156.11","bucket":"-1","time":1555218722748,"group":{"id":"system.os.name","version":"9"},"event":{"data":{"created":1555218722748},"id":"Windows"}}
{"session":"2f24c5d8804b","build":"183.6156.11","bucket":"-1","time":1555218722748,"group":{"id":"system.os.version","version":"9"},"event":{"data":{"created":1555218722759},"id":"10.0"}}
{"session":"2f24c5d8804b","build":"183.6156.11","bucket":"-1","time":1555218722748,"group":{"id":"system.jvm.vendor","version":"9"},"event":{"data":{"created":1555218722769},"id":"JetBrains_s.r.o"}}
{"session":"2f24c5d8804b","build":"183.6156.11","bucket":"-1","time":1555218722748,"group":{"id":"system.jvm.version","version":"9"},"event":{"data":{"created":1555218722771},"id":"1.8"}}
{"session":"2f24c5d8804b","build":"183.6156.11","bucket":"-1","time":1555218722774,"group":{"id":"settings","version":"9"},"event":{"data":{"created":1555218722774,"name":"activeMruEditorOnClose","value":false},"id":"UISettings"}}
{"session":"2f24c5d8804b","build":"183.6156.11","bucket":"-1","time":1555218722774,"group":{"id":"settings","version":"9"},"event":{"data":{"created":1555218722774,"name":"activeRightEditorOnClose","value":false},"id":"UISettings"}}
{"session":"2f24c5d8804b","build":"183.6156.11","bucket":"-1","time":1555218722774,"group":{"id":"settings","version":"9"},"event":{"data":{"created":1555218722775,"name":"allowMergeButtons","value":true},"id":"UISettings"}}
{"session":"2f24c5d8804b","build":"183.6156.11","bucket":"-1","time":1555218722774,"group":{"id":"settings","version":"9"},"event":{"data":{"created":1555218722776,"name":"alwaysShowWindowsButton","value":false},"id":"UISettings"}}
{"session":"2f24c5d8804b","build":"183.6156.11","bucket":"-1","time":1555218722774,"group":{"id":"settings","version":"9"},"event":{"data":{"created":1555218722776,"name":"animateWindows","value":true},"id":"UISettings"}}
{"session":"2f24c5d8804b","build":"183.6156.11","bucket":"-1","time":1555218722774,"group":{"id":"settings","version":"9"},"event":{"data":{"created":1555218722777,"name":"closeNonModifiedFilesFirst","value":false},"id":"UISettings"}}
{"session":"2f24c5d8804b","build":"183.6156.11","bucket":"-1","time":1555218722774,"group":{"id":"settings","version":"9"},"event":{"data":{"created":1555218722777,"name":"closeTabButtonOnTheRight","value":true},"id":"UISettings"}}
{"session":"2f24c5d8804b","build":"183.6156.11","bucket":"-1","time":1555218722774,"group":{"id":"settings","version":"9"},"event":{"data":{"created":1555218722778,"name":"cycleScrolling","value":true},"id":"UISettings"}}
{"session":"2f24c5d8804b","build":"183.6156.11","bucket":"-1","time":1555218722774,"group":{"id":"settings","version":"9"},"event":{"data":{"created":1555218722779,"name":"defaultAutoScrollToSource","value":false},"id":"UISettings"}}
{"session":"2f24c5d8804b","build":"183.6156.11","bucket":"-1","time":1555218722774,"group":{"id":"settings","version":"9"},"event":{"data":{"created":1555218722779,"name":"disableMnemonics","value":false},"id":"UISettings"}}
{"session":"2f24c5d8804b","build":"183.6156.11","bucket":"-1","time":1555218722774,"group":{"id":"settings","version":"9"},"event":{"data":{"created":1555218722780,"name":"disableMnemonicsInControls","value":false},"id":"UISettings"}}
{"session":"2f24c5d8804b","build":"183.6156.11","bucket":"-1","time":1555218722774,"group":{"id":"settings","version":"9"},"event":{"data":{"created":1555218722780,"name":"dndWithPressedAltOnly","value":false},"id":"UISettings"}}
{"session":"2f24c5d8804b","build":"183.6156.11","bucket":"-1","time":1555218722774,"group":{"id":"settings","version":"9"},"event":{"data":{"created":1555218722781,"name":"enableAlphaMode","value":false},"id":"UISettings"}}
{"session":"2f24c5d8804b","build":"183.6156.11","bucket":"-1","time":1555218722774,"group":{"id":"settings","version":"9"},"event":{"data":{"created":1555218722781,"name":"hideKnownExtensionInTabs","value":false},"id":"UISettings"}}
{"session":"2f24c5d8804b","build":"183.6156.11","bucket":"-1","time":1555218722774,"group":{"id":"settings","version":"9"},"event":{"data":{"created":1555218722782,"name":"hideNavigationOnFocusLoss","value":true},"id":"UISettings"}}
{"session":"2f24c5d8804b","build":"183.6156.11","bucket":"-1","time":1555218722774,"group":{"id":"settings","version":"9"},"event":{"data":{"created":1555218722782,"name":"hideTabsIfNeed","value":true},"id":"UISettings"}}
{"session":"2f24c5d8804b","build":"183.6156.11","bucket":"-1","time":1555218722774,"group":{"id":"settings","version":"9"},"event":{"data":{"created":1555218722783,"name":"hideToolStripes","value":false},"id":"UISettings"}}
{"session":"2f24c5d8804b","build":"183.6156.11","bucket":"-1","time":1555218722774,"group":{"id":"settings","version":"9"},"event":{"data":{"created":1555218722784,"name":"leftHorizontalSplit","value":false},"id":"UISettings"}}
{"session":"2f24c5d8804b","build":"183.6156.11","bucket":"-1","time":1555218722774,"group":{"id":"settings","version":"9"},"event":{"data":{"created":1555218722784,"name":"markModifiedTabsWithAsterisk","value":false},"id":"UISettings"}}
{"session":"2f24c5d8804b","build":"183.6156.11","bucket":"-1","time":1555218722774,"group":{"id":"settings","version":"9"},"event":{"data":{"created":1555218722785,"name":"mergeEqualStackTraces","value":true},"id":"UISettings"}}
{"session":"2f24c5d8804b","build":"183.6156.11","bucket":"-1","time":1555218722774,"group":{"id":"settings","version":"9"},"event":{"data":{"created":1555218722785,"name":"moveMouseOnDefaultButton","value":false},"id":"UISettings"}}
{"session":"2f24c5d8804b","build":"183.6156.11","bucket":"-1","time":1555218722774,"group":{"id":"settings","version":"9"},"event":{"data":{"created":1555218722786,"name":"navigateToPreview","value":false},"id":"UISettings"}}
{"session":"2f24c5d8804b","build":"183.6156.11","bucket":"-1","time":1555218722774,"group":{"id":"settings","version":"9"},"event":{"data":{"created":1555218722786,"name":"overrideConsoleCycleBufferSize","value":false},"id":"UISettings"}}
{"session":"2f24c5d8804b","build":"183.6156.11","bucket":"-1","time":1555218722774,"group":{"id":"settings","version":"9"},"event":{"data":{"default":false,"created":1555218722787,"name":"overrideLafFonts","value":true},"id":"UISettings"}}
{"session":"2f24c5d8804b","build":"183.6156.11","bucket":"-1","time":1555218722774,"group":{"id":"settings","version":"9"},"event":{"data":{"created":1555218722787,"name":"pinFindInPath","value":false},"id":"UISettings"}}
{"session":"2f24c5d8804b","build":"183.6156.11","bucket":"-1","time":1555218722774,"group":{"id":"settings","version":"9"},"event":{"data":{"created":1555218722788,"name":"presentationMode","value":false},"id":"UISettings"}}
{"session":"2f24c5d8804b","build":"183.6156.11","bucket":"-1","time":1555218722774,"group":{"id":"settings","version":"9"},"event":{"data":{"created":1555218722789,"name":"reuseNotModifiedTabs","value":false},"id":"UISettings"}}
{"session":"2f24c5d8804b","build":"183.6156.11","bucket":"-1","time":1555218722774,"group":{"id":"settings","version":"9"},"event":{"data":{"created":1555218722790,"name":"rightHorizontalSplit","value":false},"id":"UISettings"}}
{"session":"2f24c5d8804b","build":"183.6156.11","bucket":"-1","time":1555218722774,"group":{"id":"settings","version":"9"},"event":{"data":{"created":1555218722790,"name":"scrollTabLayoutInEditor","value":true},"id":"UISettings"}}
{"session":"2f24c5d8804b","build":"183.6156.11","bucket":"-1","time":1555218722774,"group":{"id":"settings","version":"9"},"event":{"data":{"created":1555218722791,"name":"showCloseButton","value":true},"id":"UISettings"}}
{"session":"2f24c5d8804b","build":"183.6156.11","bucket":"-1","time":1555218722774,"group":{"id":"settings","version":"9"},"event":{"data":{"created":1555218722791,"name":"showDirectoryForNonUniqueFilenames","value":true},"id":"UISettings"}}
{"session":"2f24c5d8804b","build":"183.6156.11","bucket":"-1","time":1555218722774,"group":{"id":"settings","version":"9"},"event":{"data":{"created":1555218722791,"name":"showEditorToolTip","value":true},"id":"UISettings"}}
{"session":"2f24c5d8804b","build":"183.6156.11","bucket":"-1","time":1555218722774,"group":{"id":"settings","version":"9"},"event":{"data":{"created":1555218722792,"name":"showIconInQuickNavigation","value":true},"id":"UISettings"}}
{"session":"2f24c5d8804b","build":"183.6156.11","bucket":"-1","time":1555218722774,"group":{"id":"settings","version":"9"},"event":{"data":{"created":1555218722792,"name":"showIconsInMenus","value":true},"id":"UISettings"}}
{"session":"2f24c5d8804b","build":"183.6156.11","bucket":"-1","time":1555218722774,"group":{"id":"settings","version":"9"},"event":{"data":{"default":false,"created":1555218722793,"name":"showMainToolbar","value":true},"id":"UISettings"}}
{"session":"2f24c5d8804b","build":"183.6156.11","bucket":"-1","time":1555218722774,"group":{"id":"settings","version":"9"},"event":{"data":{"created":1555218722793,"name":"showMemoryIndicator","value":false},"id":"UISettings"}}
{"session":"2f24c5d8804b","build":"183.6156.11","bucket":"-1","time":1555218722774,"group":{"id":"settings","version":"9"},"event":{"data":{"created":1555218722794,"name":"showNavigationBar","value":true},"id":"UISettings"}}
{"session":"2f24c5d8804b","build":"183.6156.11","bucket":"-1","time":1555218722774,"group":{"id":"settings","version":"9"},"event":{"data":{"created":1555218722794,"name":"showStatusBar","value":true},"id":"UISettings"}}
{"session":"2f24c5d8804b","build":"183.6156.11","bucket":"-1","time":1555218722774,"group":{"id":"settings","version":"9"},"event":{"data":{"created":1555218722795,"name":"showTabsTooltips","value":true},"id":"UISettings"}}
{"session":"2f24c5d8804b","build":"183.6156.11","bucket":"-1","time":1555218722774,"group":{"id":"settings","version":"9"},"event":{"data":{"created":1555218722795,"name":"showToolWindowsNumbers","value":true},"id":"UISettings"}}
{"session":"2f24c5d8804b","build":"183.6156.11","bucket":"-1","time":1555218722774,"group":{"id":"settings","version":"9"},"event":{"data":{"created":1555218722796,"name":"smoothScrolling","value":false},"id":"UISettings"}}
{"session":"2f24c5d8804b","build":"183.6156.11","bucket":"-1","time":1555218722774,"group":{"id":"settings","version":"9"},"event":{"data":{"created":1555218722796,"name":"sortBookmarks","value":false},"id":"UISettings"}}
{"session":"2f24c5d8804b","build":"183.6156.11","bucket":"-1","time":1555218722774,"group":{"id":"settings","version":"9"},"event":{"data":{"default":false,"created":1555218722797,"name":"sortLookupElementsLexicographically","value":true},"id":"UISettings"}}
{"session":"2f24c5d8804b","build":"183.6156.11","bucket":"-1","time":1555218722774,"group":{"id":"settings","version":"9"},"event":{"data":{"created":1555218722797,"name":"useSmallLabelsOnTabs","value":false},"id":"UISettings"}}
{"session":"2f24c5d8804b","build":"183.6156.11","bucket":"-1","time":1555218722774,"group":{"id":"settings","version":"9"},"event":{"data":{"created":1555218722797,"name":"wideScreenSupport","value":false},"id":"UISettings"}}
{"session":"2f24c5d8804b","build":"183.6156.11","bucket":"-1","time":1555218723640,"group":{"id":"settings","version":"9"},"event":{"data":{"created":1555218723640,"name":"autoSaveIfInactive","value":false},"id":"GeneralSettings"}}
{"session":"2f24c5d8804b","build":"183.6156.11","bucket":"-1","time":1555218723640,"group":{"id":"settings","version":"9"},"event":{"data":{"created":1555218723641,"name":"confirmExit","value":true},"id":"GeneralSettings"}}
{"session":"2f24c5d8804b","build":"183.6156.11","bucket":"-1","time":1555218723640,"group":{"id":"settings","version":"9"},"event":{"data":{"created":1555218723642,"name":"reopenLastProject","value":true},"id":"GeneralSettings"}}
{"session":"2f24c5d8804b","build":"183.6156.11","bucket":"-1","time":1555218723640,"group":{"id":"settings","version":"9"},"event":{"data":{"created":1555218723642,"name":"saveOnFrameDeactivation","value":true},"id":"GeneralSettings"}}
{"session":"2f24c5d8804b","build":"183.6156.11","bucket":"-1","time":1555218723640,"group":{"id":"settings","version":"9"},"event":{"data":{"created":1555218723643,"name":"searchInBackground","value":false},"id":"GeneralSettings"}}
{"session":"2f24c5d8804b","build":"183.6156.11","bucket":"-1","time":1555218723640,"group":{"id":"settings","version":"9"},"event":{"data":{"default":false,"created":1555218723643,"name":"showTipsOnStartup","value":false},"id":"GeneralSettings"}}
{"session":"2f24c5d8804b","build":"183.6156.11","bucket":"-1","time":1555218723640,"group":{"id":"settings","version":"9"},"event":{"data":{"created":1555218723643,"name":"showWelcomeScreen","value":true},"id":"GeneralSettings"}}
{"session":"2f24c5d8804b","build":"183.6156.11","bucket":"-1","time":1555218723640,"group":{"id":"settings","version":"9"},"event":{"data":{"created":1555218723644,"name":"supportScreenReaders","value":false},"id":"GeneralSettings"}}
{"session":"2f24c5d8804b","build":"183.6156.11","bucket":"-1","time":1555218723640,"group":{"id":"settings","version":"9"},"event":{"data":{"created":1555218723644,"name":"syncOnFrameActivation","value":true},"id":"GeneralSettings"}}
{"session":"2f24c5d8804b","build":"183.6156.11","bucket":"-1","time":1555218723640,"group":{"id":"settings","version":"9"},"event":{"data":{"created":1555218723644,"name":"useDefaultBrowser","value":true},"id":"GeneralSettings"}}
{"session":"2f24c5d8804b","build":"183.6156.11","bucket":"-1","time":1555218723640,"group":{"id":"settings","version":"9"},"event":{"data":{"created":1555218723644,"name":"useSafeWrite","value":true},"id":"GeneralSettings"}}
{"session":"2f24c5d8804b","build":"183.6156.11","bucket":"-1","time":1555218727533,"group":{"id":"ui.dialogs","version":"9"},"event":{"count":1,"data":{"created":1555218727533,"type":"show"},"id":"com.intellij.openapi.progress.util.ProgressDialog$MyDialogWrapper"}}
{"session":"2f24c5d8804b","build":"183.6156.11","bucket":"-1","time":1555218730267,"group":{"id":"ui.dialogs","version":"9"},"event":{"count":1,"data":{"code":1,"created":1555218730267,"type":"close"},"id":"com.intellij.openapi.progress.util.ProgressDialog$MyDialogWrapper"}}
{"session":"2f24c5d8804b","build":"183.6156.11","bucket":"-1","time":1555218730341,"group":{"id":"statistics.lifecycle.project","version":"9"},"event":{"count":1,"data":{"created":1555218730341,"project":"-1793532514"},"id":"project.opened"}}
{"session":"2f24c5d8804b","build":"183.6156.11","bucket":"-1","time":1555218730343,"group":{"id":"lifecycle","version":"9"},"event":{"count":1,"data":{"created":1555218730344},"id":"project.opened"}}
{"session":"2f24c5d8804b","build":"183.6156.11","bucket":"-1","time":1555218732476,"group":{"id":"ui.dialogs","version":"9"},"event":{"count":1,"data":{"created":1555218732476,"type":"show"},"id":"com.intellij.openapi.progress.util.ProgressDialog$MyDialogWrapper"}}
{"session":"2f24c5d8804b","build":"183.6156.11","bucket":"-1","time":1555218737564,"group":{"id":"statistics.lifecycle.app","version":"9"},"event":{"count":1,"data":{"created":1555218737564},"id":"ide.start"}}
{"session":"2f24c5d8804b","build":"183.6156.11","bucket":"-1","time":1555218737564,"group":{"id":"lifecycle","version":"9"},"event":{"count":1,"data":{"created":1555218737565},"id":"app.started"}}
{"session":"2f24c5d8804b","build":"183.6156.11","bucket":"-1","time":1555218738814,"group":{"id":"ui.dialogs","version":"9"},"event":{"count":1,"data":{"code":1,"created":1555218738814,"type":"close"},"id":"com.intellij.openapi.progress.util.ProgressDialog$MyDialogWrapper"}}
{"session":"2f24c5d8804b","build":"183.6156.11","bucket":"-1","time":1555218739211,"group":{"id":"statistics.lifecycle.project","version":"9"},"event":{"count":1,"data":{"created":1555218739211,"project":"-1793532514"},"id":"project.open.time.12"}}
{"session":"2f24c5d8804b","build":"183.6156.11","bucket":"-1","time":1555218739211,"group":{"id":"lifecycle","version":"9"},"event":{"count":1,"data":{"created":1555218739211,"time.ms":12177},"id":"project.opening.finished"}}
{"session":"2f24c5d8804b","build":"183.6156.11","bucket":"-1","time":1555218750480,"group":{"id":"statistics.actions.main.menu.v2","version":"9"},"event":{"count":1,"data":{"created":1555218750480,"data_1":"Windows"},"id":"File_->_Settings..."}}
{"session":"2f24c5d8804b","build":"183.6156.11","bucket":"-1","time":1555218750495,"group":{"id":"actions.v2","version":"9"},"event":{"count":1,"data":{"context_menu":true,"created":1555218750495,"place":"MainMenu","data_1":"Windows"},"id":"ShowSettings"}}
{"session":"2f24c5d8804b","build":"183.6156.11","bucket":"-1","time":1555218751850,"group":{"id":"ui.dialogs","version":"9"},"event":{"count":1,"data":{"created":1555218751850,"type":"show"},"id":"com.intellij.openapi.options.newEditor.SettingsDialog"}}
{"session":"2f24c5d8804b","build":"183.6156.11","bucket":"-1","time":1555218787122,"group":{"id":"ui.dialogs","version":"9"},"event":{"count":1,"data":{"code":0,"created":1555218787122,"type":"close"},"id":"com.intellij.openapi.options.newEditor.SettingsDialog"}}
{"session":"2f24c5d8804b","build":"183.6156.11","bucket":"-1","time":1555219103169,"group":{"id":"statistics.actions.main.menu.v2","version":"9"},"event":{"count":1,"data":{"created":1555219103169,"data_1":"Windows"},"id":"File_->_Settings..."}}
{"session":"2f24c5d8804b","build":"183.6156.11","bucket":"-1","time":1555219103173,"group":{"id":"actions.v2","version":"9"},"event":{"count":1,"data":{"context_menu":true,"created":1555219103173,"place":"MainMenu","data_1":"Windows"},"id":"ShowSettings"}}
{"session":"2f24c5d8804b","build":"183.6156.11","bucket":"-1","time":1555219103452,"group":{"id":"ui.dialogs","version":"9"},"event":{"count":1,"data":{"created":1555219103452,"type":"show"},"id":"com.intellij.openapi.options.newEditor.SettingsDialog"}}
{"session":"2f24c5d8804b","build":"183.6156.11","bucket":"-1","time":1555219107948,"group":{"id":"actions.v2","version":"9"},"event":{"count":1,"data":{"context_menu":false,"created":1555219107948,"data_1":"Windows","input_event":"Ctrl+V"},"id":"EditorPaste"}}
{"session":"2f24c5d8804b","build":"183.6156.11","bucket":"-1","time":1555219247357,"group":{"id":"ui.dialogs","version":"9"},"event":{"count":1,"data":{"created":1555219247357,"type":"show"},"id":"com.intellij.openapi.ui.messages.MessageDialog"}}
{"session":"2f24c5d8804b","build":"183.6156.11","bucket":"-1","time":1555219249146,"group":{"id":"ui.dialogs","version":"9"},"event":{"count":1,"data":{"code":0,"created":1555219249146,"type":"close"},"id":"com.intellij.openapi.options.newEditor.SettingsDialog"}}
{"session":"2f24c5d8804b","build":"183.6156.11","bucket":"-1","time":1555219249178,"group":{"id":"statistics.lifecycle.app","version":"9"},"event":{"count":1,"data":{"created":1555219249178},"id":"ide.close"}}
{"session":"2f24c5d8804b","build":"183.6156.11","bucket":"-1","time":1555219249178,"group":{"id":"statistics.lifecycle.app","version":"9"},"event":{"count":1,"data":{"created":1555219249178},"id":"ide.close.restart"}}
{"session":"2f24c5d8804b","build":"183.6156.11","bucket":"-1","time":1555219249178,"group":{"id":"lifecycle","version":"9"},"event":{"count":1,"data":{"restart":true,"created":1555219249178},"id":"app.closed"}}
{"session":"2f24c5d8804b","build":"183.6156.11","bucket":"-1","time":1555219249247,"group":{"id":"statistics.lifecycle.project","version":"9"},"event":{"count":1,"data":{"created":1555219249247,"project":"-1793532514"},"id":"project.closed"}}
{"session":"2f24c5d8804b","build":"183.6156.11","bucket":"-1","time":1555219249274,"group":{"id":"lifecycle","version":"9"},"event":{"count":1,"data":{"created":1555219249274},"id":"project.closed"}}
