{"session":"91f8482fa06f","build":"183.6156.11","bucket":"-1","time":1560295661035,"group":{"id":"system.os.name","version":"9"},"event":{"data":{"created":1560295661035},"id":"Windows"}}
{"session":"91f8482fa06f","build":"183.6156.11","bucket":"-1","time":1560295661035,"group":{"id":"system.os.version","version":"9"},"event":{"data":{"created":1560295661119},"id":"10.0"}}
{"session":"91f8482fa06f","build":"183.6156.11","bucket":"-1","time":1560295661035,"group":{"id":"system.jvm.vendor","version":"9"},"event":{"data":{"created":1560295661154},"id":"JetBrains_s.r.o"}}
{"session":"91f8482fa06f","build":"183.6156.11","bucket":"-1","time":1560295661035,"group":{"id":"system.jvm.version","version":"9"},"event":{"data":{"created":1560295661159},"id":"1.8"}}
{"session":"91f8482fa06f","build":"183.6156.11","bucket":"-1","time":1560295661129,"group":{"id":"settings","version":"9"},"event":{"data":{"created":1560295661159,"name":"activeMruEditorOnClose","value":false},"id":"UISettings"}}
{"session":"91f8482fa06f","build":"183.6156.11","bucket":"-1","time":1560295661129,"group":{"id":"settings","version":"9"},"event":{"data":{"created":1560295661159,"name":"activeRightEditorOnClose","value":false},"id":"UISettings"}}
{"session":"91f8482fa06f","build":"183.6156.11","bucket":"-1","time":1560295661129,"group":{"id":"settings","version":"9"},"event":{"data":{"created":1560295661159,"name":"allowMergeButtons","value":true},"id":"UISettings"}}
{"session":"91f8482fa06f","build":"183.6156.11","bucket":"-1","time":1560295661129,"group":{"id":"settings","version":"9"},"event":{"data":{"created":1560295661159,"name":"alwaysShowWindowsButton","value":false},"id":"UISettings"}}
{"session":"91f8482fa06f","build":"183.6156.11","bucket":"-1","time":1560295661129,"group":{"id":"settings","version":"9"},"event":{"data":{"created":1560295661159,"name":"animateWindows","value":true},"id":"UISettings"}}
{"session":"91f8482fa06f","build":"183.6156.11","bucket":"-1","time":1560295661129,"group":{"id":"settings","version":"9"},"event":{"data":{"created":1560295661159,"name":"closeNonModifiedFilesFirst","value":false},"id":"UISettings"}}
{"session":"91f8482fa06f","build":"183.6156.11","bucket":"-1","time":1560295661129,"group":{"id":"settings","version":"9"},"event":{"data":{"created":1560295661159,"name":"closeTabButtonOnTheRight","value":true},"id":"UISettings"}}
{"session":"91f8482fa06f","build":"183.6156.11","bucket":"-1","time":1560295661129,"group":{"id":"settings","version":"9"},"event":{"data":{"created":1560295661159,"name":"cycleScrolling","value":true},"id":"UISettings"}}
{"session":"91f8482fa06f","build":"183.6156.11","bucket":"-1","time":1560295661129,"group":{"id":"settings","version":"9"},"event":{"data":{"created":1560295661159,"name":"defaultAutoScrollToSource","value":false},"id":"UISettings"}}
{"session":"91f8482fa06f","build":"183.6156.11","bucket":"-1","time":1560295661129,"group":{"id":"settings","version":"9"},"event":{"data":{"created":1560295661164,"name":"disableMnemonics","value":false},"id":"UISettings"}}
{"session":"91f8482fa06f","build":"183.6156.11","bucket":"-1","time":1560295661129,"group":{"id":"settings","version":"9"},"event":{"data":{"created":1560295661164,"name":"disableMnemonicsInControls","value":false},"id":"UISettings"}}
{"session":"91f8482fa06f","build":"183.6156.11","bucket":"-1","time":1560295661129,"group":{"id":"settings","version":"9"},"event":{"data":{"created":1560295661164,"name":"dndWithPressedAltOnly","value":false},"id":"UISettings"}}
{"session":"91f8482fa06f","build":"183.6156.11","bucket":"-1","time":1560295661129,"group":{"id":"settings","version":"9"},"event":{"data":{"created":1560295661164,"name":"enableAlphaMode","value":false},"id":"UISettings"}}
{"session":"91f8482fa06f","build":"183.6156.11","bucket":"-1","time":1560295661129,"group":{"id":"settings","version":"9"},"event":{"data":{"created":1560295661164,"name":"hideKnownExtensionInTabs","value":false},"id":"UISettings"}}
{"session":"91f8482fa06f","build":"183.6156.11","bucket":"-1","time":1560295661129,"group":{"id":"settings","version":"9"},"event":{"data":{"created":1560295661164,"name":"hideNavigationOnFocusLoss","value":true},"id":"UISettings"}}
{"session":"91f8482fa06f","build":"183.6156.11","bucket":"-1","time":1560295661129,"group":{"id":"settings","version":"9"},"event":{"data":{"created":1560295661164,"name":"hideTabsIfNeed","value":true},"id":"UISettings"}}
{"session":"91f8482fa06f","build":"183.6156.11","bucket":"-1","time":1560295661129,"group":{"id":"settings","version":"9"},"event":{"data":{"created":1560295661164,"name":"hideToolStripes","value":false},"id":"UISettings"}}
{"session":"91f8482fa06f","build":"183.6156.11","bucket":"-1","time":1560295661129,"group":{"id":"settings","version":"9"},"event":{"data":{"created":1560295661164,"name":"leftHorizontalSplit","value":false},"id":"UISettings"}}
{"session":"91f8482fa06f","build":"183.6156.11","bucket":"-1","time":1560295661129,"group":{"id":"settings","version":"9"},"event":{"data":{"created":1560295661164,"name":"markModifiedTabsWithAsterisk","value":false},"id":"UISettings"}}
{"session":"91f8482fa06f","build":"183.6156.11","bucket":"-1","time":1560295661129,"group":{"id":"settings","version":"9"},"event":{"data":{"created":1560295661164,"name":"mergeEqualStackTraces","value":true},"id":"UISettings"}}
{"session":"91f8482fa06f","build":"183.6156.11","bucket":"-1","time":1560295661129,"group":{"id":"settings","version":"9"},"event":{"data":{"created":1560295661164,"name":"moveMouseOnDefaultButton","value":false},"id":"UISettings"}}
{"session":"91f8482fa06f","build":"183.6156.11","bucket":"-1","time":1560295661129,"group":{"id":"settings","version":"9"},"event":{"data":{"created":1560295661164,"name":"navigateToPreview","value":false},"id":"UISettings"}}
{"session":"91f8482fa06f","build":"183.6156.11","bucket":"-1","time":1560295661129,"group":{"id":"settings","version":"9"},"event":{"data":{"created":1560295661169,"name":"overrideConsoleCycleBufferSize","value":false},"id":"UISettings"}}
{"session":"91f8482fa06f","build":"183.6156.11","bucket":"-1","time":1560295661129,"group":{"id":"settings","version":"9"},"event":{"data":{"default":false,"created":1560295661169,"name":"overrideLafFonts","value":true},"id":"UISettings"}}
{"session":"91f8482fa06f","build":"183.6156.11","bucket":"-1","time":1560295661129,"group":{"id":"settings","version":"9"},"event":{"data":{"created":1560295661169,"name":"pinFindInPath","value":false},"id":"UISettings"}}
{"session":"91f8482fa06f","build":"183.6156.11","bucket":"-1","time":1560295661129,"group":{"id":"settings","version":"9"},"event":{"data":{"created":1560295661169,"name":"presentationMode","value":false},"id":"UISettings"}}
{"session":"91f8482fa06f","build":"183.6156.11","bucket":"-1","time":1560295661129,"group":{"id":"settings","version":"9"},"event":{"data":{"created":1560295661169,"name":"reuseNotModifiedTabs","value":false},"id":"UISettings"}}
{"session":"91f8482fa06f","build":"183.6156.11","bucket":"-1","time":1560295661129,"group":{"id":"settings","version":"9"},"event":{"data":{"created":1560295661169,"name":"rightHorizontalSplit","value":false},"id":"UISettings"}}
{"session":"91f8482fa06f","build":"183.6156.11","bucket":"-1","time":1560295661129,"group":{"id":"settings","version":"9"},"event":{"data":{"created":1560295661169,"name":"scrollTabLayoutInEditor","value":true},"id":"UISettings"}}
{"session":"91f8482fa06f","build":"183.6156.11","bucket":"-1","time":1560295661129,"group":{"id":"settings","version":"9"},"event":{"data":{"created":1560295661169,"name":"showCloseButton","value":true},"id":"UISettings"}}
{"session":"91f8482fa06f","build":"183.6156.11","bucket":"-1","time":1560295661129,"group":{"id":"settings","version":"9"},"event":{"data":{"created":1560295661169,"name":"showDirectoryForNonUniqueFilenames","value":true},"id":"UISettings"}}
{"session":"91f8482fa06f","build":"183.6156.11","bucket":"-1","time":1560295661129,"group":{"id":"settings","version":"9"},"event":{"data":{"created":1560295661169,"name":"showEditorToolTip","value":true},"id":"UISettings"}}
{"session":"91f8482fa06f","build":"183.6156.11","bucket":"-1","time":1560295661129,"group":{"id":"settings","version":"9"},"event":{"data":{"created":1560295661169,"name":"showIconInQuickNavigation","value":true},"id":"UISettings"}}
{"session":"91f8482fa06f","build":"183.6156.11","bucket":"-1","time":1560295661129,"group":{"id":"settings","version":"9"},"event":{"data":{"created":1560295661174,"name":"showIconsInMenus","value":true},"id":"UISettings"}}
{"session":"91f8482fa06f","build":"183.6156.11","bucket":"-1","time":1560295661129,"group":{"id":"settings","version":"9"},"event":{"data":{"default":false,"created":1560295661174,"name":"showMainToolbar","value":true},"id":"UISettings"}}
{"session":"91f8482fa06f","build":"183.6156.11","bucket":"-1","time":1560295661129,"group":{"id":"settings","version":"9"},"event":{"data":{"created":1560295661174,"name":"showMemoryIndicator","value":false},"id":"UISettings"}}
{"session":"91f8482fa06f","build":"183.6156.11","bucket":"-1","time":1560295661129,"group":{"id":"settings","version":"9"},"event":{"data":{"created":1560295661174,"name":"showNavigationBar","value":true},"id":"UISettings"}}
{"session":"91f8482fa06f","build":"183.6156.11","bucket":"-1","time":1560295661129,"group":{"id":"settings","version":"9"},"event":{"data":{"created":1560295661174,"name":"showStatusBar","value":true},"id":"UISettings"}}
{"session":"91f8482fa06f","build":"183.6156.11","bucket":"-1","time":1560295661129,"group":{"id":"settings","version":"9"},"event":{"data":{"created":1560295661174,"name":"showTabsTooltips","value":true},"id":"UISettings"}}
{"session":"91f8482fa06f","build":"183.6156.11","bucket":"-1","time":1560295661129,"group":{"id":"settings","version":"9"},"event":{"data":{"created":1560295661174,"name":"showToolWindowsNumbers","value":true},"id":"UISettings"}}
{"session":"91f8482fa06f","build":"183.6156.11","bucket":"-1","time":1560295661129,"group":{"id":"settings","version":"9"},"event":{"data":{"created":1560295661174,"name":"smoothScrolling","value":false},"id":"UISettings"}}
{"session":"91f8482fa06f","build":"183.6156.11","bucket":"-1","time":1560295661129,"group":{"id":"settings","version":"9"},"event":{"data":{"created":1560295661174,"name":"sortBookmarks","value":false},"id":"UISettings"}}
{"session":"91f8482fa06f","build":"183.6156.11","bucket":"-1","time":1560295661129,"group":{"id":"settings","version":"9"},"event":{"data":{"default":false,"created":1560295661174,"name":"sortLookupElementsLexicographically","value":true},"id":"UISettings"}}
{"session":"91f8482fa06f","build":"183.6156.11","bucket":"-1","time":1560295661129,"group":{"id":"settings","version":"9"},"event":{"data":{"created":1560295661174,"name":"useSmallLabelsOnTabs","value":false},"id":"UISettings"}}
{"session":"91f8482fa06f","build":"183.6156.11","bucket":"-1","time":1560295661129,"group":{"id":"settings","version":"9"},"event":{"data":{"created":1560295661203,"name":"wideScreenSupport","value":false},"id":"UISettings"}}
{"session":"91f8482fa06f","build":"183.6156.11","bucket":"-1","time":1560295666599,"group":{"id":"settings","version":"9"},"event":{"data":{"created":1560295666599,"name":"autoSaveIfInactive","value":false},"id":"GeneralSettings"}}
{"session":"91f8482fa06f","build":"183.6156.11","bucket":"-1","time":1560295666599,"group":{"id":"settings","version":"9"},"event":{"data":{"created":1560295666599,"name":"confirmExit","value":true},"id":"GeneralSettings"}}
{"session":"91f8482fa06f","build":"183.6156.11","bucket":"-1","time":1560295666599,"group":{"id":"settings","version":"9"},"event":{"data":{"created":1560295666599,"name":"reopenLastProject","value":true},"id":"GeneralSettings"}}
{"session":"91f8482fa06f","build":"183.6156.11","bucket":"-1","time":1560295666599,"group":{"id":"settings","version":"9"},"event":{"data":{"created":1560295666599,"name":"saveOnFrameDeactivation","value":true},"id":"GeneralSettings"}}
{"session":"91f8482fa06f","build":"183.6156.11","bucket":"-1","time":1560295666599,"group":{"id":"settings","version":"9"},"event":{"data":{"created":1560295666599,"name":"searchInBackground","value":false},"id":"GeneralSettings"}}
{"session":"91f8482fa06f","build":"183.6156.11","bucket":"-1","time":1560295666599,"group":{"id":"settings","version":"9"},"event":{"data":{"default":false,"created":1560295666599,"name":"showTipsOnStartup","value":false},"id":"GeneralSettings"}}
{"session":"91f8482fa06f","build":"183.6156.11","bucket":"-1","time":1560295666599,"group":{"id":"settings","version":"9"},"event":{"data":{"created":1560295666599,"name":"showWelcomeScreen","value":true},"id":"GeneralSettings"}}
{"session":"91f8482fa06f","build":"183.6156.11","bucket":"-1","time":1560295666599,"group":{"id":"settings","version":"9"},"event":{"data":{"created":1560295666599,"name":"supportScreenReaders","value":false},"id":"GeneralSettings"}}
{"session":"91f8482fa06f","build":"183.6156.11","bucket":"-1","time":1560295666599,"group":{"id":"settings","version":"9"},"event":{"data":{"created":1560295666599,"name":"syncOnFrameActivation","value":true},"id":"GeneralSettings"}}
{"session":"91f8482fa06f","build":"183.6156.11","bucket":"-1","time":1560295666599,"group":{"id":"settings","version":"9"},"event":{"data":{"created":1560295666599,"name":"useDefaultBrowser","value":true},"id":"GeneralSettings"}}
{"session":"91f8482fa06f","build":"183.6156.11","bucket":"-1","time":1560295666599,"group":{"id":"settings","version":"9"},"event":{"data":{"created":1560295666599,"name":"useSafeWrite","value":true},"id":"GeneralSettings"}}
{"session":"91f8482fa06f","build":"183.6156.11","bucket":"-1","time":1560295704863,"group":{"id":"ui.dialogs","version":"9"},"event":{"count":1,"data":{"created":1560295704863,"type":"show"},"id":"com.intellij.openapi.progress.util.ProgressDialog$MyDialogWrapper"}}
{"session":"91f8482fa06f","build":"183.6156.11","bucket":"-1","time":1560295705249,"group":{"id":"statistics.lifecycle.app","version":"9"},"event":{"count":1,"data":{"created":1560295705249,"data_2":"30+","data_1":"timeSecondsGrouped"},"id":"ide.freeze"}}
{"session":"91f8482fa06f","build":"183.6156.11","bucket":"-1","time":1560295705354,"group":{"id":"lifecycle","version":"9"},"event":{"count":1,"data":{"durationSeconds":39,"created":1560295705354},"id":"ide.freeze"}}
{"session":"91f8482fa06f","build":"183.6156.11","bucket":"-1","time":1560295732530,"group":{"id":"ui.dialogs","version":"9"},"event":{"count":1,"data":{"code":1,"created":1560295732530,"type":"close"},"id":"com.intellij.openapi.progress.util.ProgressDialog$MyDialogWrapper"}}
{"session":"91f8482fa06f","build":"183.6156.11","bucket":"-1","time":1560295733004,"group":{"id":"statistics.lifecycle.project","version":"9"},"event":{"count":1,"data":{"created":1560295733004,"project":"1248437051"},"id":"project.opened"}}
{"session":"91f8482fa06f","build":"183.6156.11","bucket":"-1","time":1560295733004,"group":{"id":"lifecycle","version":"9"},"event":{"count":1,"data":{"created":1560295733004},"id":"project.opened"}}
{"session":"91f8482fa06f","build":"183.6156.11","bucket":"-1","time":1560295746558,"group":{"id":"statistics.lifecycle.app","version":"9"},"event":{"count":1,"data":{"created":1560295746558,"data_2":"10+","data_1":"timeSecondsGrouped"},"id":"ide.freeze"}}
{"session":"91f8482fa06f","build":"183.6156.11","bucket":"-1","time":1560295746558,"group":{"id":"lifecycle","version":"9"},"event":{"count":1,"data":{"durationSeconds":14,"created":1560295746558},"id":"ide.freeze"}}
{"session":"91f8482fa06f","build":"183.6156.11","bucket":"-1","time":1560295747354,"group":{"id":"ui.dialogs","version":"9"},"event":{"count":1,"data":{"created":1560295747354,"type":"show"},"id":"com.intellij.openapi.progress.util.ProgressDialog$MyDialogWrapper"}}
{"session":"91f8482fa06f","build":"183.6156.11","bucket":"-1","time":1560295765164,"group":{"id":"toolwindow.v2","version":"9"},"event":{"count":1,"data":{"created":1560295765164,"data_1":"Windows"},"id":"Project_by_Activation"}}
{"session":"91f8482fa06f","build":"183.6156.11","bucket":"-1","time":1560295767710,"group":{"id":"statistics.lifecycle.app","version":"9"},"event":{"count":1,"data":{"created":1560295767710},"id":"ide.start"}}
{"session":"91f8482fa06f","build":"183.6156.11","bucket":"-1","time":1560295767710,"group":{"id":"lifecycle","version":"9"},"event":{"count":1,"data":{"created":1560295767710},"id":"app.started"}}
{"session":"91f8482fa06f","build":"183.6156.11","bucket":"-1","time":1560295771604,"group":{"id":"ui.dialogs","version":"9"},"event":{"count":1,"data":{"code":1,"created":1560295771604,"type":"close"},"id":"com.intellij.openapi.progress.util.ProgressDialog$MyDialogWrapper"}}
{"session":"91f8482fa06f","build":"183.6156.11","bucket":"-1","time":1560295772259,"group":{"id":"statistics.lifecycle.project","version":"9"},"event":{"count":1,"data":{"created":1560295772259,"project":"1248437051"},"id":"project.open.time.69"}}
{"session":"91f8482fa06f","build":"183.6156.11","bucket":"-1","time":1560295772259,"group":{"id":"lifecycle","version":"9"},"event":{"count":1,"data":{"created":1560295772259,"time.ms":69074},"id":"project.opening.finished"}}
{"session":"91f8482fa06f","build":"183.6156.11","bucket":"-1","time":1560295798788,"group":{"id":"statistics.lifecycle.app","version":"9"},"event":{"count":1,"data":{"created":1560295798788,"data_2":"10+","data_1":"timeSecondsGrouped"},"id":"ide.freeze"}}
