{"session":"a00d20d1767d","build":"183.6156.11","bucket":"-1","time":1559377894572,"group":{"id":"actions.v2","version":"9"},"event":{"count":1,"data":{"context_menu":false,"created":1559377894572,"data_1":"Windows"},"id":"Rerun"}}
{"session":"a00d20d1767d","build":"183.6156.11","bucket":"-1","time":1559377894576,"group":{"id":"statistics.ui.toolbar.clicks","version":"9"},"event":{"count":1,"data":{"created":1559377894720,"data_1":"Windows"},"id":"Rerun@DebuggerToolbar"}}
{"session":"a00d20d1767d","build":"183.6156.11","bucket":"-1","time":1559377894629,"group":{"id":"statistics.run.configuration.start","version":"9"},"event":{"count":1,"data":{"created":1559377894721,"project":"1248437051","data_1":"Debug"},"id":"SpringBootApplicationConfigurationType"}}
{"session":"a00d20d1767d","build":"183.6156.11","bucket":"-1","time":1559377894876,"group":{"id":"statistics.lifecycle.app","version":"9"},"event":{"count":4,"data":{"last":1559377895012,"created":1559377894876,"data_2":"mappingFailed:false","data_1":"OOM:false","data_3":"pluginId:com.intellij.spring.boot"},"id":"ide.error"}}
{"session":"a00d20d1767d","build":"183.6156.11","bucket":"-1","time":1559377915090,"group":{"id":"toolwindow.v2","version":"9"},"event":{"count":1,"data":{"created":1559377915090,"data_1":"Windows"},"id":"Debug_by_Activation"}}
{"session":"a00d20d1767d","build":"183.6156.11","bucket":"-1","time":1559377935378,"group":{"id":"statistics.lifecycle.app","version":"9"},"event":{"count":2,"data":{"last":1559377935689,"created":1559377935378,"data_2":"mappingFailed:false","data_1":"OOM:false","data_3":"pluginId:com.intellij.spring.boot"},"id":"ide.error"}}
{"session":"a00d20d1767d","build":"183.6156.11","bucket":"-1","time":1559377955521,"group":{"id":"statistics.lifecycle.app","version":"9"},"event":{"count":2,"data":{"last":1559377955524,"created":1559377955521,"data_2":"mappingFailed:false","data_1":"OOM:false","data_3":"pluginId:com.intellij.spring.boot"},"id":"ide.error"}}
{"session":"a00d20d1767d","build":"183.6156.11","bucket":"-1","time":1559378010736,"group":{"id":"actions.v2","version":"9"},"event":{"count":1,"data":{"context_menu":false,"created":1559378010736,"data_1":"Windows","input_event":"Ctrl+C"},"id":"EditorCopy"}}
{"session":"a00d20d1767d","build":"183.6156.11","bucket":"-1","time":1559378011723,"group":{"id":"statistics.lifecycle.app","version":"9"},"event":{"count":1,"data":{"created":1559378011724,"data_2":"mappingFailed:false","data_1":"OOM:false","data_3":"pluginId:com.intellij.spring.boot"},"id":"ide.error"}}
{"session":"a00d20d1767d","build":"183.6156.11","bucket":"-1","time":1559378058848,"group":{"id":"toolwindow.v2","version":"9"},"event":{"count":1,"data":{"created":1559378058848,"data_1":"Windows"},"id":"Project_by_Activation"}}
{"session":"a00d20d1767d","build":"183.6156.11","bucket":"-1","time":1559378061171,"group":{"id":"actions.v2","version":"9"},"event":{"count":1,"data":{"context_menu":false,"created":1559378061171,"data_1":"Windows","input_event":"Enter"},"id":"EditorEnter"}}
{"session":"a00d20d1767d","build":"183.6156.11","bucket":"-1","time":1559378061188,"group":{"id":"statistics.file.types.edit","version":"9"},"event":{"count":1,"data":{"created":1559378061188,"project":"1248437051"},"id":"JAVA"}}
{"session":"a00d20d1767d","build":"183.6156.11","bucket":"-1","time":1559378065357,"group":{"id":"actions.v2","version":"9"},"event":{"count":1,"data":{"context_menu":false,"created":1559378065357,"data_1":"Windows","input_event":"Up"},"id":"EditorUp"}}
{"session":"a00d20d1767d","build":"183.6156.11","bucket":"-1","time":1559378065575,"group":{"id":"actions.v2","version":"9"},"event":{"count":1,"data":{"context_menu":false,"created":1559378065575,"data_1":"Windows","input_event":"Enter"},"id":"EditorChooseLookupItem"}}
{"session":"a00d20d1767d","build":"183.6156.11","bucket":"-1","time":1559378065618,"group":{"id":"statistics.productivity","version":"9"},"event":{"count":1,"data":{"created":1559378065618},"id":"editing.completion.basic"}}
{"session":"a00d20d1767d","build":"183.6156.11","bucket":"-1","time":1559378080955,"group":{"id":"statistics.lifecycle.app","version":"9"},"event":{"count":1,"data":{"created":1559378080955,"data_2":"8","data_1":"timeSecondsGrouped"},"id":"ide.freeze"}}
{"session":"a00d20d1767d","build":"183.6156.11","bucket":"-1","time":1559378080957,"group":{"id":"lifecycle","version":"9"},"event":{"count":1,"data":{"durationSeconds":8,"created":1559378080959},"id":"ide.freeze"}}
{"session":"a00d20d1767d","build":"183.6156.11","bucket":"-1","time":1559378083655,"group":{"id":"actions.v2","version":"9"},"event":{"count":1,"data":{"context_menu":true,"created":1559378083655,"place":"EditorPopup","data_1":"Windows"},"id":"DebugClass"}}
{"session":"a00d20d1767d","build":"183.6156.11","bucket":"-1","time":1559378083726,"group":{"id":"statistics.run.configuration.start","version":"9"},"event":{"count":1,"data":{"created":1559378083726,"project":"1248437051","data_1":"Debug"},"id":"SpringBootApplicationConfigurationType"}}
{"session":"a00d20d1767d","build":"183.6156.11","bucket":"-1","time":1559378125595,"group":{"id":"ui.dialogs","version":"9"},"event":{"count":1,"data":{"created":1559378125595,"type":"show"},"id":"com.intellij.debugger.ui.RunHotswapDialog"}}
{"session":"a00d20d1767d","build":"183.6156.11","bucket":"-1","time":1559378128367,"group":{"id":"toolwindow.v2","version":"9"},"event":{"count":1,"data":{"created":1559378128367,"data_1":"Windows"},"id":"Debug_by_Activation"}}
{"session":"a00d20d1767d","build":"183.6156.11","bucket":"-1","time":1559378176637,"group":{"id":"ui.dialogs","version":"9"},"event":{"count":1,"data":{"code":0,"created":1559378176637,"type":"close"},"id":"com.intellij.debugger.ui.RunHotswapDialog"}}
{"session":"a00d20d1767d","build":"183.6156.11","bucket":"-1","time":1559378177082,"group":{"id":"actions.v2","version":"9"},"event":{"count":1,"data":{"context_menu":false,"created":1559378177082,"data_1":"Windows"},"id":"Reload_Classes"}}
{"session":"a00d20d1767d","build":"183.6156.11","bucket":"-1","time":1559378180871,"group":{"id":"toolwindow.v2","version":"9"},"event":{"count":3,"data":{"last":1559378183190,"created":1559378180871,"data_1":"Windows"},"id":"Debug_by_Activation"}}
{"session":"a00d20d1767d","build":"183.6156.11","bucket":"-1","time":1559378207227,"group":{"id":"toolwindow.v2","version":"9"},"event":{"count":1,"data":{"created":1559378207227,"data_1":"Windows"},"id":"Project_by_Activation"}}
{"session":"a00d20d1767d","build":"183.6156.11","bucket":"-1","time":1559378332743,"group":{"id":"statistics.lifecycle.app","version":"9"},"event":{"count":1,"data":{"created":1559378332743,"data_2":"6","data_1":"timeSecondsGrouped"},"id":"ide.freeze"}}
{"session":"a00d20d1767d","build":"183.6156.11","bucket":"-1","time":1559378332744,"group":{"id":"lifecycle","version":"9"},"event":{"count":1,"data":{"durationSeconds":6,"created":1559378332746},"id":"ide.freeze"}}
{"session":"a00d20d1767d","build":"183.6156.11","bucket":"-1","time":1559378335240,"group":{"id":"statistics.file.types.edit","version":"9"},"event":{"count":1,"data":{"created":1559378335240,"project":"1248437051"},"id":"XML"}}
{"session":"a00d20d1767d","build":"183.6156.11","bucket":"-1","time":1559378338404,"group":{"id":"actions.v2","version":"9"},"event":{"count":1,"data":{"context_menu":false,"created":1559378338404,"data_1":"Windows","input_event":"Enter"},"id":"EditorChooseLookupItem"}}
{"session":"a00d20d1767d","build":"183.6156.11","bucket":"-1","time":1559378338434,"group":{"id":"statistics.productivity","version":"9"},"event":{"count":1,"data":{"created":1559378338434},"id":"editing.completion.basic"}}
{"session":"a00d20d1767d","build":"183.6156.11","bucket":"-1","time":1559378340519,"group":{"id":"actions.v2","version":"9"},"event":{"count":1,"data":{"context_menu":false,"created":1559378340519,"data_1":"Windows","input_event":"Escape"},"id":"EditorEscape"}}
{"session":"a00d20d1767d","build":"183.6156.11","bucket":"-1","time":1559378341498,"group":{"id":"actions.v2","version":"9"},"event":{"count":1,"data":{"context_menu":false,"created":1559378341498,"data_1":"Windows","input_event":"Ctrl+D"},"id":"EditorDeleteLine"}}
{"session":"a00d20d1767d","build":"183.6156.11","bucket":"-1","time":1559378341500,"group":{"id":"statistics.productivity","version":"9"},"event":{"count":1,"data":{"created":1559378341500},"id":"editor.delete.line"}}
{"session":"a00d20d1767d","build":"183.6156.11","bucket":"-1","time":1559378347249,"group":{"id":"statistics.lifecycle.app","version":"9"},"event":{"count":1,"data":{"created":1559378347249,"data_2":"mappingFailed:false","data_1":"OOM:false","data_3":"pluginId:com.intellij.spring.boot"},"id":"ide.error"}}
{"session":"a00d20d1767d","build":"183.6156.11","bucket":"-1","time":1559378354725,"group":{"id":"actions.v2","version":"9"},"event":{"count":24,"data":{"context_menu":false,"last":1559378355729,"created":1559378354725,"data_1":"Windows","input_event":"Ctrl+Z"},"id":"$Undo"}}
{"session":"a00d20d1767d","build":"183.6156.11","bucket":"-1","time":1559378355880,"group":{"id":"ui.dialogs","version":"9"},"event":{"count":1,"data":{"created":1559378355881,"type":"show"},"id":"com.intellij.openapi.ui.messages.MessageDialog"}}
{"session":"a00d20d1767d","build":"183.6156.11","bucket":"-1","time":1559378356630,"group":{"id":"statistics.lifecycle.app","version":"9"},"event":{"count":2,"data":{"last":1559378358127,"created":1559378356630,"data_2":"mappingFailed:false","data_1":"OOM:false","data_3":"pluginId:com.intellij.spring.boot"},"id":"ide.error"}}
{"session":"a00d20d1767d","build":"183.6156.11","bucket":"-1","time":1559378358579,"group":{"id":"actions.v2","version":"9"},"event":{"count":1,"data":{"context_menu":false,"created":1559378358579,"data_1":"Windows","input_event":"Ctrl+Z"},"id":"$Undo"}}
{"session":"a00d20d1767d","build":"183.6156.11","bucket":"-1","time":1559378360179,"group":{"id":"statistics.lifecycle.app","version":"9"},"event":{"count":2,"data":{"last":1559378361328,"created":1559378360179,"data_2":"mappingFailed:false","data_1":"OOM:false","data_3":"pluginId:com.intellij.spring.boot"},"id":"ide.error"}}
{"session":"a00d20d1767d","build":"183.6156.11","bucket":"-1","time":1559378363098,"group":{"id":"actions.v2","version":"9"},"event":{"count":1,"data":{"context_menu":false,"created":1559378363098,"data_1":"Windows","input_event":"Ctrl+Y"},"id":"$Redo"}}
{"session":"a00d20d1767d","build":"183.6156.11","bucket":"-1","time":1559378363235,"group":{"id":"statistics.lifecycle.app","version":"9"},"event":{"count":2,"data":{"last":1559378364213,"created":1559378363235,"data_2":"mappingFailed:false","data_1":"OOM:false","data_3":"pluginId:com.intellij.spring.boot"},"id":"ide.error"}}
{"session":"a00d20d1767d","build":"183.6156.11","bucket":"-1","time":1559378364417,"group":{"id":"actions.v2","version":"9"},"event":{"count":1,"data":{"context_menu":false,"created":1559378364417,"data_1":"Windows","input_event":"Ctrl+Y"},"id":"$Redo"}}
{"session":"a00d20d1767d","build":"183.6156.11","bucket":"-1","time":1559378364420,"group":{"id":"ui.dialogs","version":"9"},"event":{"count":1,"data":{"created":1559378364420,"type":"show"},"id":"com.intellij.openapi.ui.messages.MessageDialog"}}
{"session":"a00d20d1767d","build":"183.6156.11","bucket":"-1","time":1559378366326,"group":{"id":"ui.dialogs","version":"9"},"event":{"count":1,"data":{"code":2,"created":1559378366326,"type":"close"},"id":"com.intellij.openapi.ui.messages.MessageDialog"}}
{"session":"a00d20d1767d","build":"183.6156.11","bucket":"-1","time":1559378387522,"group":{"id":"statistics.lifecycle.app","version":"9"},"event":{"count":2,"data":{"last":1559378389379,"created":1559378387522,"data_2":"mappingFailed:false","data_1":"OOM:false","data_3":"pluginId:com.intellij.spring.boot"},"id":"ide.error"}}
{"session":"a00d20d1767d","build":"183.6156.11","bucket":"-1","time":1559378397013,"group":{"id":"actions.v2","version":"9"},"event":{"count":1,"data":{"context_menu":false,"created":1559378397013,"data_1":"Windows"},"id":"Stop"}}
{"session":"a00d20d1767d","build":"183.6156.11","bucket":"-1","time":1559378398151,"group":{"id":"statistics.ui.toolbar.clicks","version":"9"},"event":{"count":1,"data":{"created":1559378398151,"data_1":"Windows"},"id":"Stop@DebuggerToolbar"}}
{"session":"a00d20d1767d","build":"183.6156.11","bucket":"-1","time":1559378399619,"group":{"id":"actions.v2","version":"9"},"event":{"count":1,"data":{"context_menu":false,"created":1559378399619,"data_1":"Windows"},"id":"Stop"}}
{"session":"a00d20d1767d","build":"183.6156.11","bucket":"-1","time":1559378399619,"group":{"id":"statistics.ui.toolbar.clicks","version":"9"},"event":{"count":1,"data":{"created":1559378399619,"data_1":"Windows"},"id":"Stop@DebuggerToolbar"}}
{"session":"a00d20d1767d","build":"183.6156.11","bucket":"-1","time":1559378399898,"group":{"id":"statistics.lifecycle.app","version":"9"},"event":{"count":1,"data":{"created":1559378399898,"data_2":"mappingFailed:false","data_1":"OOM:false","data_3":"pluginId:com.intellij.spring.boot"},"id":"ide.error"}}
{"session":"a00d20d1767d","build":"183.6156.11","bucket":"-1","time":1559378401646,"group":{"id":"actions.v2","version":"9"},"event":{"count":1,"data":{"context_menu":false,"created":1559378401646,"data_1":"Windows"},"id":"Rerun"}}
{"session":"a00d20d1767d","build":"183.6156.11","bucket":"-1","time":1559378401669,"group":{"id":"statistics.ui.toolbar.clicks","version":"9"},"event":{"count":1,"data":{"created":1559378401669,"data_1":"Windows"},"id":"Rerun@DebuggerToolbar"}}
{"session":"a00d20d1767d","build":"183.6156.11","bucket":"-1","time":1559378401724,"group":{"id":"statistics.run.configuration.start","version":"9"},"event":{"count":1,"data":{"created":1559378401724,"project":"1248437051","data_1":"Debug"},"id":"SpringBootApplicationConfigurationType"}}
{"session":"a00d20d1767d","build":"183.6156.11","bucket":"-1","time":1559378408379,"group":{"id":"toolwindow.v2","version":"9"},"event":{"count":1,"data":{"created":1559378408379,"data_1":"Windows"},"id":"Messages_by_Activation"}}
{"session":"a00d20d1767d","build":"183.6156.11","bucket":"-1","time":1559378414567,"group":{"id":"toolwindow.v2","version":"9"},"event":{"count":1,"data":{"created":1559378414567,"data_1":"Windows"},"id":"Project_by_Activation"}}
{"session":"a00d20d1767d","build":"183.6156.11","bucket":"-1","time":1559378423181,"group":{"id":"actions.v2","version":"9"},"event":{"count":1,"data":{"context_menu":true,"created":1559378423181,"place":"EditorPopup","data_1":"Windows"},"id":"Maven.ReimportProject"}}
{"session":"a00d20d1767d","build":"183.6156.11","bucket":"-1","time":1559378423182,"group":{"id":"statistics.build.maven.actions","version":"9"},"event":{"count":1,"data":{"created":1559378423182,"project":"1248437051","data_2":"fromContextMenu.true","data_1":"EditorPopup"},"id":"ReimportProjectAction"}}
{"session":"a00d20d1767d","build":"183.6156.11","bucket":"-1","time":1559378430234,"group":{"id":"statistics.lifecycle.app","version":"9"},"event":{"count":1,"data":{"created":1559378430234,"data_2":"mappingFailed:false","data_1":"OOM:false","data_3":"pluginId:com.intellij.spring.boot"},"id":"ide.error"}}
{"session":"a00d20d1767d","build":"183.6156.11","bucket":"-1","time":1559378449303,"group":{"id":"toolwindow.v2","version":"9"},"event":{"count":1,"data":{"created":1559378449303,"data_1":"Windows"},"id":"unknown_by_Activation"}}
{"session":"a00d20d1767d","build":"183.6156.11","bucket":"-1","time":1559378450686,"group":{"id":"actions.v2","version":"9"},"event":{"count":1,"data":{"context_menu":false,"created":1559378450686,"data_1":"Windows"},"id":"Maven.Reimport"}}
{"session":"a00d20d1767d","build":"183.6156.11","bucket":"-1","time":1559378450687,"group":{"id":"statistics.build.maven.actions","version":"9"},"event":{"count":1,"data":{"created":1559378450687,"project":"1248437051","data_2":"fromContextMenu.false","data_1":"Maven_Navigator_Toolbar"},"id":"ReimportAction"}}
{"session":"a00d20d1767d","build":"183.6156.11","bucket":"-1","time":1559378450688,"group":{"id":"statistics.ui.toolbar.clicks","version":"9"},"event":{"count":1,"data":{"created":1559378450688,"data_1":"Windows"},"id":"Maven.Reimport@Maven_Navigator_Toolbar"}}
{"session":"a00d20d1767d","build":"183.6156.11","bucket":"-1","time":1559378455508,"group":{"id":"toolwindow.v2","version":"9"},"event":{"count":1,"data":{"created":1559378455508,"data_1":"Windows"},"id":"Project_by_Activation"}}
{"session":"a00d20d1767d","build":"183.6156.11","bucket":"-1","time":1559378458613,"group":{"id":"statistics.ui.toolbar.clicks","version":"9"},"event":{"count":1,"data":{"created":1559378458613,"data_1":"Windows"},"id":"com.intellij.openapi.wm.impl.ToolWindowHeader$HideAction@ToolwindowTitle"}}
{"session":"a00d20d1767d","build":"183.6156.11","bucket":"-1","time":1559378460397,"group":{"id":"actions.v2","version":"9"},"event":{"count":1,"data":{"context_menu":false,"created":1559378460397,"data_1":"Windows"},"id":"ShowProjectStructureSettings"}}
{"session":"a00d20d1767d","build":"183.6156.11","bucket":"-1","time":1559378462193,"group":{"id":"ui.dialogs","version":"9"},"event":{"count":1,"data":{"created":1559378462193,"type":"show"},"id":"com.intellij.ide.actions.ShowStructureSettingsAction$1"}}
{"session":"a00d20d1767d","build":"183.6156.11","bucket":"-1","time":1559378470093,"group":{"id":"ui.dialogs","version":"9"},"event":{"count":1,"data":{"code":1,"created":1559378470093,"type":"close"},"id":"com.intellij.ide.actions.ShowStructureSettingsAction$1"}}
{"session":"a00d20d1767d","build":"183.6156.11","bucket":"-1","time":1559378470114,"group":{"id":"statistics.ui.toolbar.clicks","version":"9"},"event":{"count":1,"data":{"created":1559378470114,"data_1":"Windows"},"id":"ShowProjectStructureSettings@MainToolbar"}}
{"session":"a00d20d1767d","build":"183.6156.11","bucket":"-1","time":1559378502130,"group":{"id":"actions.v2","version":"9"},"event":{"count":1,"data":{"context_menu":false,"created":1559378502130,"data_1":"Windows","input_event":"Enter"},"id":"EditorEnter"}}
{"session":"a00d20d1767d","build":"183.6156.11","bucket":"-1","time":1559378502131,"group":{"id":"statistics.file.types.edit","version":"9"},"event":{"count":1,"data":{"created":1559378502131,"project":"1248437051"},"id":"XML"}}
{"session":"a00d20d1767d","build":"183.6156.11","bucket":"-1","time":1559378502396,"group":{"id":"actions.v2","version":"9"},"event":{"count":1,"data":{"context_menu":false,"created":1559378502396,"data_1":"Windows","input_event":"Enter"},"id":"EditorEnter"}}
{"session":"a00d20d1767d","build":"183.6156.11","bucket":"-1","time":1559378502665,"group":{"id":"actions.v2","version":"9"},"event":{"count":1,"data":{"context_menu":false,"created":1559378502665,"data_1":"Windows","input_event":"Ctrl+V"},"id":"EditorPaste"}}
{"session":"a00d20d1767d","build":"183.6156.11","bucket":"-1","time":1559378505193,"group":{"id":"actions.v2","version":"9"},"event":{"count":1,"data":{"context_menu":false,"created":1559378505193,"data_1":"Windows","input_event":"Ctrl+D"},"id":"EditorDeleteLine"}}
{"session":"a00d20d1767d","build":"183.6156.11","bucket":"-1","time":1559378505193,"group":{"id":"statistics.productivity","version":"9"},"event":{"count":1,"data":{"created":1559378505193},"id":"editor.delete.line"}}
{"session":"a00d20d1767d","build":"183.6156.11","bucket":"-1","time":1559378516039,"group":{"id":"statistics.lifecycle.app","version":"9"},"event":{"count":2,"data":{"last":1559378519000,"created":1559378516039,"data_2":"mappingFailed:false","data_1":"OOM:false","data_3":"pluginId:com.intellij.spring.boot"},"id":"ide.error"}}
{"session":"a00d20d1767d","build":"183.6156.11","bucket":"-1","time":1559378519085,"group":{"id":"toolwindow.v2","version":"9"},"event":{"count":2,"data":{"last":1559378520174,"created":1559378519086,"data_1":"Windows"},"id":"Debug_by_Activation"}}
{"session":"a00d20d1767d","build":"183.6156.11","bucket":"-1","time":1559378521725,"group":{"id":"actions.v2","version":"9"},"event":{"count":1,"data":{"context_menu":false,"created":1559378521725,"data_1":"Windows"},"id":"Rerun"}}
{"session":"a00d20d1767d","build":"183.6156.11","bucket":"-1","time":1559378521729,"group":{"id":"statistics.ui.toolbar.clicks","version":"9"},"event":{"count":1,"data":{"created":1559378521729,"data_1":"Windows"},"id":"Rerun@DebuggerToolbar"}}
{"session":"a00d20d1767d","build":"183.6156.11","bucket":"-1","time":1559378521793,"group":{"id":"statistics.run.configuration.start","version":"9"},"event":{"count":1,"data":{"created":1559378521793,"project":"1248437051","data_1":"Debug"},"id":"SpringBootApplicationConfigurationType"}}
{"session":"a00d20d1767d","build":"183.6156.11","bucket":"-1","time":1559378551398,"group":{"id":"ui.dialogs","version":"9"},"event":{"count":1,"data":{"created":1559378551398,"type":"show"},"id":"com.intellij.debugger.ui.RunHotswapDialog"}}
{"session":"a00d20d1767d","build":"183.6156.11","bucket":"-1","time":1559378591748,"group":{"id":"ui.dialogs","version":"9"},"event":{"count":1,"data":{"code":0,"created":1559378591749,"type":"close"},"id":"com.intellij.debugger.ui.RunHotswapDialog"}}
{"session":"a00d20d1767d","build":"183.6156.11","bucket":"-1","time":1559378591782,"group":{"id":"toolwindow.v2","version":"9"},"event":{"count":1,"data":{"created":1559378591782,"data_1":"Windows"},"id":"Debug_by_Activation"}}
{"session":"a00d20d1767d","build":"183.6156.11","bucket":"-1","time":1559378591865,"group":{"id":"actions.v2","version":"9"},"event":{"count":1,"data":{"context_menu":false,"created":1559378591865,"data_1":"Windows"},"id":"Reload_Classes"}}
{"session":"a00d20d1767d","build":"183.6156.11","bucket":"-1","time":1559378594435,"group":{"id":"toolwindow.v2","version":"9"},"event":{"count":2,"data":{"last":1559378595109,"created":1559378594435,"data_1":"Windows"},"id":"Debug_by_Activation"}}
{"session":"a00d20d1767d","build":"183.6156.11","bucket":"-1","time":1559378620593,"group":{"id":"statistics.lifecycle.app","version":"9"},"event":{"count":1,"data":{"created":1559378620593,"data_2":"mappingFailed:false","data_1":"OOM:false","data_3":"pluginId:com.intellij.spring.boot"},"id":"ide.error"}}
{"session":"a00d20d1767d","build":"183.6156.11","bucket":"-1","time":1559378620600,"group":{"id":"actions.v2","version":"9"},"event":{"count":1,"data":{"context_menu":false,"created":1559378620600,"data_1":"Windows"},"id":"Stop"}}
{"session":"a00d20d1767d","build":"183.6156.11","bucket":"-1","time":1559378621070,"group":{"id":"statistics.ui.toolbar.clicks","version":"9"},"event":{"count":1,"data":{"created":1559378621070,"data_1":"Windows"},"id":"Stop@DebuggerToolbar"}}
{"session":"a00d20d1767d","build":"183.6156.11","bucket":"-1","time":1559378621516,"group":{"id":"statistics.lifecycle.app","version":"9"},"event":{"count":1,"data":{"created":1559378621516,"data_2":"mappingFailed:false","data_1":"OOM:false","data_3":"pluginId:com.intellij.spring.boot"},"id":"ide.error"}}
{"session":"a00d20d1767d","build":"183.6156.11","bucket":"-1","time":1559378621918,"group":{"id":"actions.v2","version":"9"},"event":{"count":1,"data":{"context_menu":false,"created":1559378621918,"data_1":"Windows"},"id":"Stop"}}
{"session":"a00d20d1767d","build":"183.6156.11","bucket":"-1","time":1559378621918,"group":{"id":"statistics.ui.toolbar.clicks","version":"9"},"event":{"count":1,"data":{"created":1559378621918,"data_1":"Windows"},"id":"Stop@DebuggerToolbar"}}
{"session":"a00d20d1767d","build":"183.6156.11","bucket":"-1","time":1559378622765,"group":{"id":"toolwindow.v2","version":"9"},"event":{"count":1,"data":{"created":1559378622765,"data_1":"Windows"},"id":"Debug_by_Activation"}}
{"session":"a00d20d1767d","build":"183.6156.11","bucket":"-1","time":1559378624109,"group":{"id":"actions.v2","version":"9"},"event":{"count":1,"data":{"context_menu":false,"created":1559378624109,"data_1":"Windows"},"id":"Stop"}}
{"session":"a00d20d1767d","build":"183.6156.11","bucket":"-1","time":1559378624231,"group":{"id":"statistics.ui.toolbar.clicks","version":"9"},"event":{"count":1,"data":{"created":1559378624231,"data_1":"Windows"},"id":"Stop@DebuggerToolbar"}}
{"session":"a00d20d1767d","build":"183.6156.11","bucket":"-1","time":1559378625079,"group":{"id":"actions.v2","version":"9"},"event":{"count":1,"data":{"context_menu":false,"created":1559378625079,"data_1":"Windows"},"id":"Stop"}}
{"session":"a00d20d1767d","build":"183.6156.11","bucket":"-1","time":1559378625079,"group":{"id":"statistics.ui.toolbar.clicks","version":"9"},"event":{"count":1,"data":{"created":1559378625079,"data_1":"Windows"},"id":"Stop@DebuggerToolbar"}}
{"session":"a00d20d1767d","build":"183.6156.11","bucket":"-1","time":1559378628246,"group":{"id":"toolwindow.v2","version":"9"},"event":{"count":2,"data":{"last":1559378629733,"created":1559378628246,"data_1":"Windows"},"id":"Debug_by_Activation"}}
{"session":"a00d20d1767d","build":"183.6156.11","bucket":"-1","time":1559378631666,"group":{"id":"actions.v2","version":"9"},"event":{"count":1,"data":{"context_menu":true,"created":1559378631666,"place":"EditorPopup","data_1":"Windows"},"id":"ConsoleView.ClearAll"}}
{"session":"a00d20d1767d","build":"183.6156.11","bucket":"-1","time":1559378633133,"group":{"id":"actions.v2","version":"9"},"event":{"count":1,"data":{"context_menu":false,"created":1559378633133,"data_1":"Windows"},"id":"Rerun"}}
{"session":"a00d20d1767d","build":"183.6156.11","bucket":"-1","time":1559378633136,"group":{"id":"statistics.ui.toolbar.clicks","version":"9"},"event":{"count":1,"data":{"created":1559378633136,"data_1":"Windows"},"id":"Rerun@DebuggerToolbar"}}
{"session":"a00d20d1767d","build":"183.6156.11","bucket":"-1","time":1559378633192,"group":{"id":"statistics.run.configuration.start","version":"9"},"event":{"count":1,"data":{"created":1559378633192,"project":"1248437051","data_1":"Debug"},"id":"SpringBootApplicationConfigurationType"}}
{"session":"a00d20d1767d","build":"183.6156.11","bucket":"-1","time":1559378635503,"group":{"id":"toolwindow.v2","version":"9"},"event":{"count":1,"data":{"created":1559378635503,"data_1":"Windows"},"id":"Debug_by_Activation"}}
{"session":"a00d20d1767d","build":"183.6156.11","bucket":"-1","time":1559378637317,"group":{"id":"toolwindow.v2","version":"9"},"event":{"count":1,"data":{"created":1559378637317,"data_1":"Windows"},"id":"Project_by_Activation"}}
{"session":"a00d20d1767d","build":"183.6156.11","bucket":"-1","time":1559378639446,"group":{"id":"toolwindow.v2","version":"9"},"event":{"count":1,"data":{"created":1559378639446,"data_1":"Windows"},"id":"Debug_by_Activation"}}
{"session":"a00d20d1767d","build":"183.6156.11","bucket":"-1","time":1559378639519,"group":{"id":"toolwindow.v2","version":"9"},"event":{"count":1,"data":{"created":1559378639519,"data_1":"Windows"},"id":"Project_by_Activation"}}
{"session":"a00d20d1767d","build":"183.6156.11","bucket":"-1","time":1559378651630,"group":{"id":"toolwindow.v2","version":"9"},"event":{"count":1,"data":{"created":1559378651630,"data_1":"Windows"},"id":"Debug_by_Activation"}}
{"session":"a00d20d1767d","build":"183.6156.11","bucket":"-1","time":1559378652814,"group":{"id":"actions.v2","version":"9"},"event":{"count":1,"data":{"context_menu":false,"created":1559378652814,"data_1":"Windows"},"id":"Rerun"}}
{"session":"a00d20d1767d","build":"183.6156.11","bucket":"-1","time":1559378652818,"group":{"id":"statistics.ui.toolbar.clicks","version":"9"},"event":{"count":1,"data":{"created":1559378652819,"data_1":"Windows"},"id":"Rerun@DebuggerToolbar"}}
{"session":"a00d20d1767d","build":"183.6156.11","bucket":"-1","time":1559378652875,"group":{"id":"statistics.run.configuration.start","version":"9"},"event":{"count":1,"data":{"created":1559378652875,"project":"1248437051","data_1":"Debug"},"id":"SpringBootApplicationConfigurationType"}}
{"session":"a00d20d1767d","build":"183.6156.11","bucket":"-1","time":1559378654182,"group":{"id":"toolwindow.v2","version":"9"},"event":{"count":1,"data":{"created":1559378654182,"data_1":"Windows"},"id":"Debug_by_Activation"}}
{"session":"a00d20d1767d","build":"183.6156.11","bucket":"-1","time":1559378692707,"group":{"id":"toolwindow.v2","version":"9"},"event":{"count":5,"data":{"last":1559378693411,"created":1559378692707,"data_1":"Windows"},"id":"Debug_by_Activation"}}
{"session":"a00d20d1767d","build":"183.6156.11","bucket":"-1","time":1559378719354,"group":{"id":"toolwindow.v2","version":"9"},"event":{"count":1,"data":{"created":1559378719354,"data_1":"Windows"},"id":"Project_by_Activation"}}
{"session":"a00d20d1767d","build":"183.6156.11","bucket":"-1","time":1559378769780,"group":{"id":"actions.v2","version":"9"},"event":{"count":1,"data":{"context_menu":false,"created":1559378769781,"data_1":"Windows","input_event":"Backspace"},"id":"EditorBackSpace"}}
{"session":"a00d20d1767d","build":"183.6156.11","bucket":"-1","time":1559378770304,"group":{"id":"actions.v2","version":"9"},"event":{"count":1,"data":{"context_menu":false,"created":1559378770304,"data_1":"Windows","input_event":"Ctrl+V"},"id":"EditorPaste"}}
{"session":"a00d20d1767d","build":"183.6156.11","bucket":"-1","time":1559378772882,"group":{"id":"actions.v2","version":"9"},"event":{"count":1,"data":{"context_menu":false,"created":1559378772885,"data_1":"Windows","input_event":"Ctrl+D"},"id":"EditorDeleteLine"}}
{"session":"a00d20d1767d","build":"183.6156.11","bucket":"-1","time":1559378772913,"group":{"id":"statistics.file.types.edit","version":"9"},"event":{"count":1,"data":{"created":1559378772913,"project":"1248437051"},"id":"XML"}}
{"session":"a00d20d1767d","build":"183.6156.11","bucket":"-1","time":1559378772924,"group":{"id":"statistics.productivity","version":"9"},"event":{"count":1,"data":{"created":1559378772924},"id":"editor.delete.line"}}
{"session":"a00d20d1767d","build":"183.6156.11","bucket":"-1","time":1559378774547,"group":{"id":"actions.v2","version":"9"},"event":{"count":1,"data":{"context_menu":false,"created":1559378774547,"data_1":"Windows","input_event":"Ctrl+D"},"id":"EditorDeleteLine"}}
{"session":"a00d20d1767d","build":"183.6156.11","bucket":"-1","time":1559378777902,"group":{"id":"statistics.productivity","version":"9"},"event":{"count":1,"data":{"created":1559378777902},"id":"editor.delete.line"}}
{"session":"a00d20d1767d","build":"183.6156.11","bucket":"-1","time":1559378781455,"group":{"id":"statistics.lifecycle.app","version":"9"},"event":{"count":1,"data":{"created":1559378781455,"data_2":"mappingFailed:false","data_1":"OOM:false","data_3":"pluginId:com.intellij.spring.boot"},"id":"ide.error"}}
{"session":"a00d20d1767d","build":"183.6156.11","bucket":"-1","time":1559378789055,"group":{"id":"actions.v2","version":"9"},"event":{"count":1,"data":{"context_menu":false,"created":1559378789055,"data_1":"Windows","input_event":"Ctrl+S"},"id":"SaveAll"}}
{"session":"a00d20d1767d","build":"183.6156.11","bucket":"-1","time":1559378797945,"group":{"id":"actions.v2","version":"9"},"event":{"count":1,"data":{"context_menu":false,"created":1559378797945,"data_1":"Windows","input_event":"Ctrl+V"},"id":"EditorPaste"}}
{"session":"a00d20d1767d","build":"183.6156.11","bucket":"-1","time":1559378802741,"group":{"id":"statistics.lifecycle.app","version":"9"},"event":{"count":1,"data":{"created":1559378802741,"data_2":"mappingFailed:false","data_1":"OOM:false","data_3":"pluginId:com.intellij.spring.boot"},"id":"ide.error"}}
{"session":"a00d20d1767d","build":"183.6156.11","bucket":"-1","time":1559378807276,"group":{"id":"actions.v2","version":"9"},"event":{"count":1,"data":{"context_menu":false,"created":1559378807276,"data_1":"Windows","input_event":"Enter"},"id":"EditorEnter"}}
{"session":"a00d20d1767d","build":"183.6156.11","bucket":"-1","time":1559378807276,"group":{"id":"statistics.file.types.edit","version":"9"},"event":{"count":1,"data":{"created":1559378807276,"project":"1248437051"},"id":"JAVA"}}
{"session":"a00d20d1767d","build":"183.6156.11","bucket":"-1","time":1559378807467,"group":{"id":"actions.v2","version":"9"},"event":{"count":1,"data":{"context_menu":false,"created":1559378807468,"data_1":"Windows","input_event":"Enter"},"id":"EditorEnter"}}
{"session":"a00d20d1767d","build":"183.6156.11","bucket":"-1","time":1559378808903,"group":{"id":"actions.v2","version":"9"},"event":{"count":1,"data":{"context_menu":false,"created":1559378808903,"data_1":"Windows","input_event":"Ctrl+V"},"id":"EditorPaste"}}
{"session":"a00d20d1767d","build":"183.6156.11","bucket":"-1","time":1559378812055,"group":{"id":"actions.v2","version":"9"},"event":{"count":1,"data":{"context_menu":false,"created":1559378812055,"data_1":"Windows","input_event":"Ctrl+D"},"id":"EditorDeleteLine"}}
{"session":"a00d20d1767d","build":"183.6156.11","bucket":"-1","time":1559378812056,"group":{"id":"statistics.productivity","version":"9"},"event":{"count":1,"data":{"created":1559378812056},"id":"editor.delete.line"}}
{"session":"a00d20d1767d","build":"183.6156.11","bucket":"-1","time":1559378813222,"group":{"id":"actions.v2","version":"9"},"event":{"count":1,"data":{"context_menu":false,"created":1559378813222,"data_1":"Windows","input_event":"Ctrl+D"},"id":"EditorDeleteLine"}}
{"session":"a00d20d1767d","build":"183.6156.11","bucket":"-1","time":1559378813223,"group":{"id":"statistics.productivity","version":"9"},"event":{"count":1,"data":{"created":1559378813235},"id":"editor.delete.line"}}
{"session":"a00d20d1767d","build":"183.6156.11","bucket":"-1","time":1559378828662,"group":{"id":"toolwindow.v2","version":"9"},"event":{"count":1,"data":{"created":1559378828662,"data_1":"Windows"},"id":"Debug_by_Activation"}}
{"session":"a00d20d1767d","build":"183.6156.11","bucket":"-1","time":1559378830005,"group":{"id":"actions.v2","version":"9"},"event":{"count":1,"data":{"context_menu":false,"created":1559378830005,"data_1":"Windows"},"id":"Stop"}}
{"session":"a00d20d1767d","build":"183.6156.11","bucket":"-1","time":1559378831069,"group":{"id":"statistics.ui.toolbar.clicks","version":"9"},"event":{"count":1,"data":{"created":1559378831069,"data_1":"Windows"},"id":"Stop@DebuggerToolbar"}}
{"session":"a00d20d1767d","build":"183.6156.11","bucket":"-1","time":1559378831998,"group":{"id":"actions.v2","version":"9"},"event":{"count":1,"data":{"context_menu":false,"created":1559378831998,"data_1":"Windows"},"id":"Stop"}}
{"session":"a00d20d1767d","build":"183.6156.11","bucket":"-1","time":1559378831998,"group":{"id":"statistics.ui.toolbar.clicks","version":"9"},"event":{"count":1,"data":{"created":1559378831998,"data_1":"Windows"},"id":"Stop@DebuggerToolbar"}}
{"session":"a00d20d1767d","build":"183.6156.11","bucket":"-1","time":1559378843583,"group":{"id":"actions.v2","version":"9"},"event":{"count":1,"data":{"context_menu":false,"created":1559378843583,"data_1":"Windows"},"id":"Rerun"}}
{"session":"a00d20d1767d","build":"183.6156.11","bucket":"-1","time":1559378843590,"group":{"id":"statistics.ui.toolbar.clicks","version":"9"},"event":{"count":1,"data":{"created":1559378843590,"data_1":"Windows"},"id":"Rerun@DebuggerToolbar"}}
{"session":"a00d20d1767d","build":"183.6156.11","bucket":"-1","time":1559378843646,"group":{"id":"statistics.run.configuration.start","version":"9"},"event":{"count":1,"data":{"created":1559378843646,"project":"1248437051","data_1":"Debug"},"id":"SpringBootApplicationConfigurationType"}}
{"session":"a00d20d1767d","build":"183.6156.11","bucket":"-1","time":1559378854801,"group":{"id":"ui.dialogs","version":"9"},"event":{"count":1,"data":{"created":1559378854801,"type":"show"},"id":"com.intellij.debugger.ui.RunHotswapDialog"}}
{"session":"a00d20d1767d","build":"183.6156.11","bucket":"-1","time":1559378856673,"group":{"id":"toolwindow.v2","version":"9"},"event":{"count":1,"data":{"created":1559378856673,"data_1":"Windows"},"id":"Debug_by_Activation"}}
{"session":"a00d20d1767d","build":"183.6156.11","bucket":"-1","time":1559378889414,"group":{"id":"ui.dialogs","version":"9"},"event":{"count":1,"data":{"code":0,"created":1559378889414,"type":"close"},"id":"com.intellij.debugger.ui.RunHotswapDialog"}}
{"session":"a00d20d1767d","build":"183.6156.11","bucket":"-1","time":1559378889523,"group":{"id":"actions.v2","version":"9"},"event":{"count":1,"data":{"context_menu":false,"created":1559378889523,"data_1":"Windows"},"id":"Reload_Classes"}}
{"session":"a00d20d1767d","build":"183.6156.11","bucket":"-1","time":1559378924090,"group":{"id":"toolwindow.v2","version":"9"},"event":{"count":1,"data":{"created":1559378924090,"data_1":"Windows"},"id":"Project_by_Activation"}}
{"session":"a00d20d1767d","build":"183.6156.11","bucket":"-1","time":1559378929188,"group":{"id":"statistics.productivity","version":"9"},"event":{"count":1,"data":{"created":1559378929189},"id":"editing.select.word"}}
{"session":"a00d20d1767d","build":"183.6156.11","bucket":"-1","time":1559378929992,"group":{"id":"actions.v2","version":"9"},"event":{"count":1,"data":{"context_menu":false,"created":1559378929993,"data_1":"Windows","input_event":"Ctrl+C"},"id":"EditorCopy"}}
{"session":"a00d20d1767d","build":"183.6156.11","bucket":"-1","time":1559378951351,"group":{"id":"toolwindow.v2","version":"9"},"event":{"count":1,"data":{"created":1559378951351,"data_1":"Windows"},"id":"Debug_by_Activation"}}
{"session":"a00d20d1767d","build":"183.6156.11","bucket":"-1","time":1559378952661,"group":{"id":"actions.v2","version":"9"},"event":{"count":1,"data":{"context_menu":false,"created":1559378952661,"data_1":"Windows"},"id":"Stop"}}
{"session":"a00d20d1767d","build":"183.6156.11","bucket":"-1","time":1559378959016,"group":{"id":"statistics.ui.toolbar.clicks","version":"9"},"event":{"count":1,"data":{"created":1559378959017,"data_1":"Windows"},"id":"Stop@DebuggerToolbar"}}
{"session":"a00d20d1767d","build":"183.6156.11","bucket":"-1","time":1559378959076,"group":{"id":"actions.v2","version":"9"},"event":{"count":1,"data":{"context_menu":false,"created":1559378959076,"data_1":"Windows"},"id":"Stop"}}
{"session":"a00d20d1767d","build":"183.6156.11","bucket":"-1","time":1559378959077,"group":{"id":"statistics.ui.toolbar.clicks","version":"9"},"event":{"count":1,"data":{"created":1559378959077,"data_1":"Windows"},"id":"Stop@DebuggerToolbar"}}
{"session":"a00d20d1767d","build":"183.6156.11","bucket":"-1","time":1559378960076,"group":{"id":"statistics.lifecycle.app","version":"9"},"event":{"count":1,"data":{"created":1559378960076,"data_2":"7","data_1":"timeSecondsGrouped"},"id":"ide.freeze"}}
{"session":"a00d20d1767d","build":"183.6156.11","bucket":"-1","time":1559378960078,"group":{"id":"lifecycle","version":"9"},"event":{"count":1,"data":{"durationSeconds":7,"created":1559378960078},"id":"ide.freeze"}}
{"session":"a00d20d1767d","build":"183.6156.11","bucket":"-1","time":1559378964147,"group":{"id":"actions.v2","version":"9"},"event":{"count":1,"data":{"context_menu":false,"created":1559378964147,"data_1":"Windows","input_event":"Enter"},"id":"EditorEnter"}}
{"session":"a00d20d1767d","build":"183.6156.11","bucket":"-1","time":1559378964149,"group":{"id":"statistics.file.types.edit","version":"9"},"event":{"count":1,"data":{"created":1559378964150,"project":"1248437051"},"id":"JAVA"}}
{"session":"a00d20d1767d","build":"183.6156.11","bucket":"-1","time":1559378966775,"group":{"id":"actions.v2","version":"9"},"event":{"count":1,"data":{"context_menu":false,"created":1559378966775,"data_1":"Windows","input_event":"Enter"},"id":"EditorChooseLookupItem"}}
{"session":"a00d20d1767d","build":"183.6156.11","bucket":"-1","time":1559378966793,"group":{"id":"statistics.productivity","version":"9"},"event":{"count":1,"data":{"created":1559378966793},"id":"editing.completion.basic"}}
{"session":"a00d20d1767d","build":"183.6156.11","bucket":"-1","time":1559378971366,"group":{"id":"actions.v2","version":"9"},"event":{"count":1,"data":{"context_menu":false,"created":1559378971366,"data_1":"Windows"},"id":"Rerun"}}
{"session":"a00d20d1767d","build":"183.6156.11","bucket":"-1","time":1559378971371,"group":{"id":"statistics.ui.toolbar.clicks","version":"9"},"event":{"count":1,"data":{"created":1559378971372,"data_1":"Windows"},"id":"Rerun@DebuggerToolbar"}}
{"session":"a00d20d1767d","build":"183.6156.11","bucket":"-1","time":1559378971425,"group":{"id":"statistics.run.configuration.start","version":"9"},"event":{"count":1,"data":{"created":1559378971425,"project":"1248437051","data_1":"Debug"},"id":"SpringBootApplicationConfigurationType"}}
{"session":"a00d20d1767d","build":"183.6156.11","bucket":"-1","time":1559378987356,"group":{"id":"ui.dialogs","version":"9"},"event":{"count":1,"data":{"created":1559378987356,"type":"show"},"id":"com.intellij.debugger.ui.RunHotswapDialog"}}
{"session":"a00d20d1767d","build":"183.6156.11","bucket":"-1","time":1559378989063,"group":{"id":"toolwindow.v2","version":"9"},"event":{"count":1,"data":{"created":1559378989063,"data_1":"Windows"},"id":"Debug_by_Activation"}}
{"session":"a00d20d1767d","build":"183.6156.11","bucket":"-1","time":1559379013868,"group":{"id":"ui.dialogs","version":"9"},"event":{"count":1,"data":{"code":0,"created":1559379013868,"type":"close"},"id":"com.intellij.debugger.ui.RunHotswapDialog"}}
{"session":"a00d20d1767d","build":"183.6156.11","bucket":"-1","time":1559379013946,"group":{"id":"actions.v2","version":"9"},"event":{"count":1,"data":{"context_menu":false,"created":1559379013946,"data_1":"Windows"},"id":"Reload_Classes"}}
{"session":"a00d20d1767d","build":"183.6156.11","bucket":"-1","time":1559379027357,"group":{"id":"actions.v2","version":"9"},"event":{"count":1,"data":{"context_menu":false,"created":1559379027357,"data_1":"Windows"},"id":"Stop"}}
{"session":"a00d20d1767d","build":"183.6156.11","bucket":"-1","time":1559379027596,"group":{"id":"statistics.ui.toolbar.clicks","version":"9"},"event":{"count":1,"data":{"created":1559379027596,"data_1":"Windows"},"id":"Stop@DebuggerToolbar"}}
{"session":"a00d20d1767d","build":"183.6156.11","bucket":"-1","time":1559379028517,"group":{"id":"actions.v2","version":"9"},"event":{"count":1,"data":{"context_menu":false,"created":1559379028517,"data_1":"Windows"},"id":"Stop"}}
{"session":"a00d20d1767d","build":"183.6156.11","bucket":"-1","time":1559379028517,"group":{"id":"statistics.ui.toolbar.clicks","version":"9"},"event":{"count":1,"data":{"created":1559379028517,"data_1":"Windows"},"id":"Stop@DebuggerToolbar"}}
{"session":"a00d20d1767d","build":"183.6156.11","bucket":"-1","time":1559379031090,"group":{"id":"toolwindow.v2","version":"9"},"event":{"count":1,"data":{"created":1559379031090,"data_1":"Windows"},"id":"Project_by_Activation"}}
{"session":"a00d20d1767d","build":"183.6156.11","bucket":"-1","time":1559379039849,"group":{"id":"actions.v2","version":"9"},"event":{"count":1,"data":{"context_menu":true,"created":1559379039849,"place":"ProjectViewPopup","data_1":"Windows"},"id":"CheckinFiles"}}
{"session":"a00d20d1767d","build":"183.6156.11","bucket":"-1","time":1559379040664,"group":{"id":"ui.dialogs","version":"9"},"event":{"count":1,"data":{"created":1559379040664,"type":"show"},"id":"com.intellij.openapi.vcs.changes.ui.CommitChangeListDialog"}}
{"session":"a00d20d1767d","build":"183.6156.11","bucket":"-1","time":1559379045642,"group":{"id":"actions.v2","version":"9"},"event":{"count":1,"data":{"context_menu":false,"created":1559379045642,"data_1":"Windows","input_event":"Escape"},"id":"EditorEscape"}}
{"session":"a00d20d1767d","build":"183.6156.11","bucket":"-1","time":1559379046125,"group":{"id":"ui.dialogs","version":"9"},"event":{"count":1,"data":{"code":1,"created":1559379046125,"type":"close"},"id":"com.intellij.openapi.vcs.changes.ui.CommitChangeListDialog"}}
{"session":"a00d20d1767d","build":"183.6156.11","bucket":"-1","time":1559379050558,"group":{"id":"statistics.productivity","version":"9"},"event":{"count":1,"data":{"created":1559379050558},"id":"editing.select.word"}}
{"session":"a00d20d1767d","build":"183.6156.11","bucket":"-1","time":1559379051968,"group":{"id":"statistics.file.types.edit","version":"9"},"event":{"count":1,"data":{"created":1559379051968,"project":"1248437051"},"id":"YAML"}}
{"session":"a00d20d1767d","build":"183.6156.11","bucket":"-1","time":1559379057610,"group":{"id":"actions.v2","version":"9"},"event":{"count":1,"data":{"context_menu":false,"created":1559379057610,"data_1":"Windows","input_event":"Ctrl+C"},"id":"EditorCopy"}}
{"session":"a00d20d1767d","build":"183.6156.11","bucket":"-1","time":1559379058526,"group":{"id":"statistics.productivity","version":"9"},"event":{"count":1,"data":{"created":1559379058526},"id":"editing.select.word"}}
{"session":"a00d20d1767d","build":"183.6156.11","bucket":"-1","time":1559379058732,"group":{"id":"actions.v2","version":"9"},"event":{"count":1,"data":{"context_menu":false,"created":1559379058732,"data_1":"Windows","input_event":"Ctrl+V"},"id":"EditorPaste"}}
{"session":"a00d20d1767d","build":"183.6156.11","bucket":"-1","time":1559379060165,"group":{"id":"statistics.lifecycle.app","version":"9"},"event":{"count":4,"data":{"last":1559379062683,"created":1559379060165,"data_2":"mappingFailed:false","data_1":"OOM:false","data_3":"pluginId:com.intellij.spring.boot"},"id":"ide.error"}}
{"session":"a00d20d1767d","build":"183.6156.11","bucket":"-1","time":1559379063310,"group":{"id":"statistics.productivity","version":"9"},"event":{"count":1,"data":{"created":1559379063310},"id":"editing.select.word"}}
{"session":"a00d20d1767d","build":"183.6156.11","bucket":"-1","time":1559379063340,"group":{"id":"statistics.lifecycle.app","version":"9"},"event":{"count":3,"data":{"last":1559379063467,"created":1559379063340,"data_2":"mappingFailed:false","data_1":"OOM:false","data_3":"pluginId:com.intellij.spring.boot"},"id":"ide.error"}}
{"session":"a00d20d1767d","build":"183.6156.11","bucket":"-1","time":1559379063583,"group":{"id":"actions.v2","version":"9"},"event":{"count":1,"data":{"context_menu":false,"created":1559379063584,"data_1":"Windows","input_event":"Ctrl+V"},"id":"EditorPaste"}}
{"session":"a00d20d1767d","build":"183.6156.11","bucket":"-1","time":1559379063625,"group":{"id":"statistics.lifecycle.app","version":"9"},"event":{"count":3,"data":{"last":1559379063893,"created":1559379063625,"data_2":"mappingFailed:false","data_1":"OOM:false","data_3":"pluginId:com.intellij.spring.boot"},"id":"ide.error"}}
{"session":"a00d20d1767d","build":"183.6156.11","bucket":"-1","time":1559379065036,"group":{"id":"actions.v2","version":"9"},"event":{"count":1,"data":{"context_menu":false,"created":1559379065036,"data_1":"Windows","input_event":"Ctrl+Z"},"id":"$Undo"}}
{"session":"a00d20d1767d","build":"183.6156.11","bucket":"-1","time":1559379065111,"group":{"id":"statistics.lifecycle.app","version":"9"},"event":{"count":5,"data":{"last":1559379065352,"created":1559379065111,"data_2":"mappingFailed:false","data_1":"OOM:false","data_3":"pluginId:com.intellij.spring.boot"},"id":"ide.error"}}
{"session":"a00d20d1767d","build":"183.6156.11","bucket":"-1","time":1559379065728,"group":{"id":"statistics.productivity","version":"9"},"event":{"count":1,"data":{"created":1559379065728},"id":"editing.select.word"}}
{"session":"a00d20d1767d","build":"183.6156.11","bucket":"-1","time":1559379065739,"group":{"id":"statistics.lifecycle.app","version":"9"},"event":{"count":2,"data":{"last":1559379065861,"created":1559379065739,"data_2":"mappingFailed:false","data_1":"OOM:false","data_3":"pluginId:com.intellij.spring.boot"},"id":"ide.error"}}
{"session":"a00d20d1767d","build":"183.6156.11","bucket":"-1","time":1559379066027,"group":{"id":"actions.v2","version":"9"},"event":{"count":1,"data":{"context_menu":false,"created":1559379066027,"data_1":"Windows","input_event":"Ctrl+V"},"id":"EditorPaste"}}
{"session":"a00d20d1767d","build":"183.6156.11","bucket":"-1","time":1559379066063,"group":{"id":"statistics.lifecycle.app","version":"9"},"event":{"count":11,"data":{"last":1559379066343,"created":1559379066063,"data_2":"mappingFailed:false","data_1":"OOM:false","data_3":"pluginId:com.intellij.spring.boot"},"id":"ide.error"}}
{"session":"a00d20d1767d","build":"183.6156.11","bucket":"-1","time":1559379066686,"group":{"id":"statistics.productivity","version":"9"},"event":{"count":1,"data":{"created":1559379066686},"id":"editing.select.word"}}
{"session":"a00d20d1767d","build":"183.6156.11","bucket":"-1","time":1559379066692,"group":{"id":"statistics.lifecycle.app","version":"9"},"event":{"count":2,"data":{"last":1559379066826,"created":1559379066692,"data_2":"mappingFailed:false","data_1":"OOM:false","data_3":"pluginId:com.intellij.spring.boot"},"id":"ide.error"}}
{"session":"a00d20d1767d","build":"183.6156.11","bucket":"-1","time":1559379068461,"group":{"id":"statistics.productivity","version":"9"},"event":{"count":1,"data":{"created":1559379068461},"id":"editing.select.word"}}
{"session":"a00d20d1767d","build":"183.6156.11","bucket":"-1","time":1559379068468,"group":{"id":"statistics.lifecycle.app","version":"9"},"event":{"count":5,"data":{"last":1559379069813,"created":1559379068468,"data_2":"mappingFailed:false","data_1":"OOM:false","data_3":"pluginId:com.intellij.spring.boot"},"id":"ide.error"}}
{"session":"a00d20d1767d","build":"183.6156.11","bucket":"-1","time":1559379070125,"group":{"id":"statistics.productivity","version":"9"},"event":{"count":1,"data":{"created":1559379070125},"id":"editing.select.word"}}
{"session":"a00d20d1767d","build":"183.6156.11","bucket":"-1","time":1559379070136,"group":{"id":"statistics.lifecycle.app","version":"9"},"event":{"count":7,"data":{"last":1559379071980,"created":1559379070136,"data_2":"mappingFailed:false","data_1":"OOM:false","data_3":"pluginId:com.intellij.spring.boot"},"id":"ide.error"}}
{"session":"a00d20d1767d","build":"183.6156.11","bucket":"-1","time":1559379072486,"group":{"id":"actions.v2","version":"9"},"event":{"count":1,"data":{"context_menu":false,"created":1559379072486,"data_1":"Windows","input_event":"Backspace"},"id":"EditorBackSpace"}}
{"session":"a00d20d1767d","build":"183.6156.11","bucket":"-1","time":1559379072534,"group":{"id":"statistics.lifecycle.app","version":"9"},"event":{"count":3,"data":{"last":1559379072809,"created":1559379072534,"data_2":"mappingFailed:false","data_1":"OOM:false","data_3":"pluginId:com.intellij.spring.boot"},"id":"ide.error"}}
{"session":"a00d20d1767d","build":"183.6156.11","bucket":"-1","time":1559379072863,"group":{"id":"actions.v2","version":"9"},"event":{"count":1,"data":{"context_menu":false,"created":1559379072863,"data_1":"Windows","input_event":"Ctrl+V"},"id":"EditorPaste"}}
{"session":"a00d20d1767d","build":"183.6156.11","bucket":"-1","time":1559379072887,"group":{"id":"statistics.lifecycle.app","version":"9"},"event":{"count":5,"data":{"last":1559379073183,"created":1559379072887,"data_2":"mappingFailed:false","data_1":"OOM:false","data_3":"pluginId:com.intellij.spring.boot"},"id":"ide.error"}}
{"session":"a00d20d1767d","build":"183.6156.11","bucket":"-1","time":1559379083429,"group":{"id":"actions.v2","version":"9"},"event":{"count":1,"data":{"context_menu":true,"created":1559379083429,"place":"ProjectViewPopup","data_1":"Windows"},"id":"CheckinFiles"}}
{"session":"a00d20d1767d","build":"183.6156.11","bucket":"-1","time":1559379083989,"group":{"id":"ui.dialogs","version":"9"},"event":{"count":1,"data":{"created":1559379083989,"type":"show"},"id":"com.intellij.openapi.vcs.changes.ui.CommitChangeListDialog"}}
{"session":"a00d20d1767d","build":"183.6156.11","bucket":"-1","time":1559379086997,"group":{"id":"statistics.file.types.edit","version":"9"},"event":{"count":1,"data":{"created":1559379086997,"project":"1248437051"},"id":"PLAIN_TEXT"}}
{"session":"a00d20d1767d","build":"183.6156.11","bucket":"-1","time":1559379093501,"group":{"id":"actions.v2","version":"9"},"event":{"count":1,"data":{"context_menu":false,"created":1559379093501,"data_1":"Windows"},"id":"Git.Commit.And.Push.Executor"}}
{"session":"a00d20d1767d","build":"183.6156.11","bucket":"-1","time":1559379094185,"group":{"id":"ui.dialogs","version":"9"},"event":{"count":1,"data":{"created":1559379094185,"type":"show"},"id":"com.intellij.openapi.progress.util.ProgressDialog$MyDialogWrapper"}}
{"session":"a00d20d1767d","build":"183.6156.11","bucket":"-1","time":1559379094424,"group":{"id":"ui.dialogs","version":"9"},"event":{"count":1,"data":{"code":1,"created":1559379094424,"type":"close"},"id":"com.intellij.openapi.progress.util.ProgressDialog$MyDialogWrapper"}}
{"session":"a00d20d1767d","build":"183.6156.11","bucket":"-1","time":1559379094912,"group":{"id":"ui.dialogs","version":"9"},"event":{"count":1,"data":{"created":1559379094912,"type":"show"},"id":"com.intellij.openapi.progress.util.ProgressDialog$MyDialogWrapper"}}
{"session":"a00d20d1767d","build":"183.6156.11","bucket":"-1","time":1559379095152,"group":{"id":"ui.dialogs","version":"9"},"event":{"count":1,"data":{"code":1,"created":1559379095152,"type":"close"},"id":"com.intellij.openapi.progress.util.ProgressDialog$MyDialogWrapper"}}
{"session":"a00d20d1767d","build":"183.6156.11","bucket":"-1","time":1559379095176,"group":{"id":"ui.dialogs","version":"9"},"event":{"count":1,"data":{"created":1559379095176,"type":"show"},"id":"com.intellij.openapi.ui.messages.MessageDialog"}}
{"session":"a00d20d1767d","build":"183.6156.11","bucket":"-1","time":1559379096681,"group":{"id":"ui.dialogs","version":"9"},"event":{"count":1,"data":{"code":0,"created":1559379096681,"type":"close"},"id":"com.intellij.openapi.vcs.changes.ui.CommitChangeListDialog"}}
{"session":"a00d20d1767d","build":"183.6156.11","bucket":"-1","time":1559379096977,"group":{"id":"statistics.lifecycle.app","version":"9"},"event":{"count":1,"data":{"created":1559379096977,"data_2":"mappingFailed:false","data_1":"OOM:false","data_3":"pluginId:com.intellij.spring.boot"},"id":"ide.error"}}
{"session":"a00d20d1767d","build":"183.6156.11","bucket":"-1","time":1559379103809,"group":{"id":"ui.dialogs","version":"9"},"event":{"count":1,"data":{"created":1559379103809,"type":"show"},"id":"git4idea.checkin.GitPushAfterCommitDialog"}}
{"session":"a00d20d1767d","build":"183.6156.11","bucket":"-1","time":1559379136502,"group":{"id":"ui.dialogs","version":"9"},"event":{"count":1,"data":{"code":0,"created":1559379136502,"type":"close"},"id":"git4idea.checkin.GitPushAfterCommitDialog"}}
{"session":"a00d20d1767d","build":"183.6156.11","bucket":"-1","time":1559379136933,"group":{"id":"statistics.lifecycle.app","version":"9"},"event":{"count":1,"data":{"created":1559379136933,"data_2":"mappingFailed:false","data_1":"OOM:false","data_3":"pluginId:com.intellij.spring.boot"},"id":"ide.error"}}
{"session":"a00d20d1767d","build":"183.6156.11","bucket":"-1","time":1559379186211,"group":{"id":"statistics.lifecycle.app","version":"9"},"event":{"count":1,"data":{"created":1559379186211,"data_2":"mappingFailed:false","data_1":"OOM:false","data_3":"pluginId:com.intellij.spring.boot"},"id":"ide.error"}}
{"session":"a00d20d1767d","build":"183.6156.11","bucket":"-1","time":1559396423165,"group":{"id":"ui.dialogs","version":"9"},"event":{"count":2,"data":{"last":1559396426215,"created":1559396423175,"type":"show"},"id":"com.intellij.openapi.ui.messages.MessageDialog"}}
{"session":"a00d20d1767d","build":"183.6156.11","bucket":"-1","time":1559396428285,"group":{"id":"ui.dialogs","version":"9"},"event":{"count":1,"data":{"created":1559396428285,"type":"show"},"id":"com.intellij.openapi.progress.util.ProgressDialog$MyDialogWrapper"}}
{"session":"a00d20d1767d","build":"183.6156.11","bucket":"-1","time":1559396429211,"group":{"id":"ui.dialogs","version":"9"},"event":{"count":1,"data":{"code":1,"created":1559396429211,"type":"close"},"id":"com.intellij.openapi.progress.util.ProgressDialog$MyDialogWrapper"}}
{"session":"a00d20d1767d","build":"183.6156.11","bucket":"-1","time":1559396429545,"group":{"id":"ui.dialogs","version":"9"},"event":{"count":1,"data":{"created":1559396429545,"type":"show"},"id":"com.intellij.openapi.progress.util.ProgressDialog$MyDialogWrapper"}}
{"session":"a00d20d1767d","build":"183.6156.11","bucket":"-1","time":1559396432366,"group":{"id":"statistics.lifecycle.app","version":"9"},"event":{"count":1,"data":{"created":1559396432366},"id":"ide.close"}}
{"session":"a00d20d1767d","build":"183.6156.11","bucket":"-1","time":1559396432371,"group":{"id":"lifecycle","version":"9"},"event":{"count":1,"data":{"restart":false,"created":1559396432371},"id":"app.closed"}}
{"session":"a00d20d1767d","build":"183.6156.11","bucket":"-1","time":1559396433405,"group":{"id":"statistics.lifecycle.project","version":"9"},"event":{"count":1,"data":{"created":1559396433405,"project":"1248437051"},"id":"project.closed"}}
{"session":"a00d20d1767d","build":"183.6156.11","bucket":"-1","time":1559396434760,"group":{"id":"lifecycle","version":"9"},"event":{"count":1,"data":{"created":1559396434760},"id":"project.closed"}}
