{"session":"bd073c8f7473","build":"183.6156.11","bucket":"-1","time":1563335565388,"group":{"id":"system.os.name","version":"9"},"event":{"data":{"created":1563335565389},"id":"Windows"}}
{"session":"bd073c8f7473","build":"183.6156.11","bucket":"-1","time":1563335565389,"group":{"id":"system.os.version","version":"9"},"event":{"data":{"created":1563335565446},"id":"10.0"}}
{"session":"bd073c8f7473","build":"183.6156.11","bucket":"-1","time":1563335565389,"group":{"id":"system.jvm.vendor","version":"9"},"event":{"data":{"created":1563335565459},"id":"JetBrains_s.r.o"}}
{"session":"bd073c8f7473","build":"183.6156.11","bucket":"-1","time":1563335565389,"group":{"id":"system.jvm.version","version":"9"},"event":{"data":{"created":1563335565461},"id":"1.8"}}
{"session":"bd073c8f7473","build":"183.6156.11","bucket":"-1","time":1563335565478,"group":{"id":"settings","version":"9"},"event":{"data":{"created":1563335565478,"name":"activeMruEditorOnClose","value":false},"id":"UISettings"}}
{"session":"bd073c8f7473","build":"183.6156.11","bucket":"-1","time":1563335565478,"group":{"id":"settings","version":"9"},"event":{"data":{"created":1563335565478,"name":"activeRightEditorOnClose","value":false},"id":"UISettings"}}
{"session":"bd073c8f7473","build":"183.6156.11","bucket":"-1","time":1563335565478,"group":{"id":"settings","version":"9"},"event":{"data":{"created":1563335565479,"name":"allowMergeButtons","value":true},"id":"UISettings"}}
{"session":"bd073c8f7473","build":"183.6156.11","bucket":"-1","time":1563335565478,"group":{"id":"settings","version":"9"},"event":{"data":{"created":1563335565480,"name":"alwaysShowWindowsButton","value":false},"id":"UISettings"}}
{"session":"bd073c8f7473","build":"183.6156.11","bucket":"-1","time":1563335565478,"group":{"id":"settings","version":"9"},"event":{"data":{"created":1563335565480,"name":"animateWindows","value":true},"id":"UISettings"}}
{"session":"bd073c8f7473","build":"183.6156.11","bucket":"-1","time":1563335565478,"group":{"id":"settings","version":"9"},"event":{"data":{"created":1563335565480,"name":"closeNonModifiedFilesFirst","value":false},"id":"UISettings"}}
{"session":"bd073c8f7473","build":"183.6156.11","bucket":"-1","time":1563335565478,"group":{"id":"settings","version":"9"},"event":{"data":{"created":1563335565481,"name":"closeTabButtonOnTheRight","value":true},"id":"UISettings"}}
{"session":"bd073c8f7473","build":"183.6156.11","bucket":"-1","time":1563335565478,"group":{"id":"settings","version":"9"},"event":{"data":{"created":1563335565481,"name":"cycleScrolling","value":true},"id":"UISettings"}}
{"session":"bd073c8f7473","build":"183.6156.11","bucket":"-1","time":1563335565478,"group":{"id":"settings","version":"9"},"event":{"data":{"created":1563335565482,"name":"defaultAutoScrollToSource","value":false},"id":"UISettings"}}
{"session":"bd073c8f7473","build":"183.6156.11","bucket":"-1","time":1563335565478,"group":{"id":"settings","version":"9"},"event":{"data":{"created":1563335565482,"name":"disableMnemonics","value":false},"id":"UISettings"}}
{"session":"bd073c8f7473","build":"183.6156.11","bucket":"-1","time":1563335565478,"group":{"id":"settings","version":"9"},"event":{"data":{"created":1563335565483,"name":"disableMnemonicsInControls","value":false},"id":"UISettings"}}
{"session":"bd073c8f7473","build":"183.6156.11","bucket":"-1","time":1563335565478,"group":{"id":"settings","version":"9"},"event":{"data":{"created":1563335565484,"name":"dndWithPressedAltOnly","value":false},"id":"UISettings"}}
{"session":"bd073c8f7473","build":"183.6156.11","bucket":"-1","time":1563335565478,"group":{"id":"settings","version":"9"},"event":{"data":{"created":1563335565484,"name":"enableAlphaMode","value":false},"id":"UISettings"}}
{"session":"bd073c8f7473","build":"183.6156.11","bucket":"-1","time":1563335565478,"group":{"id":"settings","version":"9"},"event":{"data":{"created":1563335565485,"name":"hideKnownExtensionInTabs","value":false},"id":"UISettings"}}
{"session":"bd073c8f7473","build":"183.6156.11","bucket":"-1","time":1563335565478,"group":{"id":"settings","version":"9"},"event":{"data":{"created":1563335565485,"name":"hideNavigationOnFocusLoss","value":true},"id":"UISettings"}}
{"session":"bd073c8f7473","build":"183.6156.11","bucket":"-1","time":1563335565478,"group":{"id":"settings","version":"9"},"event":{"data":{"created":1563335565486,"name":"hideTabsIfNeed","value":true},"id":"UISettings"}}
{"session":"bd073c8f7473","build":"183.6156.11","bucket":"-1","time":1563335565478,"group":{"id":"settings","version":"9"},"event":{"data":{"created":1563335565486,"name":"hideToolStripes","value":false},"id":"UISettings"}}
{"session":"bd073c8f7473","build":"183.6156.11","bucket":"-1","time":1563335565478,"group":{"id":"settings","version":"9"},"event":{"data":{"created":1563335565486,"name":"leftHorizontalSplit","value":false},"id":"UISettings"}}
{"session":"bd073c8f7473","build":"183.6156.11","bucket":"-1","time":1563335565478,"group":{"id":"settings","version":"9"},"event":{"data":{"created":1563335565486,"name":"markModifiedTabsWithAsterisk","value":false},"id":"UISettings"}}
{"session":"bd073c8f7473","build":"183.6156.11","bucket":"-1","time":1563335565478,"group":{"id":"settings","version":"9"},"event":{"data":{"created":1563335565487,"name":"mergeEqualStackTraces","value":true},"id":"UISettings"}}
{"session":"bd073c8f7473","build":"183.6156.11","bucket":"-1","time":1563335565478,"group":{"id":"settings","version":"9"},"event":{"data":{"created":1563335565487,"name":"moveMouseOnDefaultButton","value":false},"id":"UISettings"}}
{"session":"bd073c8f7473","build":"183.6156.11","bucket":"-1","time":1563335565478,"group":{"id":"settings","version":"9"},"event":{"data":{"created":1563335565487,"name":"navigateToPreview","value":false},"id":"UISettings"}}
{"session":"bd073c8f7473","build":"183.6156.11","bucket":"-1","time":1563335565478,"group":{"id":"settings","version":"9"},"event":{"data":{"created":1563335565488,"name":"overrideConsoleCycleBufferSize","value":false},"id":"UISettings"}}
{"session":"bd073c8f7473","build":"183.6156.11","bucket":"-1","time":1563335565478,"group":{"id":"settings","version":"9"},"event":{"data":{"default":false,"created":1563335565489,"name":"overrideLafFonts","value":true},"id":"UISettings"}}
{"session":"bd073c8f7473","build":"183.6156.11","bucket":"-1","time":1563335565478,"group":{"id":"settings","version":"9"},"event":{"data":{"created":1563335565489,"name":"pinFindInPath","value":false},"id":"UISettings"}}
{"session":"bd073c8f7473","build":"183.6156.11","bucket":"-1","time":1563335565478,"group":{"id":"settings","version":"9"},"event":{"data":{"created":1563335565490,"name":"presentationMode","value":false},"id":"UISettings"}}
{"session":"bd073c8f7473","build":"183.6156.11","bucket":"-1","time":1563335565478,"group":{"id":"settings","version":"9"},"event":{"data":{"created":1563335565490,"name":"reuseNotModifiedTabs","value":false},"id":"UISettings"}}
{"session":"bd073c8f7473","build":"183.6156.11","bucket":"-1","time":1563335565478,"group":{"id":"settings","version":"9"},"event":{"data":{"created":1563335565490,"name":"rightHorizontalSplit","value":false},"id":"UISettings"}}
{"session":"bd073c8f7473","build":"183.6156.11","bucket":"-1","time":1563335565478,"group":{"id":"settings","version":"9"},"event":{"data":{"created":1563335565491,"name":"scrollTabLayoutInEditor","value":true},"id":"UISettings"}}
{"session":"bd073c8f7473","build":"183.6156.11","bucket":"-1","time":1563335565478,"group":{"id":"settings","version":"9"},"event":{"data":{"created":1563335565491,"name":"showCloseButton","value":true},"id":"UISettings"}}
{"session":"bd073c8f7473","build":"183.6156.11","bucket":"-1","time":1563335565478,"group":{"id":"settings","version":"9"},"event":{"data":{"created":1563335565492,"name":"showDirectoryForNonUniqueFilenames","value":true},"id":"UISettings"}}
{"session":"bd073c8f7473","build":"183.6156.11","bucket":"-1","time":1563335565478,"group":{"id":"settings","version":"9"},"event":{"data":{"created":1563335565492,"name":"showEditorToolTip","value":true},"id":"UISettings"}}
{"session":"bd073c8f7473","build":"183.6156.11","bucket":"-1","time":1563335565478,"group":{"id":"settings","version":"9"},"event":{"data":{"created":1563335565493,"name":"showIconInQuickNavigation","value":true},"id":"UISettings"}}
{"session":"bd073c8f7473","build":"183.6156.11","bucket":"-1","time":1563335565478,"group":{"id":"settings","version":"9"},"event":{"data":{"created":1563335565493,"name":"showIconsInMenus","value":true},"id":"UISettings"}}
{"session":"bd073c8f7473","build":"183.6156.11","bucket":"-1","time":1563335565478,"group":{"id":"settings","version":"9"},"event":{"data":{"default":false,"created":1563335565494,"name":"showMainToolbar","value":true},"id":"UISettings"}}
{"session":"bd073c8f7473","build":"183.6156.11","bucket":"-1","time":1563335565478,"group":{"id":"settings","version":"9"},"event":{"data":{"created":1563335565494,"name":"showMemoryIndicator","value":false},"id":"UISettings"}}
{"session":"bd073c8f7473","build":"183.6156.11","bucket":"-1","time":1563335565478,"group":{"id":"settings","version":"9"},"event":{"data":{"created":1563335565495,"name":"showNavigationBar","value":true},"id":"UISettings"}}
{"session":"bd073c8f7473","build":"183.6156.11","bucket":"-1","time":1563335565478,"group":{"id":"settings","version":"9"},"event":{"data":{"created":1563335565495,"name":"showStatusBar","value":true},"id":"UISettings"}}
{"session":"bd073c8f7473","build":"183.6156.11","bucket":"-1","time":1563335565478,"group":{"id":"settings","version":"9"},"event":{"data":{"created":1563335565496,"name":"showTabsTooltips","value":true},"id":"UISettings"}}
{"session":"bd073c8f7473","build":"183.6156.11","bucket":"-1","time":1563335565478,"group":{"id":"settings","version":"9"},"event":{"data":{"created":1563335565496,"name":"showToolWindowsNumbers","value":true},"id":"UISettings"}}
{"session":"bd073c8f7473","build":"183.6156.11","bucket":"-1","time":1563335565478,"group":{"id":"settings","version":"9"},"event":{"data":{"created":1563335565497,"name":"smoothScrolling","value":false},"id":"UISettings"}}
{"session":"bd073c8f7473","build":"183.6156.11","bucket":"-1","time":1563335565478,"group":{"id":"settings","version":"9"},"event":{"data":{"created":1563335565497,"name":"sortBookmarks","value":false},"id":"UISettings"}}
{"session":"bd073c8f7473","build":"183.6156.11","bucket":"-1","time":1563335565478,"group":{"id":"settings","version":"9"},"event":{"data":{"default":false,"created":1563335565497,"name":"sortLookupElementsLexicographically","value":true},"id":"UISettings"}}
{"session":"bd073c8f7473","build":"183.6156.11","bucket":"-1","time":1563335565478,"group":{"id":"settings","version":"9"},"event":{"data":{"created":1563335565498,"name":"useSmallLabelsOnTabs","value":false},"id":"UISettings"}}
{"session":"bd073c8f7473","build":"183.6156.11","bucket":"-1","time":1563335565478,"group":{"id":"settings","version":"9"},"event":{"data":{"created":1563335565498,"name":"wideScreenSupport","value":false},"id":"UISettings"}}
{"session":"bd073c8f7473","build":"183.6156.11","bucket":"-1","time":1563335569443,"group":{"id":"settings","version":"9"},"event":{"data":{"created":1563335569443,"name":"autoSaveIfInactive","value":false},"id":"GeneralSettings"}}
{"session":"bd073c8f7473","build":"183.6156.11","bucket":"-1","time":1563335569443,"group":{"id":"settings","version":"9"},"event":{"data":{"created":1563335569444,"name":"confirmExit","value":true},"id":"GeneralSettings"}}
{"session":"bd073c8f7473","build":"183.6156.11","bucket":"-1","time":1563335569443,"group":{"id":"settings","version":"9"},"event":{"data":{"created":1563335569444,"name":"reopenLastProject","value":true},"id":"GeneralSettings"}}
{"session":"bd073c8f7473","build":"183.6156.11","bucket":"-1","time":1563335569443,"group":{"id":"settings","version":"9"},"event":{"data":{"created":1563335569444,"name":"saveOnFrameDeactivation","value":true},"id":"GeneralSettings"}}
{"session":"bd073c8f7473","build":"183.6156.11","bucket":"-1","time":1563335569443,"group":{"id":"settings","version":"9"},"event":{"data":{"created":1563335569444,"name":"searchInBackground","value":false},"id":"GeneralSettings"}}
{"session":"bd073c8f7473","build":"183.6156.11","bucket":"-1","time":1563335569443,"group":{"id":"settings","version":"9"},"event":{"data":{"default":false,"created":1563335569444,"name":"showTipsOnStartup","value":false},"id":"GeneralSettings"}}
{"session":"bd073c8f7473","build":"183.6156.11","bucket":"-1","time":1563335569443,"group":{"id":"settings","version":"9"},"event":{"data":{"created":1563335569444,"name":"showWelcomeScreen","value":true},"id":"GeneralSettings"}}
{"session":"bd073c8f7473","build":"183.6156.11","bucket":"-1","time":1563335569443,"group":{"id":"settings","version":"9"},"event":{"data":{"created":1563335569444,"name":"supportScreenReaders","value":false},"id":"GeneralSettings"}}
{"session":"bd073c8f7473","build":"183.6156.11","bucket":"-1","time":1563335569443,"group":{"id":"settings","version":"9"},"event":{"data":{"created":1563335569444,"name":"syncOnFrameActivation","value":true},"id":"GeneralSettings"}}
{"session":"bd073c8f7473","build":"183.6156.11","bucket":"-1","time":1563335569444,"group":{"id":"settings","version":"9"},"event":{"data":{"created":1563335569444,"name":"useDefaultBrowser","value":true},"id":"GeneralSettings"}}
{"session":"bd073c8f7473","build":"183.6156.11","bucket":"-1","time":1563335569444,"group":{"id":"settings","version":"9"},"event":{"data":{"created":1563335569445,"name":"useSafeWrite","value":true},"id":"GeneralSettings"}}
{"session":"bd073c8f7473","build":"183.6156.11","bucket":"-1","time":1563335596775,"group":{"id":"ui.dialogs","version":"9"},"event":{"count":1,"data":{"created":1563335596775,"type":"show"},"id":"com.intellij.openapi.progress.util.ProgressDialog$MyDialogWrapper"}}
{"session":"bd073c8f7473","build":"183.6156.11","bucket":"-1","time":1563335597219,"group":{"id":"statistics.lifecycle.app","version":"9"},"event":{"count":1,"data":{"created":1563335597219,"data_2":"20+","data_1":"timeSecondsGrouped"},"id":"ide.freeze"}}
{"session":"bd073c8f7473","build":"183.6156.11","bucket":"-1","time":1563335597242,"group":{"id":"lifecycle","version":"9"},"event":{"count":1,"data":{"durationSeconds":28,"created":1563335597242},"id":"ide.freeze"}}
{"session":"bd073c8f7473","build":"183.6156.11","bucket":"-1","time":1563335614453,"group":{"id":"ui.dialogs","version":"9"},"event":{"count":1,"data":{"code":1,"created":1563335614453,"type":"close"},"id":"com.intellij.openapi.progress.util.ProgressDialog$MyDialogWrapper"}}
{"session":"bd073c8f7473","build":"183.6156.11","bucket":"-1","time":1563335614763,"group":{"id":"statistics.lifecycle.project","version":"9"},"event":{"count":1,"data":{"created":1563335614763,"project":"-1793532514"},"id":"project.opened"}}
{"session":"bd073c8f7473","build":"183.6156.11","bucket":"-1","time":1563335614763,"group":{"id":"lifecycle","version":"9"},"event":{"count":1,"data":{"created":1563335614763},"id":"project.opened"}}
{"session":"bd073c8f7473","build":"183.6156.11","bucket":"-1","time":1563335623166,"group":{"id":"ui.dialogs","version":"9"},"event":{"count":1,"data":{"created":1563335623166,"type":"show"},"id":"com.intellij.openapi.progress.util.ProgressDialog$MyDialogWrapper"}}
{"session":"bd073c8f7473","build":"183.6156.11","bucket":"-1","time":1563335623279,"group":{"id":"statistics.lifecycle.app","version":"9"},"event":{"count":1,"data":{"created":1563335623279,"data_2":"9","data_1":"timeSecondsGrouped"},"id":"ide.freeze"}}
{"session":"bd073c8f7473","build":"183.6156.11","bucket":"-1","time":1563335623279,"group":{"id":"lifecycle","version":"9"},"event":{"count":1,"data":{"durationSeconds":9,"created":1563335623280},"id":"ide.freeze"}}
{"session":"bd073c8f7473","build":"183.6156.11","bucket":"-1","time":1563335637744,"group":{"id":"statistics.lifecycle.app","version":"9"},"event":{"count":1,"data":{"created":1563335637744},"id":"ide.start"}}
{"session":"bd073c8f7473","build":"183.6156.11","bucket":"-1","time":1563335637744,"group":{"id":"lifecycle","version":"9"},"event":{"count":1,"data":{"created":1563335637744},"id":"app.started"}}
{"session":"bd073c8f7473","build":"183.6156.11","bucket":"-1","time":1563335641953,"group":{"id":"ui.dialogs","version":"9"},"event":{"count":1,"data":{"code":1,"created":1563335641953,"type":"close"},"id":"com.intellij.openapi.progress.util.ProgressDialog$MyDialogWrapper"}}
{"session":"bd073c8f7473","build":"183.6156.11","bucket":"-1","time":1563335642409,"group":{"id":"statistics.lifecycle.project","version":"9"},"event":{"count":1,"data":{"created":1563335642410,"project":"-1793532514"},"id":"project.open.time.47"}}
{"session":"bd073c8f7473","build":"183.6156.11","bucket":"-1","time":1563335642410,"group":{"id":"lifecycle","version":"9"},"event":{"count":1,"data":{"created":1563335642410,"time.ms":47246},"id":"project.opening.finished"}}
{"session":"bd073c8f7473","build":"183.6156.11","bucket":"-1","time":1563335648582,"group":{"id":"toolwindow.v2","version":"9"},"event":{"count":1,"data":{"created":1563335648582,"data_1":"Windows"},"id":"Project_by_Activation"}}
{"session":"bd073c8f7473","build":"183.6156.11","bucket":"-1","time":1563335662581,"group":{"id":"statistics.actions.main.menu.v2","version":"9"},"event":{"count":1,"data":{"created":1563335662581,"data_1":"Windows"},"id":"File_->_New_->_Module..."}}
{"session":"bd073c8f7473","build":"183.6156.11","bucket":"-1","time":1563335662595,"group":{"id":"actions.v2","version":"9"},"event":{"count":1,"data":{"context_menu":true,"created":1563335662596,"place":"MainMenu","data_1":"Windows"},"id":"NewModule"}}
{"session":"bd073c8f7473","build":"183.6156.11","bucket":"-1","time":1563335663945,"group":{"id":"ui.dialogs","version":"9"},"event":{"count":1,"data":{"created":1563335663945,"type":"show"},"id":"com.intellij.ide.projectWizard.NewProjectWizard"}}
{"session":"bd073c8f7473","build":"183.6156.11","bucket":"-1","time":1563335675750,"group":{"id":"actions.v2","version":"9"},"event":{"count":14,"data":{"context_menu":false,"last":1563335686391,"created":1563335675750,"data_1":"Windows","input_event":"Backspace"},"id":"EditorBackSpace"}}
{"session":"bd073c8f7473","build":"183.6156.11","bucket":"-1","time":1563335706613,"group":{"id":"ui.dialogs","version":"9"},"event":{"count":1,"data":{"code":0,"created":1563335706613,"type":"close"},"id":"com.intellij.ide.projectWizard.NewProjectWizard"}}
{"session":"bd073c8f7473","build":"183.6156.11","bucket":"-1","time":1563335707961,"group":{"id":"ui.dialogs","version":"9"},"event":{"count":1,"data":{"created":1563335707961,"type":"show"},"id":"com.intellij.openapi.progress.util.ProgressDialog$MyDialogWrapper"}}
{"session":"bd073c8f7473","build":"183.6156.11","bucket":"-1","time":1563335709801,"group":{"id":"ui.dialogs","version":"9"},"event":{"count":1,"data":{"code":1,"created":1563335709801,"type":"close"},"id":"com.intellij.openapi.progress.util.ProgressDialog$MyDialogWrapper"}}
{"session":"bd073c8f7473","build":"183.6156.11","bucket":"-1","time":1563335720478,"group":{"id":"statistics.file.types.open","version":"9"},"event":{"count":1,"data":{"created":1563335720478,"project":"-1793532514"},"id":"PLAIN_TEXT"}}
{"session":"bd073c8f7473","build":"183.6156.11","bucket":"-1","time":1563335732371,"group":{"id":"actions.v2","version":"9"},"event":{"count":1,"data":{"context_menu":false,"created":1563335732371,"data_1":"Windows","input_event":"Delete"},"id":"$Delete"}}
{"session":"bd073c8f7473","build":"183.6156.11","bucket":"-1","time":1563335732400,"group":{"id":"ui.dialogs","version":"9"},"event":{"count":1,"data":{"created":1563335732400,"type":"show"},"id":"com.intellij.openapi.ui.messages.MessageDialog"}}
{"session":"bd073c8f7473","build":"183.6156.11","bucket":"-1","time":1563335744649,"group":{"id":"statistics.file.types.open","version":"9"},"event":{"count":1,"data":{"created":1563335744649,"project":"-1793532514"},"id":"Markdown"}}
{"session":"bd073c8f7473","build":"183.6156.11","bucket":"-1","time":1563335750381,"group":{"id":"actions.v2","version":"9"},"event":{"count":1,"data":{"context_menu":false,"created":1563335750381,"data_1":"Windows","input_event":"Ctrl+Shift+W"},"id":"CloseAllEditors"}}
{"session":"bd073c8f7473","build":"183.6156.11","bucket":"-1","time":1563335750505,"group":{"id":"toolwindow.v2","version":"9"},"event":{"count":2,"data":{"last":1563335750507,"created":1563335750505,"data_1":"Windows"},"id":"Project_by_Activation"}}
{"session":"bd073c8f7473","build":"183.6156.11","bucket":"-1","time":1563335751757,"group":{"id":"statistics.file.types.open","version":"9"},"event":{"count":1,"data":{"created":1563335751757,"project":"-1793532514"},"id":"Markdown"}}
{"session":"bd073c8f7473","build":"183.6156.11","bucket":"-1","time":1563335754371,"group":{"id":"actions.v2","version":"9"},"event":{"count":1,"data":{"context_menu":false,"created":1563335754371,"data_1":"Windows","input_event":"F2"},"id":"RenameElement"}}
{"session":"bd073c8f7473","build":"183.6156.11","bucket":"-1","time":1563335754813,"group":{"id":"statistics.productivity","version":"9"},"event":{"count":1,"data":{"created":1563335754813},"id":"refactoring.rename"}}
{"session":"bd073c8f7473","build":"183.6156.11","bucket":"-1","time":1563335755100,"group":{"id":"ui.dialogs","version":"9"},"event":{"count":1,"data":{"created":1563335755100,"type":"show"},"id":"com.intellij.refactoring.rename.RenamePsiFileProcessor$PsiFileRenameDialog"}}
{"session":"bd073c8f7473","build":"183.6156.11","bucket":"-1","time":1563335757536,"group":{"id":"actions.v2","version":"9"},"event":{"count":4,"data":{"context_menu":false,"last":1563335757989,"created":1563335757536,"data_1":"Windows","input_event":"Backspace"},"id":"EditorBackSpace"}}
{"session":"bd073c8f7473","build":"183.6156.11","bucket":"-1","time":1563335781245,"group":{"id":"actions.v2","version":"9"},"event":{"count":3,"data":{"context_menu":false,"last":1563335781630,"created":1563335781245,"data_1":"Windows","input_event":"Backspace"},"id":"EditorBackSpace"}}
{"session":"bd073c8f7473","build":"183.6156.11","bucket":"-1","time":1563335782806,"group":{"id":"actions.v2","version":"9"},"event":{"count":2,"data":{"context_menu":false,"last":1563335782950,"created":1563335782806,"data_1":"Windows","input_event":"Shift+Backspace"},"id":"EditorBackSpace"}}
{"session":"bd073c8f7473","build":"183.6156.11","bucket":"-1","time":1563335785358,"group":{"id":"ui.dialogs","version":"9"},"event":{"count":1,"data":{"created":1563335785358,"type":"show"},"id":"com.intellij.openapi.progress.util.ProgressDialog$MyDialogWrapper"}}
{"session":"bd073c8f7473","build":"183.6156.11","bucket":"-1","time":1563335785558,"group":{"id":"ui.dialogs","version":"9"},"event":{"count":1,"data":{"code":1,"created":1563335785558,"type":"close"},"id":"com.intellij.openapi.progress.util.ProgressDialog$MyDialogWrapper"}}
{"session":"bd073c8f7473","build":"183.6156.11","bucket":"-1","time":1563335785591,"group":{"id":"ui.dialogs","version":"9"},"event":{"count":1,"data":{"code":0,"created":1563335785592,"type":"close"},"id":"com.intellij.refactoring.rename.RenamePsiFileProcessor$PsiFileRenameDialog"}}
{"session":"bd073c8f7473","build":"183.6156.11","bucket":"-1","time":1563335790580,"group":{"id":"toolwindow.v2","version":"9"},"event":{"count":1,"data":{"created":1563335790580,"data_1":"Windows"},"id":"Project_by_Activation"}}
{"session":"bd073c8f7473","build":"183.6156.11","bucket":"-1","time":1563335791729,"group":{"id":"statistics.file.types.open","version":"9"},"event":{"count":1,"data":{"created":1563335791729,"project":"-1793532514"},"id":"Markdown"}}
{"session":"bd073c8f7473","build":"183.6156.11","bucket":"-1","time":1563335799740,"group":{"id":"actions.v2","version":"9"},"event":{"count":1,"data":{"context_menu":false,"created":1563335799740,"data_1":"Windows"},"id":"org.intellij.plugins.markdown.ui.actions.editorLayout.EditorOnlyLayoutChangeAction"}}
{"session":"bd073c8f7473","build":"183.6156.11","bucket":"-1","time":1563335799745,"group":{"id":"statistics.ui.toolbar.clicks","version":"9"},"event":{"count":1,"data":{"created":1563335799745,"data_1":"Windows"},"id":"org.intellij.plugins.markdown.ui.actions.editorLayout.EditorOnlyLayoutChangeAction@EditorToolbar"}}
{"session":"bd073c8f7473","build":"183.6156.11","bucket":"-1","time":1563335806412,"group":{"id":"actions.v2","version":"9"},"event":{"count":2,"data":{"context_menu":false,"last":1563335806897,"created":1563335806412,"data_1":"Windows","input_event":"Ctrl+Shift+Close_Bracket"},"id":"EditorCodeBlockEndWithSelection"}}
{"session":"bd073c8f7473","build":"183.6156.11","bucket":"-1","time":1563335924013,"group":{"id":"actions.v2","version":"9"},"event":{"count":1,"data":{"context_menu":false,"created":1563335924013,"data_1":"Windows","input_event":"Ctrl+A"},"id":"$SelectAll"}}
{"session":"bd073c8f7473","build":"183.6156.11","bucket":"-1","time":1563335924344,"group":{"id":"actions.v2","version":"9"},"event":{"count":1,"data":{"context_menu":false,"created":1563335924344,"data_1":"Windows","input_event":"Ctrl+V"},"id":"EditorPaste"}}
{"session":"bd073c8f7473","build":"183.6156.11","bucket":"-1","time":1563335931733,"group":{"id":"statistics.file.types.open","version":"9"},"event":{"count":1,"data":{"created":1563335931733,"project":"-1793532514"},"id":"JAVA"}}
{"session":"bd073c8f7473","build":"183.6156.11","bucket":"-1","time":1563335939552,"group":{"id":"statistics.file.types.open","version":"9"},"event":{"count":2,"data":{"last":1563335947049,"created":1563335939552,"project":"-1793532514"},"id":"XML"}}
{"session":"bd073c8f7473","build":"183.6156.11","bucket":"-1","time":1563335955026,"group":{"id":"statistics.productivity","version":"9"},"event":{"count":1,"data":{"created":1563335955026},"id":"editing.select.word"}}
{"session":"bd073c8f7473","build":"183.6156.11","bucket":"-1","time":1563335956278,"group":{"id":"actions.v2","version":"9"},"event":{"count":2,"data":{"context_menu":false,"last":1563335956461,"created":1563335956278,"data_1":"Windows","input_event":"Backspace"},"id":"EditorBackSpace"}}
{"session":"bd073c8f7473","build":"183.6156.11","bucket":"-1","time":1563335958197,"group":{"id":"actions.v2","version":"9"},"event":{"count":1,"data":{"context_menu":false,"created":1563335958197,"data_1":"Windows","input_event":"Alt+Enter"},"id":"ShowIntentionActions"}}
{"session":"bd073c8f7473","build":"183.6156.11","bucket":"-1","time":1563335959064,"group":{"id":"statistics.actions.intentions","version":"9"},"event":{"count":1,"data":{"created":1563335959064,"data_1":"Windows"},"id":"JAVA_codeInspection.MoveToPackageFix"}}
{"session":"bd073c8f7473","build":"183.6156.11","bucket":"-1","time":1563335959154,"group":{"id":"ui.dialogs","version":"9"},"event":{"count":1,"data":{"created":1563335959154,"type":"show"},"id":"com.intellij.ide.util.DirectoryChooser"}}
{"session":"bd073c8f7473","build":"183.6156.11","bucket":"-1","time":1563335959719,"group":{"id":"ui.dialogs","version":"9"},"event":{"count":1,"data":{"code":0,"created":1563335959719,"type":"close"},"id":"com.intellij.ide.util.DirectoryChooser"}}
{"session":"bd073c8f7473","build":"183.6156.11","bucket":"-1","time":1563335965603,"group":{"id":"actions.v2","version":"9"},"event":{"count":1,"data":{"context_menu":false,"created":1563335965603,"data_1":"Windows","input_event":"Delete"},"id":"$Delete"}}
{"session":"bd073c8f7473","build":"183.6156.11","bucket":"-1","time":1563335965607,"group":{"id":"ui.dialogs","version":"9"},"event":{"count":1,"data":{"created":1563335965607,"type":"show"},"id":"com.intellij.openapi.ui.messages.MessageDialog"}}
{"session":"bd073c8f7473","build":"183.6156.11","bucket":"-1","time":1563335969068,"group":{"id":"actions.v2","version":"9"},"event":{"count":1,"data":{"context_menu":false,"created":1563335969068,"data_1":"Windows","input_event":"Ctrl+N"},"id":"NewElement"}}
{"session":"bd073c8f7473","build":"183.6156.11","bucket":"-1","time":1563335971104,"group":{"id":"actions.v2","version":"9"},"event":{"count":1,"data":{"context_menu":false,"created":1563335971104,"data_1":"Windows"},"id":"NewDir"}}
{"session":"bd073c8f7473","build":"183.6156.11","bucket":"-1","time":1563335971109,"group":{"id":"ui.dialogs","version":"9"},"event":{"count":1,"data":{"created":1563335971109,"type":"show"},"id":"com.intellij.openapi.ui.Messages$InputDialog"}}
{"session":"bd073c8f7473","build":"183.6156.11","bucket":"-1","time":1563335973965,"group":{"id":"actions.v2","version":"9"},"event":{"count":1,"data":{"context_menu":false,"created":1563335973965,"data_1":"Windows"},"id":"DialogOkAction_Enter"}}
{"session":"bd073c8f7473","build":"183.6156.11","bucket":"-1","time":1563335973973,"group":{"id":"ui.dialogs","version":"9"},"event":{"count":1,"data":{"code":0,"created":1563335973973,"type":"close"},"id":"com.intellij.openapi.ui.Messages$InputDialog"}}
{"session":"bd073c8f7473","build":"183.6156.11","bucket":"-1","time":1563335975203,"group":{"id":"actions.v2","version":"9"},"event":{"count":1,"data":{"context_menu":false,"created":1563335975203,"data_1":"Windows","input_event":"Ctrl+N"},"id":"NewElement"}}
{"session":"bd073c8f7473","build":"183.6156.11","bucket":"-1","time":1563335975757,"group":{"id":"actions.v2","version":"9"},"event":{"count":1,"data":{"context_menu":false,"created":1563335975757,"data_1":"Windows"},"id":"NewClass"}}
{"session":"bd073c8f7473","build":"183.6156.11","bucket":"-1","time":1563335975770,"group":{"id":"ui.dialogs","version":"9"},"event":{"count":1,"data":{"created":1563335975770,"type":"show"},"id":"com.intellij.ide.actions.CreateFileFromTemplateDialog"}}
{"session":"bd073c8f7473","build":"183.6156.11","bucket":"-1","time":1563335979375,"group":{"id":"actions.v2","version":"9"},"event":{"count":1,"data":{"context_menu":false,"created":1563335979375,"data_1":"Windows"},"id":"DialogOkAction_Enter"}}
{"session":"bd073c8f7473","build":"183.6156.11","bucket":"-1","time":1563335980120,"group":{"id":"ui.dialogs","version":"9"},"event":{"count":1,"data":{"code":0,"created":1563335980120,"type":"close"},"id":"com.intellij.ide.fileTemplates.ui.CreateFromTemplateDialog"}}
{"session":"bd073c8f7473","build":"183.6156.11","bucket":"-1","time":1563335980124,"group":{"id":"ui.dialogs","version":"9"},"event":{"count":1,"data":{"code":0,"created":1563335980124,"type":"close"},"id":"com.intellij.ide.actions.CreateFileFromTemplateDialog"}}
{"session":"bd073c8f7473","build":"183.6156.11","bucket":"-1","time":1563335980172,"group":{"id":"statistics.file.types.open","version":"9"},"event":{"count":1,"data":{"created":1563335980172,"project":"-1793532514"},"id":"JAVA"}}
{"session":"bd073c8f7473","build":"183.6156.11","bucket":"-1","time":1563335981383,"group":{"id":"actions.v2","version":"9"},"event":{"count":1,"data":{"context_menu":false,"created":1563335981383,"data_1":"Windows","input_event":"Up"},"id":"EditorUp"}}
{"session":"bd073c8f7473","build":"183.6156.11","bucket":"-1","time":1563335981831,"group":{"id":"actions.v2","version":"9"},"event":{"count":1,"data":{"context_menu":false,"created":1563335981831,"data_1":"Windows","input_event":"Enter"},"id":"EditorEnter"}}
{"session":"bd073c8f7473","build":"183.6156.11","bucket":"-1","time":1563335981831,"group":{"id":"statistics.file.types.edit","version":"9"},"event":{"count":1,"data":{"created":1563335981831,"project":"-1793532514"},"id":"JAVA"}}
{"session":"bd073c8f7473","build":"183.6156.11","bucket":"-1","time":1563335982612,"group":{"id":"actions.v2","version":"9"},"event":{"count":1,"data":{"context_menu":false,"created":1563335982612,"data_1":"Windows","input_event":"Enter"},"id":"EditorEnter"}}
{"session":"bd073c8f7473","build":"183.6156.11","bucket":"-1","time":1563335986598,"group":{"id":"actions.v2","version":"9"},"event":{"count":3,"data":{"context_menu":false,"last":1563335986958,"created":1563335986598,"data_1":"Windows","input_event":"Backspace"},"id":"EditorBackSpace"}}
{"session":"bd073c8f7473","build":"183.6156.11","bucket":"-1","time":1563335988786,"group":{"id":"actions.v2","version":"9"},"event":{"count":1,"data":{"context_menu":false,"created":1563335988786,"data_1":"Windows","input_event":"Enter"},"id":"EditorChooseLookupItem"}}
{"session":"bd073c8f7473","build":"183.6156.11","bucket":"-1","time":1563335988811,"group":{"id":"statistics.productivity","version":"9"},"event":{"count":1,"data":{"created":1563335988811},"id":"editing.completion.basic"}}
{"session":"bd073c8f7473","build":"183.6156.11","bucket":"-1","time":1563335990886,"group":{"id":"actions.v2","version":"9"},"event":{"count":1,"data":{"context_menu":false,"created":1563335990886,"data_1":"Windows","input_event":"Enter"},"id":"EditorEnter"}}
{"session":"bd073c8f7473","build":"183.6156.11","bucket":"-1","time":1563335992741,"group":{"id":"actions.v2","version":"9"},"event":{"count":1,"data":{"context_menu":false,"created":1563335992741,"data_1":"Windows","input_event":"Backspace"},"id":"EditorBackSpace"}}
{"session":"bd073c8f7473","build":"183.6156.11","bucket":"-1","time":1563335993850,"group":{"id":"actions.v2","version":"9"},"event":{"count":1,"data":{"context_menu":false,"created":1563335993850,"data_1":"Windows","input_event":"Down"},"id":"EditorDown"}}
{"session":"bd073c8f7473","build":"183.6156.11","bucket":"-1","time":1563335994243,"group":{"id":"actions.v2","version":"9"},"event":{"count":1,"data":{"context_menu":false,"created":1563335994243,"data_1":"Windows","input_event":"Shift+Enter"},"id":"EditorStartNewLine"}}
{"session":"bd073c8f7473","build":"183.6156.11","bucket":"-1","time":1563335994616,"group":{"id":"actions.v2","version":"9"},"event":{"count":1,"data":{"context_menu":false,"created":1563335994616,"data_1":"Windows","input_event":"Enter"},"id":"EditorEnter"}}
{"session":"bd073c8f7473","build":"183.6156.11","bucket":"-1","time":1563335998754,"group":{"id":"actions.v2","version":"9"},"event":{"count":13,"data":{"context_menu":false,"last":1563336008173,"created":1563335998754,"data_1":"Windows","input_event":"Backspace"},"id":"EditorBackSpace"}}
{"session":"bd073c8f7473","build":"183.6156.11","bucket":"-1","time":1563336011351,"group":{"id":"actions.v2","version":"9"},"event":{"count":1,"data":{"context_menu":false,"created":1563336011351,"data_1":"Windows","input_event":"Enter"},"id":"EditorChooseLookupItem"}}
{"session":"bd073c8f7473","build":"183.6156.11","bucket":"-1","time":1563336011372,"group":{"id":"statistics.productivity","version":"9"},"event":{"count":1,"data":{"created":1563336011372},"id":"editing.completion.basic"}}
{"session":"bd073c8f7473","build":"183.6156.11","bucket":"-1","time":1563336015016,"group":{"id":"actions.v2","version":"9"},"event":{"count":1,"data":{"context_menu":false,"created":1563336015016,"data_1":"Windows","input_event":"Shift+Enter"},"id":"EditorStartNewLine"}}
{"session":"bd073c8f7473","build":"183.6156.11","bucket":"-1","time":1563336018957,"group":{"id":"actions.v2","version":"9"},"event":{"count":1,"data":{"context_menu":false,"created":1563336018957,"data_1":"Windows","input_event":"Enter"},"id":"EditorChooseLookupItem"}}
{"session":"bd073c8f7473","build":"183.6156.11","bucket":"-1","time":1563336018984,"group":{"id":"statistics.productivity","version":"9"},"event":{"count":1,"data":{"created":1563336018984},"id":"editing.completion.basic"}}
{"session":"bd073c8f7473","build":"183.6156.11","bucket":"-1","time":1563336019430,"group":{"id":"actions.v2","version":"9"},"event":{"count":1,"data":{"context_menu":false,"created":1563336019430,"data_1":"Windows","input_event":"Enter"},"id":"EditorEnter"}}
{"session":"bd073c8f7473","build":"183.6156.11","bucket":"-1","time":1563336020621,"group":{"id":"statistics.productivity","version":"9"},"event":{"count":1,"data":{"created":1563336020621},"id":"editing.completion.finishByDotEtc"}}
{"session":"bd073c8f7473","build":"183.6156.11","bucket":"-1","time":1563336020632,"group":{"id":"statistics.productivity","version":"9"},"event":{"count":1,"data":{"created":1563336020632},"id":"editing.completion.basic"}}
{"session":"bd073c8f7473","build":"183.6156.11","bucket":"-1","time":1563336021597,"group":{"id":"actions.v2","version":"9"},"event":{"count":2,"data":{"context_menu":false,"last":1563336021756,"created":1563336021597,"data_1":"Windows","input_event":"Backspace"},"id":"EditorBackSpace"}}
{"session":"bd073c8f7473","build":"183.6156.11","bucket":"-1","time":1563336022951,"group":{"id":"statistics.productivity","version":"9"},"event":{"count":1,"data":{"created":1563336022951},"id":"editing.completion.finishByDotEtc"}}
{"session":"bd073c8f7473","build":"183.6156.11","bucket":"-1","time":1563336022962,"group":{"id":"statistics.productivity","version":"9"},"event":{"count":1,"data":{"created":1563336022962},"id":"editing.completion.basic"}}
{"session":"bd073c8f7473","build":"183.6156.11","bucket":"-1","time":1563336023931,"group":{"id":"statistics.productivity","version":"9"},"event":{"count":7,"data":{"last":1563336026209,"created":1563336023931},"id":"editing.completion.variable.name"}}
{"session":"bd073c8f7473","build":"183.6156.11","bucket":"-1","time":1563336027385,"group":{"id":"actions.v2","version":"9"},"event":{"count":1,"data":{"context_menu":false,"created":1563336027385,"data_1":"Windows","input_event":"Ctrl+Shift+Enter"},"id":"EditorCompleteStatement"}}
{"session":"bd073c8f7473","build":"183.6156.11","bucket":"-1","time":1563336027413,"group":{"id":"statistics.productivity","version":"9"},"event":{"count":1,"data":{"created":1563336027413},"id":"codeassists.complete.statement"}}
{"session":"bd073c8f7473","build":"183.6156.11","bucket":"-1","time":1563336030049,"group":{"id":"statistics.productivity","version":"9"},"event":{"count":1,"data":{"created":1563336030049},"id":"editing.completion.finishByDotEtc"}}
{"session":"bd073c8f7473","build":"183.6156.11","bucket":"-1","time":1563336030058,"group":{"id":"statistics.productivity","version":"9"},"event":{"count":1,"data":{"created":1563336030058},"id":"editing.completion.basic"}}
{"session":"bd073c8f7473","build":"183.6156.11","bucket":"-1","time":1563336036168,"group":{"id":"actions.v2","version":"9"},"event":{"count":1,"data":{"context_menu":false,"created":1563336036168,"data_1":"Windows","input_event":"Ctrl+Shift+Enter"},"id":"EditorCompleteStatement"}}
{"session":"bd073c8f7473","build":"183.6156.11","bucket":"-1","time":1563336036169,"group":{"id":"statistics.productivity","version":"9"},"event":{"count":1,"data":{"created":1563336036169},"id":"codeassists.complete.statement"}}
{"session":"bd073c8f7473","build":"183.6156.11","bucket":"-1","time":1563336047752,"group":{"id":"actions.v2","version":"9"},"event":{"count":1,"data":{"context_menu":true,"created":1563336047752,"place":"EditorPopup","data_1":"Windows"},"id":"DebugClass"}}
{"session":"bd073c8f7473","build":"183.6156.11","bucket":"-1","time":1563336048045,"group":{"id":"statistics.run.configuration.start","version":"9"},"event":{"count":1,"data":{"created":1563336048045,"project":"-1793532514","data_1":"Debug"},"id":"SpringBootApplicationConfigurationType"}}
{"session":"bd073c8f7473","build":"183.6156.11","bucket":"-1","time":1563336057503,"group":{"id":"toolwindow.v2","version":"9"},"event":{"count":1,"data":{"created":1563336057503,"data_1":"Windows"},"id":"Debug_by_Activation"}}
{"session":"bd073c8f7473","build":"183.6156.11","bucket":"-1","time":1563336058007,"group":{"id":"toolwindow.v2","version":"9"},"event":{"count":1,"data":{"created":1563336058007,"data_1":"Windows"},"id":"Project_by_Activation"}}
{"session":"bd073c8f7473","build":"183.6156.11","bucket":"-1","time":1563336078654,"group":{"id":"actions.v2","version":"9"},"event":{"count":1,"data":{"context_menu":false,"created":1563336078654,"data_1":"Windows"},"id":"Stop"}}
{"session":"bd073c8f7473","build":"183.6156.11","bucket":"-1","time":1563336079051,"group":{"id":"statistics.ui.toolbar.clicks","version":"9"},"event":{"count":1,"data":{"created":1563336079051,"data_1":"Windows"},"id":"Stop@DebuggerToolbar"}}
{"session":"bd073c8f7473","build":"183.6156.11","bucket":"-1","time":1563336093074,"group":{"id":"actions.v2","version":"9"},"event":{"count":1,"data":{"context_menu":true,"created":1563336093074,"place":"ProjectViewPopup","data_1":"Windows"},"id":"RevealIn"}}
{"session":"bd073c8f7473","build":"183.6156.11","bucket":"-1","time":1563336142293,"group":{"id":"actions.v2","version":"9"},"event":{"count":1,"data":{"context_menu":false,"created":1563336142293,"data_1":"Windows","input_event":"Ctrl+C"},"id":"EditorCopy"}}
{"session":"bd073c8f7473","build":"183.6156.11","bucket":"-1","time":1563336364596,"group":{"id":"statistics.actions.main.menu.v2","version":"9"},"event":{"count":1,"data":{"created":1563336364596,"data_1":"Windows"},"id":"VCS_->_Checkout_from_Version_Control_->_generated.on.runtime"}}
{"session":"bd073c8f7473","build":"183.6156.11","bucket":"-1","time":1563336364603,"group":{"id":"actions.v2","version":"9"},"event":{"count":1,"data":{"context_menu":true,"created":1563336364603,"place":"MainMenu","data_1":"Windows"},"id":"Vcs.Checkout.Git"}}
{"session":"bd073c8f7473","build":"183.6156.11","bucket":"-1","time":1563336365129,"group":{"id":"ui.dialogs","version":"9"},"event":{"count":1,"data":{"created":1563336365129,"type":"show"},"id":"git4idea.checkout.GitCloneDialog"}}
{"session":"bd073c8f7473","build":"183.6156.11","bucket":"-1","time":1563336378308,"group":{"id":"ui.dialogs","version":"9"},"event":{"count":1,"data":{"code":1,"created":1563336378308,"type":"close"},"id":"git4idea.checkout.GitCloneDialog"}}
{"session":"bd073c8f7473","build":"183.6156.11","bucket":"-1","time":1563336402828,"group":{"id":"statistics.actions.main.menu.v2","version":"9"},"event":{"count":1,"data":{"created":1563336402828,"data_1":"Windows"},"id":"File_->_Settings..."}}
{"session":"bd073c8f7473","build":"183.6156.11","bucket":"-1","time":1563336402832,"group":{"id":"actions.v2","version":"9"},"event":{"count":1,"data":{"context_menu":true,"created":1563336402832,"place":"MainMenu","data_1":"Windows"},"id":"ShowSettings"}}
{"session":"bd073c8f7473","build":"183.6156.11","bucket":"-1","time":1563336405109,"group":{"id":"ui.dialogs","version":"9"},"event":{"count":1,"data":{"created":1563336405109,"type":"show"},"id":"com.intellij.openapi.options.newEditor.SettingsDialog"}}
{"session":"bd073c8f7473","build":"183.6156.11","bucket":"-1","time":1563336435765,"group":{"id":"ui.dialogs","version":"9"},"event":{"count":1,"data":{"created":1563336435765,"type":"show"},"id":"com.intellij.openapi.ui.messages.MessageDialog"}}
{"session":"bd073c8f7473","build":"183.6156.11","bucket":"-1","time":1563336437380,"group":{"id":"ui.dialogs","version":"9"},"event":{"count":1,"data":{"code":0,"created":1563336437380,"type":"close"},"id":"com.intellij.openapi.options.newEditor.SettingsDialog"}}
{"session":"bd073c8f7473","build":"183.6156.11","bucket":"-1","time":1563336437423,"group":{"id":"statistics.lifecycle.app","version":"9"},"event":{"count":1,"data":{"created":1563336437423},"id":"ide.close"}}
{"session":"bd073c8f7473","build":"183.6156.11","bucket":"-1","time":1563336437423,"group":{"id":"statistics.lifecycle.app","version":"9"},"event":{"count":1,"data":{"created":1563336437424},"id":"ide.close.restart"}}
{"session":"bd073c8f7473","build":"183.6156.11","bucket":"-1","time":1563336437423,"group":{"id":"lifecycle","version":"9"},"event":{"count":1,"data":{"restart":true,"created":1563336437424},"id":"app.closed"}}
{"session":"bd073c8f7473","build":"183.6156.11","bucket":"-1","time":1563336437542,"group":{"id":"statistics.lifecycle.project","version":"9"},"event":{"count":1,"data":{"created":1563336437542,"project":"-1793532514"},"id":"project.closed"}}
{"session":"bd073c8f7473","build":"183.6156.11","bucket":"-1","time":1563336437607,"group":{"id":"lifecycle","version":"9"},"event":{"count":1,"data":{"created":1563336437607},"id":"project.closed"}}
